Log file open, 02/24/21 15:50:03
LogInit: Display: Running engine for game: whiteroom
LogPlatformFile: Not using cached read wrapper
LogTaskGraph: Started task graph with 5 named threads and 11 total threads with 3 sets of task threads.
LogStats: Stats thread started at 0.828616
LogD3D11RHI: Loaded GFSDK_Aftermath_Lib.x64.dll
LogICUInternationalization: ICU TimeZone Detection - Raw Offset: -6:00, Platform Override: ''
LogPluginManager: Mounting plugin Paper2D
LogPluginManager: Mounting plugin AISupport
LogPluginManager: Mounting plugin LightPropagationVolume
LogPluginManager: Mounting plugin CameraShakePreviewer
LogPluginManager: Mounting plugin ActorLayerUtilities
LogPluginManager: Mounting plugin AnimationSharing
LogPluginManager: Mounting plugin CLionSourceCodeAccess
LogPluginManager: Mounting plugin CodeLiteSourceCodeAccess
LogPluginManager: Mounting plugin GitSourceControl
LogPluginManager: Mounting plugin KDevelopSourceCodeAccess
LogPluginManager: Mounting plugin NullSourceCodeAccess
LogPluginManager: Mounting plugin PerforceSourceControl
LogPluginManager: Mounting plugin PlasticSourceControl
LogPluginManager: Mounting plugin RiderSourceCodeAccess
LogPluginManager: Mounting plugin SubversionSourceControl
LogPluginManager: Mounting plugin UObjectPlugin
LogPluginManager: Mounting plugin VisualStudioCodeSourceCodeAccess
LogPluginManager: Mounting plugin VisualStudioSourceCodeAccess
LogPluginManager: Mounting plugin XCodeSourceCodeAccess
LogPluginManager: Mounting plugin AssetManagerEditor
LogPluginManager: Mounting plugin CryptoKeys
LogPluginManager: Mounting plugin CurveEditorTools
LogPluginManager: Mounting plugin DataValidation
LogPluginManager: Mounting plugin EditorScriptingUtilities
LogPluginManager: Mounting plugin FacialAnimation
LogPluginManager: Mounting plugin GameplayTagsEditor
LogPluginManager: Mounting plugin GeometryMode
LogPluginManager: Mounting plugin MacGraphicsSwitching
LogPluginManager: Mounting plugin MaterialAnalyzer
LogPluginManager: Mounting plugin MobileLauncherProfileWizard
LogPluginManager: Mounting plugin PluginBrowser
LogPluginManager: Mounting plugin SpeedTreeImporter
LogPluginManager: Mounting plugin DatasmithContent
LogPluginManager: Mounting plugin VariantManagerContent
LogPluginManager: Mounting plugin AlembicImporter
LogPluginManager: Mounting plugin AutomationUtils
LogPluginManager: Mounting plugin BackChannel
LogPluginManager: Mounting plugin ChaosCloth
LogPluginManager: Mounting plugin ChaosClothEditor
LogPluginManager: Mounting plugin ChaosEditor
LogPluginManager: Mounting plugin ChaosNiagara
LogPluginManager: Mounting plugin ChaosSolverPlugin
LogPluginManager: Mounting plugin CharacterAI
LogPluginManager: Mounting plugin GeometryCache
LogPluginManager: Mounting plugin GeometryCollectionPlugin
LogPluginManager: Mounting plugin GeometryProcessing
LogPluginManager: Mounting plugin PlanarCut
LogPluginManager: Mounting plugin PlatformCrypto
LogPluginManager: Mounting plugin ProxyLODPlugin
LogPluginManager: Mounting plugin SkeletalReduction
LogPluginManager: Mounting plugin Niagara
LogPluginManager: Mounting plugin MagicLeap
LogPluginManager: Mounting plugin MagicLeapLightEstimation
LogPluginManager: Mounting plugin MagicLeapMedia
LogPluginManager: Mounting plugin MagicLeapPassableWorld
LogPluginManager: Mounting plugin MLSDK
LogPluginManager: Mounting plugin AndroidMedia
LogPluginManager: Mounting plugin AvfMedia
LogPluginManager: Mounting plugin ImgMedia
LogPluginManager: Mounting plugin MediaCompositing
LogPluginManager: Mounting plugin MediaPlayerEditor
LogPluginManager: Mounting plugin WebMMedia
LogPluginManager: Mounting plugin WmfMedia
LogPluginManager: Mounting plugin MeshPainting
LogPluginManager: Mounting plugin TcpMessaging
LogPluginManager: Mounting plugin UdpMessaging
LogPluginManager: Mounting plugin ActorSequence
LogPluginManager: Mounting plugin LevelSequenceEditor
LogPluginManager: Mounting plugin MatineeToLevelSequence
LogPluginManager: Mounting plugin MovieRenderPipeline
LogPluginManager: Mounting plugin TemplateSequence
LogPluginManager: Mounting plugin NetcodeUnitTest
LogPluginManager: Mounting plugin NUTUnrealEngine4
LogPluginManager: Mounting plugin OnlineSubsystemGooglePlay
LogPluginManager: Mounting plugin OnlineSubsystemIOS
LogPluginManager: Mounting plugin OnlineSubsystem
LogPluginManager: Mounting plugin OnlineSubsystemNull
LogPluginManager: Mounting plugin OnlineSubsystemUtils
LogPluginManager: Mounting plugin LauncherChunkInstaller
LogPluginManager: Mounting plugin AndroidDeviceProfileSelector
LogPluginManager: Mounting plugin AndroidMoviePlayer
LogPluginManager: Mounting plugin AndroidPermission
LogPluginManager: Mounting plugin AppleImageUtils
LogPluginManager: Mounting plugin AppleMoviePlayer
LogPluginManager: Mounting plugin ArchVisCharacter
LogPluginManager: Mounting plugin AssetTags
LogPluginManager: Mounting plugin AudioCapture
LogPluginManager: Mounting plugin CableComponent
LogPluginManager: Mounting plugin CustomMeshComponent
LogPluginManager: Mounting plugin EditableMesh
LogPluginManager: Mounting plugin ExampleDeviceProfileSelector
LogPluginManager: Mounting plugin GoogleCloudMessaging
LogPluginManager: Mounting plugin GooglePAD
LogPluginManager: Mounting plugin IOSDeviceProfileSelector
LogPluginManager: Mounting plugin LinuxDeviceProfileSelector
LogPluginManager: Mounting plugin LocationServicesBPLibrary
LogPluginManager: Mounting plugin MobilePatchingUtils
LogPluginManager: Mounting plugin OculusVR
LogPluginManager: Mounting plugin PhysXVehicles
LogPluginManager: Mounting plugin PostSplashScreen
LogPluginManager: Mounting plugin ProceduralMeshComponent
LogPluginManager: Mounting plugin RuntimePhysXCooking
LogPluginManager: Mounting plugin SignificanceManager
LogPluginManager: Mounting plugin SoundFields
LogPluginManager: Mounting plugin SteamVR
LogPluginManager: Mounting plugin Synthesis
LogPluginManager: Mounting plugin WebMMoviePlayer
LogPluginManager: Mounting plugin WindowsMoviePlayer
LogPluginManager: Mounting plugin ScreenshotTools
LogInit: Using libcurl 7.55.1-DEV
LogInit:  - built for x86_64-pc-win32
LogInit:  - supports SSL with OpenSSL/1.1.1
LogInit:  - supports HTTP deflate (compression) using libz 1.2.8
LogInit:  - other features:
LogInit:      CURL_VERSION_SSL
LogInit:      CURL_VERSION_LIBZ
LogInit:      CURL_VERSION_IPV6
LogInit:      CURL_VERSION_ASYNCHDNS
LogInit:      CURL_VERSION_LARGEFILE
LogInit:      CURL_VERSION_IDN
LogInit:  CurlRequestOptions (configurable via config and command line):
LogInit:  - bVerifyPeer = true  - Libcurl will verify peer certificate
LogInit:  - bUseHttpProxy = false  - Libcurl will NOT use HTTP proxy
LogInit:  - bDontReuseConnections = false  - Libcurl will reuse connections
LogInit:  - MaxHostConnections = 16  - Libcurl will limit the number of connections to a host
LogInit:  - LocalHostAddr = Default
LogInit:  - BufferSize = 65536
LogOnline: OSS: Creating online subsystem instance for: NULL
LogInit: WinSock: version 1.1 (2.2), MaxSocks=32767, MaxUdp=65467
LogOnline: OSS: TryLoadSubsystemAndSetDefault: Loaded subsystem for module [NULL]
LogInit: Build: ++UE4+Release-4.25-CL-14469661
LogInit: Engine Version: 4.25.4-14469661+++UE4+Release-4.25
LogInit: Compatible Engine Version: 4.25.0-13144385+++UE4+Release-4.25
LogInit: Net CL: 13144385
LogInit: OS: Windows 10 (Release 2004) (), CPU: Intel(R) Core(TM) i7-7500U CPU @ 2.70GHz, GPU: Intel(R) HD Graphics 620
LogInit: Compiled (64-bit): Oct 11 2020 08:10:49
LogInit: Compiled with Visual C++: 19.24.28315.00
LogInit: Build Configuration: Development
LogInit: Branch Name: ++UE4+Release-4.25
LogInit: Command Line:  -EpicPortal -epicusername=Fruluz -epicuserid=d5e862a4517e469ab6301f04e96fe4bd -epiclocale=es-MX
LogInit: Base Directory: C:/Program Files/Epic Games/UE_4.25/Engine/Binaries/Win64/
LogInit: Allocator: TBB
LogInit: Installed Engine Build: 1
LogDevObjectVersion: Number of dev versions registered: 26
LogDevObjectVersion:   Dev-Blueprints (B0D832E4-1F89-4F0D-ACCF-7EB736FD4AA2): 10
LogDevObjectVersion:   Dev-Build (E1C64328-A22C-4D53-A36C-8E866417BD8C): 0
LogDevObjectVersion:   Dev-Core (375EC13C-06E4-48FB-B500-84F0262A717E): 4
LogDevObjectVersion:   Dev-Editor (E4B068ED-F494-42E9-A231-DA0B2E46BB41): 38
LogDevObjectVersion:   Dev-Framework (CFFC743F-43B0-4480-9391-14DF171D2073): 37
LogDevObjectVersion:   Dev-Mobile (B02B49B5-BB20-44E9-A304-32B752E40360): 2
LogDevObjectVersion:   Dev-Networking (A4E4105C-59A1-49B5-A7C5-40C4547EDFEE): 0
LogDevObjectVersion:   Dev-Online (39C831C9-5AE6-47DC-9A44-9C173E1C8E7C): 0
LogDevObjectVersion:   Dev-Physics (78F01B33-EBEA-4F98-B9B4-84EACCB95AA2): 4
LogDevObjectVersion:   Dev-Platform (6631380F-2D4D-43E0-8009-CF276956A95A): 0
LogDevObjectVersion:   Dev-Rendering (12F88B9F-8875-4AFC-A67C-D90C383ABD29): 43
LogDevObjectVersion:   Dev-Sequencer (7B5AE74C-D270-4C10-A958-57980B212A5A): 12
LogDevObjectVersion:   Dev-VR (D7296918-1DD6-4BDD-9DE2-64A83CC13884): 3
LogDevObjectVersion:   Dev-LoadTimes (C2A15278-BFE7-4AFE-6C17-90FF531DF755): 1
LogDevObjectVersion:   Private-Geometry (6EACA3D4-40EC-4CC1-B786-8BED09428FC5): 3
LogDevObjectVersion:   Dev-AnimPhys (29E575DD-E0A3-4627-9D10-D276232CDCEA): 17
LogDevObjectVersion:   Dev-Anim (AF43A65D-7FD3-4947-9873-3E8ED9C1BB05): 7
LogDevObjectVersion:   Dev-ReflectionCapture (6B266CEC-1EC7-4B8F-A30B-E4D90942FC07): 1
LogDevObjectVersion:   Dev-Automation (0DF73D61-A23F-47EA-B727-89E90C41499A): 1
LogDevObjectVersion:   FortniteMain (601D1886-AC64-4F84-AA16-D3DE0DEAC7D6): 31
LogDevObjectVersion:   Dev-Enterprise (9DFFBCD6-494F-0158-E221-12823C92A888): 10
LogDevObjectVersion:   Dev-Niagara (F2AED0AC-9AFE-416F-8664-AA7FFA26D6FC): 1
LogDevObjectVersion:   Dev-Destruction (174F1F0B-B4C6-45A5-B13F-2EE8D0FB917D): 10
LogDevObjectVersion:   Dev-Physics-Ext (35F94A83-E258-406C-A318-09F59610247C): 37
LogDevObjectVersion:   Dev-PhysicsMaterial-Chaos (B68FC16E-8B1B-42E2-B453-215C058844FE): 1
LogDevObjectVersion:   Dev-CineCamera (B2E18506-4273-CFC2-A54E-F4BB758BBA07): 1
LogInit: Presizing for max 25165824 objects, including 0 objects not considered by GC, pre-allocating 0 bytes for permanent pool.
LogConfig: Applying CVar settings from Section [/Script/Engine.StreamingSettings] File [C:/Users/EDGAR/Documents/Unreal Projects/whiteroom/Saved/Config/Windows/Engine.ini]
LogConfig: Setting CVar [[s.MinBulkDataSizeForAsyncLoading:131072]]
LogConfig: Setting CVar [[s.AsyncLoadingThreadEnabled:0]]
LogConfig: Setting CVar [[s.EventDrivenLoaderEnabled:1]]
LogConfig: Setting CVar [[s.WarnIfTimeLimitExceeded:0]]
LogConfig: Setting CVar [[s.TimeLimitExceededMultiplier:1.5]]
LogConfig: Setting CVar [[s.TimeLimitExceededMinTime:0.005]]
LogConfig: Setting CVar [[s.UseBackgroundLevelStreaming:1]]
LogConfig: Setting CVar [[s.PriorityAsyncLoadingExtraTime:15.0]]
LogConfig: Setting CVar [[s.LevelStreamingActorsUpdateTimeLimit:5.0]]
LogConfig: Setting CVar [[s.PriorityLevelStreamingActorsUpdateExtraTime:5.0]]
LogConfig: Setting CVar [[s.LevelStreamingComponentsRegistrationGranularity:10]]
LogConfig: Setting CVar [[s.UnregisterComponentsTimeLimit:1.0]]
LogConfig: Setting CVar [[s.LevelStreamingComponentsUnregistrationGranularity:5]]
LogConfig: Setting CVar [[s.FlushStreamingOnExit:1]]
LogInit: Object subsystem initialized
LogConfig: Setting CVar [[con.DebugEarlyDefault:1]]
LogConfig: Setting CVar [[r.setres:1280x720]]
[2021.02.24-21.50.06:053][  0]LogConfig: Setting CVar [[r.VSync:0]]
[2021.02.24-21.50.06:053][  0]LogConfig: Setting CVar [[r.RHICmdBypass:0]]
[2021.02.24-21.50.06:053][  0]LogConfig: Applying CVar settings from Section [/Script/Engine.RendererSettings] File [C:/Users/EDGAR/Documents/Unreal Projects/whiteroom/Saved/Config/Windows/Engine.ini]
[2021.02.24-21.50.06:053][  0]LogConfig: Setting CVar [[r.GPUCrashDebugging:0]]
[2021.02.24-21.50.06:053][  0]LogConfig: Applying CVar settings from Section [/Script/Engine.RendererOverrideSettings] File [C:/Users/EDGAR/Documents/Unreal Projects/whiteroom/Saved/Config/Windows/Engine.ini]
[2021.02.24-21.50.06:053][  0]LogConfig: Applying CVar settings from Section [/Script/Engine.StreamingSettings] File [C:/Users/EDGAR/Documents/Unreal Projects/whiteroom/Saved/Config/Windows/Engine.ini]
[2021.02.24-21.50.06:053][  0]LogConfig: Setting CVar [[s.MinBulkDataSizeForAsyncLoading:131072]]
[2021.02.24-21.50.06:053][  0]LogConfig: Setting CVar [[s.AsyncLoadingThreadEnabled:0]]
[2021.02.24-21.50.06:054][  0]LogConfig: Setting CVar [[s.EventDrivenLoaderEnabled:1]]
[2021.02.24-21.50.06:054][  0]LogConfig: Setting CVar [[s.WarnIfTimeLimitExceeded:0]]
[2021.02.24-21.50.06:054][  0]LogConfig: Setting CVar [[s.TimeLimitExceededMultiplier:1.5]]
[2021.02.24-21.50.06:054][  0]LogConfig: Setting CVar [[s.TimeLimitExceededMinTime:0.005]]
[2021.02.24-21.50.06:054][  0]LogConfig: Setting CVar [[s.UseBackgroundLevelStreaming:1]]
[2021.02.24-21.50.06:054][  0]LogConfig: Setting CVar [[s.PriorityAsyncLoadingExtraTime:15.0]]
[2021.02.24-21.50.06:054][  0]LogConfig: Setting CVar [[s.LevelStreamingActorsUpdateTimeLimit:5.0]]
[2021.02.24-21.50.06:054][  0]LogConfig: Setting CVar [[s.PriorityLevelStreamingActorsUpdateExtraTime:5.0]]
[2021.02.24-21.50.06:054][  0]LogConfig: Setting CVar [[s.LevelStreamingComponentsRegistrationGranularity:10]]
[2021.02.24-21.50.06:054][  0]LogConfig: Setting CVar [[s.UnregisterComponentsTimeLimit:1.0]]
[2021.02.24-21.50.06:054][  0]LogConfig: Setting CVar [[s.LevelStreamingComponentsUnregistrationGranularity:5]]
[2021.02.24-21.50.06:054][  0]LogConfig: Setting CVar [[s.FlushStreamingOnExit:1]]
[2021.02.24-21.50.06:054][  0]LogConfig: Applying CVar settings from Section [/Script/Engine.GarbageCollectionSettings] File [C:/Users/EDGAR/Documents/Unreal Projects/whiteroom/Saved/Config/Windows/Engine.ini]
[2021.02.24-21.50.06:054][  0]LogConfig: Setting CVar [[gc.MaxObjectsNotConsideredByGC:1]]
[2021.02.24-21.50.06:054][  0]LogConfig: Setting CVar [[gc.SizeOfPermanentObjectPool:0]]
[2021.02.24-21.50.06:054][  0]LogConfig: Setting CVar [[gc.FlushStreamingOnGC:0]]
[2021.02.24-21.50.06:054][  0]LogConfig: Setting CVar [[gc.NumRetriesBeforeForcingGC:10]]
[2021.02.24-21.50.06:054][  0]LogConfig: Setting CVar [[gc.AllowParallelGC:1]]
[2021.02.24-21.50.06:054][  0]LogConfig: Setting CVar [[gc.TimeBetweenPurgingPendingKillObjects:61.1]]
[2021.02.24-21.50.06:054][  0]LogConfig: Setting CVar [[gc.MaxObjectsInEditor:25165824]]
[2021.02.24-21.50.06:054][  0]LogConfig: Setting CVar [[gc.IncrementalBeginDestroyEnabled:1]]
[2021.02.24-21.50.06:054][  0]LogConfig: Setting CVar [[gc.CreateGCClusters:1]]
[2021.02.24-21.50.06:054][  0]LogConfig: Setting CVar [[gc.MinGCClusterSize:5]]
[2021.02.24-21.50.06:054][  0]LogConfig: Setting CVar [[gc.ActorClusteringEnabled:0]]
[2021.02.24-21.50.06:054][  0]LogConfig: Setting CVar [[gc.BlueprintClusteringEnabled:0]]
[2021.02.24-21.50.06:054][  0]LogConfig: Setting CVar [[gc.UseDisregardForGCOnDedicatedServers:0]]
[2021.02.24-21.50.06:054][  0]LogConfig: Applying CVar settings from Section [/Script/Engine.NetworkSettings] File [C:/Users/EDGAR/Documents/Unreal Projects/whiteroom/Saved/Config/Windows/Engine.ini]
[2021.02.24-21.50.06:054][  0]LogConfig: Applying CVar settings from Section [/Script/UnrealEd.CookerSettings] File [C:/Users/EDGAR/Documents/Unreal Projects/whiteroom/Saved/Config/Windows/Engine.ini]
[2021.02.24-21.50.06:058][  0]LogConfig: Applying CVar settings from Section [ViewDistanceQuality@3] File [C:/Users/EDGAR/Documents/Unreal Projects/whiteroom/Saved/Config/Windows/Scalability.ini]
[2021.02.24-21.50.06:058][  0]LogConfig: Setting CVar [[r.SkeletalMeshLODBias:0]]
[2021.02.24-21.50.06:058][  0]LogConfig: Setting CVar [[r.ViewDistanceScale:1.0]]
[2021.02.24-21.50.06:058][  0]LogConfig: Applying CVar settings from Section [AntiAliasingQuality@3] File [C:/Users/EDGAR/Documents/Unreal Projects/whiteroom/Saved/Config/Windows/Scalability.ini]
[2021.02.24-21.50.06:058][  0]LogConfig: Setting CVar [[r.PostProcessAAQuality:4]]
[2021.02.24-21.50.06:058][  0]LogConfig: Applying CVar settings from Section [ShadowQuality@3] File [C:/Users/EDGAR/Documents/Unreal Projects/whiteroom/Saved/Config/Windows/Scalability.ini]
[2021.02.24-21.50.06:058][  0]LogConfig: Setting CVar [[r.LightFunctionQuality:1]]
[2021.02.24-21.50.06:058][  0]LogConfig: Setting CVar [[r.ShadowQuality:5]]
[2021.02.24-21.50.06:058][  0]LogConfig: Setting CVar [[r.Shadow.CSM.MaxCascades:10]]
[2021.02.24-21.50.06:058][  0]LogConfig: Setting CVar [[r.Shadow.MaxResolution:2048]]
[2021.02.24-21.50.06:058][  0]LogConfig: Setting CVar [[r.Shadow.MaxCSMResolution:2048]]
[2021.02.24-21.50.06:058][  0]LogConfig: Setting CVar [[r.Shadow.RadiusThreshold:0.01]]
[2021.02.24-21.50.06:059][  0]LogConfig: Setting CVar [[r.Shadow.DistanceScale:1.0]]
[2021.02.24-21.50.06:059][  0]LogConfig: Setting CVar [[r.Shadow.CSM.TransitionScale:1.0]]
[2021.02.24-21.50.06:059][  0]LogConfig: Setting CVar [[r.Shadow.PreShadowResolutionFactor:1.0]]
[2021.02.24-21.50.06:059][  0]LogConfig: Setting CVar [[r.DistanceFieldShadowing:1]]
[2021.02.24-21.50.06:059][  0]LogConfig: Setting CVar [[r.DistanceFieldAO:1]]
[2021.02.24-21.50.06:059][  0]LogConfig: Setting CVar [[r.AOQuality:2]]
[2021.02.24-21.50.06:059][  0]LogConfig: Setting CVar [[r.VolumetricFog:1]]
[2021.02.24-21.50.06:059][  0]LogConfig: Setting CVar [[r.VolumetricFog.GridPixelSize:8]]
[2021.02.24-21.50.06:059][  0]LogConfig: Setting CVar [[r.VolumetricFog.GridSizeZ:128]]
[2021.02.24-21.50.06:059][  0]LogConfig: Setting CVar [[r.VolumetricFog.HistoryMissSupersampleCount:4]]
[2021.02.24-21.50.06:059][  0]LogConfig: Setting CVar [[r.LightMaxDrawDistanceScale:1]]
[2021.02.24-21.50.06:059][  0]LogConfig: Setting CVar [[r.CapsuleShadows:1]]
[2021.02.24-21.50.06:059][  0]LogConfig: Applying CVar settings from Section [PostProcessQuality@3] File [C:/Users/EDGAR/Documents/Unreal Projects/whiteroom/Saved/Config/Windows/Scalability.ini]
[2021.02.24-21.50.06:059][  0]LogConfig: Setting CVar [[r.MotionBlurQuality:4]]
[2021.02.24-21.50.06:059][  0]LogConfig: Setting CVar [[r.AmbientOcclusionMipLevelFactor:0.4]]
[2021.02.24-21.50.06:059][  0]LogConfig: Setting CVar [[r.AmbientOcclusionMaxQuality:100]]
[2021.02.24-21.50.06:059][  0]LogConfig: Setting CVar [[r.AmbientOcclusionLevels:-1]]
[2021.02.24-21.50.06:059][  0]LogConfig: Setting CVar [[r.AmbientOcclusionRadiusScale:1.0]]
[2021.02.24-21.50.06:059][  0]LogConfig: Setting CVar [[r.DepthOfFieldQuality:2]]
[2021.02.24-21.50.06:059][  0]LogConfig: Setting CVar [[r.RenderTargetPoolMin:400]]
[2021.02.24-21.50.06:059][  0]LogConfig: Setting CVar [[r.LensFlareQuality:2]]
[2021.02.24-21.50.06:059][  0]LogConfig: Setting CVar [[r.SceneColorFringeQuality:1]]
[2021.02.24-21.50.06:059][  0]LogConfig: Setting CVar [[r.EyeAdaptationQuality:2]]
[2021.02.24-21.50.06:059][  0]LogConfig: Setting CVar [[r.BloomQuality:5]]
[2021.02.24-21.50.06:059][  0]LogConfig: Setting CVar [[r.FastBlurThreshold:100]]
[2021.02.24-21.50.06:059][  0]LogConfig: Setting CVar [[r.Upscale.Quality:3]]
[2021.02.24-21.50.06:059][  0]LogConfig: Setting CVar [[r.Tonemapper.GrainQuantization:1]]
[2021.02.24-21.50.06:059][  0]LogConfig: Setting CVar [[r.LightShaftQuality:1]]
[2021.02.24-21.50.06:059][  0]LogConfig: Setting CVar [[r.Filter.SizeScale:1]]
[2021.02.24-21.50.06:059][  0]LogConfig: Setting CVar [[r.Tonemapper.Quality:5]]
[2021.02.24-21.50.06:059][  0]LogConfig: Setting CVar [[r.DOF.Gather.AccumulatorQuality:1        ; higher gathering accumulator quality]]
[2021.02.24-21.50.06:059][  0]LogConfig: Setting CVar [[r.DOF.Gather.PostfilterMethod:1          ; Median3x3 postfilering method]]
[2021.02.24-21.50.06:059][  0]LogConfig: Setting CVar [[r.DOF.Gather.EnableBokehSettings:0       ; no bokeh simulation when gathering]]
[2021.02.24-21.50.06:059][  0]LogConfig: Setting CVar [[r.DOF.Gather.RingCount:4                 ; medium number of samples when gathering]]
[2021.02.24-21.50.06:059][  0]LogConfig: Setting CVar [[r.DOF.Scatter.ForegroundCompositing:1    ; additive foreground scattering]]
[2021.02.24-21.50.06:060][  0]LogConfig: Setting CVar [[r.DOF.Scatter.BackgroundCompositing:2    ; additive background scattering]]
[2021.02.24-21.50.06:060][  0]LogConfig: Setting CVar [[r.DOF.Scatter.EnableBokehSettings:1      ; bokeh simulation when scattering]]
[2021.02.24-21.50.06:060][  0]LogConfig: Setting CVar [[r.DOF.Scatter.MaxSpriteRatio:0.1         ; only a maximum of 10% of scattered bokeh]]
[2021.02.24-21.50.06:060][  0]LogConfig: Setting CVar [[r.DOF.Recombine.Quality:1                ; cheap slight out of focus]]
[2021.02.24-21.50.06:060][  0]LogConfig: Setting CVar [[r.DOF.Recombine.EnableBokehSettings:0    ; no bokeh simulation on slight out of focus]]
[2021.02.24-21.50.06:060][  0]LogConfig: Setting CVar [[r.DOF.TemporalAAQuality:1                ; more stable temporal accumulation]]
[2021.02.24-21.50.06:060][  0]LogConfig: Setting CVar [[r.DOF.Kernel.MaxForegroundRadius:0.025]]
[2021.02.24-21.50.06:060][  0]LogConfig: Setting CVar [[r.DOF.Kernel.MaxBackgroundRadius:0.025]]
[2021.02.24-21.50.06:060][  0]LogConfig: Applying CVar settings from Section [TextureQuality@3] File [C:/Users/EDGAR/Documents/Unreal Projects/whiteroom/Saved/Config/Windows/Scalability.ini]
[2021.02.24-21.50.06:060][  0]LogConfig: Setting CVar [[r.Streaming.MipBias:0]]
[2021.02.24-21.50.06:060][  0]LogConfig: Setting CVar [[r.Streaming.AmortizeCPUToGPUCopy:0]]
[2021.02.24-21.50.06:060][  0]LogConfig: Setting CVar [[r.Streaming.MaxNumTexturesToStreamPerFrame:0]]
[2021.02.24-21.50.06:060][  0]LogConfig: Setting CVar [[r.Streaming.Boost:1]]
[2021.02.24-21.50.06:060][  0]LogConfig: Setting CVar [[r.MaxAnisotropy:8]]
[2021.02.24-21.50.06:060][  0]LogConfig: Setting CVar [[r.VT.MaxAnisotropy:8]]
[2021.02.24-21.50.06:060][  0]LogConfig: Setting CVar [[r.Streaming.LimitPoolSizeToVRAM:0]]
[2021.02.24-21.50.06:060][  0]LogConfig: Setting CVar [[r.Streaming.PoolSize:1000]]
[2021.02.24-21.50.06:060][  0]LogConfig: Setting CVar [[r.Streaming.MaxEffectiveScreenSize:0]]
[2021.02.24-21.50.06:060][  0]LogConfig: Applying CVar settings from Section [EffectsQuality@3] File [C:/Users/EDGAR/Documents/Unreal Projects/whiteroom/Saved/Config/Windows/Scalability.ini]
[2021.02.24-21.50.06:060][  0]LogConfig: Setting CVar [[r.TranslucencyLightingVolumeDim:64]]
[2021.02.24-21.50.06:060][  0]LogConfig: Setting CVar [[r.RefractionQuality:2]]
[2021.02.24-21.50.06:060][  0]LogConfig: Setting CVar [[r.SSR.Quality:3]]
[2021.02.24-21.50.06:060][  0]LogConfig: Setting CVar [[r.SSR.HalfResSceneColor:0]]
[2021.02.24-21.50.06:060][  0]LogConfig: Setting CVar [[r.SceneColorFormat:4]]
[2021.02.24-21.50.06:060][  0]LogConfig: Setting CVar [[r.DetailMode:2]]
[2021.02.24-21.50.06:060][  0]LogConfig: Setting CVar [[r.TranslucencyVolumeBlur:1]]
[2021.02.24-21.50.06:060][  0]LogConfig: Setting CVar [[r.MaterialQualityLevel:1 ; High quality]]
[2021.02.24-21.50.06:060][  0]LogConfig: Setting CVar [[r.SSS.Scale:1]]
[2021.02.24-21.50.06:060][  0]LogConfig: Setting CVar [[r.SSS.SampleSet:2]]
[2021.02.24-21.50.06:060][  0]LogConfig: Setting CVar [[r.SSS.Quality:1]]
[2021.02.24-21.50.06:060][  0]LogConfig: Setting CVar [[r.SSS.HalfRes:0]]
[2021.02.24-21.50.06:060][  0]LogConfig: Setting CVar [[r.SSGI.Quality:3]]
[2021.02.24-21.50.06:060][  0]LogConfig: Setting CVar [[r.EmitterSpawnRateScale:1.0]]
[2021.02.24-21.50.06:061][  0]LogConfig: Setting CVar [[r.ParticleLightQuality:2]]
[2021.02.24-21.50.06:061][  0]LogConfig: Setting CVar [[r.SkyAtmosphere.AerialPerspectiveLUT.FastApplyOnOpaque:1 ; Always have FastSkyLUT 1 in this case to avoid wrong sky]]
[2021.02.24-21.50.06:061][  0]LogConfig: Setting CVar [[r.SkyAtmosphere.AerialPerspectiveLUT.SampleCountPerSlice:1]]
[2021.02.24-21.50.06:061][  0]LogConfig: Setting CVar [[r.SkyAtmosphere.AerialPerspectiveLUT.DepthResolution:16.0]]
[2021.02.24-21.50.06:061][  0]LogConfig: Setting CVar [[r.SkyAtmosphere.FastSkyLUT:1]]
[2021.02.24-21.50.06:061][  0]LogConfig: Setting CVar [[r.SkyAtmosphere.FastSkyLUT.SampleCountMin:4.0]]
[2021.02.24-21.50.06:061][  0]LogConfig: Setting CVar [[r.SkyAtmosphere.FastSkyLUT.SampleCountMax:32.0]]
[2021.02.24-21.50.06:061][  0]LogConfig: Setting CVar [[r.SkyAtmosphere.SampleCountMin:4.0]]
[2021.02.24-21.50.06:061][  0]LogConfig: Setting CVar [[r.SkyAtmosphere.SampleCountMax:32.0]]
[2021.02.24-21.50.06:061][  0]LogConfig: Setting CVar [[r.SkyAtmosphere.TransmittanceLUT.UseSmallFormat:0]]
[2021.02.24-21.50.06:061][  0]LogConfig: Setting CVar [[r.SkyAtmosphere.TransmittanceLUT.SampleCount:10.0]]
[2021.02.24-21.50.06:061][  0]LogConfig: Setting CVar [[r.SkyAtmosphere.MultiScatteringLUT.SampleCount:15.0]]
[2021.02.24-21.50.06:061][  0]LogConfig: Applying CVar settings from Section [FoliageQuality@3] File [C:/Users/EDGAR/Documents/Unreal Projects/whiteroom/Saved/Config/Windows/Scalability.ini]
[2021.02.24-21.50.06:061][  0]LogConfig: Setting CVar [[foliage.DensityScale:1.0]]
[2021.02.24-21.50.06:061][  0]LogConfig: Setting CVar [[grass.DensityScale:1.0]]
[2021.02.24-21.50.06:061][  0]LogConfig: Applying CVar settings from Section [ShadingQuality@3] File [C:/Users/EDGAR/Documents/Unreal Projects/whiteroom/Saved/Config/Windows/Scalability.ini]
[2021.02.24-21.50.06:061][  0]LogConfig: Setting CVar [[r.HairStrands.SkyLighting.SampleCount:16]]
[2021.02.24-21.50.06:061][  0]LogConfig: Setting CVar [[r.HairStrands.SkyLighting.JitterIntegration:0]]
[2021.02.24-21.50.06:061][  0]LogConfig: Setting CVar [[r.HairStrands.SkyAO.SampleCount:16]]
[2021.02.24-21.50.06:061][  0]LogConfig: Setting CVar [[r.HairStrands.DeepShadow.SuperSampling:0]]
[2021.02.24-21.50.06:061][  0]LogConfig: Setting CVar [[r.HairStrands.VisibilityPPLL:0]]
[2021.02.24-21.50.06:061][  0]LogConfig: Setting CVar [[r.HairStrands.RasterizationScale:0.5]]
[2021.02.24-21.50.06:061][  0]LogConfig: Setting CVar [[r.HairStrands.VelocityRasterizationScale:1]]
[2021.02.24-21.50.06:061][  0]LogInit: Selected Device Profile: [Windows]
[2021.02.24-21.50.06:061][  0]LogInit: Applying CVar settings loaded from the selected device profile: [Windows]
[2021.02.24-21.50.06:061][  0]LogHAL: Display: Platform has ~ 8 GB [8482693120 / 8589934592 / 8], which maps to Default [LargestMinGB=32, LargerMinGB=12, DefaultMinGB=8, SmallerMinGB=6, SmallestMinGB=0)
[2021.02.24-21.50.06:061][  0]LogInit: Going up to parent DeviceProfile []
[2021.02.24-21.50.06:062][  0]LogConfig: Applying CVar settings from Section [ViewDistanceQuality@1] File [C:/Users/EDGAR/Documents/Unreal Projects/whiteroom/Saved/Config/Windows/Scalability.ini]
[2021.02.24-21.50.06:062][  0]LogConfig: Setting CVar [[r.SkeletalMeshLODBias:1]]
[2021.02.24-21.50.06:062][  0]LogConfig: Setting CVar [[r.ViewDistanceScale:0.6]]
[2021.02.24-21.50.06:062][  0]LogConfig: Applying CVar settings from Section [AntiAliasingQuality@1] File [C:/Users/EDGAR/Documents/Unreal Projects/whiteroom/Saved/Config/Windows/Scalability.ini]
[2021.02.24-21.50.06:062][  0]LogConfig: Setting CVar [[r.PostProcessAAQuality:2]]
[2021.02.24-21.50.06:062][  0]LogConfig: Applying CVar settings from Section [ShadowQuality@1] File [C:/Users/EDGAR/Documents/Unreal Projects/whiteroom/Saved/Config/Windows/Scalability.ini]
[2021.02.24-21.50.06:062][  0]LogConfig: Setting CVar [[r.LightFunctionQuality:1]]
[2021.02.24-21.50.06:062][  0]LogConfig: Setting CVar [[r.ShadowQuality:3]]
[2021.02.24-21.50.06:062][  0]LogConfig: Setting CVar [[r.Shadow.CSM.MaxCascades:1]]
[2021.02.24-21.50.06:062][  0]LogConfig: Setting CVar [[r.Shadow.MaxResolution:1024]]
[2021.02.24-21.50.06:062][  0]LogConfig: Setting CVar [[r.Shadow.MaxCSMResolution:1024]]
[2021.02.24-21.50.06:062][  0]LogConfig: Setting CVar [[r.Shadow.RadiusThreshold:0.05]]
[2021.02.24-21.50.06:062][  0]LogConfig: Setting CVar [[r.Shadow.DistanceScale:0.7]]
[2021.02.24-21.50.06:062][  0]LogConfig: Setting CVar [[r.Shadow.CSM.TransitionScale:0.25]]
[2021.02.24-21.50.06:062][  0]LogConfig: Setting CVar [[r.Shadow.PreShadowResolutionFactor:0.5]]
[2021.02.24-21.50.06:062][  0]LogConfig: Setting CVar [[r.DistanceFieldShadowing:0]]
[2021.02.24-21.50.06:062][  0]LogConfig: Setting CVar [[r.DistanceFieldAO:0]]
[2021.02.24-21.50.06:062][  0]LogConfig: Setting CVar [[r.VolumetricFog:0]]
[2021.02.24-21.50.06:062][  0]LogConfig: Setting CVar [[r.LightMaxDrawDistanceScale:.5]]
[2021.02.24-21.50.06:062][  0]LogConfig: Setting CVar [[r.CapsuleShadows:1]]
[2021.02.24-21.50.06:062][  0]LogConfig: Applying CVar settings from Section [PostProcessQuality@1] File [C:/Users/EDGAR/Documents/Unreal Projects/whiteroom/Saved/Config/Windows/Scalability.ini]
[2021.02.24-21.50.06:062][  0]LogConfig: Setting CVar [[r.MotionBlurQuality:3]]
[2021.02.24-21.50.06:062][  0]LogConfig: Setting CVar [[r.AmbientOcclusionMipLevelFactor:1.0]]
[2021.02.24-21.50.06:063][  0]LogConfig: Setting CVar [[r.AmbientOcclusionMaxQuality:60]]
[2021.02.24-21.50.06:063][  0]LogConfig: Setting CVar [[r.AmbientOcclusionLevels:-1]]
[2021.02.24-21.50.06:063][  0]LogConfig: Setting CVar [[r.AmbientOcclusionRadiusScale:1.5]]
[2021.02.24-21.50.06:063][  0]LogConfig: Setting CVar [[r.DepthOfFieldQuality:1]]
[2021.02.24-21.50.06:063][  0]LogConfig: Setting CVar [[r.RenderTargetPoolMin:350]]
[2021.02.24-21.50.06:063][  0]LogConfig: Setting CVar [[r.LensFlareQuality:0]]
[2021.02.24-21.50.06:063][  0]LogConfig: Setting CVar [[r.SceneColorFringeQuality:0]]
[2021.02.24-21.50.06:063][  0]LogConfig: Setting CVar [[r.EyeAdaptationQuality:0]]
[2021.02.24-21.50.06:063][  0]LogConfig: Setting CVar [[r.BloomQuality:4]]
[2021.02.24-21.50.06:063][  0]LogConfig: Setting CVar [[r.FastBlurThreshold:2]]
[2021.02.24-21.50.06:063][  0]LogConfig: Setting CVar [[r.Upscale.Quality:2]]
[2021.02.24-21.50.06:063][  0]LogConfig: Setting CVar [[r.Tonemapper.GrainQuantization:0]]
[2021.02.24-21.50.06:063][  0]LogConfig: Setting CVar [[r.LightShaftQuality:0]]
[2021.02.24-21.50.06:063][  0]LogConfig: Setting CVar [[r.Filter.SizeScale:0.7]]
[2021.02.24-21.50.06:063][  0]LogConfig: Setting CVar [[r.Tonemapper.Quality:2]]
[2021.02.24-21.50.06:063][  0]LogConfig: Setting CVar [[r.DOF.Gather.AccumulatorQuality:0        ; lower gathering accumulator quality]]
[2021.02.24-21.50.06:063][  0]LogConfig: Setting CVar [[r.DOF.Gather.PostfilterMethod:2          ; Max3x3 postfilering method]]
[2021.02.24-21.50.06:063][  0]LogConfig: Setting CVar [[r.DOF.Gather.EnableBokehSettings:0       ; no bokeh simulation when gathering]]
[2021.02.24-21.50.06:063][  0]LogConfig: Setting CVar [[r.DOF.Gather.RingCount:3                 ; low number of samples when gathering]]
[2021.02.24-21.50.06:063][  0]LogConfig: Setting CVar [[r.DOF.Scatter.ForegroundCompositing:0    ; no foreground scattering]]
[2021.02.24-21.50.06:063][  0]LogConfig: Setting CVar [[r.DOF.Scatter.BackgroundCompositing:0    ; no foreground scattering]]
[2021.02.24-21.50.06:063][  0]LogConfig: Setting CVar [[r.DOF.Recombine.Quality:0                ; no slight out of focus]]
[2021.02.24-21.50.06:063][  0]LogConfig: Setting CVar [[r.DOF.TemporalAAQuality:0                ; faster temporal accumulation]]
[2021.02.24-21.50.06:063][  0]LogConfig: Setting CVar [[r.DOF.Kernel.MaxForegroundRadius:0.006   ; required because low gathering and no scattering and not looking great at 1080p]]
[2021.02.24-21.50.06:063][  0]LogConfig: Setting CVar [[r.DOF.Kernel.MaxBackgroundRadius:0.006   ; required because low gathering and no scattering and not looking great at 1080p]]
[2021.02.24-21.50.06:063][  0]LogConfig: Applying CVar settings from Section [TextureQuality@1] File [C:/Users/EDGAR/Documents/Unreal Projects/whiteroom/Saved/Config/Windows/Scalability.ini]
[2021.02.24-21.50.06:063][  0]LogConfig: Setting CVar [[r.Streaming.MipBias:1]]
[2021.02.24-21.50.06:063][  0]LogConfig: Setting CVar [[r.Streaming.AmortizeCPUToGPUCopy:0]]
[2021.02.24-21.50.06:063][  0]LogConfig: Setting CVar [[r.Streaming.MaxNumTexturesToStreamPerFrame:0]]
[2021.02.24-21.50.06:063][  0]LogConfig: Setting CVar [[r.Streaming.Boost:1]]
[2021.02.24-21.50.06:063][  0]LogConfig: Setting CVar [[r.MaxAnisotropy:2]]
[2021.02.24-21.50.06:063][  0]LogConfig: Setting CVar [[r.VT.MaxAnisotropy:4]]
[2021.02.24-21.50.06:063][  0]LogConfig: Setting CVar [[r.Streaming.LimitPoolSizeToVRAM:1]]
[2021.02.24-21.50.06:063][  0]LogConfig: Setting CVar [[r.Streaming.PoolSize:600]]
[2021.02.24-21.50.06:063][  0]LogConfig: Setting CVar [[r.Streaming.MaxEffectiveScreenSize:0]]
[2021.02.24-21.50.06:063][  0]LogConfig: Applying CVar settings from Section [EffectsQuality@1] File [C:/Users/EDGAR/Documents/Unreal Projects/whiteroom/Saved/Config/Windows/Scalability.ini]
[2021.02.24-21.50.06:063][  0]LogConfig: Setting CVar [[r.TranslucencyLightingVolumeDim:32]]
[2021.02.24-21.50.06:063][  0]LogConfig: Setting CVar [[r.RefractionQuality:0]]
[2021.02.24-21.50.06:063][  0]LogConfig: Setting CVar [[r.SSR.Quality:0]]
[2021.02.24-21.50.06:063][  0]LogConfig: Setting CVar [[r.SSR.HalfResSceneColor:1]]
[2021.02.24-21.50.06:063][  0]LogConfig: Setting CVar [[r.SceneColorFormat:3]]
[2021.02.24-21.50.06:063][  0]LogConfig: Setting CVar [[r.DetailMode:1]]
[2021.02.24-21.50.06:063][  0]LogConfig: Setting CVar [[r.TranslucencyVolumeBlur:0]]
[2021.02.24-21.50.06:063][  0]LogConfig: Setting CVar [[r.MaterialQualityLevel:2 ; Medium quality]]
[2021.02.24-21.50.06:063][  0]LogConfig: Setting CVar [[r.SSS.Scale:0.75]]
[2021.02.24-21.50.06:063][  0]LogConfig: Setting CVar [[r.SSS.SampleSet:0]]
[2021.02.24-21.50.06:063][  0]LogConfig: Setting CVar [[r.SSS.Quality:0]]
[2021.02.24-21.50.06:063][  0]LogConfig: Setting CVar [[r.SSS.HalfRes:1]]
[2021.02.24-21.50.06:063][  0]LogConfig: Setting CVar [[r.SSGI.Quality:1]]
[2021.02.24-21.50.06:064][  0]LogConfig: Setting CVar [[r.EmitterSpawnRateScale:0.25]]
[2021.02.24-21.50.06:064][  0]LogConfig: Setting CVar [[r.ParticleLightQuality:0]]
[2021.02.24-21.50.06:064][  0]LogConfig: Setting CVar [[r.SkyAtmosphere.AerialPerspectiveLUT.FastApplyOnOpaque:1 ; Always have FastSkyLUT 1 in this case to avoid wrong sky]]
[2021.02.24-21.50.06:064][  0]LogConfig: Setting CVar [[r.SkyAtmosphere.AerialPerspectiveLUT.SampleCountPerSlice:1]]
[2021.02.24-21.50.06:064][  0]LogConfig: Setting CVar [[r.SkyAtmosphere.AerialPerspectiveLUT.DepthResolution:16.0]]
[2021.02.24-21.50.06:064][  0]LogConfig: Setting CVar [[r.SkyAtmosphere.FastSkyLUT:1]]
[2021.02.24-21.50.06:064][  0]LogConfig: Setting CVar [[r.SkyAtmosphere.FastSkyLUT.SampleCountMin:4.0]]
[2021.02.24-21.50.06:064][  0]LogConfig: Setting CVar [[r.SkyAtmosphere.FastSkyLUT.SampleCountMax:32.0]]
[2021.02.24-21.50.06:064][  0]LogConfig: Setting CVar [[r.SkyAtmosphere.SampleCountMin:4.0]]
[2021.02.24-21.50.06:064][  0]LogConfig: Setting CVar [[r.SkyAtmosphere.SampleCountMax:32.0]]
[2021.02.24-21.50.06:064][  0]LogConfig: Setting CVar [[r.SkyAtmosphere.TransmittanceLUT.UseSmallFormat:0]]
[2021.02.24-21.50.06:064][  0]LogConfig: Setting CVar [[r.SkyAtmosphere.TransmittanceLUT.SampleCount:10.0]]
[2021.02.24-21.50.06:064][  0]LogConfig: Setting CVar [[r.SkyAtmosphere.MultiScatteringLUT.SampleCount:15.0]]
[2021.02.24-21.50.06:064][  0]LogConfig: Applying CVar settings from Section [FoliageQuality@1] File [C:/Users/EDGAR/Documents/Unreal Projects/whiteroom/Saved/Config/Windows/Scalability.ini]
[2021.02.24-21.50.06:064][  0]LogConfig: Setting CVar [[foliage.DensityScale:0.4]]
[2021.02.24-21.50.06:064][  0]LogConfig: Setting CVar [[grass.DensityScale:0.4]]
[2021.02.24-21.50.06:064][  0]LogConfig: Applying CVar settings from Section [ShadingQuality@1] File [C:/Users/EDGAR/Documents/Unreal Projects/whiteroom/Saved/Config/Windows/Scalability.ini]
[2021.02.24-21.50.06:064][  0]LogConfig: Setting CVar [[r.HairStrands.SkyLighting.SampleCount:16]]
[2021.02.24-21.50.06:064][  0]LogConfig: Setting CVar [[r.HairStrands.SkyLighting.JitterIntegration:0]]
[2021.02.24-21.50.06:064][  0]LogConfig: Setting CVar [[r.HairStrands.SkyAO.SampleCount:16]]
[2021.02.24-21.50.06:064][  0]LogConfig: Setting CVar [[r.HairStrands.DeepShadow.SuperSampling:0]]
[2021.02.24-21.50.06:064][  0]LogConfig: Setting CVar [[r.HairStrands.VisibilityPPLL:0]]
[2021.02.24-21.50.06:064][  0]LogConfig: Setting CVar [[r.HairStrands.RasterizationScale:0.5]]
[2021.02.24-21.50.06:064][  0]LogConfig: Setting CVar [[r.HairStrands.VelocityRasterizationScale:1]]
[2021.02.24-21.50.06:064][  0]LogConfig: Applying CVar settings from Section [Startup] File [../../../Engine/Config/ConsoleVariables.ini]
[2021.02.24-21.50.06:090][  0]LogConfig: Setting CVar [[net.UseAdaptiveNetUpdateFrequency:0]]
[2021.02.24-21.50.06:090][  0]LogConfig: Setting CVar [[p.chaos.AllowCreatePhysxBodies:1]]
[2021.02.24-21.50.06:090][  0]LogConfig: Setting CVar [[fx.SkipVectorVMBackendOptimizations:1]]
[2021.02.24-21.50.06:090][  0]LogConfig: Applying CVar settings from Section [ConsoleVariables] File [C:/Users/EDGAR/Documents/Unreal Projects/whiteroom/Saved/Config/Windows/Engine.ini]
[2021.02.24-21.50.06:090][  0]LogInit: Computer: DESKTOP-ONDETJ2
[2021.02.24-21.50.06:090][  0]LogInit: User: EDGAR
[2021.02.24-21.50.06:090][  0]LogInit: CPU Page size=4096, Cores=2
[2021.02.24-21.50.06:090][  0]LogInit: High frequency timer resolution =10.000000 MHz
[2021.02.24-21.50.06:090][  0]LogMemory: Memory total: Physical=7.9GB (8GB approx)
[2021.02.24-21.50.06:090][  0]LogMemory: Platform Memory Stats for Windows
[2021.02.24-21.50.06:090][  0]LogMemory: Process Physical Memory: 113.49 MB used, 113.50 MB peak
[2021.02.24-21.50.06:090][  0]LogMemory: Process Virtual Memory: 94.98 MB used, 94.98 MB peak
[2021.02.24-21.50.06:090][  0]LogMemory: Physical Memory: 6766.09 MB used,  1323.64 MB free, 8089.73 MB total
[2021.02.24-21.50.06:090][  0]LogMemory: Virtual Memory: 5124.50 MB used,  134212600.00 MB free, 134217728.00 MB total
[2021.02.24-21.50.06:098][  0]LogWindows: WindowsPlatformFeatures enabled
[2021.02.24-21.50.06:148][  0]LogInit: Physics initialised using underlying interface: PhysX
[2021.02.24-21.50.06:149][  0]LogInit: Using OS detected language (en-US).
[2021.02.24-21.50.06:149][  0]LogInit: Using OS detected locale (es-MX).
[2021.02.24-21.50.06:156][  0]LogTextLocalizationManager: No specific localization for 'en-US' exists, so the 'en' localization will be used.
[2021.02.24-21.50.06:651][  0]LogInit: Setting process to per monitor DPI aware
[2021.02.24-21.50.07:316][  0]LogSlate: New Slate User Created.  User Index 0, Is Virtual User: 0
[2021.02.24-21.50.07:316][  0]LogSlate: Slate User Registered.  User Index 0, Is Virtual User: 0
[2021.02.24-21.50.11:161][  0]LogHMD: Failed to initialize OpenVR with code 110
[2021.02.24-21.50.11:161][  0]LogD3D11RHI: D3D11 min allowed feature level: 11_0
[2021.02.24-21.50.11:161][  0]LogD3D11RHI: D3D11 max allowed feature level: 11_0
[2021.02.24-21.50.11:161][  0]LogD3D11RHI: D3D11 adapters:
[2021.02.24-21.50.11:212][  0]LogD3D11RHI:    0. 'Intel(R) HD Graphics 620' (Feature Level 11_0)
[2021.02.24-21.50.11:213][  0]LogD3D11RHI:       128/0/4044 MB DedicatedVideo/DedicatedSystem/SharedSystem, Outputs:1, VendorId:0x8086
[2021.02.24-21.50.11:216][  0]LogD3D11RHI:    1. 'Microsoft Basic Render Driver' (Feature Level 11_0)
[2021.02.24-21.50.11:216][  0]LogD3D11RHI:       0/0/4044 MB DedicatedVideo/DedicatedSystem/SharedSystem, Outputs:0, VendorId:0x1414
[2021.02.24-21.50.11:216][  0]LogD3D11RHI: Chosen D3D11 Adapter: 0
[2021.02.24-21.50.11:227][  0]LogD3D11RHI: Creating new Direct3DDevice
[2021.02.24-21.50.11:227][  0]LogD3D11RHI:     GPU DeviceId: 0x5916 (for the marketing name, search the web for "GPU Device Id")
[2021.02.24-21.50.11:227][  0]LogWindows: EnumDisplayDevices:
[2021.02.24-21.50.11:227][  0]LogWindows:    0. 'Intel(R) HD Graphics 620' (P:1 D:1)
[2021.02.24-21.50.11:227][  0]LogWindows:    1. 'Intel(R) HD Graphics 620' (P:0 D:0)
[2021.02.24-21.50.11:228][  0]LogWindows:    2. 'Intel(R) HD Graphics 620' (P:0 D:0)
[2021.02.24-21.50.11:228][  0]LogWindows: DebugString: FoundDriverCount:3 
[2021.02.24-21.50.11:228][  0]LogD3D11RHI:     Adapter Name: Intel(R) HD Graphics 620
[2021.02.24-21.50.11:228][  0]LogD3D11RHI:   Driver Version: 27.20.100.8854 (internal:27.20.100.8854, unified:27.20.100.8854)
[2021.02.24-21.50.11:228][  0]LogD3D11RHI:      Driver Date: 10-14-2020
[2021.02.24-21.50.11:228][  0]LogRHI: Texture pool is 1505 MB (70% of 2150 MB)
[2021.02.24-21.50.11:294][  0]LogD3D11RHI: RHI does not have support for 64 bit atomics
[2021.02.24-21.50.11:295][  0]LogD3D11RHI: [IntelMetricsDiscovery] Started
[2021.02.24-21.50.11:295][  0]LogD3D11RHI: Async texture creation enabled
[2021.02.24-21.50.11:295][  0]LogD3D11RHI: Array index from any shader is supported
[2021.02.24-21.50.11:305][  0]LogD3D11RHI: GPU Timing Frequency: 12.000048 (Debug: 2 0)
[2021.02.24-21.50.13:507][  0]LogTargetPlatformManager: Display: Loaded TargetPlatform 'AllDesktop'
[2021.02.24-21.50.13:587][  0]LogTargetPlatformManager: Display: Loaded TargetPlatform 'Android'
[2021.02.24-21.50.13:587][  0]LogTargetPlatformManager: Display: Loaded TargetPlatform 'Android_ASTC'
[2021.02.24-21.50.13:587][  0]LogTargetPlatformManager: Display: Loaded TargetPlatform 'Android_DXT'
[2021.02.24-21.50.13:587][  0]LogTargetPlatformManager: Display: Loaded TargetPlatform 'Android_ETC2'
[2021.02.24-21.50.13:587][  0]LogTargetPlatformManager: Display: Loaded TargetPlatform 'AndroidClient'
[2021.02.24-21.50.13:587][  0]LogTargetPlatformManager: Display: Loaded TargetPlatform 'Android_ASTCClient'
[2021.02.24-21.50.13:587][  0]LogTargetPlatformManager: Display: Loaded TargetPlatform 'Android_DXTClient'
[2021.02.24-21.50.13:587][  0]LogTargetPlatformManager: Display: Loaded TargetPlatform 'Android_ETC2Client'
[2021.02.24-21.50.13:587][  0]LogTargetPlatformManager: Display: Loaded TargetPlatform 'Android_Multi'
[2021.02.24-21.50.13:588][  0]LogTargetPlatformManager: Display: Loaded TargetPlatform 'Android_MultiClient'
[2021.02.24-21.50.13:654][  0]LogTargetPlatformManager: Display: Loaded TargetPlatform 'IOSClient'
[2021.02.24-21.50.13:655][  0]LogTargetPlatformManager: Display: Loaded TargetPlatform 'IOS'
[2021.02.24-21.50.13:681][  0]LogTargetPlatformManager: Display: Loaded TargetPlatform 'Linux'
[2021.02.24-21.50.13:702][  0]LogTargetPlatformManager: Display: Loaded TargetPlatform 'LinuxNoEditor'
[2021.02.24-21.50.13:722][  0]LogTargetPlatformManager: Display: Loaded TargetPlatform 'LinuxClient'
[2021.02.24-21.50.13:752][  0]LogTargetPlatformManager: Display: Loaded TargetPlatform 'LinuxServer'
[2021.02.24-21.50.13:772][  0]LogTargetPlatformManager: Display: Loaded TargetPlatform 'LinuxAArch64NoEditor'
[2021.02.24-21.50.13:798][  0]LogTargetPlatformManager: Display: Loaded TargetPlatform 'LinuxAArch64Client'
[2021.02.24-21.50.13:822][  0]LogTargetPlatformManager: Display: Loaded TargetPlatform 'LinuxAArch64Server'
[2021.02.24-21.50.13:881][  0]LogTargetPlatformManager: Display: Loaded TargetPlatform 'Lumin'
[2021.02.24-21.50.13:881][  0]LogTargetPlatformManager: Display: Loaded TargetPlatform 'LuminClient'
[2021.02.24-21.50.13:919][  0]LogTargetPlatformManager: Display: Loaded TargetPlatform 'TVOSClient'
[2021.02.24-21.50.13:919][  0]LogTargetPlatformManager: Display: Loaded TargetPlatform 'TVOS'
[2021.02.24-21.50.13:941][  0]LogTargetPlatformManager: Display: Loaded TargetPlatform 'WindowsNoEditor'
[2021.02.24-21.50.13:969][  0]LogTargetPlatformManager: Display: Loaded TargetPlatform 'Windows'
[2021.02.24-21.50.13:987][  0]LogTargetPlatformManager: Display: Loaded TargetPlatform 'WindowsClient'
[2021.02.24-21.50.14:009][  0]LogTargetPlatformManager: Display: Loaded TargetPlatform 'WindowsServer'
[2021.02.24-21.50.14:009][  0]LogTargetPlatformManager: Display: Building Assets For Windows
[2021.02.24-21.50.14:035][  0]LogAudioDebug: Display: Lib vorbis DLL was dynamically loaded.
[2021.02.24-21.50.14:202][  0]LogShaderCompilers: Guid format shader working directory is -20 characters bigger than the processId version (../../../../../../Users/EDGAR/Documents/Unreal Projects/whiteroom/Intermediate/Shaders/WorkingDirectory/12836/).
[2021.02.24-21.50.14:203][  0]LogShaderCompilers: Cleaned the shader compiler working directory 'C:/Users/EDGAR/AppData/Local/Temp/UnrealShaderWorkingDir/CFFFC837483CE2C13A78CDACEB77A16D/'.
[2021.02.24-21.50.14:204][  0]LogXGEController: Cannot use XGE Controller as Incredibuild is not installed on this machine.
[2021.02.24-21.50.14:204][  0]LogShaderCompilers: Cannot use XGE Shader Compiler as Incredibuild is not installed on this machine.
[2021.02.24-21.50.14:204][  0]LogShaderCompilers: Display: Using Local Shader Compiler.
[2021.02.24-21.50.15:782][  0]LogDerivedDataCache: Display: Max Cache Size: 512 MB
[2021.02.24-21.50.15:890][  0]LogDerivedDataCache: Loaded boot cache 0.11s 75MB C:/Users/EDGAR/AppData/Local/UnrealEngine/4.25/DerivedDataCache/Boot.ddc.
[2021.02.24-21.50.15:890][  0]LogDerivedDataCache: Display: Loaded Boot cache: C:/Users/EDGAR/AppData/Local/UnrealEngine/4.25/DerivedDataCache/Boot.ddc
[2021.02.24-21.50.15:969][  0]LogDerivedDataCache: FDerivedDataBackendGraph:  Pak pak cache file ../../../../../../Users/EDGAR/Documents/Unreal Projects/whiteroom/DerivedDataCache/DDC.ddp not found, will not use a pak cache.
[2021.02.24-21.50.15:969][  0]LogDerivedDataCache: Unable to find inner node Pak for hierarchical cache Hierarchy.
[2021.02.24-21.50.15:969][  0]LogDerivedDataCache: FDerivedDataBackendGraph:  CompressedPak pak cache file ../../../../../../Users/EDGAR/Documents/Unreal Projects/whiteroom/DerivedDataCache/Compressed.ddp not found, will not use a pak cache.
[2021.02.24-21.50.15:969][  0]LogDerivedDataCache: Unable to find inner node CompressedPak for hierarchical cache Hierarchy.
[2021.02.24-21.50.15:988][  0]LogDerivedDataCache: Display: Pak cache opened for reading ../../../Engine/DerivedDataCache/Compressed.ddp.
[2021.02.24-21.50.15:988][  0]LogDerivedDataCache: FDerivedDataBackendGraph:  EnterprisePak pak cache file ../../../Enterprise/DerivedDataCache/Compressed.ddp not found, will not use a pak cache.
[2021.02.24-21.50.15:988][  0]LogDerivedDataCache: Unable to find inner node EnterprisePak for hierarchical cache Hierarchy.
[2021.02.24-21.50.15:990][  0]LogDerivedDataCache: Using Local data cache path C:/Users/EDGAR/AppData/Local/UnrealEngine/Common/DerivedDataCache: Writable
[2021.02.24-21.50.15:990][  0]LogDerivedDataCache: Shared data cache path not found in *engine.ini, will not use an Shared cache.
[2021.02.24-21.50.15:990][  0]LogDerivedDataCache: Unable to find inner node Shared for hierarchical cache Hierarchy.
[2021.02.24-21.50.16:090][  0]LogSlate: Using FreeType 2.10.0
[2021.02.24-21.50.16:091][  0]LogSlate: SlateFontServices - WITH_FREETYPE: 1, WITH_HARFBUZZ: 1
[2021.02.24-21.50.16:216][  0]LogAssetRegistry: FAssetRegistry took 0.0077 seconds to start up
[2021.02.24-21.50.16:785][  0]LogInit: Selected Device Profile: [Windows]
[2021.02.24-21.50.17:143][  0]LogMeshReduction: Using QuadricMeshReduction for automatic static mesh reduction
[2021.02.24-21.50.17:143][  0]LogMeshReduction: Using SimplygonMeshReduction for automatic skeletal mesh reduction
[2021.02.24-21.50.17:143][  0]LogMeshReduction: Using ProxyLODMeshReduction for automatic mesh merging
[2021.02.24-21.50.17:143][  0]LogMeshReduction: No distributed automatic mesh merging module available
[2021.02.24-21.50.17:143][  0]LogMeshMerging: No distributed automatic mesh merging module available
[2021.02.24-21.50.17:162][  0]LogNetVersion: whiteroom 1.0.0, NetCL: 13144385, EngineNetVer: 14, GameNetVer: 0 (Checksum: 3709002521)
[2021.02.24-21.50.18:347][  0]LogAISub: UAISubsystem::UAISubsystem AISubsystem (00000292513C6980), frame # 0
[2021.02.24-21.50.18:347][  0]LogAISub: UAISubsystem::UAISubsystem AIPerceptionSystem (00000292512EAAC0), frame # 0
[2021.02.24-21.50.18:348][  0]LogAISub: UAISubsystem::UAISubsystem EnvQueryManager (000002924ED46400), frame # 0
[2021.02.24-21.50.23:460][  0]LogPackageLocalizationCache: Processed 19 localized package path(s) for 1 prioritized culture(s) in 5.104323 seconds
[2021.02.24-21.50.23:467][  0]LogUObjectArray: 15917 objects as part of root set at end of initial load.
[2021.02.24-21.50.23:467][  0]LogUObjectAllocator: 3965568 out of 0 bytes used by permanent object pool.
[2021.02.24-21.50.23:467][  0]LogUObjectArray: CloseDisregardForGC: 0/0 objects in disregard for GC pool
[2021.02.24-21.50.24:654][  0]LogTcpMessaging: Initializing TcpMessaging bridge
[2021.02.24-21.50.24:664][  0]LogUdpMessaging: Initializing bridge on interface 0.0.0.0:0 to multicast group 230.0.0.1:6666.
[2021.02.24-21.50.25:000][  0]SourceControl: Source control is disabled
[2021.02.24-21.50.25:000][  0]SourceControl: Source control is disabled
[2021.02.24-21.50.25:005][  0]SourceControl: Source control is disabled
[2021.02.24-21.50.25:009][  0]SourceControl: Source control is disabled
[2021.02.24-21.50.25:021][  0]SourceControl: Source control is disabled
[2021.02.24-21.50.26:450][  0]LogAndroidPermission: UAndroidPermissionCallbackProxy::GetInstance
[2021.02.24-21.50.26:505][  0]LogAudioCaptureCore: Display: No Audio Capture implementations found. Audio input will be silent.
[2021.02.24-21.50.26:505][  0]LogAudioCaptureCore: Display: No Audio Capture implementations found. Audio input will be silent.
[2021.02.24-21.50.26:639][  0]LogOcInput: OculusInput pre-init called
[2021.02.24-21.50.26:671][  0]LogWindows: Failed to load 'OVRPlugin.dll' (GetLastError=126)
[2021.02.24-21.50.26:671][  0]LogWindows: File 'OVRPlugin.dll' does not exist
[2021.02.24-21.50.26:805][  0]LogEngine: Initializing Engine...
[2021.02.24-21.50.27:762][  0]LogHMD: Failed to initialize OpenVR with code 110
[2021.02.24-21.50.27:916][  0]LogMagicLeap: Warning: VR disabled because ZI is not enabled.  To enable, in the editor, Edit -> Project Settings -> Plugins -> Magic Leap Plugin -> Enable Zero Iteration
[2021.02.24-21.50.28:013][  0]LogStats: UGameplayTagsManager::InitializeManager -  0.002 s
[2021.02.24-21.50.28:409][  0]LogInit: Initializing FReadOnlyCVARCache
[2021.02.24-21.50.28:429][  0]LogAIModule: Creating AISystem for world Untitled
[2021.02.24-21.50.28:430][  0]LogAISub: UAISubsystem::UAISubsystem EnvQueryManager (0000029256F29C00), frame # 0
[2021.02.24-21.50.28:430][  0]LogAISub: UAISubsystem::UAISubsystem AIPerceptionSystem (0000029256F59BC0), frame # 0
[2021.02.24-21.50.28:671][  0]LogAudioMixer: Display: Audio Mixer Platform Settings:
[2021.02.24-21.50.28:671][  0]LogAudioMixer: Display: 	Sample Rate:						  48000
[2021.02.24-21.50.28:671][  0]LogAudioMixer: Display: 	Callback Buffer Frame Size Requested: 1024
[2021.02.24-21.50.28:671][  0]LogAudioMixer: Display: 	Callback Buffer Frame Size To Use:	  1024
[2021.02.24-21.50.28:671][  0]LogAudioMixer: Display: 	Number of buffers to queue:			  2
[2021.02.24-21.50.28:671][  0]LogAudioMixer: Display: 	Max Channels (voices):				  32
[2021.02.24-21.50.28:671][  0]LogAudioMixer: Display: 	Number of Async Source Workers:		  0
[2021.02.24-21.50.28:671][  0]LogAudio: Display: AudioDevice MaxSources: 32
[2021.02.24-21.50.28:672][  0]LogAudio: Display: Using built-in audio occlusion.
[2021.02.24-21.50.28:672][  0]LogAudioMixer: Display: Initializing audio mixer.
[2021.02.24-21.50.28:714][  0]LogAudioMixer: Display: 0: FrontLeft
[2021.02.24-21.50.28:714][  0]LogAudioMixer: Display: 1: FrontRight
[2021.02.24-21.50.28:923][  0]LogAudioMixer: Display: Using Audio Device Speakers / Headphones (Realtek Audio)
[2021.02.24-21.50.28:938][  0]LogAudioMixer: Display: Initializing Sound Submixes...
[2021.02.24-21.50.28:941][  0]LogAudioMixer: Display: Creating Master Submix 'MasterSubmixDefault'
[2021.02.24-21.50.28:941][  0]LogAudioMixer: Display: Creating Master Submix 'MasterReverbSubmixDefault'
[2021.02.24-21.50.28:949][  0]LogAudioMixer: Display: Creating Master Submix 'MasterEQSubmixDefault'
[2021.02.24-21.50.28:950][  0]LogInit: FAudioDevice initialized.
[2021.02.24-21.50.28:951][  0]LogNetVersion: Set ProjectVersion to 1.0.0.0. Version Checksum will be recalculated on next use.
[2021.02.24-21.50.36:817][  0]LogDerivedDataCache: Saved boot cache 7.87s 75MB C:/Users/EDGAR/AppData/Local/UnrealEngine/4.25/DerivedDataCache/Boot.ddc.
[2021.02.24-21.50.36:829][  0]LogInit: Texture streaming: Enabled
[2021.02.24-21.50.36:854][  0]LogEngineSessionManager: EngineSessionManager initialized
[2021.02.24-21.50.36:854][  0]LogEditorSessionSummary: Verbose: Initializing EditorSessionSummaryWriter for editor session tracking
[2021.02.24-21.50.36:997][  0]LogEditorSessionSummary: EditorSessionSummaryWriter initialized
[2021.02.24-21.50.37:372][  0]LogInit: Transaction tracking system initialized
[2021.02.24-21.50.37:402][  0]BlueprintLog: New page: Editor Load
[2021.02.24-21.50.38:313][  0]LocalizationService: Localization service is disabled
[2021.02.24-21.50.44:020][  0]LogFileCache: Scanning file cache for directory 'C:/Users/EDGAR/Documents/Unreal Projects/whiteroom/Content/' took 0.43s
[2021.02.24-21.50.44:020][  0]LogCook: Display: Max memory allowance for cook 16384mb min free memory 0mb
[2021.02.24-21.50.44:020][  0]LogCook: Display: Mobile HDR setting 1
[2021.02.24-21.50.45:111][  0]SourceControl: Source control is disabled
[2021.02.24-21.50.45:111][  0]LogUnrealEdMisc: Loading editor; pre map load, took 45.179
[2021.02.24-21.50.45:111][  0]Cmd: MAP LOAD FILE="../../../../../../Users/EDGAR/Documents/Unreal Projects/whiteroom/Content/ThirdPersonBP/Maps/ThirdPersonExampleMap.umap" TEMPLATE=0 SHOWPROGRESS=1 FEATURELEVEL=3
[2021.02.24-21.50.46:150][  0]LightingResults: New page: Lighting Build
[2021.02.24-21.50.46:151][  0]LogWorld: UWorld::CleanupWorld for Untitled, bSessionEnded=true, bCleanupResources=true
[2021.02.24-21.50.46:151][  0]LogSlate: InvalidateAllWidgets triggered.  All widgets were invalidated
[2021.02.24-21.50.46:152][  0]MapCheck: New page: Map Check
[2021.02.24-21.50.46:152][  0]LightingResults: New page: Lighting Build
[2021.02.24-21.50.46:164][  0]LogAISub: UAISubsystem::~UAISubsystem EnvQueryManager (0000029256F29C00), frame # 0
[2021.02.24-21.50.46:164][  0]LogAISub: UAISubsystem::~UAISubsystem AIPerceptionSystem (0000029256F59BC0), frame # 0
[2021.02.24-21.50.46:164][  0]LogUObjectHash: Compacting FUObjectHashTables data took   0.80ms
[2021.02.24-21.51.19:104][  0]LogAIModule: Creating AISystem for world ThirdPersonExampleMap
[2021.02.24-21.51.19:105][  0]LogAISub: UAISubsystem::UAISubsystem EnvQueryManager (000002924D543E00), frame # 0
[2021.02.24-21.51.19:105][  0]LogAISub: UAISubsystem::UAISubsystem AIPerceptionSystem (000002924B5D7380), frame # 0
[2021.02.24-21.51.22:461][  0]LogEditorServer: Finished looking for orphan Actors (0.000 secs)
[2021.02.24-21.51.22:529][  0]LogUObjectHash: Compacting FUObjectHashTables data took   1.16ms
[2021.02.24-21.51.22:529][  0]Cmd: MAP CHECKDEP NOCLEARLOG
[2021.02.24-21.51.22:530][  0]MapCheck: Map check complete: 0 Error(s), 0 Warning(s), took 0.308ms to complete.
[2021.02.24-21.51.22:530][  0]LogFileHelpers: Loading map 'ThirdPersonExampleMap' took 37.419
[2021.02.24-21.51.22:552][  0]LogUnrealEdMisc: Total Editor Startup Time, took 82.620
[2021.02.24-21.51.24:165][  0]LogSlate: Updating window title bar state: overlay mode, drag disabled, window buttons hidden, title bar hidden
[2021.02.24-21.51.24:193][  0]LogSlate: Updating window title bar state: overlay mode, drag disabled, window buttons hidden, title bar hidden
[2021.02.24-21.51.24:205][  0]LogSlate: Updating window title bar state: overlay mode, drag disabled, window buttons hidden, title bar hidden
[2021.02.24-21.51.24:215][  0]LogSlate: Updating window title bar state: overlay mode, drag disabled, window buttons hidden, title bar hidden
[2021.02.24-21.51.24:674][  0]LogCollectionManager: Loaded 0 collections in 0.003670 seconds
[2021.02.24-21.51.25:292][  0]LogFileCache: Scanning file cache for directory 'C:/Users/EDGAR/Documents/Unreal Projects/whiteroom/Saved/Collections/' took 0.00s
[2021.02.24-21.51.25:292][  0]LogFileCache: Scanning file cache for directory 'C:/Users/EDGAR/Documents/Unreal Projects/whiteroom/Content/Developers/EDGAR/Collections/' took 0.00s
[2021.02.24-21.51.25:292][  0]LogFileCache: Scanning file cache for directory 'C:/Users/EDGAR/Documents/Unreal Projects/whiteroom/Content/Collections/' took 0.00s
[2021.02.24-21.51.25:292][  0]LogContentBrowser: Native class hierarchy populated in 0.0454 seconds. Added 3427 classes and 821 folders.
[2021.02.24-21.51.26:125][  0]LogContentBrowser: Native class hierarchy updated for 'WidgetCarousel' in 0.0004 seconds. Added 0 classes and 0 folders.
[2021.02.24-21.51.32:180][  0]LogContentBrowser: Native class hierarchy updated for 'AddContentDialog' in 0.0004 seconds. Added 0 classes and 0 folders.
[2021.02.24-21.51.33:674][  0]LogContentBrowser: Native class hierarchy updated for 'SceneOutliner' in 0.0005 seconds. Added 2 classes and 0 folders.
[2021.02.24-21.51.39:133][  0]LogSlate: Took 0.000288 seconds to synchronously load lazily loaded font '../../../Engine/Content/Slate/Fonts/Roboto-Regular.ttf' (155K)
[2021.02.24-21.51.39:139][  0]LogSlate: Took 0.000320 seconds to synchronously load lazily loaded font '../../../Engine/Content/Slate/Fonts/Roboto-Bold.ttf' (160K)
[2021.02.24-21.51.39:354][  0]LogSlate: Took 0.026629 seconds to synchronously load lazily loaded font '../../../Engine/Content/Editor/Slate/Fonts/FontAwesome.ttf' (139K)
[2021.02.24-21.51.40:406][  0]LogRenderer: Reallocating scene render targets to support 936x432 Format 9 NumSamples 1 (Frame:1).
[2021.02.24-21.51.45:038][  0]LogContentBrowser: Native class hierarchy updated for 'HierarchicalLODOutliner' in 0.0004 seconds. Added 0 classes and 0 folders.
[2021.02.24-21.51.45:038][  0]LogLoad: (Engine Initialization) Total time: 105.11 seconds
[2021.02.24-21.51.45:038][  0]LogLoad: (Engine Initialization) Total Blueprint compile time: 0.00 seconds
[2021.02.24-21.51.45:330][  0]LogContentStreaming: Texture pool size now 600 MB
[2021.02.24-21.51.45:492][  0]LogSlate: Took 0.048986 seconds to synchronously load lazily loaded font '../../../Engine/Content/Slate/Fonts/Roboto-Light.ttf' (167K)
[2021.02.24-21.51.45:788][  1]LogAssetRegistry: Asset discovery search completed in 89.5725 seconds
[2021.02.24-21.51.45:794][  1]LogCollectionManager: Fixed up redirectors for 0 collections in 0.000003 seconds (updated 0 objects)
[2021.02.24-21.55.16:502][717]LogEditorViewport: Clicking on Actor (LMB): StaticMeshActor (Floor)
[2021.02.24-21.55.27:640][980]LogSlate: Took 0.000249 seconds to synchronously load lazily loaded font '../../../Engine/Content/Slate/Fonts/Roboto-Light.ttf' (167K)
[2021.02.24-21.55.27:755][980]LogUObjectHash: Compacting FUObjectHashTables data took   0.90ms
[2021.02.24-21.55.28:315][980]LogSavePackage: Moving '../../../../../../Users/EDGAR/Documents/Unreal Projects/whiteroom/Saved/ThirdPersonExampleMap7EC9CF024793092C3EC80596C0D4F4CB.tmp' to '../../../../../../Users/EDGAR/Documents/Unreal Projects/whiteroom/Content/ThirdPersonBP/Maps/ThirdPersonExampleMap.umap'
[2021.02.24-21.55.28:935][980]LogSavePackage: Moving '../../../../../../Users/EDGAR/Documents/Unreal Projects/whiteroom/Saved/ThirdPersonExampleMap_BuiltDataACBECD27443410438DC3309D4D6D0C17.tmp' to '../../../../../../Users/EDGAR/Documents/Unreal Projects/whiteroom/Content/ThirdPersonBP/Maps/ThirdPersonExampleMap_BuiltData.uasset'
[2021.02.24-21.55.28:969][980]AssetCheck: New page: Asset Save: multiple assets
[2021.02.24-21.55.28:969][980]LogContentValidation: Display: Validating World /Game/ThirdPersonBP/Maps/ThirdPersonExampleMap.ThirdPersonExampleMap
[2021.02.24-21.55.28:969][980]LogContentValidation: Display: Validating MapBuildDataRegistry /Game/ThirdPersonBP/Maps/ThirdPersonExampleMap_BuiltData.ThirdPersonExampleMap_BuiltData
[2021.02.24-21.55.34:333][146]LogUObjectHash: Compacting FUObjectHashTables data took   0.32ms
[2021.02.24-21.55.34:450][146]LogSavePackage: Moving '../../../../../../Users/EDGAR/Documents/Unreal Projects/whiteroom/Saved/ThirdPersonExampleMap87E335334B702539AC05338E445B52C8.tmp' to '../../../../../../Users/EDGAR/Documents/Unreal Projects/whiteroom/Content/ThirdPersonBP/Maps/ThirdPersonExampleMap.umap'
[2021.02.24-21.55.34:855][146]LogSavePackage: Moving '../../../../../../Users/EDGAR/Documents/Unreal Projects/whiteroom/Saved/ThirdPersonExampleMap_BuiltData2CC94054427DAD752671B8807BA871DD.tmp' to '../../../../../../Users/EDGAR/Documents/Unreal Projects/whiteroom/Content/ThirdPersonBP/Maps/ThirdPersonExampleMap_BuiltData.uasset'
[2021.02.24-21.55.34:871][146]AssetCheck: New page: Asset Save: multiple assets
[2021.02.24-21.55.34:871][146]LogContentValidation: Display: Validating World /Game/ThirdPersonBP/Maps/ThirdPersonExampleMap.ThirdPersonExampleMap
[2021.02.24-21.55.34:871][146]LogContentValidation: Display: Validating MapBuildDataRegistry /Game/ThirdPersonBP/Maps/ThirdPersonExampleMap_BuiltData.ThirdPersonExampleMap_BuiltData
[2021.02.24-21.55.48:803][493]LogUObjectHash: Compacting FUObjectHashTables data took   0.56ms
[2021.02.24-21.55.48:884][493]LogSavePackage: Moving '../../../../../../Users/EDGAR/Documents/Unreal Projects/whiteroom/Saved/ThirdPersonExampleMap7184DD894DA35C2FC403B1BE5EAE6513.tmp' to '../../../../../../Users/EDGAR/Documents/Unreal Projects/whiteroom/Content/ThirdPersonBP/Maps/ThirdPersonExampleMap.umap'
[2021.02.24-21.55.49:290][493]LogSavePackage: Moving '../../../../../../Users/EDGAR/Documents/Unreal Projects/whiteroom/Saved/ThirdPersonExampleMap_BuiltData167E1A10435494BF04E0988C93577638.tmp' to '../../../../../../Users/EDGAR/Documents/Unreal Projects/whiteroom/Content/ThirdPersonBP/Maps/ThirdPersonExampleMap_BuiltData.uasset'
[2021.02.24-21.55.49:310][493]AssetCheck: New page: Asset Save: multiple assets
[2021.02.24-21.55.49:310][493]LogContentValidation: Display: Validating World /Game/ThirdPersonBP/Maps/ThirdPersonExampleMap.ThirdPersonExampleMap
[2021.02.24-21.55.49:310][493]LogContentValidation: Display: Validating MapBuildDataRegistry /Game/ThirdPersonBP/Maps/ThirdPersonExampleMap_BuiltData.ThirdPersonExampleMap_BuiltData
[2021.02.24-21.56.51:027][536]LogUObjectHash: Compacting FUObjectHashTables data took   1.73ms
[2021.02.24-21.56.51:124][536]LogSavePackage: Moving '../../../../../../Users/EDGAR/Documents/Unreal Projects/whiteroom/Saved/ThirdPersonExampleMap086FD25D442B8AC13D5019A980CF5DF1.tmp' to '../../../../../../Users/EDGAR/Documents/Unreal Projects/whiteroom/Content/ThirdPersonBP/Maps/ThirdPersonExampleMap.umap'
[2021.02.24-21.56.51:560][536]LogSavePackage: Moving '../../../../../../Users/EDGAR/Documents/Unreal Projects/whiteroom/Saved/ThirdPersonExampleMap_BuiltData628F309248067CA12845E6969DDCA9E6.tmp' to '../../../../../../Users/EDGAR/Documents/Unreal Projects/whiteroom/Content/ThirdPersonBP/Maps/ThirdPersonExampleMap_BuiltData.uasset'
[2021.02.24-21.56.51:577][536]AssetCheck: New page: Asset Save: multiple assets
[2021.02.24-21.56.51:577][536]LogContentValidation: Display: Validating World /Game/ThirdPersonBP/Maps/ThirdPersonExampleMap.ThirdPersonExampleMap
[2021.02.24-21.56.51:577][536]LogContentValidation: Display: Validating MapBuildDataRegistry /Game/ThirdPersonBP/Maps/ThirdPersonExampleMap_BuiltData.ThirdPersonExampleMap_BuiltData
[2021.02.24-21.57.25:132][384]LogUObjectHash: Compacting FUObjectHashTables data took   0.89ms
[2021.02.24-21.57.25:212][384]LogSavePackage: Moving '../../../../../../Users/EDGAR/Documents/Unreal Projects/whiteroom/Saved/ThirdPersonExampleMap03280FBA481A2176DA06C08638C32463.tmp' to '../../../../../../Users/EDGAR/Documents/Unreal Projects/whiteroom/Content/ThirdPersonBP/Maps/ThirdPersonExampleMap.umap'
[2021.02.24-21.57.25:619][384]LogSavePackage: Moving '../../../../../../Users/EDGAR/Documents/Unreal Projects/whiteroom/Saved/ThirdPersonExampleMap_BuiltData8EA779494C6EB689B75EE0A92F009E9B.tmp' to '../../../../../../Users/EDGAR/Documents/Unreal Projects/whiteroom/Content/ThirdPersonBP/Maps/ThirdPersonExampleMap_BuiltData.uasset'
[2021.02.24-21.57.25:633][384]AssetCheck: New page: Asset Save: multiple assets
[2021.02.24-21.57.25:633][384]LogContentValidation: Display: Validating World /Game/ThirdPersonBP/Maps/ThirdPersonExampleMap.ThirdPersonExampleMap
[2021.02.24-21.57.25:633][384]LogContentValidation: Display: Validating MapBuildDataRegistry /Game/ThirdPersonBP/Maps/ThirdPersonExampleMap_BuiltData.ThirdPersonExampleMap_BuiltData
[2021.02.24-21.58.03:879][506]Cmd: TRANSACTION UNDO
[2021.02.24-21.58.03:879][506]LogEditorTransaction: Undo Move Actors
[2021.02.24-21.59.22:955][875]Cmd: DELETE
[2021.02.24-21.59.22:955][875]Cmd: ACTOR DELETE
[2021.02.24-21.59.23:394][875]LogEditorActor: Deleted Actor: Brush
[2021.02.24-21.59.23:466][875]LogUObjectHash: Compacting FUObjectHashTables data took   1.41ms
[2021.02.24-21.59.24:509][875]LogEditorActor: Deleted 1 Actors (1.236 secs)
[2021.02.24-21.59.26:733][941]LogUObjectHash: Compacting FUObjectHashTables data took   0.86ms
[2021.02.24-21.59.26:835][941]LogSavePackage: Moving '../../../../../../Users/EDGAR/Documents/Unreal Projects/whiteroom/Saved/ThirdPersonExampleMap3EDABFA24088474E9DE65086864D7AED.tmp' to '../../../../../../Users/EDGAR/Documents/Unreal Projects/whiteroom/Content/ThirdPersonBP/Maps/ThirdPersonExampleMap.umap'
[2021.02.24-21.59.27:247][941]LogSavePackage: Moving '../../../../../../Users/EDGAR/Documents/Unreal Projects/whiteroom/Saved/ThirdPersonExampleMap_BuiltDataDD9AC2CC4C9E5A31613956AD94F8FA25.tmp' to '../../../../../../Users/EDGAR/Documents/Unreal Projects/whiteroom/Content/ThirdPersonBP/Maps/ThirdPersonExampleMap_BuiltData.uasset'
[2021.02.24-21.59.27:282][941]AssetCheck: New page: Asset Save: multiple assets
[2021.02.24-21.59.27:282][941]LogContentValidation: Display: Validating World /Game/ThirdPersonBP/Maps/ThirdPersonExampleMap.ThirdPersonExampleMap
[2021.02.24-21.59.27:282][941]LogContentValidation: Display: Validating MapBuildDataRegistry /Game/ThirdPersonBP/Maps/ThirdPersonExampleMap_BuiltData.ThirdPersonExampleMap_BuiltData
[2021.02.24-21.59.52:553][664]LogEditorViewport: Clicking on Actor (LMB): BP_Sky_Sphere_C (SkySphereBlueprint)
[2021.02.24-21.59.59:276][846]LogEditorViewport: Clicking on Actor (LMB): BP_Sky_Sphere_C (SkySphereBlueprint)
[2021.02.24-22.00.04:990][  0]LogEditorViewport: Clicking on Actor (LMB): BP_Sky_Sphere_C (SkySphereBlueprint)
[2021.02.24-22.00.07:870][ 88]LogUObjectHash: Compacting FUObjectHashTables data took   1.02ms
[2021.02.24-22.00.07:950][ 88]LogSavePackage: Moving '../../../../../../Users/EDGAR/Documents/Unreal Projects/whiteroom/Saved/ThirdPersonExampleMapE12C0B724703311BF085ACB265BD6BC0.tmp' to '../../../../../../Users/EDGAR/Documents/Unreal Projects/whiteroom/Content/ThirdPersonBP/Maps/ThirdPersonExampleMap.umap'
[2021.02.24-22.00.08:358][ 88]LogSavePackage: Moving '../../../../../../Users/EDGAR/Documents/Unreal Projects/whiteroom/Saved/ThirdPersonExampleMap_BuiltDataB3AC1B9B4127CA809FA8769F9C0AAC1B.tmp' to '../../../../../../Users/EDGAR/Documents/Unreal Projects/whiteroom/Content/ThirdPersonBP/Maps/ThirdPersonExampleMap_BuiltData.uasset'
[2021.02.24-22.00.08:373][ 88]AssetCheck: New page: Asset Save: multiple assets
[2021.02.24-22.00.08:373][ 88]LogContentValidation: Display: Validating World /Game/ThirdPersonBP/Maps/ThirdPersonExampleMap.ThirdPersonExampleMap
[2021.02.24-22.00.08:373][ 88]LogContentValidation: Display: Validating MapBuildDataRegistry /Game/ThirdPersonBP/Maps/ThirdPersonExampleMap_BuiltData.ThirdPersonExampleMap_BuiltData
[2021.02.24-22.01.24:472][396]LogUObjectHash: Compacting FUObjectHashTables data took   2.16ms
[2021.02.24-22.01.24:572][396]LogSavePackage: Moving '../../../../../../Users/EDGAR/Documents/Unreal Projects/whiteroom/Saved/ThirdPersonExampleMap8E929C5C40B48B02B2F53189494C9365.tmp' to '../../../../../../Users/EDGAR/Documents/Unreal Projects/whiteroom/Content/ThirdPersonBP/Maps/ThirdPersonExampleMap.umap'
[2021.02.24-22.01.24:998][396]LogSavePackage: Moving '../../../../../../Users/EDGAR/Documents/Unreal Projects/whiteroom/Saved/ThirdPersonExampleMap_BuiltData2EE299724F38FBAC93D19398BB8F20FC.tmp' to '../../../../../../Users/EDGAR/Documents/Unreal Projects/whiteroom/Content/ThirdPersonBP/Maps/ThirdPersonExampleMap_BuiltData.uasset'
[2021.02.24-22.01.25:013][396]AssetCheck: New page: Asset Save: multiple assets
[2021.02.24-22.01.25:013][396]LogContentValidation: Display: Validating World /Game/ThirdPersonBP/Maps/ThirdPersonExampleMap.ThirdPersonExampleMap
[2021.02.24-22.01.25:014][396]LogContentValidation: Display: Validating MapBuildDataRegistry /Game/ThirdPersonBP/Maps/ThirdPersonExampleMap_BuiltData.ThirdPersonExampleMap_BuiltData
[2021.02.24-22.01.35:157][683]LogEditorViewport: Clicking on Actor (LMB): BP_Sky_Sphere_C (SkySphereBlueprint)
[2021.02.24-22.01.37:619][756]LogUObjectHash: Compacting FUObjectHashTables data took   0.88ms
[2021.02.24-22.01.37:699][756]LogSavePackage: Moving '../../../../../../Users/EDGAR/Documents/Unreal Projects/whiteroom/Saved/ThirdPersonExampleMap8DFB4DEF40E32FF9ED8FA6A073DD3FF6.tmp' to '../../../../../../Users/EDGAR/Documents/Unreal Projects/whiteroom/Content/ThirdPersonBP/Maps/ThirdPersonExampleMap.umap'
[2021.02.24-22.01.38:102][756]LogSavePackage: Moving '../../../../../../Users/EDGAR/Documents/Unreal Projects/whiteroom/Saved/ThirdPersonExampleMap_BuiltData803D26C3485F4C6F8E058A8BE31A9AB2.tmp' to '../../../../../../Users/EDGAR/Documents/Unreal Projects/whiteroom/Content/ThirdPersonBP/Maps/ThirdPersonExampleMap_BuiltData.uasset'
[2021.02.24-22.01.38:115][756]AssetCheck: New page: Asset Save: multiple assets
[2021.02.24-22.01.38:115][756]LogContentValidation: Display: Validating World /Game/ThirdPersonBP/Maps/ThirdPersonExampleMap.ThirdPersonExampleMap
[2021.02.24-22.01.38:115][756]LogContentValidation: Display: Validating MapBuildDataRegistry /Game/ThirdPersonBP/Maps/ThirdPersonExampleMap_BuiltData.ThirdPersonExampleMap_BuiltData
[2021.02.24-22.03.09:337][424]LogEditorViewport: Clicking on Actor (LMB): BP_Sky_Sphere_C (SkySphereBlueprint)
[2021.02.24-22.03.13:267][539]Cmd: DELETE
[2021.02.24-22.03.13:268][539]Cmd: ACTOR DELETE
[2021.02.24-22.03.13:300][539]LogEditorActor: Deleted Actor: Brush
[2021.02.24-22.03.13:329][539]LogUObjectHash: Compacting FUObjectHashTables data took   1.93ms
[2021.02.24-22.03.13:687][539]LogEditorActor: Deleted 1 Actors (0.419 secs)
[2021.02.24-22.03.33:873][141]LogEditorViewport: Clicking on Actor (LMB): StaticMeshActor (Floor)
[2021.02.24-22.03.36:851][229]LogUObjectHash: Compacting FUObjectHashTables data took   1.09ms
[2021.02.24-22.03.36:942][229]LogSavePackage: Moving '../../../../../../Users/EDGAR/Documents/Unreal Projects/whiteroom/Saved/ThirdPersonExampleMap203EFDB24A2A4572FFC4C481E50CAB82.tmp' to '../../../../../../Users/EDGAR/Documents/Unreal Projects/whiteroom/Content/ThirdPersonBP/Maps/ThirdPersonExampleMap.umap'
[2021.02.24-22.03.37:357][229]LogSavePackage: Moving '../../../../../../Users/EDGAR/Documents/Unreal Projects/whiteroom/Saved/ThirdPersonExampleMap_BuiltData463FE37B47D8433F52A9829FBDD355C4.tmp' to '../../../../../../Users/EDGAR/Documents/Unreal Projects/whiteroom/Content/ThirdPersonBP/Maps/ThirdPersonExampleMap_BuiltData.uasset'
[2021.02.24-22.03.37:373][229]AssetCheck: New page: Asset Save: multiple assets
[2021.02.24-22.03.37:373][229]LogContentValidation: Display: Validating World /Game/ThirdPersonBP/Maps/ThirdPersonExampleMap.ThirdPersonExampleMap
[2021.02.24-22.03.37:373][229]LogContentValidation: Display: Validating MapBuildDataRegistry /Game/ThirdPersonBP/Maps/ThirdPersonExampleMap_BuiltData.ThirdPersonExampleMap_BuiltData
[2021.02.24-22.06.53:819][368]LogEditorViewport: Clicking Background
[2021.02.24-22.07.04:503][687]LogEditorViewport: Clicking on Actor (LMB): StaticMeshActor (Floor)
[2021.02.24-22.07.11:090][881]Cmd: DELETE
[2021.02.24-22.07.11:090][881]Cmd: ACTOR DELETE
[2021.02.24-22.07.11:138][881]LogEditorActor: Deleted Actor: Brush
[2021.02.24-22.07.11:163][881]LogUObjectHash: Compacting FUObjectHashTables data took   1.04ms
[2021.02.24-22.07.11:340][881]LogEditorActor: Deleted 1 Actors (0.249 secs)
[2021.02.24-22.07.46:583][919]LogEditorViewport: Clicking on Actor (LMB): BP_Sky_Sphere_C (SkySphereBlueprint)
[2021.02.24-22.07.56:610][212]LogEditorViewport: Clicking on Actor (LMB): BP_Sky_Sphere_C (SkySphereBlueprint)
[2021.02.24-22.08.01:400][351]LogUObjectHash: Compacting FUObjectHashTables data took   0.93ms
[2021.02.24-22.08.01:507][351]LogSavePackage: Moving '../../../../../../Users/EDGAR/Documents/Unreal Projects/whiteroom/Saved/ThirdPersonExampleMap5B26637F4CD964B33E39669F3F63B94F.tmp' to '../../../../../../Users/EDGAR/Documents/Unreal Projects/whiteroom/Content/ThirdPersonBP/Maps/ThirdPersonExampleMap.umap'
[2021.02.24-22.08.01:970][351]LogSavePackage: Moving '../../../../../../Users/EDGAR/Documents/Unreal Projects/whiteroom/Saved/ThirdPersonExampleMap_BuiltData9E28F37E4EA1F43C398C2B96D0822F9F.tmp' to '../../../../../../Users/EDGAR/Documents/Unreal Projects/whiteroom/Content/ThirdPersonBP/Maps/ThirdPersonExampleMap_BuiltData.uasset'
[2021.02.24-22.08.01:987][351]AssetCheck: New page: Asset Save: multiple assets
[2021.02.24-22.08.01:987][351]LogContentValidation: Display: Validating World /Game/ThirdPersonBP/Maps/ThirdPersonExampleMap.ThirdPersonExampleMap
[2021.02.24-22.08.01:987][351]LogContentValidation: Display: Validating MapBuildDataRegistry /Game/ThirdPersonBP/Maps/ThirdPersonExampleMap_BuiltData.ThirdPersonExampleMap_BuiltData
[2021.02.24-22.08.12:667][668]LogEditorViewport: Clicking on Actor (LMB): StaticMeshActor (Floor)
[2021.02.24-22.08.54:246][877]LogUObjectHash: Compacting FUObjectHashTables data took   1.25ms
[2021.02.24-22.08.54:334][877]LogSavePackage: Moving '../../../../../../Users/EDGAR/Documents/Unreal Projects/whiteroom/Saved/ThirdPersonExampleMap6E358595482CBF6D3C32328ECF3F5F16.tmp' to '../../../../../../Users/EDGAR/Documents/Unreal Projects/whiteroom/Content/ThirdPersonBP/Maps/ThirdPersonExampleMap.umap'
[2021.02.24-22.08.54:747][877]LogSavePackage: Moving '../../../../../../Users/EDGAR/Documents/Unreal Projects/whiteroom/Saved/ThirdPersonExampleMap_BuiltData959452FF465FAD771EB114BBD22BDDC5.tmp' to '../../../../../../Users/EDGAR/Documents/Unreal Projects/whiteroom/Content/ThirdPersonBP/Maps/ThirdPersonExampleMap_BuiltData.uasset'
[2021.02.24-22.08.54:761][877]AssetCheck: New page: Asset Save: multiple assets
[2021.02.24-22.08.54:761][877]LogContentValidation: Display: Validating World /Game/ThirdPersonBP/Maps/ThirdPersonExampleMap.ThirdPersonExampleMap
[2021.02.24-22.08.54:761][877]LogContentValidation: Display: Validating MapBuildDataRegistry /Game/ThirdPersonBP/Maps/ThirdPersonExampleMap_BuiltData.ThirdPersonExampleMap_BuiltData
[2021.02.24-22.09.48:017][526]LogEditorViewport: Clicking on Actor (LMB): StaticMeshActor (Floor)
[2021.02.24-22.09.57:397][810]LogUObjectHash: Compacting FUObjectHashTables data took   1.07ms
[2021.02.24-22.09.57:481][810]LogSavePackage: Moving '../../../../../../Users/EDGAR/Documents/Unreal Projects/whiteroom/Saved/ThirdPersonExampleMapC2EC27804CECBA23A6D54CBBC1A3E779.tmp' to '../../../../../../Users/EDGAR/Documents/Unreal Projects/whiteroom/Content/ThirdPersonBP/Maps/ThirdPersonExampleMap.umap'
[2021.02.24-22.09.57:895][810]LogSavePackage: Moving '../../../../../../Users/EDGAR/Documents/Unreal Projects/whiteroom/Saved/ThirdPersonExampleMap_BuiltDataF571D14C468E50D704A1848759ABC4A8.tmp' to '../../../../../../Users/EDGAR/Documents/Unreal Projects/whiteroom/Content/ThirdPersonBP/Maps/ThirdPersonExampleMap_BuiltData.uasset'
[2021.02.24-22.09.57:910][810]AssetCheck: New page: Asset Save: multiple assets
[2021.02.24-22.09.57:910][810]LogContentValidation: Display: Validating World /Game/ThirdPersonBP/Maps/ThirdPersonExampleMap.ThirdPersonExampleMap
[2021.02.24-22.09.57:910][810]LogContentValidation: Display: Validating MapBuildDataRegistry /Game/ThirdPersonBP/Maps/ThirdPersonExampleMap_BuiltData.ThirdPersonExampleMap_BuiltData
[2021.02.24-22.10.03:639][966]LogD3D11RHI: Timed out while waiting for GPU to catch up. (0.5 s) (ErrorCode 00000001)
