Log file open, 02/22/21 00:40:22
LogInit: Display: Running engine for game: whiteroom
LogPlatformFile: Not using cached read wrapper
LogTaskGraph: Started task graph with 5 named threads and 11 total threads with 3 sets of task threads.
LogStats: Stats thread started at 0.333129
LogD3D11RHI: Loaded GFSDK_Aftermath_Lib.x64.dll
LogICUInternationalization: ICU TimeZone Detection - Raw Offset: -6:00, Platform Override: ''
LogPluginManager: Mounting plugin Paper2D
LogPluginManager: Mounting plugin AISupport
LogPluginManager: Mounting plugin LightPropagationVolume
LogPluginManager: Mounting plugin CameraShakePreviewer
LogPluginManager: Mounting plugin ActorLayerUtilities
LogPluginManager: Mounting plugin AnimationSharing
LogPluginManager: Mounting plugin CLionSourceCodeAccess
LogPluginManager: Mounting plugin CodeLiteSourceCodeAccess
LogPluginManager: Mounting plugin GitSourceControl
LogPluginManager: Mounting plugin KDevelopSourceCodeAccess
LogPluginManager: Mounting plugin NullSourceCodeAccess
LogPluginManager: Mounting plugin PerforceSourceControl
LogPluginManager: Mounting plugin PlasticSourceControl
LogPluginManager: Mounting plugin RiderSourceCodeAccess
LogPluginManager: Mounting plugin SubversionSourceControl
LogPluginManager: Mounting plugin UObjectPlugin
LogPluginManager: Mounting plugin VisualStudioCodeSourceCodeAccess
LogPluginManager: Mounting plugin VisualStudioSourceCodeAccess
LogPluginManager: Mounting plugin XCodeSourceCodeAccess
LogPluginManager: Mounting plugin AssetManagerEditor
LogPluginManager: Mounting plugin CryptoKeys
LogPluginManager: Mounting plugin CurveEditorTools
LogPluginManager: Mounting plugin DataValidation
LogPluginManager: Mounting plugin EditorScriptingUtilities
LogPluginManager: Mounting plugin FacialAnimation
LogPluginManager: Mounting plugin GameplayTagsEditor
LogPluginManager: Mounting plugin GeometryMode
LogPluginManager: Mounting plugin MacGraphicsSwitching
LogPluginManager: Mounting plugin MaterialAnalyzer
LogPluginManager: Mounting plugin MobileLauncherProfileWizard
LogPluginManager: Mounting plugin PluginBrowser
LogPluginManager: Mounting plugin SpeedTreeImporter
LogPluginManager: Mounting plugin DatasmithContent
LogPluginManager: Mounting plugin VariantManagerContent
LogPluginManager: Mounting plugin AlembicImporter
LogPluginManager: Mounting plugin AutomationUtils
LogPluginManager: Mounting plugin BackChannel
LogPluginManager: Mounting plugin ChaosCloth
LogPluginManager: Mounting plugin ChaosClothEditor
LogPluginManager: Mounting plugin ChaosEditor
LogPluginManager: Mounting plugin ChaosNiagara
LogPluginManager: Mounting plugin ChaosSolverPlugin
LogPluginManager: Mounting plugin CharacterAI
LogPluginManager: Mounting plugin GeometryCache
LogPluginManager: Mounting plugin GeometryCollectionPlugin
LogPluginManager: Mounting plugin GeometryProcessing
LogPluginManager: Mounting plugin PlanarCut
LogPluginManager: Mounting plugin PlatformCrypto
LogPluginManager: Mounting plugin ProxyLODPlugin
LogPluginManager: Mounting plugin SkeletalReduction
LogPluginManager: Mounting plugin Niagara
LogPluginManager: Mounting plugin MagicLeap
LogPluginManager: Mounting plugin MagicLeapLightEstimation
LogPluginManager: Mounting plugin MagicLeapMedia
LogPluginManager: Mounting plugin MagicLeapPassableWorld
LogPluginManager: Mounting plugin MLSDK
LogPluginManager: Mounting plugin AndroidMedia
LogPluginManager: Mounting plugin AvfMedia
LogPluginManager: Mounting plugin ImgMedia
LogPluginManager: Mounting plugin MediaCompositing
LogPluginManager: Mounting plugin MediaPlayerEditor
LogPluginManager: Mounting plugin WebMMedia
LogPluginManager: Mounting plugin WmfMedia
LogPluginManager: Mounting plugin MeshPainting
LogPluginManager: Mounting plugin TcpMessaging
LogPluginManager: Mounting plugin UdpMessaging
LogPluginManager: Mounting plugin ActorSequence
LogPluginManager: Mounting plugin LevelSequenceEditor
LogPluginManager: Mounting plugin MatineeToLevelSequence
LogPluginManager: Mounting plugin MovieRenderPipeline
LogPluginManager: Mounting plugin TemplateSequence
LogPluginManager: Mounting plugin NetcodeUnitTest
LogPluginManager: Mounting plugin NUTUnrealEngine4
LogPluginManager: Mounting plugin OnlineSubsystemGooglePlay
LogPluginManager: Mounting plugin OnlineSubsystemIOS
LogPluginManager: Mounting plugin OnlineSubsystem
LogPluginManager: Mounting plugin OnlineSubsystemNull
LogPluginManager: Mounting plugin OnlineSubsystemUtils
LogPluginManager: Mounting plugin LauncherChunkInstaller
LogPluginManager: Mounting plugin AndroidDeviceProfileSelector
LogPluginManager: Mounting plugin AndroidMoviePlayer
LogPluginManager: Mounting plugin AndroidPermission
LogPluginManager: Mounting plugin AppleImageUtils
LogPluginManager: Mounting plugin AppleMoviePlayer
LogPluginManager: Mounting plugin ArchVisCharacter
LogPluginManager: Mounting plugin AssetTags
LogPluginManager: Mounting plugin AudioCapture
LogPluginManager: Mounting plugin CableComponent
LogPluginManager: Mounting plugin CustomMeshComponent
LogPluginManager: Mounting plugin EditableMesh
LogPluginManager: Mounting plugin ExampleDeviceProfileSelector
LogPluginManager: Mounting plugin GoogleCloudMessaging
LogPluginManager: Mounting plugin GooglePAD
LogPluginManager: Mounting plugin IOSDeviceProfileSelector
LogPluginManager: Mounting plugin LinuxDeviceProfileSelector
LogPluginManager: Mounting plugin LocationServicesBPLibrary
LogPluginManager: Mounting plugin MobilePatchingUtils
LogPluginManager: Mounting plugin OculusVR
LogPluginManager: Mounting plugin PhysXVehicles
LogPluginManager: Mounting plugin PostSplashScreen
LogPluginManager: Mounting plugin ProceduralMeshComponent
LogPluginManager: Mounting plugin RuntimePhysXCooking
LogPluginManager: Mounting plugin SignificanceManager
LogPluginManager: Mounting plugin SoundFields
LogPluginManager: Mounting plugin SteamVR
LogPluginManager: Mounting plugin Synthesis
LogPluginManager: Mounting plugin WebMMoviePlayer
LogPluginManager: Mounting plugin WindowsMoviePlayer
LogPluginManager: Mounting plugin ScreenshotTools
LogInit: Using libcurl 7.55.1-DEV
LogInit:  - built for x86_64-pc-win32
LogInit:  - supports SSL with OpenSSL/1.1.1
LogInit:  - supports HTTP deflate (compression) using libz 1.2.8
LogInit:  - other features:
LogInit:      CURL_VERSION_SSL
LogInit:      CURL_VERSION_LIBZ
LogInit:      CURL_VERSION_IPV6
LogInit:      CURL_VERSION_ASYNCHDNS
LogInit:      CURL_VERSION_LARGEFILE
LogInit:      CURL_VERSION_IDN
LogInit:  CurlRequestOptions (configurable via config and command line):
LogInit:  - bVerifyPeer = true  - Libcurl will verify peer certificate
LogInit:  - bUseHttpProxy = false  - Libcurl will NOT use HTTP proxy
LogInit:  - bDontReuseConnections = false  - Libcurl will reuse connections
LogInit:  - MaxHostConnections = 16  - Libcurl will limit the number of connections to a host
LogInit:  - LocalHostAddr = Default
LogInit:  - BufferSize = 65536
LogOnline: OSS: Creating online subsystem instance for: NULL
LogInit: WinSock: version 1.1 (2.2), MaxSocks=32767, MaxUdp=65467
LogOnline: OSS: TryLoadSubsystemAndSetDefault: Loaded subsystem for module [NULL]
LogInit: Build: ++UE4+Release-4.25-CL-14469661
LogInit: Engine Version: 4.25.4-14469661+++UE4+Release-4.25
LogInit: Compatible Engine Version: 4.25.0-13144385+++UE4+Release-4.25
LogInit: Net CL: 13144385
LogInit: OS: Windows 10 (Release 2004) (), CPU: Intel(R) Core(TM) i7-7500U CPU @ 2.70GHz, GPU: Intel(R) HD Graphics 620
LogInit: Compiled (64-bit): Oct 11 2020 08:10:49
LogInit: Compiled with Visual C++: 19.24.28315.00
LogInit: Build Configuration: Development
LogInit: Branch Name: ++UE4+Release-4.25
LogInit: Command Line: 
LogInit: Base Directory: C:/Program Files/Epic Games/UE_4.25/Engine/Binaries/Win64/
LogInit: Allocator: TBB
LogInit: Installed Engine Build: 1
LogDevObjectVersion: Number of dev versions registered: 26
LogDevObjectVersion:   Dev-Blueprints (B0D832E4-1F89-4F0D-ACCF-7EB736FD4AA2): 10
LogDevObjectVersion:   Dev-Build (E1C64328-A22C-4D53-A36C-8E866417BD8C): 0
LogDevObjectVersion:   Dev-Core (375EC13C-06E4-48FB-B500-84F0262A717E): 4
LogDevObjectVersion:   Dev-Editor (E4B068ED-F494-42E9-A231-DA0B2E46BB41): 38
LogDevObjectVersion:   Dev-Framework (CFFC743F-43B0-4480-9391-14DF171D2073): 37
LogDevObjectVersion:   Dev-Mobile (B02B49B5-BB20-44E9-A304-32B752E40360): 2
LogDevObjectVersion:   Dev-Networking (A4E4105C-59A1-49B5-A7C5-40C4547EDFEE): 0
LogDevObjectVersion:   Dev-Online (39C831C9-5AE6-47DC-9A44-9C173E1C8E7C): 0
LogDevObjectVersion:   Dev-Physics (78F01B33-EBEA-4F98-B9B4-84EACCB95AA2): 4
LogDevObjectVersion:   Dev-Platform (6631380F-2D4D-43E0-8009-CF276956A95A): 0
LogDevObjectVersion:   Dev-Rendering (12F88B9F-8875-4AFC-A67C-D90C383ABD29): 43
LogDevObjectVersion:   Dev-Sequencer (7B5AE74C-D270-4C10-A958-57980B212A5A): 12
LogDevObjectVersion:   Dev-VR (D7296918-1DD6-4BDD-9DE2-64A83CC13884): 3
LogDevObjectVersion:   Dev-LoadTimes (C2A15278-BFE7-4AFE-6C17-90FF531DF755): 1
LogDevObjectVersion:   Private-Geometry (6EACA3D4-40EC-4CC1-B786-8BED09428FC5): 3
LogDevObjectVersion:   Dev-AnimPhys (29E575DD-E0A3-4627-9D10-D276232CDCEA): 17
LogDevObjectVersion:   Dev-Anim (AF43A65D-7FD3-4947-9873-3E8ED9C1BB05): 7
LogDevObjectVersion:   Dev-ReflectionCapture (6B266CEC-1EC7-4B8F-A30B-E4D90942FC07): 1
LogDevObjectVersion:   Dev-Automation (0DF73D61-A23F-47EA-B727-89E90C41499A): 1
LogDevObjectVersion:   FortniteMain (601D1886-AC64-4F84-AA16-D3DE0DEAC7D6): 31
LogDevObjectVersion:   Dev-Enterprise (9DFFBCD6-494F-0158-E221-12823C92A888): 10
LogDevObjectVersion:   Dev-Niagara (F2AED0AC-9AFE-416F-8664-AA7FFA26D6FC): 1
LogDevObjectVersion:   Dev-Destruction (174F1F0B-B4C6-45A5-B13F-2EE8D0FB917D): 10
LogDevObjectVersion:   Dev-Physics-Ext (35F94A83-E258-406C-A318-09F59610247C): 37
LogDevObjectVersion:   Dev-PhysicsMaterial-Chaos (B68FC16E-8B1B-42E2-B453-215C058844FE): 1
LogDevObjectVersion:   Dev-CineCamera (B2E18506-4273-CFC2-A54E-F4BB758BBA07): 1
LogInit: Presizing for max 25165824 objects, including 0 objects not considered by GC, pre-allocating 0 bytes for permanent pool.
LogConfig: Applying CVar settings from Section [/Script/Engine.StreamingSettings] File [C:/Users/EDGAR/Documents/Unreal Projects/whiteroom/Saved/Config/Windows/Engine.ini]
LogConfig: Setting CVar [[s.MinBulkDataSizeForAsyncLoading:131072]]
LogConfig: Setting CVar [[s.AsyncLoadingThreadEnabled:0]]
LogConfig: Setting CVar [[s.EventDrivenLoaderEnabled:1]]
LogConfig: Setting CVar [[s.WarnIfTimeLimitExceeded:0]]
LogConfig: Setting CVar [[s.TimeLimitExceededMultiplier:1.5]]
LogConfig: Setting CVar [[s.TimeLimitExceededMinTime:0.005]]
LogConfig: Setting CVar [[s.UseBackgroundLevelStreaming:1]]
LogConfig: Setting CVar [[s.PriorityAsyncLoadingExtraTime:15.0]]
LogConfig: Setting CVar [[s.LevelStreamingActorsUpdateTimeLimit:5.0]]
LogConfig: Setting CVar [[s.PriorityLevelStreamingActorsUpdateExtraTime:5.0]]
LogConfig: Setting CVar [[s.LevelStreamingComponentsRegistrationGranularity:10]]
LogConfig: Setting CVar [[s.UnregisterComponentsTimeLimit:1.0]]
LogConfig: Setting CVar [[s.LevelStreamingComponentsUnregistrationGranularity:5]]
LogConfig: Setting CVar [[s.FlushStreamingOnExit:1]]
LogInit: Object subsystem initialized
LogConfig: Setting CVar [[con.DebugEarlyDefault:1]]
LogConfig: Setting CVar [[r.setres:1280x720]]
[2021.02.22-06.40.22:902][  0]LogConfig: Setting CVar [[r.VSync:0]]
[2021.02.22-06.40.22:902][  0]LogConfig: Setting CVar [[r.RHICmdBypass:0]]
[2021.02.22-06.40.22:902][  0]LogConfig: Applying CVar settings from Section [/Script/Engine.RendererSettings] File [C:/Users/EDGAR/Documents/Unreal Projects/whiteroom/Saved/Config/Windows/Engine.ini]
[2021.02.22-06.40.22:902][  0]LogConfig: Setting CVar [[r.GPUCrashDebugging:0]]
[2021.02.22-06.40.22:902][  0]LogConfig: Applying CVar settings from Section [/Script/Engine.RendererOverrideSettings] File [C:/Users/EDGAR/Documents/Unreal Projects/whiteroom/Saved/Config/Windows/Engine.ini]
[2021.02.22-06.40.22:902][  0]LogConfig: Applying CVar settings from Section [/Script/Engine.StreamingSettings] File [C:/Users/EDGAR/Documents/Unreal Projects/whiteroom/Saved/Config/Windows/Engine.ini]
[2021.02.22-06.40.22:902][  0]LogConfig: Setting CVar [[s.MinBulkDataSizeForAsyncLoading:131072]]
[2021.02.22-06.40.22:902][  0]LogConfig: Setting CVar [[s.AsyncLoadingThreadEnabled:0]]
[2021.02.22-06.40.22:902][  0]LogConfig: Setting CVar [[s.EventDrivenLoaderEnabled:1]]
[2021.02.22-06.40.22:902][  0]LogConfig: Setting CVar [[s.WarnIfTimeLimitExceeded:0]]
[2021.02.22-06.40.22:902][  0]LogConfig: Setting CVar [[s.TimeLimitExceededMultiplier:1.5]]
[2021.02.22-06.40.22:903][  0]LogConfig: Setting CVar [[s.TimeLimitExceededMinTime:0.005]]
[2021.02.22-06.40.22:903][  0]LogConfig: Setting CVar [[s.UseBackgroundLevelStreaming:1]]
[2021.02.22-06.40.22:903][  0]LogConfig: Setting CVar [[s.PriorityAsyncLoadingExtraTime:15.0]]
[2021.02.22-06.40.22:903][  0]LogConfig: Setting CVar [[s.LevelStreamingActorsUpdateTimeLimit:5.0]]
[2021.02.22-06.40.22:903][  0]LogConfig: Setting CVar [[s.PriorityLevelStreamingActorsUpdateExtraTime:5.0]]
[2021.02.22-06.40.22:903][  0]LogConfig: Setting CVar [[s.LevelStreamingComponentsRegistrationGranularity:10]]
[2021.02.22-06.40.22:903][  0]LogConfig: Setting CVar [[s.UnregisterComponentsTimeLimit:1.0]]
[2021.02.22-06.40.22:903][  0]LogConfig: Setting CVar [[s.LevelStreamingComponentsUnregistrationGranularity:5]]
[2021.02.22-06.40.22:903][  0]LogConfig: Setting CVar [[s.FlushStreamingOnExit:1]]
[2021.02.22-06.40.22:903][  0]LogConfig: Applying CVar settings from Section [/Script/Engine.GarbageCollectionSettings] File [C:/Users/EDGAR/Documents/Unreal Projects/whiteroom/Saved/Config/Windows/Engine.ini]
[2021.02.22-06.40.22:903][  0]LogConfig: Setting CVar [[gc.MaxObjectsNotConsideredByGC:1]]
[2021.02.22-06.40.22:903][  0]LogConfig: Setting CVar [[gc.SizeOfPermanentObjectPool:0]]
[2021.02.22-06.40.22:903][  0]LogConfig: Setting CVar [[gc.FlushStreamingOnGC:0]]
[2021.02.22-06.40.22:903][  0]LogConfig: Setting CVar [[gc.NumRetriesBeforeForcingGC:10]]
[2021.02.22-06.40.22:903][  0]LogConfig: Setting CVar [[gc.AllowParallelGC:1]]
[2021.02.22-06.40.22:903][  0]LogConfig: Setting CVar [[gc.TimeBetweenPurgingPendingKillObjects:61.1]]
[2021.02.22-06.40.22:903][  0]LogConfig: Setting CVar [[gc.MaxObjectsInEditor:25165824]]
[2021.02.22-06.40.22:903][  0]LogConfig: Setting CVar [[gc.IncrementalBeginDestroyEnabled:1]]
[2021.02.22-06.40.22:903][  0]LogConfig: Setting CVar [[gc.CreateGCClusters:1]]
[2021.02.22-06.40.22:903][  0]LogConfig: Setting CVar [[gc.MinGCClusterSize:5]]
[2021.02.22-06.40.22:903][  0]LogConfig: Setting CVar [[gc.ActorClusteringEnabled:0]]
[2021.02.22-06.40.22:903][  0]LogConfig: Setting CVar [[gc.BlueprintClusteringEnabled:0]]
[2021.02.22-06.40.22:903][  0]LogConfig: Setting CVar [[gc.UseDisregardForGCOnDedicatedServers:0]]
[2021.02.22-06.40.22:903][  0]LogConfig: Applying CVar settings from Section [/Script/Engine.NetworkSettings] File [C:/Users/EDGAR/Documents/Unreal Projects/whiteroom/Saved/Config/Windows/Engine.ini]
[2021.02.22-06.40.22:903][  0]LogConfig: Applying CVar settings from Section [/Script/UnrealEd.CookerSettings] File [C:/Users/EDGAR/Documents/Unreal Projects/whiteroom/Saved/Config/Windows/Engine.ini]
[2021.02.22-06.40.22:907][  0]LogConfig: Applying CVar settings from Section [ViewDistanceQuality@3] File [C:/Users/EDGAR/Documents/Unreal Projects/whiteroom/Saved/Config/Windows/Scalability.ini]
[2021.02.22-06.40.22:907][  0]LogConfig: Setting CVar [[r.SkeletalMeshLODBias:0]]
[2021.02.22-06.40.22:907][  0]LogConfig: Setting CVar [[r.ViewDistanceScale:1.0]]
[2021.02.22-06.40.22:907][  0]LogConfig: Applying CVar settings from Section [AntiAliasingQuality@3] File [C:/Users/EDGAR/Documents/Unreal Projects/whiteroom/Saved/Config/Windows/Scalability.ini]
[2021.02.22-06.40.22:907][  0]LogConfig: Setting CVar [[r.PostProcessAAQuality:4]]
[2021.02.22-06.40.22:907][  0]LogConfig: Applying CVar settings from Section [ShadowQuality@3] File [C:/Users/EDGAR/Documents/Unreal Projects/whiteroom/Saved/Config/Windows/Scalability.ini]
[2021.02.22-06.40.22:907][  0]LogConfig: Setting CVar [[r.LightFunctionQuality:1]]
[2021.02.22-06.40.22:907][  0]LogConfig: Setting CVar [[r.ShadowQuality:5]]
[2021.02.22-06.40.22:907][  0]LogConfig: Setting CVar [[r.Shadow.CSM.MaxCascades:10]]
[2021.02.22-06.40.22:908][  0]LogConfig: Setting CVar [[r.Shadow.MaxResolution:2048]]
[2021.02.22-06.40.22:908][  0]LogConfig: Setting CVar [[r.Shadow.MaxCSMResolution:2048]]
[2021.02.22-06.40.22:908][  0]LogConfig: Setting CVar [[r.Shadow.RadiusThreshold:0.01]]
[2021.02.22-06.40.22:908][  0]LogConfig: Setting CVar [[r.Shadow.DistanceScale:1.0]]
[2021.02.22-06.40.22:908][  0]LogConfig: Setting CVar [[r.Shadow.CSM.TransitionScale:1.0]]
[2021.02.22-06.40.22:908][  0]LogConfig: Setting CVar [[r.Shadow.PreShadowResolutionFactor:1.0]]
[2021.02.22-06.40.22:908][  0]LogConfig: Setting CVar [[r.DistanceFieldShadowing:1]]
[2021.02.22-06.40.22:908][  0]LogConfig: Setting CVar [[r.DistanceFieldAO:1]]
[2021.02.22-06.40.22:908][  0]LogConfig: Setting CVar [[r.AOQuality:2]]
[2021.02.22-06.40.22:908][  0]LogConfig: Setting CVar [[r.VolumetricFog:1]]
[2021.02.22-06.40.22:908][  0]LogConfig: Setting CVar [[r.VolumetricFog.GridPixelSize:8]]
[2021.02.22-06.40.22:908][  0]LogConfig: Setting CVar [[r.VolumetricFog.GridSizeZ:128]]
[2021.02.22-06.40.22:908][  0]LogConfig: Setting CVar [[r.VolumetricFog.HistoryMissSupersampleCount:4]]
[2021.02.22-06.40.22:908][  0]LogConfig: Setting CVar [[r.LightMaxDrawDistanceScale:1]]
[2021.02.22-06.40.22:908][  0]LogConfig: Setting CVar [[r.CapsuleShadows:1]]
[2021.02.22-06.40.22:908][  0]LogConfig: Applying CVar settings from Section [PostProcessQuality@3] File [C:/Users/EDGAR/Documents/Unreal Projects/whiteroom/Saved/Config/Windows/Scalability.ini]
[2021.02.22-06.40.22:908][  0]LogConfig: Setting CVar [[r.MotionBlurQuality:4]]
[2021.02.22-06.40.22:908][  0]LogConfig: Setting CVar [[r.AmbientOcclusionMipLevelFactor:0.4]]
[2021.02.22-06.40.22:908][  0]LogConfig: Setting CVar [[r.AmbientOcclusionMaxQuality:100]]
[2021.02.22-06.40.22:908][  0]LogConfig: Setting CVar [[r.AmbientOcclusionLevels:-1]]
[2021.02.22-06.40.22:908][  0]LogConfig: Setting CVar [[r.AmbientOcclusionRadiusScale:1.0]]
[2021.02.22-06.40.22:908][  0]LogConfig: Setting CVar [[r.DepthOfFieldQuality:2]]
[2021.02.22-06.40.22:908][  0]LogConfig: Setting CVar [[r.RenderTargetPoolMin:400]]
[2021.02.22-06.40.22:908][  0]LogConfig: Setting CVar [[r.LensFlareQuality:2]]
[2021.02.22-06.40.22:908][  0]LogConfig: Setting CVar [[r.SceneColorFringeQuality:1]]
[2021.02.22-06.40.22:908][  0]LogConfig: Setting CVar [[r.EyeAdaptationQuality:2]]
[2021.02.22-06.40.22:908][  0]LogConfig: Setting CVar [[r.BloomQuality:5]]
[2021.02.22-06.40.22:908][  0]LogConfig: Setting CVar [[r.FastBlurThreshold:100]]
[2021.02.22-06.40.22:908][  0]LogConfig: Setting CVar [[r.Upscale.Quality:3]]
[2021.02.22-06.40.22:908][  0]LogConfig: Setting CVar [[r.Tonemapper.GrainQuantization:1]]
[2021.02.22-06.40.22:908][  0]LogConfig: Setting CVar [[r.LightShaftQuality:1]]
[2021.02.22-06.40.22:908][  0]LogConfig: Setting CVar [[r.Filter.SizeScale:1]]
[2021.02.22-06.40.22:908][  0]LogConfig: Setting CVar [[r.Tonemapper.Quality:5]]
[2021.02.22-06.40.22:908][  0]LogConfig: Setting CVar [[r.DOF.Gather.AccumulatorQuality:1        ; higher gathering accumulator quality]]
[2021.02.22-06.40.22:908][  0]LogConfig: Setting CVar [[r.DOF.Gather.PostfilterMethod:1          ; Median3x3 postfilering method]]
[2021.02.22-06.40.22:909][  0]LogConfig: Setting CVar [[r.DOF.Gather.EnableBokehSettings:0       ; no bokeh simulation when gathering]]
[2021.02.22-06.40.22:909][  0]LogConfig: Setting CVar [[r.DOF.Gather.RingCount:4                 ; medium number of samples when gathering]]
[2021.02.22-06.40.22:909][  0]LogConfig: Setting CVar [[r.DOF.Scatter.ForegroundCompositing:1    ; additive foreground scattering]]
[2021.02.22-06.40.22:909][  0]LogConfig: Setting CVar [[r.DOF.Scatter.BackgroundCompositing:2    ; additive background scattering]]
[2021.02.22-06.40.22:909][  0]LogConfig: Setting CVar [[r.DOF.Scatter.EnableBokehSettings:1      ; bokeh simulation when scattering]]
[2021.02.22-06.40.22:909][  0]LogConfig: Setting CVar [[r.DOF.Scatter.MaxSpriteRatio:0.1         ; only a maximum of 10% of scattered bokeh]]
[2021.02.22-06.40.22:909][  0]LogConfig: Setting CVar [[r.DOF.Recombine.Quality:1                ; cheap slight out of focus]]
[2021.02.22-06.40.22:909][  0]LogConfig: Setting CVar [[r.DOF.Recombine.EnableBokehSettings:0    ; no bokeh simulation on slight out of focus]]
[2021.02.22-06.40.22:909][  0]LogConfig: Setting CVar [[r.DOF.TemporalAAQuality:1                ; more stable temporal accumulation]]
[2021.02.22-06.40.22:909][  0]LogConfig: Setting CVar [[r.DOF.Kernel.MaxForegroundRadius:0.025]]
[2021.02.22-06.40.22:909][  0]LogConfig: Setting CVar [[r.DOF.Kernel.MaxBackgroundRadius:0.025]]
[2021.02.22-06.40.22:909][  0]LogConfig: Applying CVar settings from Section [TextureQuality@3] File [C:/Users/EDGAR/Documents/Unreal Projects/whiteroom/Saved/Config/Windows/Scalability.ini]
[2021.02.22-06.40.22:909][  0]LogConfig: Setting CVar [[r.Streaming.MipBias:0]]
[2021.02.22-06.40.22:909][  0]LogConfig: Setting CVar [[r.Streaming.AmortizeCPUToGPUCopy:0]]
[2021.02.22-06.40.22:909][  0]LogConfig: Setting CVar [[r.Streaming.MaxNumTexturesToStreamPerFrame:0]]
[2021.02.22-06.40.22:909][  0]LogConfig: Setting CVar [[r.Streaming.Boost:1]]
[2021.02.22-06.40.22:909][  0]LogConfig: Setting CVar [[r.MaxAnisotropy:8]]
[2021.02.22-06.40.22:909][  0]LogConfig: Setting CVar [[r.VT.MaxAnisotropy:8]]
[2021.02.22-06.40.22:909][  0]LogConfig: Setting CVar [[r.Streaming.LimitPoolSizeToVRAM:0]]
[2021.02.22-06.40.22:909][  0]LogConfig: Setting CVar [[r.Streaming.PoolSize:1000]]
[2021.02.22-06.40.22:909][  0]LogConfig: Setting CVar [[r.Streaming.MaxEffectiveScreenSize:0]]
[2021.02.22-06.40.22:909][  0]LogConfig: Applying CVar settings from Section [EffectsQuality@3] File [C:/Users/EDGAR/Documents/Unreal Projects/whiteroom/Saved/Config/Windows/Scalability.ini]
[2021.02.22-06.40.22:909][  0]LogConfig: Setting CVar [[r.TranslucencyLightingVolumeDim:64]]
[2021.02.22-06.40.22:909][  0]LogConfig: Setting CVar [[r.RefractionQuality:2]]
[2021.02.22-06.40.22:909][  0]LogConfig: Setting CVar [[r.SSR.Quality:3]]
[2021.02.22-06.40.22:909][  0]LogConfig: Setting CVar [[r.SSR.HalfResSceneColor:0]]
[2021.02.22-06.40.22:909][  0]LogConfig: Setting CVar [[r.SceneColorFormat:4]]
[2021.02.22-06.40.22:909][  0]LogConfig: Setting CVar [[r.DetailMode:2]]
[2021.02.22-06.40.22:909][  0]LogConfig: Setting CVar [[r.TranslucencyVolumeBlur:1]]
[2021.02.22-06.40.22:909][  0]LogConfig: Setting CVar [[r.MaterialQualityLevel:1 ; High quality]]
[2021.02.22-06.40.22:909][  0]LogConfig: Setting CVar [[r.SSS.Scale:1]]
[2021.02.22-06.40.22:909][  0]LogConfig: Setting CVar [[r.SSS.SampleSet:2]]
[2021.02.22-06.40.22:909][  0]LogConfig: Setting CVar [[r.SSS.Quality:1]]
[2021.02.22-06.40.22:910][  0]LogConfig: Setting CVar [[r.SSS.HalfRes:0]]
[2021.02.22-06.40.22:910][  0]LogConfig: Setting CVar [[r.SSGI.Quality:3]]
[2021.02.22-06.40.22:910][  0]LogConfig: Setting CVar [[r.EmitterSpawnRateScale:1.0]]
[2021.02.22-06.40.22:910][  0]LogConfig: Setting CVar [[r.ParticleLightQuality:2]]
[2021.02.22-06.40.22:910][  0]LogConfig: Setting CVar [[r.SkyAtmosphere.AerialPerspectiveLUT.FastApplyOnOpaque:1 ; Always have FastSkyLUT 1 in this case to avoid wrong sky]]
[2021.02.22-06.40.22:910][  0]LogConfig: Setting CVar [[r.SkyAtmosphere.AerialPerspectiveLUT.SampleCountPerSlice:1]]
[2021.02.22-06.40.22:910][  0]LogConfig: Setting CVar [[r.SkyAtmosphere.AerialPerspectiveLUT.DepthResolution:16.0]]
[2021.02.22-06.40.22:910][  0]LogConfig: Setting CVar [[r.SkyAtmosphere.FastSkyLUT:1]]
[2021.02.22-06.40.22:910][  0]LogConfig: Setting CVar [[r.SkyAtmosphere.FastSkyLUT.SampleCountMin:4.0]]
[2021.02.22-06.40.22:910][  0]LogConfig: Setting CVar [[r.SkyAtmosphere.FastSkyLUT.SampleCountMax:32.0]]
[2021.02.22-06.40.22:910][  0]LogConfig: Setting CVar [[r.SkyAtmosphere.SampleCountMin:4.0]]
[2021.02.22-06.40.22:910][  0]LogConfig: Setting CVar [[r.SkyAtmosphere.SampleCountMax:32.0]]
[2021.02.22-06.40.22:910][  0]LogConfig: Setting CVar [[r.SkyAtmosphere.TransmittanceLUT.UseSmallFormat:0]]
[2021.02.22-06.40.22:910][  0]LogConfig: Setting CVar [[r.SkyAtmosphere.TransmittanceLUT.SampleCount:10.0]]
[2021.02.22-06.40.22:910][  0]LogConfig: Setting CVar [[r.SkyAtmosphere.MultiScatteringLUT.SampleCount:15.0]]
[2021.02.22-06.40.22:910][  0]LogConfig: Applying CVar settings from Section [FoliageQuality@3] File [C:/Users/EDGAR/Documents/Unreal Projects/whiteroom/Saved/Config/Windows/Scalability.ini]
[2021.02.22-06.40.22:910][  0]LogConfig: Setting CVar [[foliage.DensityScale:1.0]]
[2021.02.22-06.40.22:910][  0]LogConfig: Setting CVar [[grass.DensityScale:1.0]]
[2021.02.22-06.40.22:910][  0]LogConfig: Applying CVar settings from Section [ShadingQuality@3] File [C:/Users/EDGAR/Documents/Unreal Projects/whiteroom/Saved/Config/Windows/Scalability.ini]
[2021.02.22-06.40.22:910][  0]LogConfig: Setting CVar [[r.HairStrands.SkyLighting.SampleCount:16]]
[2021.02.22-06.40.22:910][  0]LogConfig: Setting CVar [[r.HairStrands.SkyLighting.JitterIntegration:0]]
[2021.02.22-06.40.22:910][  0]LogConfig: Setting CVar [[r.HairStrands.SkyAO.SampleCount:16]]
[2021.02.22-06.40.22:910][  0]LogConfig: Setting CVar [[r.HairStrands.DeepShadow.SuperSampling:0]]
[2021.02.22-06.40.22:910][  0]LogConfig: Setting CVar [[r.HairStrands.VisibilityPPLL:0]]
[2021.02.22-06.40.22:910][  0]LogConfig: Setting CVar [[r.HairStrands.RasterizationScale:0.5]]
[2021.02.22-06.40.22:910][  0]LogConfig: Setting CVar [[r.HairStrands.VelocityRasterizationScale:1]]
[2021.02.22-06.40.22:910][  0]LogInit: Selected Device Profile: [Windows]
[2021.02.22-06.40.22:910][  0]LogInit: Applying CVar settings loaded from the selected device profile: [Windows]
[2021.02.22-06.40.22:910][  0]LogHAL: Display: Platform has ~ 8 GB [8482693120 / 8589934592 / 8], which maps to Default [LargestMinGB=32, LargerMinGB=12, DefaultMinGB=8, SmallerMinGB=6, SmallestMinGB=0)
[2021.02.22-06.40.22:911][  0]LogInit: Going up to parent DeviceProfile []
[2021.02.22-06.40.22:911][  0]LogConfig: Applying CVar settings from Section [ViewDistanceQuality@1] File [C:/Users/EDGAR/Documents/Unreal Projects/whiteroom/Saved/Config/Windows/Scalability.ini]
[2021.02.22-06.40.22:911][  0]LogConfig: Setting CVar [[r.SkeletalMeshLODBias:1]]
[2021.02.22-06.40.22:911][  0]LogConfig: Setting CVar [[r.ViewDistanceScale:0.6]]
[2021.02.22-06.40.22:911][  0]LogConfig: Applying CVar settings from Section [AntiAliasingQuality@1] File [C:/Users/EDGAR/Documents/Unreal Projects/whiteroom/Saved/Config/Windows/Scalability.ini]
[2021.02.22-06.40.22:911][  0]LogConfig: Setting CVar [[r.PostProcessAAQuality:2]]
[2021.02.22-06.40.22:911][  0]LogConfig: Applying CVar settings from Section [ShadowQuality@1] File [C:/Users/EDGAR/Documents/Unreal Projects/whiteroom/Saved/Config/Windows/Scalability.ini]
[2021.02.22-06.40.22:911][  0]LogConfig: Setting CVar [[r.LightFunctionQuality:1]]
[2021.02.22-06.40.22:911][  0]LogConfig: Setting CVar [[r.ShadowQuality:3]]
[2021.02.22-06.40.22:911][  0]LogConfig: Setting CVar [[r.Shadow.CSM.MaxCascades:1]]
[2021.02.22-06.40.22:911][  0]LogConfig: Setting CVar [[r.Shadow.MaxResolution:1024]]
[2021.02.22-06.40.22:911][  0]LogConfig: Setting CVar [[r.Shadow.MaxCSMResolution:1024]]
[2021.02.22-06.40.22:911][  0]LogConfig: Setting CVar [[r.Shadow.RadiusThreshold:0.05]]
[2021.02.22-06.40.22:911][  0]LogConfig: Setting CVar [[r.Shadow.DistanceScale:0.7]]
[2021.02.22-06.40.22:911][  0]LogConfig: Setting CVar [[r.Shadow.CSM.TransitionScale:0.25]]
[2021.02.22-06.40.22:911][  0]LogConfig: Setting CVar [[r.Shadow.PreShadowResolutionFactor:0.5]]
[2021.02.22-06.40.22:911][  0]LogConfig: Setting CVar [[r.DistanceFieldShadowing:0]]
[2021.02.22-06.40.22:911][  0]LogConfig: Setting CVar [[r.DistanceFieldAO:0]]
[2021.02.22-06.40.22:911][  0]LogConfig: Setting CVar [[r.VolumetricFog:0]]
[2021.02.22-06.40.22:911][  0]LogConfig: Setting CVar [[r.LightMaxDrawDistanceScale:.5]]
[2021.02.22-06.40.22:911][  0]LogConfig: Setting CVar [[r.CapsuleShadows:1]]
[2021.02.22-06.40.22:911][  0]LogConfig: Applying CVar settings from Section [PostProcessQuality@1] File [C:/Users/EDGAR/Documents/Unreal Projects/whiteroom/Saved/Config/Windows/Scalability.ini]
[2021.02.22-06.40.22:911][  0]LogConfig: Setting CVar [[r.MotionBlurQuality:3]]
[2021.02.22-06.40.22:911][  0]LogConfig: Setting CVar [[r.AmbientOcclusionMipLevelFactor:1.0]]
[2021.02.22-06.40.22:911][  0]LogConfig: Setting CVar [[r.AmbientOcclusionMaxQuality:60]]
[2021.02.22-06.40.22:911][  0]LogConfig: Setting CVar [[r.AmbientOcclusionLevels:-1]]
[2021.02.22-06.40.22:912][  0]LogConfig: Setting CVar [[r.AmbientOcclusionRadiusScale:1.5]]
[2021.02.22-06.40.22:912][  0]LogConfig: Setting CVar [[r.DepthOfFieldQuality:1]]
[2021.02.22-06.40.22:912][  0]LogConfig: Setting CVar [[r.RenderTargetPoolMin:350]]
[2021.02.22-06.40.22:912][  0]LogConfig: Setting CVar [[r.LensFlareQuality:0]]
[2021.02.22-06.40.22:912][  0]LogConfig: Setting CVar [[r.SceneColorFringeQuality:0]]
[2021.02.22-06.40.22:912][  0]LogConfig: Setting CVar [[r.EyeAdaptationQuality:0]]
[2021.02.22-06.40.22:912][  0]LogConfig: Setting CVar [[r.BloomQuality:4]]
[2021.02.22-06.40.22:912][  0]LogConfig: Setting CVar [[r.FastBlurThreshold:2]]
[2021.02.22-06.40.22:912][  0]LogConfig: Setting CVar [[r.Upscale.Quality:2]]
[2021.02.22-06.40.22:912][  0]LogConfig: Setting CVar [[r.Tonemapper.GrainQuantization:0]]
[2021.02.22-06.40.22:912][  0]LogConfig: Setting CVar [[r.LightShaftQuality:0]]
[2021.02.22-06.40.22:912][  0]LogConfig: Setting CVar [[r.Filter.SizeScale:0.7]]
[2021.02.22-06.40.22:912][  0]LogConfig: Setting CVar [[r.Tonemapper.Quality:2]]
[2021.02.22-06.40.22:912][  0]LogConfig: Setting CVar [[r.DOF.Gather.AccumulatorQuality:0        ; lower gathering accumulator quality]]
[2021.02.22-06.40.22:912][  0]LogConfig: Setting CVar [[r.DOF.Gather.PostfilterMethod:2          ; Max3x3 postfilering method]]
[2021.02.22-06.40.22:912][  0]LogConfig: Setting CVar [[r.DOF.Gather.EnableBokehSettings:0       ; no bokeh simulation when gathering]]
[2021.02.22-06.40.22:912][  0]LogConfig: Setting CVar [[r.DOF.Gather.RingCount:3                 ; low number of samples when gathering]]
[2021.02.22-06.40.22:912][  0]LogConfig: Setting CVar [[r.DOF.Scatter.ForegroundCompositing:0    ; no foreground scattering]]
[2021.02.22-06.40.22:912][  0]LogConfig: Setting CVar [[r.DOF.Scatter.BackgroundCompositing:0    ; no foreground scattering]]
[2021.02.22-06.40.22:912][  0]LogConfig: Setting CVar [[r.DOF.Recombine.Quality:0                ; no slight out of focus]]
[2021.02.22-06.40.22:912][  0]LogConfig: Setting CVar [[r.DOF.TemporalAAQuality:0                ; faster temporal accumulation]]
[2021.02.22-06.40.22:912][  0]LogConfig: Setting CVar [[r.DOF.Kernel.MaxForegroundRadius:0.006   ; required because low gathering and no scattering and not looking great at 1080p]]
[2021.02.22-06.40.22:912][  0]LogConfig: Setting CVar [[r.DOF.Kernel.MaxBackgroundRadius:0.006   ; required because low gathering and no scattering and not looking great at 1080p]]
[2021.02.22-06.40.22:912][  0]LogConfig: Applying CVar settings from Section [TextureQuality@1] File [C:/Users/EDGAR/Documents/Unreal Projects/whiteroom/Saved/Config/Windows/Scalability.ini]
[2021.02.22-06.40.22:912][  0]LogConfig: Setting CVar [[r.Streaming.MipBias:1]]
[2021.02.22-06.40.22:912][  0]LogConfig: Setting CVar [[r.Streaming.AmortizeCPUToGPUCopy:0]]
[2021.02.22-06.40.22:912][  0]LogConfig: Setting CVar [[r.Streaming.MaxNumTexturesToStreamPerFrame:0]]
[2021.02.22-06.40.22:912][  0]LogConfig: Setting CVar [[r.Streaming.Boost:1]]
[2021.02.22-06.40.22:912][  0]LogConfig: Setting CVar [[r.MaxAnisotropy:2]]
[2021.02.22-06.40.22:912][  0]LogConfig: Setting CVar [[r.VT.MaxAnisotropy:4]]
[2021.02.22-06.40.22:912][  0]LogConfig: Setting CVar [[r.Streaming.LimitPoolSizeToVRAM:1]]
[2021.02.22-06.40.22:912][  0]LogConfig: Setting CVar [[r.Streaming.PoolSize:600]]
[2021.02.22-06.40.22:912][  0]LogConfig: Setting CVar [[r.Streaming.MaxEffectiveScreenSize:0]]
[2021.02.22-06.40.22:912][  0]LogConfig: Applying CVar settings from Section [EffectsQuality@1] File [C:/Users/EDGAR/Documents/Unreal Projects/whiteroom/Saved/Config/Windows/Scalability.ini]
[2021.02.22-06.40.22:912][  0]LogConfig: Setting CVar [[r.TranslucencyLightingVolumeDim:32]]
[2021.02.22-06.40.22:912][  0]LogConfig: Setting CVar [[r.RefractionQuality:0]]
[2021.02.22-06.40.22:912][  0]LogConfig: Setting CVar [[r.SSR.Quality:0]]
[2021.02.22-06.40.22:912][  0]LogConfig: Setting CVar [[r.SSR.HalfResSceneColor:1]]
[2021.02.22-06.40.22:912][  0]LogConfig: Setting CVar [[r.SceneColorFormat:3]]
[2021.02.22-06.40.22:912][  0]LogConfig: Setting CVar [[r.DetailMode:1]]
[2021.02.22-06.40.22:912][  0]LogConfig: Setting CVar [[r.TranslucencyVolumeBlur:0]]
[2021.02.22-06.40.22:912][  0]LogConfig: Setting CVar [[r.MaterialQualityLevel:2 ; Medium quality]]
[2021.02.22-06.40.22:912][  0]LogConfig: Setting CVar [[r.SSS.Scale:0.75]]
[2021.02.22-06.40.22:912][  0]LogConfig: Setting CVar [[r.SSS.SampleSet:0]]
[2021.02.22-06.40.22:912][  0]LogConfig: Setting CVar [[r.SSS.Quality:0]]
[2021.02.22-06.40.22:912][  0]LogConfig: Setting CVar [[r.SSS.HalfRes:1]]
[2021.02.22-06.40.22:912][  0]LogConfig: Setting CVar [[r.SSGI.Quality:1]]
[2021.02.22-06.40.22:912][  0]LogConfig: Setting CVar [[r.EmitterSpawnRateScale:0.25]]
[2021.02.22-06.40.22:912][  0]LogConfig: Setting CVar [[r.ParticleLightQuality:0]]
[2021.02.22-06.40.22:912][  0]LogConfig: Setting CVar [[r.SkyAtmosphere.AerialPerspectiveLUT.FastApplyOnOpaque:1 ; Always have FastSkyLUT 1 in this case to avoid wrong sky]]
[2021.02.22-06.40.22:912][  0]LogConfig: Setting CVar [[r.SkyAtmosphere.AerialPerspectiveLUT.SampleCountPerSlice:1]]
[2021.02.22-06.40.22:913][  0]LogConfig: Setting CVar [[r.SkyAtmosphere.AerialPerspectiveLUT.DepthResolution:16.0]]
[2021.02.22-06.40.22:913][  0]LogConfig: Setting CVar [[r.SkyAtmosphere.FastSkyLUT:1]]
[2021.02.22-06.40.22:913][  0]LogConfig: Setting CVar [[r.SkyAtmosphere.FastSkyLUT.SampleCountMin:4.0]]
[2021.02.22-06.40.22:913][  0]LogConfig: Setting CVar [[r.SkyAtmosphere.FastSkyLUT.SampleCountMax:32.0]]
[2021.02.22-06.40.22:913][  0]LogConfig: Setting CVar [[r.SkyAtmosphere.SampleCountMin:4.0]]
[2021.02.22-06.40.22:913][  0]LogConfig: Setting CVar [[r.SkyAtmosphere.SampleCountMax:32.0]]
[2021.02.22-06.40.22:913][  0]LogConfig: Setting CVar [[r.SkyAtmosphere.TransmittanceLUT.UseSmallFormat:0]]
[2021.02.22-06.40.22:913][  0]LogConfig: Setting CVar [[r.SkyAtmosphere.TransmittanceLUT.SampleCount:10.0]]
[2021.02.22-06.40.22:913][  0]LogConfig: Setting CVar [[r.SkyAtmosphere.MultiScatteringLUT.SampleCount:15.0]]
[2021.02.22-06.40.22:913][  0]LogConfig: Applying CVar settings from Section [FoliageQuality@1] File [C:/Users/EDGAR/Documents/Unreal Projects/whiteroom/Saved/Config/Windows/Scalability.ini]
[2021.02.22-06.40.22:913][  0]LogConfig: Setting CVar [[foliage.DensityScale:0.4]]
[2021.02.22-06.40.22:913][  0]LogConfig: Setting CVar [[grass.DensityScale:0.4]]
[2021.02.22-06.40.22:913][  0]LogConfig: Applying CVar settings from Section [ShadingQuality@1] File [C:/Users/EDGAR/Documents/Unreal Projects/whiteroom/Saved/Config/Windows/Scalability.ini]
[2021.02.22-06.40.22:913][  0]LogConfig: Setting CVar [[r.HairStrands.SkyLighting.SampleCount:16]]
[2021.02.22-06.40.22:913][  0]LogConfig: Setting CVar [[r.HairStrands.SkyLighting.JitterIntegration:0]]
[2021.02.22-06.40.22:913][  0]LogConfig: Setting CVar [[r.HairStrands.SkyAO.SampleCount:16]]
[2021.02.22-06.40.22:913][  0]LogConfig: Setting CVar [[r.HairStrands.DeepShadow.SuperSampling:0]]
[2021.02.22-06.40.22:913][  0]LogConfig: Setting CVar [[r.HairStrands.VisibilityPPLL:0]]
[2021.02.22-06.40.22:913][  0]LogConfig: Setting CVar [[r.HairStrands.RasterizationScale:0.5]]
[2021.02.22-06.40.22:913][  0]LogConfig: Setting CVar [[r.HairStrands.VelocityRasterizationScale:1]]
[2021.02.22-06.40.22:913][  0]LogConfig: Applying CVar settings from Section [Startup] File [../../../Engine/Config/ConsoleVariables.ini]
[2021.02.22-06.40.22:914][  0]LogConfig: Setting CVar [[net.UseAdaptiveNetUpdateFrequency:0]]
[2021.02.22-06.40.22:914][  0]LogConfig: Setting CVar [[p.chaos.AllowCreatePhysxBodies:1]]
[2021.02.22-06.40.22:914][  0]LogConfig: Setting CVar [[fx.SkipVectorVMBackendOptimizations:1]]
[2021.02.22-06.40.22:914][  0]LogConfig: Applying CVar settings from Section [ConsoleVariables] File [C:/Users/EDGAR/Documents/Unreal Projects/whiteroom/Saved/Config/Windows/Engine.ini]
[2021.02.22-06.40.22:914][  0]LogInit: Computer: DESKTOP-ONDETJ2
[2021.02.22-06.40.22:914][  0]LogInit: User: EDGAR
[2021.02.22-06.40.22:914][  0]LogInit: CPU Page size=4096, Cores=2
[2021.02.22-06.40.22:914][  0]LogInit: High frequency timer resolution =10.000000 MHz
[2021.02.22-06.40.22:915][  0]LogMemory: Memory total: Physical=7.9GB (8GB approx)
[2021.02.22-06.40.22:915][  0]LogMemory: Platform Memory Stats for Windows
[2021.02.22-06.40.22:915][  0]LogMemory: Process Physical Memory: 113.36 MB used, 113.37 MB peak
[2021.02.22-06.40.22:915][  0]LogMemory: Process Virtual Memory: 95.36 MB used, 95.36 MB peak
[2021.02.22-06.40.22:915][  0]LogMemory: Physical Memory: 4834.67 MB used,  3255.05 MB free, 8089.73 MB total
[2021.02.22-06.40.22:915][  0]LogMemory: Virtual Memory: 5124.50 MB used,  134212600.00 MB free, 134217728.00 MB total
[2021.02.22-06.40.22:941][  0]LogWindows: WindowsPlatformFeatures enabled
[2021.02.22-06.40.22:996][  0]LogInit: Physics initialised using underlying interface: PhysX
[2021.02.22-06.40.22:997][  0]LogInit: Using OS detected language (en-US).
[2021.02.22-06.40.22:997][  0]LogInit: Using OS detected locale (es-MX).
[2021.02.22-06.40.23:003][  0]LogTextLocalizationManager: No specific localization for 'en-US' exists, so the 'en' localization will be used.
[2021.02.22-06.40.23:321][  0]LogInit: Setting process to per monitor DPI aware
[2021.02.22-06.40.23:360][  0]LogSlate: New Slate User Created.  User Index 0, Is Virtual User: 0
[2021.02.22-06.40.23:360][  0]LogSlate: Slate User Registered.  User Index 0, Is Virtual User: 0
[2021.02.22-06.40.23:616][  0]LogHMD: Failed to initialize OpenVR with code 110
[2021.02.22-06.40.23:616][  0]LogD3D11RHI: D3D11 min allowed feature level: 11_0
[2021.02.22-06.40.23:616][  0]LogD3D11RHI: D3D11 max allowed feature level: 11_0
[2021.02.22-06.40.23:616][  0]LogD3D11RHI: D3D11 adapters:
[2021.02.22-06.40.23:791][  0]LogD3D11RHI:    0. 'Intel(R) HD Graphics 620' (Feature Level 11_0)
[2021.02.22-06.40.23:791][  0]LogD3D11RHI:       128/0/4044 MB DedicatedVideo/DedicatedSystem/SharedSystem, Outputs:1, VendorId:0x8086
[2021.02.22-06.40.23:794][  0]LogD3D11RHI:    1. 'Microsoft Basic Render Driver' (Feature Level 11_0)
[2021.02.22-06.40.23:794][  0]LogD3D11RHI:       0/0/4044 MB DedicatedVideo/DedicatedSystem/SharedSystem, Outputs:0, VendorId:0x1414
[2021.02.22-06.40.23:794][  0]LogD3D11RHI: Chosen D3D11 Adapter: 0
[2021.02.22-06.40.23:803][  0]LogD3D11RHI: Creating new Direct3DDevice
[2021.02.22-06.40.23:803][  0]LogD3D11RHI:     GPU DeviceId: 0x5916 (for the marketing name, search the web for "GPU Device Id")
[2021.02.22-06.40.23:803][  0]LogWindows: EnumDisplayDevices:
[2021.02.22-06.40.23:804][  0]LogWindows:    0. 'Intel(R) HD Graphics 620' (P:1 D:1)
[2021.02.22-06.40.23:804][  0]LogWindows:    1. 'Intel(R) HD Graphics 620' (P:0 D:0)
[2021.02.22-06.40.23:805][  0]LogWindows:    2. 'Intel(R) HD Graphics 620' (P:0 D:0)
[2021.02.22-06.40.23:805][  0]LogWindows: DebugString: FoundDriverCount:3 
[2021.02.22-06.40.23:805][  0]LogD3D11RHI:     Adapter Name: Intel(R) HD Graphics 620
[2021.02.22-06.40.23:805][  0]LogD3D11RHI:   Driver Version: 26.20.100.8142 (internal:26.20.100.8142, unified:26.20.100.8142)
[2021.02.22-06.40.23:805][  0]LogD3D11RHI:      Driver Date: 4-11-2020
[2021.02.22-06.40.23:805][  0]LogRHI: Texture pool is 1505 MB (70% of 2150 MB)
[2021.02.22-06.40.24:030][  0]LogD3D11RHI: RHI does not have support for 64 bit atomics
[2021.02.22-06.40.24:031][  0]LogD3D11RHI: [IntelMetricsDiscovery] Started
[2021.02.22-06.40.24:031][  0]LogD3D11RHI: Async texture creation enabled
[2021.02.22-06.40.24:031][  0]LogD3D11RHI: Array index from any shader is supported
[2021.02.22-06.40.24:045][  0]LogD3D11RHI: GPU Timing Frequency: 12.000048 (Debug: 2 0)
[2021.02.22-06.40.24:631][  0]LogTargetPlatformManager: Display: Loaded TargetPlatform 'AllDesktop'
[2021.02.22-06.40.24:662][  0]LogTargetPlatformManager: Display: Loaded TargetPlatform 'Android'
[2021.02.22-06.40.24:662][  0]LogTargetPlatformManager: Display: Loaded TargetPlatform 'Android_ASTC'
[2021.02.22-06.40.24:662][  0]LogTargetPlatformManager: Display: Loaded TargetPlatform 'Android_DXT'
[2021.02.22-06.40.24:663][  0]LogTargetPlatformManager: Display: Loaded TargetPlatform 'Android_ETC2'
[2021.02.22-06.40.24:663][  0]LogTargetPlatformManager: Display: Loaded TargetPlatform 'AndroidClient'
[2021.02.22-06.40.24:663][  0]LogTargetPlatformManager: Display: Loaded TargetPlatform 'Android_ASTCClient'
[2021.02.22-06.40.24:663][  0]LogTargetPlatformManager: Display: Loaded TargetPlatform 'Android_DXTClient'
[2021.02.22-06.40.24:663][  0]LogTargetPlatformManager: Display: Loaded TargetPlatform 'Android_ETC2Client'
[2021.02.22-06.40.24:663][  0]LogTargetPlatformManager: Display: Loaded TargetPlatform 'Android_Multi'
[2021.02.22-06.40.24:663][  0]LogTargetPlatformManager: Display: Loaded TargetPlatform 'Android_MultiClient'
[2021.02.22-06.40.24:707][  0]LogTargetPlatformManager: Display: Loaded TargetPlatform 'IOSClient'
[2021.02.22-06.40.24:707][  0]LogTargetPlatformManager: Display: Loaded TargetPlatform 'IOS'
[2021.02.22-06.40.24:723][  0]LogTargetPlatformManager: Display: Loaded TargetPlatform 'Linux'
[2021.02.22-06.40.24:742][  0]LogTargetPlatformManager: Display: Loaded TargetPlatform 'LinuxNoEditor'
[2021.02.22-06.40.24:764][  0]LogTargetPlatformManager: Display: Loaded TargetPlatform 'LinuxClient'
[2021.02.22-06.40.24:786][  0]LogTargetPlatformManager: Display: Loaded TargetPlatform 'LinuxServer'
[2021.02.22-06.40.24:804][  0]LogTargetPlatformManager: Display: Loaded TargetPlatform 'LinuxAArch64NoEditor'
[2021.02.22-06.40.24:817][  0]LogTargetPlatformManager: Display: Loaded TargetPlatform 'LinuxAArch64Client'
[2021.02.22-06.40.24:831][  0]LogTargetPlatformManager: Display: Loaded TargetPlatform 'LinuxAArch64Server'
[2021.02.22-06.40.24:874][  0]LogTargetPlatformManager: Display: Loaded TargetPlatform 'Lumin'
[2021.02.22-06.40.24:874][  0]LogTargetPlatformManager: Display: Loaded TargetPlatform 'LuminClient'
[2021.02.22-06.40.24:898][  0]LogTargetPlatformManager: Display: Loaded TargetPlatform 'TVOSClient'
[2021.02.22-06.40.24:898][  0]LogTargetPlatformManager: Display: Loaded TargetPlatform 'TVOS'
[2021.02.22-06.40.24:912][  0]LogTargetPlatformManager: Display: Loaded TargetPlatform 'WindowsNoEditor'
[2021.02.22-06.40.24:926][  0]LogTargetPlatformManager: Display: Loaded TargetPlatform 'Windows'
[2021.02.22-06.40.24:941][  0]LogTargetPlatformManager: Display: Loaded TargetPlatform 'WindowsClient'
[2021.02.22-06.40.24:954][  0]LogTargetPlatformManager: Display: Loaded TargetPlatform 'WindowsServer'
[2021.02.22-06.40.24:954][  0]LogTargetPlatformManager: Display: Building Assets For Windows
[2021.02.22-06.40.24:969][  0]LogAudioDebug: Display: Lib vorbis DLL was dynamically loaded.
[2021.02.22-06.40.25:072][  0]LogShaderCompilers: Guid format shader working directory is -20 characters bigger than the processId version (../../../../../../Users/EDGAR/Documents/Unreal Projects/whiteroom/Intermediate/Shaders/WorkingDirectory/15724/).
[2021.02.22-06.40.25:072][  0]LogShaderCompilers: Cleaned the shader compiler working directory 'C:/Users/EDGAR/AppData/Local/Temp/UnrealShaderWorkingDir/423F94A84CD7F6731DD202B48FBC1582/'.
[2021.02.22-06.40.25:073][  0]LogXGEController: Cannot use XGE Controller as Incredibuild is not installed on this machine.
[2021.02.22-06.40.25:073][  0]LogShaderCompilers: Cannot use XGE Shader Compiler as Incredibuild is not installed on this machine.
[2021.02.22-06.40.25:073][  0]LogShaderCompilers: Display: Using Local Shader Compiler.
[2021.02.22-06.40.26:568][  0]LogDerivedDataCache: Display: Max Cache Size: 512 MB
[2021.02.22-06.40.26:664][  0]LogDerivedDataCache: Loaded boot cache 0.10s 75MB C:/Users/EDGAR/AppData/Local/UnrealEngine/4.25/DerivedDataCache/Boot.ddc.
[2021.02.22-06.40.26:664][  0]LogDerivedDataCache: Display: Loaded Boot cache: C:/Users/EDGAR/AppData/Local/UnrealEngine/4.25/DerivedDataCache/Boot.ddc
[2021.02.22-06.40.26:664][  0]LogDerivedDataCache: FDerivedDataBackendGraph:  Pak pak cache file ../../../../../../Users/EDGAR/Documents/Unreal Projects/whiteroom/DerivedDataCache/DDC.ddp not found, will not use a pak cache.
[2021.02.22-06.40.26:664][  0]LogDerivedDataCache: Unable to find inner node Pak for hierarchical cache Hierarchy.
[2021.02.22-06.40.26:665][  0]LogDerivedDataCache: FDerivedDataBackendGraph:  CompressedPak pak cache file ../../../../../../Users/EDGAR/Documents/Unreal Projects/whiteroom/DerivedDataCache/Compressed.ddp not found, will not use a pak cache.
[2021.02.22-06.40.26:665][  0]LogDerivedDataCache: Unable to find inner node CompressedPak for hierarchical cache Hierarchy.
[2021.02.22-06.40.26:683][  0]LogDerivedDataCache: Display: Pak cache opened for reading ../../../Engine/DerivedDataCache/Compressed.ddp.
[2021.02.22-06.40.26:683][  0]LogDerivedDataCache: FDerivedDataBackendGraph:  EnterprisePak pak cache file ../../../Enterprise/DerivedDataCache/Compressed.ddp not found, will not use a pak cache.
[2021.02.22-06.40.26:683][  0]LogDerivedDataCache: Unable to find inner node EnterprisePak for hierarchical cache Hierarchy.
[2021.02.22-06.40.26:720][  0]LogDerivedDataCache: Using Local data cache path C:/Users/EDGAR/AppData/Local/UnrealEngine/Common/DerivedDataCache: Writable
[2021.02.22-06.40.26:720][  0]LogDerivedDataCache: Shared data cache path not found in *engine.ini, will not use an Shared cache.
[2021.02.22-06.40.26:720][  0]LogDerivedDataCache: Unable to find inner node Shared for hierarchical cache Hierarchy.
[2021.02.22-06.40.26:819][  0]LogSlate: Using FreeType 2.10.0
[2021.02.22-06.40.26:820][  0]LogSlate: SlateFontServices - WITH_FREETYPE: 1, WITH_HARFBUZZ: 1
[2021.02.22-06.40.26:907][  0]LogAssetRegistry: FAssetRegistry took 0.0036 seconds to start up
[2021.02.22-06.40.27:375][  0]LogInit: Selected Device Profile: [Windows]
[2021.02.22-06.40.27:610][  0]LogMeshReduction: Using QuadricMeshReduction for automatic static mesh reduction
[2021.02.22-06.40.27:610][  0]LogMeshReduction: Using SimplygonMeshReduction for automatic skeletal mesh reduction
[2021.02.22-06.40.27:610][  0]LogMeshReduction: Using ProxyLODMeshReduction for automatic mesh merging
[2021.02.22-06.40.27:610][  0]LogMeshReduction: No distributed automatic mesh merging module available
[2021.02.22-06.40.27:610][  0]LogMeshMerging: No distributed automatic mesh merging module available
[2021.02.22-06.40.27:641][  0]LogNetVersion: whiteroom 1.0.0, NetCL: 13144385, EngineNetVer: 14, GameNetVer: 0 (Checksum: 3709002521)
[2021.02.22-06.40.29:008][  0]LogAISub: UAISubsystem::UAISubsystem AISubsystem (000002108228AA00), frame # 0
[2021.02.22-06.40.29:008][  0]LogAISub: UAISubsystem::UAISubsystem AIPerceptionSystem (00000210820A6AC0), frame # 0
[2021.02.22-06.40.29:011][  0]LogAISub: UAISubsystem::UAISubsystem EnvQueryManager (000002108227E400), frame # 0
[2021.02.22-06.40.29:121][  0]LogPackageLocalizationCache: Processed 19 localized package path(s) for 1 prioritized culture(s) in 0.100846 seconds
[2021.02.22-06.40.29:127][  0]LogUObjectArray: 15917 objects as part of root set at end of initial load.
[2021.02.22-06.40.29:127][  0]LogUObjectAllocator: 3965568 out of 0 bytes used by permanent object pool.
[2021.02.22-06.40.29:127][  0]LogUObjectArray: CloseDisregardForGC: 0/0 objects in disregard for GC pool
[2021.02.22-06.40.29:654][  0]LogTcpMessaging: Initializing TcpMessaging bridge
[2021.02.22-06.40.29:660][  0]LogUdpMessaging: Initializing bridge on interface 0.0.0.0:0 to multicast group 230.0.0.1:6666.
[2021.02.22-06.40.29:796][  0]SourceControl: Source control is disabled
[2021.02.22-06.40.29:796][  0]SourceControl: Source control is disabled
[2021.02.22-06.40.29:805][  0]SourceControl: Source control is disabled
[2021.02.22-06.40.29:809][  0]SourceControl: Source control is disabled
[2021.02.22-06.40.29:826][  0]SourceControl: Source control is disabled
[2021.02.22-06.40.30:260][  0]LogAndroidPermission: UAndroidPermissionCallbackProxy::GetInstance
[2021.02.22-06.40.30:289][  0]LogAudioCaptureCore: Display: No Audio Capture implementations found. Audio input will be silent.
[2021.02.22-06.40.30:290][  0]LogAudioCaptureCore: Display: No Audio Capture implementations found. Audio input will be silent.
[2021.02.22-06.40.30:375][  0]LogOcInput: OculusInput pre-init called
[2021.02.22-06.40.30:401][  0]LogWindows: Failed to load 'OVRPlugin.dll' (GetLastError=126)
[2021.02.22-06.40.30:401][  0]LogWindows: File 'OVRPlugin.dll' does not exist
[2021.02.22-06.40.30:499][  0]LogEngine: Initializing Engine...
[2021.02.22-06.40.30:501][  0]LogHMD: Failed to initialize OpenVR with code 110
[2021.02.22-06.40.30:501][  0]LogMagicLeap: Warning: VR disabled because ZI is not enabled.  To enable, in the editor, Edit -> Project Settings -> Plugins -> Magic Leap Plugin -> Enable Zero Iteration
[2021.02.22-06.40.30:503][  0]LogStats: UGameplayTagsManager::InitializeManager -  0.000 s
[2021.02.22-06.40.30:771][  0]LogInit: Initializing FReadOnlyCVARCache
[2021.02.22-06.40.30:789][  0]LogAIModule: Creating AISystem for world Untitled
[2021.02.22-06.40.30:789][  0]LogAISub: UAISubsystem::UAISubsystem EnvQueryManager (000002108A58FC00), frame # 0
[2021.02.22-06.40.30:789][  0]LogAISub: UAISubsystem::UAISubsystem AIPerceptionSystem (000002108A5F1BC0), frame # 0
[2021.02.22-06.40.30:805][  0]LogAudioMixer: Display: Audio Mixer Platform Settings:
[2021.02.22-06.40.30:805][  0]LogAudioMixer: Display: 	Sample Rate:						  48000
[2021.02.22-06.40.30:805][  0]LogAudioMixer: Display: 	Callback Buffer Frame Size Requested: 1024
[2021.02.22-06.40.30:805][  0]LogAudioMixer: Display: 	Callback Buffer Frame Size To Use:	  1024
[2021.02.22-06.40.30:805][  0]LogAudioMixer: Display: 	Number of buffers to queue:			  2
[2021.02.22-06.40.30:805][  0]LogAudioMixer: Display: 	Max Channels (voices):				  32
[2021.02.22-06.40.30:805][  0]LogAudioMixer: Display: 	Number of Async Source Workers:		  0
[2021.02.22-06.40.30:805][  0]LogAudio: Display: AudioDevice MaxSources: 32
[2021.02.22-06.40.30:806][  0]LogAudio: Display: Using built-in audio occlusion.
[2021.02.22-06.40.30:806][  0]LogAudioMixer: Display: Initializing audio mixer.
[2021.02.22-06.40.30:834][  0]LogAudioMixer: Display: 0: FrontLeft
[2021.02.22-06.40.30:834][  0]LogAudioMixer: Display: 1: FrontRight
[2021.02.22-06.40.32:006][  0]LogAudioMixer: Display: Using Audio Device Speakers / Headphones (Realtek Audio)
[2021.02.22-06.40.32:012][  0]LogAudioMixer: Display: Initializing Sound Submixes...
[2021.02.22-06.40.32:019][  0]LogAudioMixer: Display: Creating Master Submix 'MasterSubmixDefault'
[2021.02.22-06.40.32:019][  0]LogAudioMixer: Display: Creating Master Submix 'MasterReverbSubmixDefault'
[2021.02.22-06.40.32:021][  0]LogAudioMixer: Display: Creating Master Submix 'MasterEQSubmixDefault'
[2021.02.22-06.40.32:022][  0]LogInit: FAudioDevice initialized.
[2021.02.22-06.40.32:022][  0]LogNetVersion: Set ProjectVersion to 1.0.0.0. Version Checksum will be recalculated on next use.
[2021.02.22-06.40.32:445][  0]LogDerivedDataCache: Saved boot cache 0.42s 75MB C:/Users/EDGAR/AppData/Local/UnrealEngine/4.25/DerivedDataCache/Boot.ddc.
[2021.02.22-06.40.32:457][  0]LogInit: Texture streaming: Enabled
[2021.02.22-06.40.32:502][  0]LogEngineSessionManager: EngineSessionManager initialized
[2021.02.22-06.40.32:502][  0]LogEditorSessionSummary: Verbose: Initializing EditorSessionSummaryWriter for editor session tracking
[2021.02.22-06.40.32:511][  0]LogEditorSessionSummary: EditorSessionSummaryWriter initialized
[2021.02.22-06.40.32:606][  0]LogInit: Transaction tracking system initialized
[2021.02.22-06.40.32:637][  0]BlueprintLog: New page: Editor Load
[2021.02.22-06.40.32:736][  0]LocalizationService: Localization service is disabled
[2021.02.22-06.40.33:252][  0]LogCook: Display: Max memory allowance for cook 16384mb min free memory 0mb
[2021.02.22-06.40.33:253][  0]LogCook: Display: Mobile HDR setting 1
[2021.02.22-06.40.33:495][  0]LogFileCache: Scanning file cache for directory 'C:/Users/EDGAR/Documents/Unreal Projects/whiteroom/Content/' took 0.01s
[2021.02.22-06.40.34:569][  0]SourceControl: Source control is disabled
[2021.02.22-06.40.34:569][  0]LogUnrealEdMisc: Loading editor; pre map load, took 15.304
[2021.02.22-06.40.34:569][  0]Cmd: MAP LOAD FILE="../../../../../../Users/EDGAR/Documents/Unreal Projects/whiteroom/Content/ThirdPersonBP/Maps/ThirdPersonExampleMap.umap" TEMPLATE=0 SHOWPROGRESS=1 FEATURELEVEL=3
[2021.02.22-06.40.34:569][  0]LightingResults: New page: Lighting Build
[2021.02.22-06.40.34:570][  0]LogWorld: UWorld::CleanupWorld for Untitled, bSessionEnded=true, bCleanupResources=true
[2021.02.22-06.40.34:570][  0]LogSlate: InvalidateAllWidgets triggered.  All widgets were invalidated
[2021.02.22-06.40.34:571][  0]MapCheck: New page: Map Check
[2021.02.22-06.40.34:571][  0]LightingResults: New page: Lighting Build
[2021.02.22-06.40.34:582][  0]LogAISub: UAISubsystem::~UAISubsystem EnvQueryManager (000002108A58FC00), frame # 0
[2021.02.22-06.40.34:582][  0]LogAISub: UAISubsystem::~UAISubsystem AIPerceptionSystem (000002108A5F1BC0), frame # 0
[2021.02.22-06.40.34:583][  0]LogUObjectHash: Compacting FUObjectHashTables data took   0.82ms
[2021.02.22-06.40.34:911][  0]LogAIModule: Creating AISystem for world ThirdPersonExampleMap
[2021.02.22-06.40.34:911][  0]LogAISub: UAISubsystem::UAISubsystem EnvQueryManager (0000021093410800), frame # 0
[2021.02.22-06.40.34:911][  0]LogAISub: UAISubsystem::UAISubsystem AIPerceptionSystem (000002109341AC00), frame # 0
[2021.02.22-06.40.34:924][  0]LogEditorServer: Finished looking for orphan Actors (0.000 secs)
[2021.02.22-06.40.34:943][  0]LogUObjectHash: Compacting FUObjectHashTables data took   1.00ms
[2021.02.22-06.40.34:943][  0]Cmd: MAP CHECKDEP NOCLEARLOG
[2021.02.22-06.40.34:944][  0]MapCheck: Map check complete: 0 Error(s), 0 Warning(s), took 0.433ms to complete.
[2021.02.22-06.40.34:944][  0]LogFileHelpers: Loading map 'ThirdPersonExampleMap' took 0.375
[2021.02.22-06.40.34:946][  0]LogUnrealEdMisc: Total Editor Startup Time, took 15.681
[2021.02.22-06.40.35:071][  0]LogSlate: Updating window title bar state: overlay mode, drag disabled, window buttons hidden, title bar hidden
[2021.02.22-06.40.35:081][  0]LogSlate: Updating window title bar state: overlay mode, drag disabled, window buttons hidden, title bar hidden
[2021.02.22-06.40.35:090][  0]LogSlate: Updating window title bar state: overlay mode, drag disabled, window buttons hidden, title bar hidden
[2021.02.22-06.40.35:099][  0]LogSlate: Updating window title bar state: overlay mode, drag disabled, window buttons hidden, title bar hidden
[2021.02.22-06.40.35:111][  0]LogCollectionManager: Loaded 0 collections in 0.002678 seconds
[2021.02.22-06.40.35:133][  0]LogFileCache: Scanning file cache for directory 'C:/Users/EDGAR/Documents/Unreal Projects/whiteroom/Saved/Collections/' took 0.00s
[2021.02.22-06.40.35:133][  0]LogFileCache: Scanning file cache for directory 'C:/Users/EDGAR/Documents/Unreal Projects/whiteroom/Content/Developers/EDGAR/Collections/' took 0.00s
[2021.02.22-06.40.35:133][  0]LogFileCache: Scanning file cache for directory 'C:/Users/EDGAR/Documents/Unreal Projects/whiteroom/Content/Collections/' took 0.00s
[2021.02.22-06.40.35:133][  0]LogContentBrowser: Native class hierarchy populated in 0.0135 seconds. Added 3427 classes and 821 folders.
[2021.02.22-06.40.35:137][  0]LogContentBrowser: Native class hierarchy updated for 'WidgetCarousel' in 0.0003 seconds. Added 0 classes and 0 folders.
[2021.02.22-06.40.35:280][  0]LogContentBrowser: Native class hierarchy updated for 'AddContentDialog' in 0.0007 seconds. Added 0 classes and 0 folders.
[2021.02.22-06.40.35:287][  0]LogContentBrowser: Native class hierarchy updated for 'SceneOutliner' in 0.0005 seconds. Added 2 classes and 0 folders.
[2021.02.22-06.40.35:363][  0]LogSlate: Took 0.000657 seconds to synchronously load lazily loaded font '../../../Engine/Content/Slate/Fonts/Roboto-Regular.ttf' (155K)
[2021.02.22-06.40.35:371][  0]LogSlate: Took 0.000705 seconds to synchronously load lazily loaded font '../../../Engine/Content/Slate/Fonts/Roboto-Bold.ttf' (160K)
[2021.02.22-06.40.35:379][  0]LogSlate: Took 0.000234 seconds to synchronously load lazily loaded font '../../../Engine/Content/Editor/Slate/Fonts/FontAwesome.ttf' (139K)
[2021.02.22-06.40.35:507][  0]LogRenderer: Reallocating scene render targets to support 936x432 Format 9 NumSamples 1 (Frame:1).
[2021.02.22-06.40.35:722][  0]LogContentBrowser: Native class hierarchy updated for 'HierarchicalLODOutliner' in 0.0004 seconds. Added 0 classes and 0 folders.
[2021.02.22-06.40.35:722][  0]LogLoad: (Engine Initialization) Total time: 16.46 seconds
[2021.02.22-06.40.35:722][  0]LogLoad: (Engine Initialization) Total Blueprint compile time: 0.00 seconds
[2021.02.22-06.40.35:798][  0]LogAssetRegistry: Asset discovery search completed in 8.8916 seconds
[2021.02.22-06.40.35:805][  0]LogCollectionManager: Fixed up redirectors for 0 collections in 0.000005 seconds (updated 0 objects)
[2021.02.22-06.40.35:807][  0]LogContentStreaming: Texture pool size now 600 MB
[2021.02.22-06.40.35:824][  0]LogSlate: Took 0.000285 seconds to synchronously load lazily loaded font '../../../Engine/Content/Slate/Fonts/Roboto-Light.ttf' (167K)
[2021.02.22-06.40.49:520][292]LogEditorViewport: Clicking on Actor (LMB): StaticMeshActor (LeftArm_StaticMesh)
[2021.02.22-06.40.50:255][303]Cmd: DELETE
[2021.02.22-06.40.50:255][303]Cmd: ACTOR DELETE
[2021.02.22-06.40.50:274][303]LogEditorActor: Deleted Actor: StaticMeshActor
[2021.02.22-06.40.50:298][303]LogUObjectHash: Compacting FUObjectHashTables data took   0.76ms
[2021.02.22-06.40.50:302][303]LogEditorActor: Deleted 1 Actors (0.047 secs)
[2021.02.22-06.40.50:872][323]LogEditorViewport: Clicking on Actor (LMB): StaticMeshActor (Bump_StaticMesh)
[2021.02.22-06.40.51:036][324]Cmd: DELETE
[2021.02.22-06.40.51:036][324]Cmd: ACTOR DELETE
[2021.02.22-06.40.51:048][324]LogEditorActor: Deleted Actor: StaticMeshActor
[2021.02.22-06.40.51:064][324]LogUObjectHash: Compacting FUObjectHashTables data took   0.29ms
[2021.02.22-06.40.51:066][324]LogEditorActor: Deleted 1 Actors (0.030 secs)
[2021.02.22-06.40.51:437][336]LogEditorViewport: Clicking on Actor (LMB): StaticMeshActor (RightArm_StaticMesh)
[2021.02.22-06.40.51:767][343]Cmd: DELETE
[2021.02.22-06.40.51:767][343]Cmd: ACTOR DELETE
[2021.02.22-06.40.51:776][343]LogEditorActor: Deleted Actor: StaticMeshActor
[2021.02.22-06.40.51:810][343]LogUObjectHash: Compacting FUObjectHashTables data took   0.27ms
[2021.02.22-06.40.51:812][343]LogEditorActor: Deleted 1 Actors (0.044 secs)
[2021.02.22-06.40.52:367][362]LogEditorViewport: Clicking on Actor (LMB): StaticMeshActor (Floor)
[2021.02.22-06.40.52:748][370]Cmd: DELETE
[2021.02.22-06.40.52:748][370]Cmd: ACTOR DELETE
[2021.02.22-06.40.52:758][370]LogEditorActor: Deleted Actor: StaticMeshActor
[2021.02.22-06.40.52:793][370]LogUObjectHash: Compacting FUObjectHashTables data took   0.27ms
[2021.02.22-06.40.52:795][370]LogEditorActor: Deleted 1 Actors (0.047 secs)
[2021.02.22-06.40.54:276][420]Cmd: TRANSACTION UNDO
[2021.02.22-06.40.54:276][420]LogEditorTransaction: Undo Delete Actors
[2021.02.22-06.40.54:455][420]LogSlate: Took 0.000385 seconds to synchronously load lazily loaded font '../../../Engine/Content/Slate/Fonts/Roboto-Light.ttf' (167K)
[2021.02.22-06.40.55:495][465]LogEditorViewport: Clicking on Actor (LMB): StaticMeshActor (Ramp_StaticMesh)
[2021.02.22-06.40.56:187][482]Cmd: DELETE
[2021.02.22-06.40.56:187][482]Cmd: ACTOR DELETE
[2021.02.22-06.40.56:196][482]LogEditorActor: Deleted Actor: StaticMeshActor
[2021.02.22-06.40.56:229][482]LogUObjectHash: Compacting FUObjectHashTables data took   0.28ms
[2021.02.22-06.40.56:232][482]LogEditorActor: Deleted 1 Actors (0.043 secs)
[2021.02.22-06.40.56:745][499]LogEditorViewport: Clicking on Actor (LMB): StaticMeshActor (CubeMesh)
[2021.02.22-06.40.57:153][507]Cmd: DELETE
[2021.02.22-06.40.57:153][507]Cmd: ACTOR DELETE
[2021.02.22-06.40.57:162][507]LogEditorActor: Deleted Actor: StaticMeshActor
[2021.02.22-06.40.57:200][507]LogUObjectHash: Compacting FUObjectHashTables data took   1.25ms
[2021.02.22-06.40.57:203][507]LogEditorActor: Deleted 1 Actors (0.050 secs)
[2021.02.22-06.40.58:113][538]LogEditorViewport: Clicking on Actor (LMB): StaticMeshActor (Floor)
[2021.02.22-06.40.58:431][545]Cmd: DELETE
[2021.02.22-06.40.58:431][545]Cmd: ACTOR DELETE
[2021.02.22-06.40.58:439][545]LogEditorActor: Deleted Actor: StaticMeshActor
[2021.02.22-06.40.58:477][545]LogUObjectHash: Compacting FUObjectHashTables data took   0.95ms
[2021.02.22-06.40.58:481][545]LogEditorActor: Deleted 1 Actors (0.050 secs)
[2021.02.22-06.41.00:262][608]Cmd: TRANSACTION UNDO
[2021.02.22-06.41.00:263][608]LogEditorTransaction: Undo Delete Actors
[2021.02.22-06.41.01:414][655]LogEditorViewport: Clicking on Actor (LMB): StaticMeshActor (Linear_Stair_StaticMesh)
[2021.02.22-06.41.02:392][681]Cmd: DELETE
[2021.02.22-06.41.02:392][681]Cmd: ACTOR DELETE
[2021.02.22-06.41.02:395][681]LogEditorActor: Deleted Actor: StaticMeshActor
[2021.02.22-06.41.02:429][681]LogUObjectHash: Compacting FUObjectHashTables data took   0.41ms
[2021.02.22-06.41.02:431][681]LogEditorActor: Deleted 1 Actors (0.038 secs)
[2021.02.22-06.41.05:767][795]LogEditorViewport: Clicking on Actor (LMB): DocumentationActor (DocumentationActor1)
[2021.02.22-06.41.06:322][811]Cmd: DELETE
[2021.02.22-06.41.06:322][811]Cmd: ACTOR DELETE
[2021.02.22-06.41.06:329][811]LogEditorActor: Deleted Actor: DocumentationActor
[2021.02.22-06.41.06:364][811]LogUObjectHash: Compacting FUObjectHashTables data took   1.24ms
[2021.02.22-06.41.06:369][811]LogEditorActor: Deleted 1 Actors (0.046 secs)
[2021.02.22-06.41.06:928][832]LogEditorViewport: Clicking on Actor (LMB): TextRenderActor (TextRenderActor)
[2021.02.22-06.41.07:384][844]Cmd: DELETE
[2021.02.22-06.41.07:384][844]Cmd: ACTOR DELETE
[2021.02.22-06.41.07:392][844]LogEditorActor: Deleted Actor: TextRenderActor
[2021.02.22-06.41.07:427][844]LogUObjectHash: Compacting FUObjectHashTables data took   0.44ms
[2021.02.22-06.41.07:431][844]LogEditorActor: Deleted 1 Actors (0.046 secs)
[2021.02.22-06.41.11:729][995]LogEditorViewport: Clicking on Actor (LMB): StaticMeshActor (Wall11)
[2021.02.22-06.41.12:932][ 31]Cmd: DELETE
[2021.02.22-06.41.12:932][ 31]Cmd: ACTOR DELETE
[2021.02.22-06.41.12:946][ 31]LogEditorActor: Deleted Actor: StaticMeshActor
[2021.02.22-06.41.12:983][ 31]LogUObjectHash: Compacting FUObjectHashTables data took   0.84ms
[2021.02.22-06.41.12:987][ 31]LogEditorActor: Deleted 1 Actors (0.055 secs)
[2021.02.22-06.41.13:438][ 48]LogEditorViewport: Clicking on Actor (LMB): StaticMeshActor (Wall7)
[2021.02.22-06.41.13:904][ 61]Cmd: DELETE
[2021.02.22-06.41.13:904][ 61]Cmd: ACTOR DELETE
[2021.02.22-06.41.13:909][ 61]LogEditorActor: Deleted Actor: StaticMeshActor
[2021.02.22-06.41.13:933][ 61]LogUObjectHash: Compacting FUObjectHashTables data took   0.90ms
[2021.02.22-06.41.13:939][ 61]LogEditorActor: Deleted 1 Actors (0.035 secs)
[2021.02.22-06.41.15:462][113]LogEditorViewport: Clicking on Actor (LMB): StaticMeshActor (Wall10)
[2021.02.22-06.41.15:953][126]Cmd: DELETE
[2021.02.22-06.41.15:953][126]Cmd: ACTOR DELETE
[2021.02.22-06.41.15:959][126]LogEditorActor: Deleted Actor: StaticMeshActor
[2021.02.22-06.41.15:991][126]LogUObjectHash: Compacting FUObjectHashTables data took   0.32ms
[2021.02.22-06.41.15:993][126]LogEditorActor: Deleted 1 Actors (0.039 secs)
[2021.02.22-06.41.19:508][246]LogEditorViewport: Clicking on Actor (LMB): StaticMeshActor (Wall9)
[2021.02.22-06.41.21:750][318]Cmd: TRANSACTION UNDO
[2021.02.22-06.41.21:750][318]LogEditorTransaction: Undo Clicking on Actors
[2021.02.22-06.41.22:308][335]Cmd: TRANSACTION UNDO
[2021.02.22-06.41.22:309][335]LogEditorTransaction: Undo Delete Actors
[2021.02.22-06.41.22:831][360]Cmd: TRANSACTION UNDO
[2021.02.22-06.41.22:831][360]LogEditorTransaction: Undo Clicking on Actors
[2021.02.22-06.41.23:465][382]Cmd: TRANSACTION UNDO
[2021.02.22-06.41.23:465][382]LogEditorTransaction: Undo Delete Actors
[2021.02.22-06.41.24:094][400]Cmd: TRANSACTION UNDO
[2021.02.22-06.41.24:094][400]LogEditorTransaction: Undo Clicking on Actors
[2021.02.22-06.41.24:486][413]Cmd: TRANSACTION UNDO
[2021.02.22-06.41.24:486][413]LogEditorTransaction: Undo Delete Actors
[2021.02.22-06.41.29:516][556]LogEditorViewport: Clicking on Actor (LMB): StaticMeshActor (Wall10)
[2021.02.22-06.41.37:753][791]Cmd: TRANSACTION UNDO
[2021.02.22-06.41.37:753][791]LogEditorTransaction: Undo Scale Actors
[2021.02.22-06.41.38:929][839]LogEditorViewport: Clicking on Actor (LMB): StaticMeshActor (Wall11)
[2021.02.22-06.41.40:828][893]Cmd: DELETE
[2021.02.22-06.41.40:828][893]Cmd: ACTOR DELETE
[2021.02.22-06.41.40:838][893]LogEditorActor: Deleted Actor: StaticMeshActor
[2021.02.22-06.41.40:855][893]LogUObjectHash: Compacting FUObjectHashTables data took   3.05ms
[2021.02.22-06.41.40:858][893]LogEditorActor: Deleted 1 Actors (0.029 secs)
[2021.02.22-06.41.41:748][925]LogEditorViewport: Clicking on Actor (LMB): StaticMeshActor (Wall7)
[2021.02.22-06.41.42:348][942]Cmd: DELETE
[2021.02.22-06.41.42:348][942]Cmd: ACTOR DELETE
[2021.02.22-06.41.42:353][942]LogEditorActor: Deleted Actor: StaticMeshActor
[2021.02.22-06.41.42:381][942]LogUObjectHash: Compacting FUObjectHashTables data took   0.43ms
[2021.02.22-06.41.42:387][942]LogEditorActor: Deleted 1 Actors (0.039 secs)
[2021.02.22-06.41.42:783][957]LogEditorViewport: Clicking on Actor (LMB): StaticMeshActor (Wall10)
[2021.02.22-06.41.43:110][965]Cmd: DELETE
[2021.02.22-06.41.43:110][965]Cmd: ACTOR DELETE
[2021.02.22-06.41.43:113][965]LogEditorActor: Deleted Actor: StaticMeshActor
[2021.02.22-06.41.43:140][965]LogUObjectHash: Compacting FUObjectHashTables data took   0.33ms
[2021.02.22-06.41.43:141][965]LogEditorActor: Deleted 1 Actors (0.030 secs)
[2021.02.22-06.41.43:792][989]LogEditorViewport: Clicking on Actor (LMB): StaticMeshActor (Wall9)
[2021.02.22-06.41.44:299][  4]Cmd: DELETE
[2021.02.22-06.41.44:299][  4]Cmd: ACTOR DELETE
[2021.02.22-06.41.44:308][  4]LogEditorActor: Deleted Actor: StaticMeshActor
[2021.02.22-06.41.44:343][  4]LogUObjectHash: Compacting FUObjectHashTables data took   0.30ms
[2021.02.22-06.41.44:348][  4]LogEditorActor: Deleted 1 Actors (0.048 secs)
[2021.02.22-06.41.44:782][ 20]LogEditorViewport: Clicking on Actor (LMB): StaticMeshActor (Floor)
[2021.02.22-06.42.02:701][613]LogUObjectHash: Compacting FUObjectHashTables data took   0.31ms
[2021.02.22-06.42.02:963][613]LogSavePackage: Moving '../../../../../../Users/EDGAR/Documents/Unreal Projects/whiteroom/Saved/ThirdPersonExampleMap04747CF340BBBFD23A40678D839AB184.tmp' to '../../../../../../Users/EDGAR/Documents/Unreal Projects/whiteroom/Content/ThirdPersonBP/Maps/ThirdPersonExampleMap.umap'
[2021.02.22-06.42.03:501][613]LogSavePackage: Moving '../../../../../../Users/EDGAR/Documents/Unreal Projects/whiteroom/Saved/ThirdPersonExampleMap_BuiltDataB03FD0254813DD5FBE35D2ACC996D1DD.tmp' to '../../../../../../Users/EDGAR/Documents/Unreal Projects/whiteroom/Content/ThirdPersonBP/Maps/ThirdPersonExampleMap_BuiltData.uasset'
[2021.02.22-06.42.03:523][613]AssetCheck: New page: Asset Save: multiple assets
[2021.02.22-06.42.03:524][613]LogContentValidation: Display: Validating World /Game/ThirdPersonBP/Maps/ThirdPersonExampleMap.ThirdPersonExampleMap
[2021.02.22-06.42.03:524][613]LogContentValidation: Display: Validating MapBuildDataRegistry /Game/ThirdPersonBP/Maps/ThirdPersonExampleMap_BuiltData.ThirdPersonExampleMap_BuiltData
[2021.02.22-06.42.27:309][301]LogEditorViewport: Clicking on Actor (LMB): ThirdPersonCharacter_C (ThirdPersonCharacter)
[2021.02.22-06.43.09:506][988]LogUObjectHash: Compacting FUObjectHashTables data took   0.93ms
[2021.02.22-06.43.09:585][988]LogSavePackage: Moving '../../../../../../Users/EDGAR/Documents/Unreal Projects/whiteroom/Saved/ThirdPersonExampleMapA5C353AD4A6013386D83778C6F0A7660.tmp' to '../../../../../../Users/EDGAR/Documents/Unreal Projects/whiteroom/Content/ThirdPersonBP/Maps/ThirdPersonExampleMap.umap'
[2021.02.22-06.43.09:988][988]LogSavePackage: Moving '../../../../../../Users/EDGAR/Documents/Unreal Projects/whiteroom/Saved/ThirdPersonExampleMap_BuiltData06CB5D09429E0791419F23B365BBB3D9.tmp' to '../../../../../../Users/EDGAR/Documents/Unreal Projects/whiteroom/Content/ThirdPersonBP/Maps/ThirdPersonExampleMap_BuiltData.uasset'
[2021.02.22-06.43.10:009][988]AssetCheck: New page: Asset Save: multiple assets
[2021.02.22-06.43.10:009][988]LogContentValidation: Display: Validating World /Game/ThirdPersonBP/Maps/ThirdPersonExampleMap.ThirdPersonExampleMap
[2021.02.22-06.43.10:009][988]LogContentValidation: Display: Validating MapBuildDataRegistry /Game/ThirdPersonBP/Maps/ThirdPersonExampleMap_BuiltData.ThirdPersonExampleMap_BuiltData
[2021.02.22-06.43.12:924][ 58]Cmd: BRUSH ADD SELECTNEWBRUSH
[2021.02.22-06.43.54:341][113]LogEditorViewport: Clicking on Actor (LMB): ThirdPersonCharacter_C (ThirdPersonCharacter)
[2021.02.22-06.43.59:013][216]LogEditorViewport: Clicking on Actor (LMB): StaticMeshActor (Floor)
[2021.02.22-06.44.00:365][251]LogEditorViewport: Clicking on Actor (LMB): StaticMeshActor (Floor)
[2021.02.22-06.44.01:742][290]LogEditorViewport: Clicking on Actor (LMB): ThirdPersonCharacter_C (ThirdPersonCharacter)
[2021.02.22-06.44.18:342][587]Cmd: TRANSACTION UNDO
[2021.02.22-06.44.18:342][587]LogEditorTransaction: Undo Move Actors
[2021.02.22-06.44.26:325][807]Cmd: TRANSACTION UNDO
[2021.02.22-06.44.26:326][807]LogEditorTransaction: Undo Scale Actors
[2021.02.22-06.44.28:767][886]Cmd: TRANSACTION UNDO
[2021.02.22-06.44.28:767][886]LogEditorTransaction: Undo Scale Actors
[2021.02.22-06.45.50:320][145]LogUObjectHash: Compacting FUObjectHashTables data took   2.12ms
[2021.02.22-06.45.50:403][145]LogSavePackage: Moving '../../../../../../Users/EDGAR/Documents/Unreal Projects/whiteroom/Saved/ThirdPersonExampleMapF617C0F141C2C782667F78B1520CC6D8.tmp' to '../../../../../../Users/EDGAR/Documents/Unreal Projects/whiteroom/Content/ThirdPersonBP/Maps/ThirdPersonExampleMap.umap'
[2021.02.22-06.45.50:869][145]LogSavePackage: Moving '../../../../../../Users/EDGAR/Documents/Unreal Projects/whiteroom/Saved/ThirdPersonExampleMap_BuiltData6A41BC5A420E8CA510D8ABB12A3B2BFA.tmp' to '../../../../../../Users/EDGAR/Documents/Unreal Projects/whiteroom/Content/ThirdPersonBP/Maps/ThirdPersonExampleMap_BuiltData.uasset'
[2021.02.22-06.45.50:895][145]AssetCheck: New page: Asset Save: multiple assets
[2021.02.22-06.45.50:895][145]LogContentValidation: Display: Validating World /Game/ThirdPersonBP/Maps/ThirdPersonExampleMap.ThirdPersonExampleMap
[2021.02.22-06.45.50:895][145]LogContentValidation: Display: Validating MapBuildDataRegistry /Game/ThirdPersonBP/Maps/ThirdPersonExampleMap_BuiltData.ThirdPersonExampleMap_BuiltData
[2021.02.22-06.47.01:830][ 33]LogEditorViewport: Clicking on Actor (LMB): StaticMeshActor (Floor)
[2021.02.22-06.47.16:302][441]LogUObjectHash: Compacting FUObjectHashTables data took   0.99ms
[2021.02.22-06.47.16:357][441]LogSavePackage: Moving '../../../../../../Users/EDGAR/Documents/Unreal Projects/whiteroom/Saved/ThirdPersonExampleMap05DD99474F7330DA042BE88A7A2D3DF0.tmp' to '../../../../../../Users/EDGAR/Documents/Unreal Projects/whiteroom/Content/ThirdPersonBP/Maps/ThirdPersonExampleMap.umap'
[2021.02.22-06.47.16:776][441]LogSavePackage: Moving '../../../../../../Users/EDGAR/Documents/Unreal Projects/whiteroom/Saved/ThirdPersonExampleMap_BuiltDataDB0827EF4EAD1F97F7BCF185EF8A814B.tmp' to '../../../../../../Users/EDGAR/Documents/Unreal Projects/whiteroom/Content/ThirdPersonBP/Maps/ThirdPersonExampleMap_BuiltData.uasset'
[2021.02.22-06.47.16:798][441]AssetCheck: New page: Asset Save: multiple assets
[2021.02.22-06.47.16:799][441]LogContentValidation: Display: Validating World /Game/ThirdPersonBP/Maps/ThirdPersonExampleMap.ThirdPersonExampleMap
[2021.02.22-06.47.16:799][441]LogContentValidation: Display: Validating MapBuildDataRegistry /Game/ThirdPersonBP/Maps/ThirdPersonExampleMap_BuiltData.ThirdPersonExampleMap_BuiltData
[2021.02.22-06.47.35:775][933]Cmd: TRANSACTION UNDO
[2021.02.22-06.47.35:775][933]LogEditorTransaction: Undo Scale Actors
[2021.02.22-06.47.37:755][  0]Cmd: TRANSACTION UNDO
[2021.02.22-06.47.37:755][  0]LogEditorTransaction: Undo Scale Actors
[2021.02.22-06.48.11:121][945]LogEditorViewport: Clicking Background
[2021.02.22-06.48.17:914][143]LogEditorViewport: Clicking Background
[2021.02.22-06.48.21:556][248]LogEditorViewport: Clicking on Actor (LMB): StaticMeshActor (Floor)
[2021.02.22-06.48.28:829][460]Cmd: BRUSH ADD SELECTNEWBRUSH
[2021.02.22-06.48.56:640][221]Cmd: DELETE
[2021.02.22-06.48.56:640][221]Cmd: ACTOR DELETE
[2021.02.22-06.48.56:701][221]LogEditorActor: Deleted Actor: Brush
[2021.02.22-06.48.56:728][221]LogUObjectHash: Compacting FUObjectHashTables data took   0.94ms
[2021.02.22-06.48.56:736][221]LogEditorActor: Deleted 1 Actors (0.096 secs)
[2021.02.22-06.49.17:663][812]Cmd: DELETE
[2021.02.22-06.49.17:667][812]Cmd: ACTOR DELETE
[2021.02.22-06.49.17:679][812]LogEditorActor: Deleted Actor: Brush
[2021.02.22-06.49.17:719][812]LogUObjectHash: Compacting FUObjectHashTables data took   0.85ms
[2021.02.22-06.49.17:728][812]LogEditorActor: Deleted 1 Actors (0.061 secs)
[2021.02.22-06.49.55:005][839]LogUObjectHash: Compacting FUObjectHashTables data took   0.88ms
[2021.02.22-06.49.55:056][839]LogSavePackage: Moving '../../../../../../Users/EDGAR/Documents/Unreal Projects/whiteroom/Saved/ThirdPersonExampleMapC8F9AB5B492AE1742236FFB98CD8213B.tmp' to '../../../../../../Users/EDGAR/Documents/Unreal Projects/whiteroom/Content/ThirdPersonBP/Maps/ThirdPersonExampleMap.umap'
[2021.02.22-06.49.55:477][839]LogSavePackage: Moving '../../../../../../Users/EDGAR/Documents/Unreal Projects/whiteroom/Saved/ThirdPersonExampleMap_BuiltDataBD709768431B2DA8D5F4079DBAC0FC6E.tmp' to '../../../../../../Users/EDGAR/Documents/Unreal Projects/whiteroom/Content/ThirdPersonBP/Maps/ThirdPersonExampleMap_BuiltData.uasset'
[2021.02.22-06.49.55:500][839]AssetCheck: New page: Asset Save: multiple assets
[2021.02.22-06.49.55:500][839]LogContentValidation: Display: Validating World /Game/ThirdPersonBP/Maps/ThirdPersonExampleMap.ThirdPersonExampleMap
[2021.02.22-06.49.55:500][839]LogContentValidation: Display: Validating MapBuildDataRegistry /Game/ThirdPersonBP/Maps/ThirdPersonExampleMap_BuiltData.ThirdPersonExampleMap_BuiltData
[2021.02.22-06.50.08:233][169]Cmd: DELETE
[2021.02.22-06.50.08:235][169]Cmd: ACTOR DELETE
[2021.02.22-06.50.08:247][169]LogEditorActor: Deleted Actor: Brush
[2021.02.22-06.50.08:289][169]LogUObjectHash: Compacting FUObjectHashTables data took   1.35ms
[2021.02.22-06.50.08:356][169]LogEditorActor: Deleted 1 Actors (0.120 secs)
[2021.02.22-06.50.09:565][206]LogEditorViewport: Clicking on Actor (LMB): LightmassImportanceVolume (LightmassImportanceVolume)
[2021.02.22-06.50.25:528][657]Cmd: DELETE
[2021.02.22-06.50.25:528][657]Cmd: ACTOR DELETE
[2021.02.22-06.50.25:539][657]LogEditorActor: Deleted Actor: Brush
[2021.02.22-06.50.25:574][657]LogUObjectHash: Compacting FUObjectHashTables data took   2.76ms
[2021.02.22-06.50.25:774][657]LogEditorActor: Deleted 1 Actors (0.245 secs)
[2021.02.22-06.50.47:951][240]LogUObjectHash: Compacting FUObjectHashTables data took   0.77ms
[2021.02.22-06.50.48:011][240]LogSavePackage: Moving '../../../../../../Users/EDGAR/Documents/Unreal Projects/whiteroom/Saved/ThirdPersonExampleMap00B314EA45613B0AE9227899A6A21AF8.tmp' to '../../../../../../Users/EDGAR/Documents/Unreal Projects/whiteroom/Content/ThirdPersonBP/Maps/ThirdPersonExampleMap.umap'
[2021.02.22-06.50.48:412][240]LogSavePackage: Moving '../../../../../../Users/EDGAR/Documents/Unreal Projects/whiteroom/Saved/ThirdPersonExampleMap_BuiltData53216D26484843591799CAAD82BBA7F9.tmp' to '../../../../../../Users/EDGAR/Documents/Unreal Projects/whiteroom/Content/ThirdPersonBP/Maps/ThirdPersonExampleMap_BuiltData.uasset'
[2021.02.22-06.50.48:433][240]AssetCheck: New page: Asset Save: multiple assets
[2021.02.22-06.50.48:433][240]LogContentValidation: Display: Validating World /Game/ThirdPersonBP/Maps/ThirdPersonExampleMap.ThirdPersonExampleMap
[2021.02.22-06.50.48:433][240]LogContentValidation: Display: Validating MapBuildDataRegistry /Game/ThirdPersonBP/Maps/ThirdPersonExampleMap_BuiltData.ThirdPersonExampleMap_BuiltData
[2021.02.22-06.50.48:912][256]LogEditorViewport: Clicking on Actor (LMB): StaticMeshActor (Floor)
[2021.02.22-06.51.09:234][845]LogUObjectHash: Compacting FUObjectHashTables data took   1.62ms
[2021.02.22-06.51.09:286][845]LogSavePackage: Moving '../../../../../../Users/EDGAR/Documents/Unreal Projects/whiteroom/Saved/ThirdPersonExampleMap09B4B7FC479188E1782D99A07CB6DCD3.tmp' to '../../../../../../Users/EDGAR/Documents/Unreal Projects/whiteroom/Content/ThirdPersonBP/Maps/ThirdPersonExampleMap.umap'
[2021.02.22-06.51.09:678][845]LogSavePackage: Moving '../../../../../../Users/EDGAR/Documents/Unreal Projects/whiteroom/Saved/ThirdPersonExampleMap_BuiltData9677A83E4BEBB9368479B89BAFCCC0D2.tmp' to '../../../../../../Users/EDGAR/Documents/Unreal Projects/whiteroom/Content/ThirdPersonBP/Maps/ThirdPersonExampleMap_BuiltData.uasset'
[2021.02.22-06.51.09:698][845]AssetCheck: New page: Asset Save: multiple assets
[2021.02.22-06.51.09:698][845]LogContentValidation: Display: Validating World /Game/ThirdPersonBP/Maps/ThirdPersonExampleMap.ThirdPersonExampleMap
[2021.02.22-06.51.09:698][845]LogContentValidation: Display: Validating MapBuildDataRegistry /Game/ThirdPersonBP/Maps/ThirdPersonExampleMap_BuiltData.ThirdPersonExampleMap_BuiltData
[2021.02.22-06.51.19:311][116]LogD3D11RHI: Timed out while waiting for GPU to catch up. (0.5 s) (ErrorCode 00000001)
