Log file open, 03/19/21 10:41:54
LogInit: Display: Running engine for game: whiteroom
LogPlatformFile: Not using cached read wrapper
LogTaskGraph: Started task graph with 5 named threads and 14 total threads with 3 sets of task threads.
LogStats: Stats thread started at 0.293198
LogD3D11RHI: Loaded GFSDK_Aftermath_Lib.x64.dll
LogICUInternationalization: ICU TimeZone Detection - Raw Offset: -6:00, Platform Override: ''
LogPluginManager: Mounting plugin Paper2D
LogPluginManager: Mounting plugin AISupport
LogPluginManager: Mounting plugin LightPropagationVolume
LogPluginManager: Mounting plugin CameraShakePreviewer
LogPluginManager: Mounting plugin ActorLayerUtilities
LogPluginManager: Mounting plugin AnimationSharing
LogPluginManager: Mounting plugin CLionSourceCodeAccess
LogPluginManager: Mounting plugin CodeLiteSourceCodeAccess
LogPluginManager: Mounting plugin GitSourceControl
LogPluginManager: Mounting plugin KDevelopSourceCodeAccess
LogPluginManager: Mounting plugin NullSourceCodeAccess
LogPluginManager: Mounting plugin PerforceSourceControl
LogPluginManager: Mounting plugin PlasticSourceControl
LogPluginManager: Mounting plugin RiderSourceCodeAccess
LogPluginManager: Mounting plugin SubversionSourceControl
LogPluginManager: Mounting plugin UObjectPlugin
LogPluginManager: Mounting plugin VisualStudioCodeSourceCodeAccess
LogPluginManager: Mounting plugin VisualStudioSourceCodeAccess
LogPluginManager: Mounting plugin XCodeSourceCodeAccess
LogPluginManager: Mounting plugin AssetManagerEditor
LogPluginManager: Mounting plugin CryptoKeys
LogPluginManager: Mounting plugin CurveEditorTools
LogPluginManager: Mounting plugin DataValidation
LogPluginManager: Mounting plugin EditorScriptingUtilities
LogPluginManager: Mounting plugin FacialAnimation
LogPluginManager: Mounting plugin GameplayTagsEditor
LogPluginManager: Mounting plugin GeometryMode
LogPluginManager: Mounting plugin MacGraphicsSwitching
LogPluginManager: Mounting plugin MaterialAnalyzer
LogPluginManager: Mounting plugin MobileLauncherProfileWizard
LogPluginManager: Mounting plugin PluginBrowser
LogPluginManager: Mounting plugin SpeedTreeImporter
LogPluginManager: Mounting plugin DatasmithContent
LogPluginManager: Mounting plugin VariantManagerContent
LogPluginManager: Mounting plugin AlembicImporter
LogPluginManager: Mounting plugin AutomationUtils
LogPluginManager: Mounting plugin BackChannel
LogPluginManager: Mounting plugin ChaosCloth
LogPluginManager: Mounting plugin ChaosClothEditor
LogPluginManager: Mounting plugin ChaosEditor
LogPluginManager: Mounting plugin ChaosNiagara
LogPluginManager: Mounting plugin ChaosSolverPlugin
LogPluginManager: Mounting plugin CharacterAI
LogPluginManager: Mounting plugin GeometryCache
LogPluginManager: Mounting plugin GeometryCollectionPlugin
LogPluginManager: Mounting plugin GeometryProcessing
LogPluginManager: Mounting plugin PlanarCut
LogPluginManager: Mounting plugin PlatformCrypto
LogPluginManager: Mounting plugin ProxyLODPlugin
LogPluginManager: Mounting plugin SkeletalReduction
LogPluginManager: Mounting plugin Niagara
LogPluginManager: Mounting plugin MagicLeap
LogPluginManager: Mounting plugin MagicLeapLightEstimation
LogPluginManager: Mounting plugin MagicLeapMedia
LogPluginManager: Mounting plugin MagicLeapPassableWorld
LogPluginManager: Mounting plugin MLSDK
LogPluginManager: Mounting plugin AndroidMedia
LogPluginManager: Mounting plugin AvfMedia
LogPluginManager: Mounting plugin ImgMedia
LogPluginManager: Mounting plugin MediaCompositing
LogPluginManager: Mounting plugin MediaPlayerEditor
LogPluginManager: Mounting plugin WebMMedia
LogPluginManager: Mounting plugin WmfMedia
LogPluginManager: Mounting plugin MeshPainting
LogPluginManager: Mounting plugin TcpMessaging
LogPluginManager: Mounting plugin UdpMessaging
LogPluginManager: Mounting plugin ActorSequence
LogPluginManager: Mounting plugin LevelSequenceEditor
LogPluginManager: Mounting plugin MatineeToLevelSequence
LogPluginManager: Mounting plugin MovieRenderPipeline
LogPluginManager: Mounting plugin TemplateSequence
LogPluginManager: Mounting plugin NetcodeUnitTest
LogPluginManager: Mounting plugin NUTUnrealEngine4
LogPluginManager: Mounting plugin OnlineSubsystemGooglePlay
LogPluginManager: Mounting plugin OnlineSubsystemIOS
LogPluginManager: Mounting plugin OnlineSubsystem
LogPluginManager: Mounting plugin OnlineSubsystemNull
LogPluginManager: Mounting plugin OnlineSubsystemUtils
LogPluginManager: Mounting plugin LauncherChunkInstaller
LogPluginManager: Mounting plugin AndroidDeviceProfileSelector
LogPluginManager: Mounting plugin AndroidMoviePlayer
LogPluginManager: Mounting plugin AndroidPermission
LogPluginManager: Mounting plugin AppleImageUtils
LogPluginManager: Mounting plugin AppleMoviePlayer
LogPluginManager: Mounting plugin ArchVisCharacter
LogPluginManager: Mounting plugin AssetTags
LogPluginManager: Mounting plugin AudioCapture
LogPluginManager: Mounting plugin CableComponent
LogPluginManager: Mounting plugin CustomMeshComponent
LogPluginManager: Mounting plugin EditableMesh
LogPluginManager: Mounting plugin ExampleDeviceProfileSelector
LogPluginManager: Mounting plugin GoogleCloudMessaging
LogPluginManager: Mounting plugin GooglePAD
LogPluginManager: Mounting plugin IOSDeviceProfileSelector
LogPluginManager: Mounting plugin LinuxDeviceProfileSelector
LogPluginManager: Mounting plugin LocationServicesBPLibrary
LogPluginManager: Mounting plugin MobilePatchingUtils
LogPluginManager: Mounting plugin OculusVR
LogPluginManager: Mounting plugin PhysXVehicles
LogPluginManager: Mounting plugin PostSplashScreen
LogPluginManager: Mounting plugin ProceduralMeshComponent
LogPluginManager: Mounting plugin RuntimePhysXCooking
LogPluginManager: Mounting plugin SignificanceManager
LogPluginManager: Mounting plugin SoundFields
LogPluginManager: Mounting plugin SteamVR
LogPluginManager: Mounting plugin Synthesis
LogPluginManager: Mounting plugin WebMMoviePlayer
LogPluginManager: Mounting plugin WindowsMoviePlayer
LogPluginManager: Mounting plugin ScreenshotTools
LogInit: Using libcurl 7.55.1-DEV
LogInit:  - built for x86_64-pc-win32
LogInit:  - supports SSL with OpenSSL/1.1.1
LogInit:  - supports HTTP deflate (compression) using libz 1.2.8
LogInit:  - other features:
LogInit:      CURL_VERSION_SSL
LogInit:      CURL_VERSION_LIBZ
LogInit:      CURL_VERSION_IPV6
LogInit:      CURL_VERSION_ASYNCHDNS
LogInit:      CURL_VERSION_LARGEFILE
LogInit:      CURL_VERSION_IDN
LogInit:  CurlRequestOptions (configurable via config and command line):
LogInit:  - bVerifyPeer = true  - Libcurl will verify peer certificate
LogInit:  - bUseHttpProxy = false  - Libcurl will NOT use HTTP proxy
LogInit:  - bDontReuseConnections = false  - Libcurl will reuse connections
LogInit:  - MaxHostConnections = 16  - Libcurl will limit the number of connections to a host
LogInit:  - LocalHostAddr = Default
LogInit:  - BufferSize = 65536
LogOnline: OSS: Creating online subsystem instance for: NULL
LogInit: WinSock: version 1.1 (2.2), MaxSocks=32767, MaxUdp=65467
LogOnline: OSS: TryLoadSubsystemAndSetDefault: Loaded subsystem for module [NULL]
LogInit: Build: ++UE4+Release-4.25-CL-14469661
LogInit: Engine Version: 4.25.4-14469661+++UE4+Release-4.25
LogInit: Compatible Engine Version: 4.25.0-13144385+++UE4+Release-4.25
LogInit: Net CL: 13144385
LogInit: OS: Windows 10 (Release 2004) (), CPU: Intel(R) Core(TM) i5-7300HQ CPU @ 2.50GHz, GPU: Intel(R) HD Graphics 630
LogInit: Compiled (64-bit): Oct 11 2020 08:10:49
LogInit: Compiled with Visual C++: 19.24.28315.00
LogInit: Build Configuration: Development
LogInit: Branch Name: ++UE4+Release-4.25
LogInit: Command Line: 
LogInit: Base Directory: C:/Program Files/Epic Games/UE_4.25/Engine/Binaries/Win64/
LogInit: Allocator: TBB
LogInit: Installed Engine Build: 1
LogDevObjectVersion: Number of dev versions registered: 26
LogDevObjectVersion:   Dev-Blueprints (B0D832E4-1F89-4F0D-ACCF-7EB736FD4AA2): 10
LogDevObjectVersion:   Dev-Build (E1C64328-A22C-4D53-A36C-8E866417BD8C): 0
LogDevObjectVersion:   Dev-Core (375EC13C-06E4-48FB-B500-84F0262A717E): 4
LogDevObjectVersion:   Dev-Editor (E4B068ED-F494-42E9-A231-DA0B2E46BB41): 38
LogDevObjectVersion:   Dev-Framework (CFFC743F-43B0-4480-9391-14DF171D2073): 37
LogDevObjectVersion:   Dev-Mobile (B02B49B5-BB20-44E9-A304-32B752E40360): 2
LogDevObjectVersion:   Dev-Networking (A4E4105C-59A1-49B5-A7C5-40C4547EDFEE): 0
LogDevObjectVersion:   Dev-Online (39C831C9-5AE6-47DC-9A44-9C173E1C8E7C): 0
LogDevObjectVersion:   Dev-Physics (78F01B33-EBEA-4F98-B9B4-84EACCB95AA2): 4
LogDevObjectVersion:   Dev-Platform (6631380F-2D4D-43E0-8009-CF276956A95A): 0
LogDevObjectVersion:   Dev-Rendering (12F88B9F-8875-4AFC-A67C-D90C383ABD29): 43
LogDevObjectVersion:   Dev-Sequencer (7B5AE74C-D270-4C10-A958-57980B212A5A): 12
LogDevObjectVersion:   Dev-VR (D7296918-1DD6-4BDD-9DE2-64A83CC13884): 3
LogDevObjectVersion:   Dev-LoadTimes (C2A15278-BFE7-4AFE-6C17-90FF531DF755): 1
LogDevObjectVersion:   Private-Geometry (6EACA3D4-40EC-4CC1-B786-8BED09428FC5): 3
LogDevObjectVersion:   Dev-AnimPhys (29E575DD-E0A3-4627-9D10-D276232CDCEA): 17
LogDevObjectVersion:   Dev-Anim (AF43A65D-7FD3-4947-9873-3E8ED9C1BB05): 7
LogDevObjectVersion:   Dev-ReflectionCapture (6B266CEC-1EC7-4B8F-A30B-E4D90942FC07): 1
LogDevObjectVersion:   Dev-Automation (0DF73D61-A23F-47EA-B727-89E90C41499A): 1
LogDevObjectVersion:   FortniteMain (601D1886-AC64-4F84-AA16-D3DE0DEAC7D6): 31
LogDevObjectVersion:   Dev-Enterprise (9DFFBCD6-494F-0158-E221-12823C92A888): 10
LogDevObjectVersion:   Dev-Niagara (F2AED0AC-9AFE-416F-8664-AA7FFA26D6FC): 1
LogDevObjectVersion:   Dev-Destruction (174F1F0B-B4C6-45A5-B13F-2EE8D0FB917D): 10
LogDevObjectVersion:   Dev-Physics-Ext (35F94A83-E258-406C-A318-09F59610247C): 37
LogDevObjectVersion:   Dev-PhysicsMaterial-Chaos (B68FC16E-8B1B-42E2-B453-215C058844FE): 1
LogDevObjectVersion:   Dev-CineCamera (B2E18506-4273-CFC2-A54E-F4BB758BBA07): 1
LogInit: Presizing for max 25165824 objects, including 0 objects not considered by GC, pre-allocating 0 bytes for permanent pool.
LogConfig: Applying CVar settings from Section [/Script/Engine.StreamingSettings] File [C:/Users/TEMP.DESKTOP-DV3H2OO/Documents/Escuela/Facultad/8 semestre/Optimizacion de videojuegos/PIA/repo/OpVideojuegos/White3/OpVideojuegos/Whiteroom/Saved/Config/Windows/Engine.ini]
LogConfig: Setting CVar [[s.MinBulkDataSizeForAsyncLoading:131072]]
LogConfig: Setting CVar [[s.AsyncLoadingThreadEnabled:0]]
LogConfig: Setting CVar [[s.EventDrivenLoaderEnabled:1]]
LogConfig: Setting CVar [[s.WarnIfTimeLimitExceeded:0]]
LogConfig: Setting CVar [[s.TimeLimitExceededMultiplier:1.5]]
LogConfig: Setting CVar [[s.TimeLimitExceededMinTime:0.005]]
LogConfig: Setting CVar [[s.UseBackgroundLevelStreaming:1]]
LogConfig: Setting CVar [[s.PriorityAsyncLoadingExtraTime:15.0]]
LogConfig: Setting CVar [[s.LevelStreamingActorsUpdateTimeLimit:5.0]]
LogConfig: Setting CVar [[s.PriorityLevelStreamingActorsUpdateExtraTime:5.0]]
LogConfig: Setting CVar [[s.LevelStreamingComponentsRegistrationGranularity:10]]
LogConfig: Setting CVar [[s.UnregisterComponentsTimeLimit:1.0]]
LogConfig: Setting CVar [[s.LevelStreamingComponentsUnregistrationGranularity:5]]
LogConfig: Setting CVar [[s.FlushStreamingOnExit:1]]
LogInit: Object subsystem initialized
LogConfig: Setting CVar [[con.DebugEarlyDefault:1]]
LogConfig: Setting CVar [[r.setres:1280x720]]
[2021.03.19-16.41.55:228][  0]LogConfig: Setting CVar [[r.VSync:0]]
[2021.03.19-16.41.55:228][  0]LogConfig: Setting CVar [[r.RHICmdBypass:0]]
[2021.03.19-16.41.55:228][  0]LogConfig: Applying CVar settings from Section [/Script/Engine.RendererSettings] File [C:/Users/TEMP.DESKTOP-DV3H2OO/Documents/Escuela/Facultad/8 semestre/Optimizacion de videojuegos/PIA/repo/OpVideojuegos/White3/OpVideojuegos/Whiteroom/Saved/Config/Windows/Engine.ini]
[2021.03.19-16.41.55:228][  0]LogConfig: Setting CVar [[r.GPUCrashDebugging:0]]
[2021.03.19-16.41.55:228][  0]LogConfig: Applying CVar settings from Section [/Script/Engine.RendererOverrideSettings] File [C:/Users/TEMP.DESKTOP-DV3H2OO/Documents/Escuela/Facultad/8 semestre/Optimizacion de videojuegos/PIA/repo/OpVideojuegos/White3/OpVideojuegos/Whiteroom/Saved/Config/Windows/Engine.ini]
[2021.03.19-16.41.55:228][  0]LogConfig: Applying CVar settings from Section [/Script/Engine.StreamingSettings] File [C:/Users/TEMP.DESKTOP-DV3H2OO/Documents/Escuela/Facultad/8 semestre/Optimizacion de videojuegos/PIA/repo/OpVideojuegos/White3/OpVideojuegos/Whiteroom/Saved/Config/Windows/Engine.ini]
[2021.03.19-16.41.55:228][  0]LogConfig: Setting CVar [[s.MinBulkDataSizeForAsyncLoading:131072]]
[2021.03.19-16.41.55:228][  0]LogConfig: Setting CVar [[s.AsyncLoadingThreadEnabled:0]]
[2021.03.19-16.41.55:228][  0]LogConfig: Setting CVar [[s.EventDrivenLoaderEnabled:1]]
[2021.03.19-16.41.55:228][  0]LogConfig: Setting CVar [[s.WarnIfTimeLimitExceeded:0]]
[2021.03.19-16.41.55:228][  0]LogConfig: Setting CVar [[s.TimeLimitExceededMultiplier:1.5]]
[2021.03.19-16.41.55:228][  0]LogConfig: Setting CVar [[s.TimeLimitExceededMinTime:0.005]]
[2021.03.19-16.41.55:228][  0]LogConfig: Setting CVar [[s.UseBackgroundLevelStreaming:1]]
[2021.03.19-16.41.55:228][  0]LogConfig: Setting CVar [[s.PriorityAsyncLoadingExtraTime:15.0]]
[2021.03.19-16.41.55:228][  0]LogConfig: Setting CVar [[s.LevelStreamingActorsUpdateTimeLimit:5.0]]
[2021.03.19-16.41.55:228][  0]LogConfig: Setting CVar [[s.PriorityLevelStreamingActorsUpdateExtraTime:5.0]]
[2021.03.19-16.41.55:228][  0]LogConfig: Setting CVar [[s.LevelStreamingComponentsRegistrationGranularity:10]]
[2021.03.19-16.41.55:228][  0]LogConfig: Setting CVar [[s.UnregisterComponentsTimeLimit:1.0]]
[2021.03.19-16.41.55:228][  0]LogConfig: Setting CVar [[s.LevelStreamingComponentsUnregistrationGranularity:5]]
[2021.03.19-16.41.55:228][  0]LogConfig: Setting CVar [[s.FlushStreamingOnExit:1]]
[2021.03.19-16.41.55:228][  0]LogConfig: Applying CVar settings from Section [/Script/Engine.GarbageCollectionSettings] File [C:/Users/TEMP.DESKTOP-DV3H2OO/Documents/Escuela/Facultad/8 semestre/Optimizacion de videojuegos/PIA/repo/OpVideojuegos/White3/OpVideojuegos/Whiteroom/Saved/Config/Windows/Engine.ini]
[2021.03.19-16.41.55:228][  0]LogConfig: Setting CVar [[gc.MaxObjectsNotConsideredByGC:1]]
[2021.03.19-16.41.55:228][  0]LogConfig: Setting CVar [[gc.SizeOfPermanentObjectPool:0]]
[2021.03.19-16.41.55:228][  0]LogConfig: Setting CVar [[gc.FlushStreamingOnGC:0]]
[2021.03.19-16.41.55:228][  0]LogConfig: Setting CVar [[gc.NumRetriesBeforeForcingGC:10]]
[2021.03.19-16.41.55:228][  0]LogConfig: Setting CVar [[gc.AllowParallelGC:1]]
[2021.03.19-16.41.55:228][  0]LogConfig: Setting CVar [[gc.TimeBetweenPurgingPendingKillObjects:61.1]]
[2021.03.19-16.41.55:228][  0]LogConfig: Setting CVar [[gc.MaxObjectsInEditor:25165824]]
[2021.03.19-16.41.55:228][  0]LogConfig: Setting CVar [[gc.IncrementalBeginDestroyEnabled:1]]
[2021.03.19-16.41.55:228][  0]LogConfig: Setting CVar [[gc.CreateGCClusters:1]]
[2021.03.19-16.41.55:228][  0]LogConfig: Setting CVar [[gc.MinGCClusterSize:5]]
[2021.03.19-16.41.55:228][  0]LogConfig: Setting CVar [[gc.ActorClusteringEnabled:0]]
[2021.03.19-16.41.55:228][  0]LogConfig: Setting CVar [[gc.BlueprintClusteringEnabled:0]]
[2021.03.19-16.41.55:228][  0]LogConfig: Setting CVar [[gc.UseDisregardForGCOnDedicatedServers:0]]
[2021.03.19-16.41.55:228][  0]LogConfig: Applying CVar settings from Section [/Script/Engine.NetworkSettings] File [C:/Users/TEMP.DESKTOP-DV3H2OO/Documents/Escuela/Facultad/8 semestre/Optimizacion de videojuegos/PIA/repo/OpVideojuegos/White3/OpVideojuegos/Whiteroom/Saved/Config/Windows/Engine.ini]
[2021.03.19-16.41.55:228][  0]LogConfig: Applying CVar settings from Section [/Script/UnrealEd.CookerSettings] File [C:/Users/TEMP.DESKTOP-DV3H2OO/Documents/Escuela/Facultad/8 semestre/Optimizacion de videojuegos/PIA/repo/OpVideojuegos/White3/OpVideojuegos/Whiteroom/Saved/Config/Windows/Engine.ini]
[2021.03.19-16.41.55:231][  0]LogConfig: Applying CVar settings from Section [ViewDistanceQuality@3] File [C:/Users/TEMP.DESKTOP-DV3H2OO/Documents/Escuela/Facultad/8 semestre/Optimizacion de videojuegos/PIA/repo/OpVideojuegos/White3/OpVideojuegos/Whiteroom/Saved/Config/Windows/Scalability.ini]
[2021.03.19-16.41.55:231][  0]LogConfig: Setting CVar [[r.SkeletalMeshLODBias:0]]
[2021.03.19-16.41.55:231][  0]LogConfig: Setting CVar [[r.ViewDistanceScale:1.0]]
[2021.03.19-16.41.55:231][  0]LogConfig: Applying CVar settings from Section [AntiAliasingQuality@3] File [C:/Users/TEMP.DESKTOP-DV3H2OO/Documents/Escuela/Facultad/8 semestre/Optimizacion de videojuegos/PIA/repo/OpVideojuegos/White3/OpVideojuegos/Whiteroom/Saved/Config/Windows/Scalability.ini]
[2021.03.19-16.41.55:231][  0]LogConfig: Setting CVar [[r.PostProcessAAQuality:4]]
[2021.03.19-16.41.55:231][  0]LogConfig: Applying CVar settings from Section [ShadowQuality@3] File [C:/Users/TEMP.DESKTOP-DV3H2OO/Documents/Escuela/Facultad/8 semestre/Optimizacion de videojuegos/PIA/repo/OpVideojuegos/White3/OpVideojuegos/Whiteroom/Saved/Config/Windows/Scalability.ini]
[2021.03.19-16.41.55:231][  0]LogConfig: Setting CVar [[r.LightFunctionQuality:1]]
[2021.03.19-16.41.55:231][  0]LogConfig: Setting CVar [[r.ShadowQuality:5]]
[2021.03.19-16.41.55:231][  0]LogConfig: Setting CVar [[r.Shadow.CSM.MaxCascades:10]]
[2021.03.19-16.41.55:231][  0]LogConfig: Setting CVar [[r.Shadow.MaxResolution:2048]]
[2021.03.19-16.41.55:231][  0]LogConfig: Setting CVar [[r.Shadow.MaxCSMResolution:2048]]
[2021.03.19-16.41.55:231][  0]LogConfig: Setting CVar [[r.Shadow.RadiusThreshold:0.01]]
[2021.03.19-16.41.55:231][  0]LogConfig: Setting CVar [[r.Shadow.DistanceScale:1.0]]
[2021.03.19-16.41.55:231][  0]LogConfig: Setting CVar [[r.Shadow.CSM.TransitionScale:1.0]]
[2021.03.19-16.41.55:231][  0]LogConfig: Setting CVar [[r.Shadow.PreShadowResolutionFactor:1.0]]
[2021.03.19-16.41.55:231][  0]LogConfig: Setting CVar [[r.DistanceFieldShadowing:1]]
[2021.03.19-16.41.55:231][  0]LogConfig: Setting CVar [[r.DistanceFieldAO:1]]
[2021.03.19-16.41.55:231][  0]LogConfig: Setting CVar [[r.AOQuality:2]]
[2021.03.19-16.41.55:231][  0]LogConfig: Setting CVar [[r.VolumetricFog:1]]
[2021.03.19-16.41.55:231][  0]LogConfig: Setting CVar [[r.VolumetricFog.GridPixelSize:8]]
[2021.03.19-16.41.55:231][  0]LogConfig: Setting CVar [[r.VolumetricFog.GridSizeZ:128]]
[2021.03.19-16.41.55:231][  0]LogConfig: Setting CVar [[r.VolumetricFog.HistoryMissSupersampleCount:4]]
[2021.03.19-16.41.55:231][  0]LogConfig: Setting CVar [[r.LightMaxDrawDistanceScale:1]]
[2021.03.19-16.41.55:231][  0]LogConfig: Setting CVar [[r.CapsuleShadows:1]]
[2021.03.19-16.41.55:231][  0]LogConfig: Applying CVar settings from Section [PostProcessQuality@3] File [C:/Users/TEMP.DESKTOP-DV3H2OO/Documents/Escuela/Facultad/8 semestre/Optimizacion de videojuegos/PIA/repo/OpVideojuegos/White3/OpVideojuegos/Whiteroom/Saved/Config/Windows/Scalability.ini]
[2021.03.19-16.41.55:231][  0]LogConfig: Setting CVar [[r.MotionBlurQuality:4]]
[2021.03.19-16.41.55:231][  0]LogConfig: Setting CVar [[r.AmbientOcclusionMipLevelFactor:0.4]]
[2021.03.19-16.41.55:231][  0]LogConfig: Setting CVar [[r.AmbientOcclusionMaxQuality:100]]
[2021.03.19-16.41.55:231][  0]LogConfig: Setting CVar [[r.AmbientOcclusionLevels:-1]]
[2021.03.19-16.41.55:231][  0]LogConfig: Setting CVar [[r.AmbientOcclusionRadiusScale:1.0]]
[2021.03.19-16.41.55:231][  0]LogConfig: Setting CVar [[r.DepthOfFieldQuality:2]]
[2021.03.19-16.41.55:232][  0]LogConfig: Setting CVar [[r.RenderTargetPoolMin:400]]
[2021.03.19-16.41.55:232][  0]LogConfig: Setting CVar [[r.LensFlareQuality:2]]
[2021.03.19-16.41.55:232][  0]LogConfig: Setting CVar [[r.SceneColorFringeQuality:1]]
[2021.03.19-16.41.55:232][  0]LogConfig: Setting CVar [[r.EyeAdaptationQuality:2]]
[2021.03.19-16.41.55:232][  0]LogConfig: Setting CVar [[r.BloomQuality:5]]
[2021.03.19-16.41.55:232][  0]LogConfig: Setting CVar [[r.FastBlurThreshold:100]]
[2021.03.19-16.41.55:232][  0]LogConfig: Setting CVar [[r.Upscale.Quality:3]]
[2021.03.19-16.41.55:232][  0]LogConfig: Setting CVar [[r.Tonemapper.GrainQuantization:1]]
[2021.03.19-16.41.55:232][  0]LogConfig: Setting CVar [[r.LightShaftQuality:1]]
[2021.03.19-16.41.55:232][  0]LogConfig: Setting CVar [[r.Filter.SizeScale:1]]
[2021.03.19-16.41.55:232][  0]LogConfig: Setting CVar [[r.Tonemapper.Quality:5]]
[2021.03.19-16.41.55:232][  0]LogConfig: Setting CVar [[r.DOF.Gather.AccumulatorQuality:1        ; higher gathering accumulator quality]]
[2021.03.19-16.41.55:232][  0]LogConfig: Setting CVar [[r.DOF.Gather.PostfilterMethod:1          ; Median3x3 postfilering method]]
[2021.03.19-16.41.55:232][  0]LogConfig: Setting CVar [[r.DOF.Gather.EnableBokehSettings:0       ; no bokeh simulation when gathering]]
[2021.03.19-16.41.55:232][  0]LogConfig: Setting CVar [[r.DOF.Gather.RingCount:4                 ; medium number of samples when gathering]]
[2021.03.19-16.41.55:232][  0]LogConfig: Setting CVar [[r.DOF.Scatter.ForegroundCompositing:1    ; additive foreground scattering]]
[2021.03.19-16.41.55:232][  0]LogConfig: Setting CVar [[r.DOF.Scatter.BackgroundCompositing:2    ; additive background scattering]]
[2021.03.19-16.41.55:232][  0]LogConfig: Setting CVar [[r.DOF.Scatter.EnableBokehSettings:1      ; bokeh simulation when scattering]]
[2021.03.19-16.41.55:232][  0]LogConfig: Setting CVar [[r.DOF.Scatter.MaxSpriteRatio:0.1         ; only a maximum of 10% of scattered bokeh]]
[2021.03.19-16.41.55:232][  0]LogConfig: Setting CVar [[r.DOF.Recombine.Quality:1                ; cheap slight out of focus]]
[2021.03.19-16.41.55:232][  0]LogConfig: Setting CVar [[r.DOF.Recombine.EnableBokehSettings:0    ; no bokeh simulation on slight out of focus]]
[2021.03.19-16.41.55:232][  0]LogConfig: Setting CVar [[r.DOF.TemporalAAQuality:1                ; more stable temporal accumulation]]
[2021.03.19-16.41.55:232][  0]LogConfig: Setting CVar [[r.DOF.Kernel.MaxForegroundRadius:0.025]]
[2021.03.19-16.41.55:232][  0]LogConfig: Setting CVar [[r.DOF.Kernel.MaxBackgroundRadius:0.025]]
[2021.03.19-16.41.55:232][  0]LogConfig: Applying CVar settings from Section [TextureQuality@3] File [C:/Users/TEMP.DESKTOP-DV3H2OO/Documents/Escuela/Facultad/8 semestre/Optimizacion de videojuegos/PIA/repo/OpVideojuegos/White3/OpVideojuegos/Whiteroom/Saved/Config/Windows/Scalability.ini]
[2021.03.19-16.41.55:232][  0]LogConfig: Setting CVar [[r.Streaming.MipBias:0]]
[2021.03.19-16.41.55:232][  0]LogConfig: Setting CVar [[r.Streaming.AmortizeCPUToGPUCopy:0]]
[2021.03.19-16.41.55:232][  0]LogConfig: Setting CVar [[r.Streaming.MaxNumTexturesToStreamPerFrame:0]]
[2021.03.19-16.41.55:232][  0]LogConfig: Setting CVar [[r.Streaming.Boost:1]]
[2021.03.19-16.41.55:232][  0]LogConfig: Setting CVar [[r.MaxAnisotropy:8]]
[2021.03.19-16.41.55:232][  0]LogConfig: Setting CVar [[r.VT.MaxAnisotropy:8]]
[2021.03.19-16.41.55:232][  0]LogConfig: Setting CVar [[r.Streaming.LimitPoolSizeToVRAM:0]]
[2021.03.19-16.41.55:232][  0]LogConfig: Setting CVar [[r.Streaming.PoolSize:1000]]
[2021.03.19-16.41.55:232][  0]LogConfig: Setting CVar [[r.Streaming.MaxEffectiveScreenSize:0]]
[2021.03.19-16.41.55:232][  0]LogConfig: Applying CVar settings from Section [EffectsQuality@3] File [C:/Users/TEMP.DESKTOP-DV3H2OO/Documents/Escuela/Facultad/8 semestre/Optimizacion de videojuegos/PIA/repo/OpVideojuegos/White3/OpVideojuegos/Whiteroom/Saved/Config/Windows/Scalability.ini]
[2021.03.19-16.41.55:232][  0]LogConfig: Setting CVar [[r.TranslucencyLightingVolumeDim:64]]
[2021.03.19-16.41.55:232][  0]LogConfig: Setting CVar [[r.RefractionQuality:2]]
[2021.03.19-16.41.55:232][  0]LogConfig: Setting CVar [[r.SSR.Quality:3]]
[2021.03.19-16.41.55:232][  0]LogConfig: Setting CVar [[r.SSR.HalfResSceneColor:0]]
[2021.03.19-16.41.55:232][  0]LogConfig: Setting CVar [[r.SceneColorFormat:4]]
[2021.03.19-16.41.55:232][  0]LogConfig: Setting CVar [[r.DetailMode:2]]
[2021.03.19-16.41.55:232][  0]LogConfig: Setting CVar [[r.TranslucencyVolumeBlur:1]]
[2021.03.19-16.41.55:232][  0]LogConfig: Setting CVar [[r.MaterialQualityLevel:1 ; High quality]]
[2021.03.19-16.41.55:232][  0]LogConfig: Setting CVar [[r.SSS.Scale:1]]
[2021.03.19-16.41.55:232][  0]LogConfig: Setting CVar [[r.SSS.SampleSet:2]]
[2021.03.19-16.41.55:232][  0]LogConfig: Setting CVar [[r.SSS.Quality:1]]
[2021.03.19-16.41.55:232][  0]LogConfig: Setting CVar [[r.SSS.HalfRes:0]]
[2021.03.19-16.41.55:232][  0]LogConfig: Setting CVar [[r.SSGI.Quality:3]]
[2021.03.19-16.41.55:232][  0]LogConfig: Setting CVar [[r.EmitterSpawnRateScale:1.0]]
[2021.03.19-16.41.55:232][  0]LogConfig: Setting CVar [[r.ParticleLightQuality:2]]
[2021.03.19-16.41.55:232][  0]LogConfig: Setting CVar [[r.SkyAtmosphere.AerialPerspectiveLUT.FastApplyOnOpaque:1 ; Always have FastSkyLUT 1 in this case to avoid wrong sky]]
[2021.03.19-16.41.55:232][  0]LogConfig: Setting CVar [[r.SkyAtmosphere.AerialPerspectiveLUT.SampleCountPerSlice:1]]
[2021.03.19-16.41.55:232][  0]LogConfig: Setting CVar [[r.SkyAtmosphere.AerialPerspectiveLUT.DepthResolution:16.0]]
[2021.03.19-16.41.55:232][  0]LogConfig: Setting CVar [[r.SkyAtmosphere.FastSkyLUT:1]]
[2021.03.19-16.41.55:232][  0]LogConfig: Setting CVar [[r.SkyAtmosphere.FastSkyLUT.SampleCountMin:4.0]]
[2021.03.19-16.41.55:232][  0]LogConfig: Setting CVar [[r.SkyAtmosphere.FastSkyLUT.SampleCountMax:32.0]]
[2021.03.19-16.41.55:232][  0]LogConfig: Setting CVar [[r.SkyAtmosphere.SampleCountMin:4.0]]
[2021.03.19-16.41.55:232][  0]LogConfig: Setting CVar [[r.SkyAtmosphere.SampleCountMax:32.0]]
[2021.03.19-16.41.55:232][  0]LogConfig: Setting CVar [[r.SkyAtmosphere.TransmittanceLUT.UseSmallFormat:0]]
[2021.03.19-16.41.55:232][  0]LogConfig: Setting CVar [[r.SkyAtmosphere.TransmittanceLUT.SampleCount:10.0]]
[2021.03.19-16.41.55:232][  0]LogConfig: Setting CVar [[r.SkyAtmosphere.MultiScatteringLUT.SampleCount:15.0]]
[2021.03.19-16.41.55:232][  0]LogConfig: Applying CVar settings from Section [FoliageQuality@3] File [C:/Users/TEMP.DESKTOP-DV3H2OO/Documents/Escuela/Facultad/8 semestre/Optimizacion de videojuegos/PIA/repo/OpVideojuegos/White3/OpVideojuegos/Whiteroom/Saved/Config/Windows/Scalability.ini]
[2021.03.19-16.41.55:232][  0]LogConfig: Setting CVar [[foliage.DensityScale:1.0]]
[2021.03.19-16.41.55:233][  0]LogConfig: Setting CVar [[grass.DensityScale:1.0]]
[2021.03.19-16.41.55:233][  0]LogConfig: Applying CVar settings from Section [ShadingQuality@3] File [C:/Users/TEMP.DESKTOP-DV3H2OO/Documents/Escuela/Facultad/8 semestre/Optimizacion de videojuegos/PIA/repo/OpVideojuegos/White3/OpVideojuegos/Whiteroom/Saved/Config/Windows/Scalability.ini]
[2021.03.19-16.41.55:233][  0]LogConfig: Setting CVar [[r.HairStrands.SkyLighting.SampleCount:16]]
[2021.03.19-16.41.55:233][  0]LogConfig: Setting CVar [[r.HairStrands.SkyLighting.JitterIntegration:0]]
[2021.03.19-16.41.55:233][  0]LogConfig: Setting CVar [[r.HairStrands.SkyAO.SampleCount:16]]
[2021.03.19-16.41.55:233][  0]LogConfig: Setting CVar [[r.HairStrands.DeepShadow.SuperSampling:0]]
[2021.03.19-16.41.55:233][  0]LogConfig: Setting CVar [[r.HairStrands.VisibilityPPLL:0]]
[2021.03.19-16.41.55:233][  0]LogConfig: Setting CVar [[r.HairStrands.RasterizationScale:0.5]]
[2021.03.19-16.41.55:233][  0]LogConfig: Setting CVar [[r.HairStrands.VelocityRasterizationScale:1]]
[2021.03.19-16.41.55:233][  0]LogInit: Selected Device Profile: [Windows]
[2021.03.19-16.41.55:233][  0]LogInit: Applying CVar settings loaded from the selected device profile: [Windows]
[2021.03.19-16.41.55:233][  0]LogHAL: Display: Platform has ~ 16 GB [17058402304 / 17179869184 / 16], which maps to Larger [LargestMinGB=32, LargerMinGB=12, DefaultMinGB=8, SmallerMinGB=6, SmallestMinGB=0)
[2021.03.19-16.41.55:233][  0]LogInit: Going up to parent DeviceProfile []
[2021.03.19-16.41.55:233][  0]LogConfig: Applying CVar settings from Section [ViewDistanceQuality@0] File [C:/Users/TEMP.DESKTOP-DV3H2OO/Documents/Escuela/Facultad/8 semestre/Optimizacion de videojuegos/PIA/repo/OpVideojuegos/White3/OpVideojuegos/Whiteroom/Saved/Config/Windows/Scalability.ini]
[2021.03.19-16.41.55:233][  0]LogConfig: Setting CVar [[r.SkeletalMeshLODBias:2]]
[2021.03.19-16.41.55:233][  0]LogConfig: Setting CVar [[r.ViewDistanceScale:0.4]]
[2021.03.19-16.41.55:233][  0]LogConfig: Applying CVar settings from Section [AntiAliasingQuality@0] File [C:/Users/TEMP.DESKTOP-DV3H2OO/Documents/Escuela/Facultad/8 semestre/Optimizacion de videojuegos/PIA/repo/OpVideojuegos/White3/OpVideojuegos/Whiteroom/Saved/Config/Windows/Scalability.ini]
[2021.03.19-16.41.55:233][  0]LogConfig: Setting CVar [[r.PostProcessAAQuality:0]]
[2021.03.19-16.41.55:233][  0]LogConfig: Applying CVar settings from Section [ShadowQuality@0] File [C:/Users/TEMP.DESKTOP-DV3H2OO/Documents/Escuela/Facultad/8 semestre/Optimizacion de videojuegos/PIA/repo/OpVideojuegos/White3/OpVideojuegos/Whiteroom/Saved/Config/Windows/Scalability.ini]
[2021.03.19-16.41.55:233][  0]LogConfig: Setting CVar [[r.LightFunctionQuality:0]]
[2021.03.19-16.41.55:233][  0]LogConfig: Setting CVar [[r.ShadowQuality:0]]
[2021.03.19-16.41.55:233][  0]LogConfig: Setting CVar [[r.Shadow.CSM.MaxCascades:1]]
[2021.03.19-16.41.55:233][  0]LogConfig: Setting CVar [[r.Shadow.MaxResolution:512]]
[2021.03.19-16.41.55:233][  0]LogConfig: Setting CVar [[r.Shadow.MaxCSMResolution:512]]
[2021.03.19-16.41.55:233][  0]LogConfig: Setting CVar [[r.Shadow.RadiusThreshold:0.06]]
[2021.03.19-16.41.55:233][  0]LogConfig: Setting CVar [[r.Shadow.DistanceScale:0.6]]
[2021.03.19-16.41.55:233][  0]LogConfig: Setting CVar [[r.Shadow.CSM.TransitionScale:0]]
[2021.03.19-16.41.55:233][  0]LogConfig: Setting CVar [[r.Shadow.PreShadowResolutionFactor:0.5]]
[2021.03.19-16.41.55:233][  0]LogConfig: Setting CVar [[r.DistanceFieldShadowing:0]]
[2021.03.19-16.41.55:233][  0]LogConfig: Setting CVar [[r.DistanceFieldAO:0]]
[2021.03.19-16.41.55:233][  0]LogConfig: Setting CVar [[r.VolumetricFog:0]]
[2021.03.19-16.41.55:233][  0]LogConfig: Setting CVar [[r.LightMaxDrawDistanceScale:0]]
[2021.03.19-16.41.55:233][  0]LogConfig: Setting CVar [[r.CapsuleShadows:0]]
[2021.03.19-16.41.55:233][  0]LogConfig: Applying CVar settings from Section [PostProcessQuality@0] File [C:/Users/TEMP.DESKTOP-DV3H2OO/Documents/Escuela/Facultad/8 semestre/Optimizacion de videojuegos/PIA/repo/OpVideojuegos/White3/OpVideojuegos/Whiteroom/Saved/Config/Windows/Scalability.ini]
[2021.03.19-16.41.55:233][  0]LogConfig: Setting CVar [[r.MotionBlurQuality:0]]
[2021.03.19-16.41.55:233][  0]LogConfig: Setting CVar [[r.AmbientOcclusionMipLevelFactor:1.0]]
[2021.03.19-16.41.55:233][  0]LogConfig: Setting CVar [[r.AmbientOcclusionMaxQuality:0]]
[2021.03.19-16.41.55:233][  0]LogConfig: Setting CVar [[r.AmbientOcclusionLevels:0]]
[2021.03.19-16.41.55:233][  0]LogConfig: Setting CVar [[r.AmbientOcclusionRadiusScale:1.2]]
[2021.03.19-16.41.55:233][  0]LogConfig: Setting CVar [[r.DepthOfFieldQuality:0]]
[2021.03.19-16.41.55:233][  0]LogConfig: Setting CVar [[r.RenderTargetPoolMin:300]]
[2021.03.19-16.41.55:233][  0]LogConfig: Setting CVar [[r.LensFlareQuality:0]]
[2021.03.19-16.41.55:233][  0]LogConfig: Setting CVar [[r.SceneColorFringeQuality:0]]
[2021.03.19-16.41.55:233][  0]LogConfig: Setting CVar [[r.EyeAdaptationQuality:0]]
[2021.03.19-16.41.55:233][  0]LogConfig: Setting CVar [[r.BloomQuality:4]]
[2021.03.19-16.41.55:233][  0]LogConfig: Setting CVar [[r.FastBlurThreshold:0]]
[2021.03.19-16.41.55:233][  0]LogConfig: Setting CVar [[r.Upscale.Quality:1]]
[2021.03.19-16.41.55:233][  0]LogConfig: Setting CVar [[r.Tonemapper.GrainQuantization:0]]
[2021.03.19-16.41.55:233][  0]LogConfig: Setting CVar [[r.LightShaftQuality:0]]
[2021.03.19-16.41.55:233][  0]LogConfig: Setting CVar [[r.Filter.SizeScale:0.6]]
[2021.03.19-16.41.55:233][  0]LogConfig: Setting CVar [[r.Tonemapper.Quality:0]]
[2021.03.19-16.41.55:233][  0]LogConfig: Applying CVar settings from Section [TextureQuality@0] File [C:/Users/TEMP.DESKTOP-DV3H2OO/Documents/Escuela/Facultad/8 semestre/Optimizacion de videojuegos/PIA/repo/OpVideojuegos/White3/OpVideojuegos/Whiteroom/Saved/Config/Windows/Scalability.ini]
[2021.03.19-16.41.55:233][  0]LogConfig: Setting CVar [[r.Streaming.MipBias:16]]
[2021.03.19-16.41.55:234][  0]LogConfig: Setting CVar [[r.Streaming.AmortizeCPUToGPUCopy:1]]
[2021.03.19-16.41.55:234][  0]LogConfig: Setting CVar [[r.Streaming.MaxNumTexturesToStreamPerFrame:1]]
[2021.03.19-16.41.55:234][  0]LogConfig: Setting CVar [[r.Streaming.Boost:0.3]]
[2021.03.19-16.41.55:234][  0]LogConfig: Setting CVar [[r.MaxAnisotropy:0]]
[2021.03.19-16.41.55:234][  0]LogConfig: Setting CVar [[r.VT.MaxAnisotropy:4]]
[2021.03.19-16.41.55:234][  0]LogConfig: Setting CVar [[r.Streaming.LimitPoolSizeToVRAM:1]]
[2021.03.19-16.41.55:234][  0]LogConfig: Setting CVar [[r.Streaming.PoolSize:400]]
[2021.03.19-16.41.55:234][  0]LogConfig: Setting CVar [[r.Streaming.MaxEffectiveScreenSize:0]]
[2021.03.19-16.41.55:234][  0]LogConfig: Applying CVar settings from Section [EffectsQuality@0] File [C:/Users/TEMP.DESKTOP-DV3H2OO/Documents/Escuela/Facultad/8 semestre/Optimizacion de videojuegos/PIA/repo/OpVideojuegos/White3/OpVideojuegos/Whiteroom/Saved/Config/Windows/Scalability.ini]
[2021.03.19-16.41.55:234][  0]LogConfig: Setting CVar [[r.TranslucencyLightingVolumeDim:24]]
[2021.03.19-16.41.55:234][  0]LogConfig: Setting CVar [[r.RefractionQuality:0]]
[2021.03.19-16.41.55:234][  0]LogConfig: Setting CVar [[r.SSR.Quality:0]]
[2021.03.19-16.41.55:234][  0]LogConfig: Setting CVar [[r.SSR.HalfResSceneColor:1]]
[2021.03.19-16.41.55:234][  0]LogConfig: Setting CVar [[r.SceneColorFormat:3]]
[2021.03.19-16.41.55:234][  0]LogConfig: Setting CVar [[r.DetailMode:0]]
[2021.03.19-16.41.55:234][  0]LogConfig: Setting CVar [[r.TranslucencyVolumeBlur:0]]
[2021.03.19-16.41.55:234][  0]LogConfig: Setting CVar [[r.MaterialQualityLevel:0 ; Low quality]]
[2021.03.19-16.41.55:234][  0]LogConfig: Setting CVar [[r.SSS.Scale:0]]
[2021.03.19-16.41.55:234][  0]LogConfig: Setting CVar [[r.SSS.SampleSet:0]]
[2021.03.19-16.41.55:234][  0]LogConfig: Setting CVar [[r.SSS.Quality:0]]
[2021.03.19-16.41.55:234][  0]LogConfig: Setting CVar [[r.SSS.HalfRes:1]]
[2021.03.19-16.41.55:234][  0]LogConfig: Setting CVar [[r.SSGI.Quality:0]]
[2021.03.19-16.41.55:234][  0]LogConfig: Setting CVar [[r.EmitterSpawnRateScale:0.125]]
[2021.03.19-16.41.55:234][  0]LogConfig: Setting CVar [[r.ParticleLightQuality:0]]
[2021.03.19-16.41.55:234][  0]LogConfig: Setting CVar [[r.SkyAtmosphere.AerialPerspectiveLUT.FastApplyOnOpaque:1 ; Always have FastSkyLUT 1 in this case to avoid wrong sky]]
[2021.03.19-16.41.55:234][  0]LogConfig: Setting CVar [[r.SkyAtmosphere.AerialPerspectiveLUT.SampleCountPerSlice:1]]
[2021.03.19-16.41.55:234][  0]LogConfig: Setting CVar [[r.SkyAtmosphere.AerialPerspectiveLUT.DepthResolution:8.0]]
[2021.03.19-16.41.55:234][  0]LogConfig: Setting CVar [[r.SkyAtmosphere.FastSkyLUT:1]]
[2021.03.19-16.41.55:234][  0]LogConfig: Setting CVar [[r.SkyAtmosphere.FastSkyLUT.SampleCountMin:2.0]]
[2021.03.19-16.41.55:234][  0]LogConfig: Setting CVar [[r.SkyAtmosphere.FastSkyLUT.SampleCountMax:16.0]]
[2021.03.19-16.41.55:234][  0]LogConfig: Setting CVar [[r.SkyAtmosphere.SampleCountMin:2.0]]
[2021.03.19-16.41.55:234][  0]LogConfig: Setting CVar [[r.SkyAtmosphere.SampleCountMax:16.0]]
[2021.03.19-16.41.55:234][  0]LogConfig: Setting CVar [[r.SkyAtmosphere.TransmittanceLUT.UseSmallFormat:1]]
[2021.03.19-16.41.55:234][  0]LogConfig: Setting CVar [[r.SkyAtmosphere.TransmittanceLUT.SampleCount:10.0]]
[2021.03.19-16.41.55:234][  0]LogConfig: Setting CVar [[r.SkyAtmosphere.MultiScatteringLUT.SampleCount:15.0]]
[2021.03.19-16.41.55:234][  0]LogConfig: Applying CVar settings from Section [FoliageQuality@0] File [C:/Users/TEMP.DESKTOP-DV3H2OO/Documents/Escuela/Facultad/8 semestre/Optimizacion de videojuegos/PIA/repo/OpVideojuegos/White3/OpVideojuegos/Whiteroom/Saved/Config/Windows/Scalability.ini]
[2021.03.19-16.41.55:234][  0]LogConfig: Setting CVar [[foliage.DensityScale:0]]
[2021.03.19-16.41.55:234][  0]LogConfig: Setting CVar [[grass.DensityScale:0]]
[2021.03.19-16.41.55:234][  0]LogConfig: Applying CVar settings from Section [ShadingQuality@0] File [C:/Users/TEMP.DESKTOP-DV3H2OO/Documents/Escuela/Facultad/8 semestre/Optimizacion de videojuegos/PIA/repo/OpVideojuegos/White3/OpVideojuegos/Whiteroom/Saved/Config/Windows/Scalability.ini]
[2021.03.19-16.41.55:234][  0]LogConfig: Setting CVar [[r.HairStrands.SkyLighting.SampleCount:8]]
[2021.03.19-16.41.55:234][  0]LogConfig: Setting CVar [[r.HairStrands.SkyLighting.JitterIntegration:0]]
[2021.03.19-16.41.55:234][  0]LogConfig: Setting CVar [[r.HairStrands.SkyAO.SampleCount:8]]
[2021.03.19-16.41.55:234][  0]LogConfig: Setting CVar [[r.HairStrands.DeepShadow.SuperSampling:0]]
[2021.03.19-16.41.55:234][  0]LogConfig: Setting CVar [[r.HairStrands.VisibilityPPLL:0]]
[2021.03.19-16.41.55:234][  0]LogConfig: Setting CVar [[r.HairStrands.RasterizationScale:0.5]]
[2021.03.19-16.41.55:234][  0]LogConfig: Setting CVar [[r.HairStrands.VelocityRasterizationScale:1]]
[2021.03.19-16.41.55:234][  0]LogConfig: Applying CVar settings from Section [Startup] File [../../../Engine/Config/ConsoleVariables.ini]
[2021.03.19-16.41.55:236][  0]LogConfig: Setting CVar [[net.UseAdaptiveNetUpdateFrequency:0]]
[2021.03.19-16.41.55:236][  0]LogConfig: Setting CVar [[p.chaos.AllowCreatePhysxBodies:1]]
[2021.03.19-16.41.55:236][  0]LogConfig: Setting CVar [[fx.SkipVectorVMBackendOptimizations:1]]
[2021.03.19-16.41.55:236][  0]LogConfig: Applying CVar settings from Section [ConsoleVariables] File [C:/Users/TEMP.DESKTOP-DV3H2OO/Documents/Escuela/Facultad/8 semestre/Optimizacion de videojuegos/PIA/repo/OpVideojuegos/White3/OpVideojuegos/Whiteroom/Saved/Config/Windows/Engine.ini]
[2021.03.19-16.41.55:236][  0]LogInit: Computer: DESKTOP-DV3H2OO
[2021.03.19-16.41.55:236][  0]LogInit: User: AlexBazaldua
[2021.03.19-16.41.55:236][  0]LogInit: CPU Page size=4096, Cores=4
[2021.03.19-16.41.55:236][  0]LogInit: High frequency timer resolution =10.000000 MHz
[2021.03.19-16.41.55:236][  0]LogMemory: Memory total: Physical=15.9GB (16GB approx)
[2021.03.19-16.41.55:236][  0]LogMemory: Platform Memory Stats for Windows
[2021.03.19-16.41.55:236][  0]LogMemory: Process Physical Memory: 115.45 MB used, 115.45 MB peak
[2021.03.19-16.41.55:236][  0]LogMemory: Process Virtual Memory: 103.80 MB used, 103.80 MB peak
[2021.03.19-16.41.55:236][  0]LogMemory: Physical Memory: 5680.32 MB used,  10587.84 MB free, 16268.16 MB total
[2021.03.19-16.41.55:236][  0]LogMemory: Virtual Memory: 5136.80 MB used,  134212592.00 MB free, 134217728.00 MB total
[2021.03.19-16.41.55:244][  0]LogWindows: WindowsPlatformFeatures enabled
[2021.03.19-16.41.55:308][  0]LogInit: Physics initialised using underlying interface: PhysX
[2021.03.19-16.41.55:310][  0]LogInit: Using OS detected language (en-US).
[2021.03.19-16.41.55:310][  0]LogInit: Using OS detected locale (en-US).
[2021.03.19-16.41.55:317][  0]LogTextLocalizationManager: No specific localization for 'en-US' exists, so the 'en' localization will be used.
[2021.03.19-16.41.55:507][  0]LogInit: Setting process to per monitor DPI aware
[2021.03.19-16.41.55:542][  0]LogSlate: New Slate User Created.  User Index 0, Is Virtual User: 0
[2021.03.19-16.41.55:542][  0]LogSlate: Slate User Registered.  User Index 0, Is Virtual User: 0
[2021.03.19-16.41.55:717][  0]LogHMD: Failed to initialize OpenVR with code 110
[2021.03.19-16.41.55:718][  0]LogD3D11RHI: D3D11 min allowed feature level: 11_0
[2021.03.19-16.41.55:718][  0]LogD3D11RHI: D3D11 max allowed feature level: 11_0
[2021.03.19-16.41.55:718][  0]LogD3D11RHI: D3D11 adapters:
[2021.03.19-16.41.55:865][  0]LogD3D11RHI:    0. 'Intel(R) HD Graphics 630' (Feature Level 11_0)
[2021.03.19-16.41.55:865][  0]LogD3D11RHI:       128/0/8134 MB DedicatedVideo/DedicatedSystem/SharedSystem, Outputs:1, VendorId:0x8086
[2021.03.19-16.41.55:868][  0]LogD3D11RHI:    1. 'Microsoft Basic Render Driver' (Feature Level 11_0)
[2021.03.19-16.41.55:868][  0]LogD3D11RHI:       0/0/8134 MB DedicatedVideo/DedicatedSystem/SharedSystem, Outputs:0, VendorId:0x1414
[2021.03.19-16.41.55:868][  0]LogD3D11RHI: Chosen D3D11 Adapter: 0
[2021.03.19-16.41.55:875][  0]LogD3D11RHI: Creating new Direct3DDevice
[2021.03.19-16.41.55:875][  0]LogD3D11RHI:     GPU DeviceId: 0x591b (for the marketing name, search the web for "GPU Device Id")
[2021.03.19-16.41.55:875][  0]LogWindows: EnumDisplayDevices:
[2021.03.19-16.41.55:875][  0]LogWindows:    0. 'Intel(R) HD Graphics 630' (P:1 D:1)
[2021.03.19-16.41.55:875][  0]LogWindows:    1. 'Intel(R) HD Graphics 630' (P:0 D:0)
[2021.03.19-16.41.55:876][  0]LogWindows:    2. 'Intel(R) HD Graphics 630' (P:0 D:0)
[2021.03.19-16.41.55:876][  0]LogWindows: DebugString: FoundDriverCount:3 
[2021.03.19-16.41.55:876][  0]LogD3D11RHI:     Adapter Name: Intel(R) HD Graphics 630
[2021.03.19-16.41.55:876][  0]LogD3D11RHI:   Driver Version: 23.20.16.4973 (internal:23.20.16.4973, unified:23.20.16.4973)
[2021.03.19-16.41.55:876][  0]LogD3D11RHI:      Driver Date: 2-28-2018
[2021.03.19-16.41.55:876][  0]LogRHI: Texture pool is 1523 MB (70% of 2176 MB)
[2021.03.19-16.41.56:007][  0]LogD3D11RHI: RHI does not have support for 64 bit atomics
[2021.03.19-16.41.56:007][  0]LogD3D11RHI: Async texture creation enabled
[2021.03.19-16.41.56:007][  0]LogD3D11RHI: Array index from any shader is supported
[2021.03.19-16.41.56:016][  0]LogD3D11RHI: GPU Timing Frequency: 12.000048 (Debug: 2 0)
[2021.03.19-16.41.56:368][  0]LogTargetPlatformManager: Display: Loaded TargetPlatform 'AllDesktop'
[2021.03.19-16.41.56:392][  0]LogTargetPlatformManager: Display: Loaded TargetPlatform 'Android'
[2021.03.19-16.41.56:392][  0]LogTargetPlatformManager: Display: Loaded TargetPlatform 'Android_ASTC'
[2021.03.19-16.41.56:392][  0]LogTargetPlatformManager: Display: Loaded TargetPlatform 'Android_DXT'
[2021.03.19-16.41.56:392][  0]LogTargetPlatformManager: Display: Loaded TargetPlatform 'Android_ETC2'
[2021.03.19-16.41.56:392][  0]LogTargetPlatformManager: Display: Loaded TargetPlatform 'AndroidClient'
[2021.03.19-16.41.56:392][  0]LogTargetPlatformManager: Display: Loaded TargetPlatform 'Android_ASTCClient'
[2021.03.19-16.41.56:392][  0]LogTargetPlatformManager: Display: Loaded TargetPlatform 'Android_DXTClient'
[2021.03.19-16.41.56:392][  0]LogTargetPlatformManager: Display: Loaded TargetPlatform 'Android_ETC2Client'
[2021.03.19-16.41.56:392][  0]LogTargetPlatformManager: Display: Loaded TargetPlatform 'Android_Multi'
[2021.03.19-16.41.56:392][  0]LogTargetPlatformManager: Display: Loaded TargetPlatform 'Android_MultiClient'
[2021.03.19-16.41.56:420][  0]LogTargetPlatformManager: Display: Loaded TargetPlatform 'IOSClient'
[2021.03.19-16.41.56:420][  0]LogTargetPlatformManager: Display: Loaded TargetPlatform 'IOS'
[2021.03.19-16.41.56:431][  0]LogTargetPlatformManager: Display: Loaded TargetPlatform 'Linux'
[2021.03.19-16.41.56:441][  0]LogTargetPlatformManager: Display: Loaded TargetPlatform 'LinuxNoEditor'
[2021.03.19-16.41.56:452][  0]LogTargetPlatformManager: Display: Loaded TargetPlatform 'LinuxClient'
[2021.03.19-16.41.56:462][  0]LogTargetPlatformManager: Display: Loaded TargetPlatform 'LinuxServer'
[2021.03.19-16.41.56:472][  0]LogTargetPlatformManager: Display: Loaded TargetPlatform 'LinuxAArch64NoEditor'
[2021.03.19-16.41.56:483][  0]LogTargetPlatformManager: Display: Loaded TargetPlatform 'LinuxAArch64Client'
[2021.03.19-16.41.56:494][  0]LogTargetPlatformManager: Display: Loaded TargetPlatform 'LinuxAArch64Server'
[2021.03.19-16.41.56:524][  0]LogTargetPlatformManager: Display: Loaded TargetPlatform 'Lumin'
[2021.03.19-16.41.56:524][  0]LogTargetPlatformManager: Display: Loaded TargetPlatform 'LuminClient'
[2021.03.19-16.41.56:543][  0]LogTargetPlatformManager: Display: Loaded TargetPlatform 'TVOSClient'
[2021.03.19-16.41.56:543][  0]LogTargetPlatformManager: Display: Loaded TargetPlatform 'TVOS'
[2021.03.19-16.41.56:553][  0]LogTargetPlatformManager: Display: Loaded TargetPlatform 'WindowsNoEditor'
[2021.03.19-16.41.56:564][  0]LogTargetPlatformManager: Display: Loaded TargetPlatform 'Windows'
[2021.03.19-16.41.56:575][  0]LogTargetPlatformManager: Display: Loaded TargetPlatform 'WindowsClient'
[2021.03.19-16.41.56:585][  0]LogTargetPlatformManager: Display: Loaded TargetPlatform 'WindowsServer'
[2021.03.19-16.41.56:585][  0]LogTargetPlatformManager: Display: Building Assets For Windows
[2021.03.19-16.41.56:594][  0]LogAudioDebug: Display: Lib vorbis DLL was dynamically loaded.
[2021.03.19-16.41.56:657][  0]LogShaderCompilers: Guid format shader working directory is -104 characters bigger than the processId version (../../../../../../Users/TEMP.DESKTOP-DV3H2OO/Documents/Escuela/Facultad/8 semestre/Optimizacion de videojuegos/PIA/repo/OpVideojuegos/White3/OpVideojuegos/Whiteroom/Intermediate/Shaders/WorkingDirectory/25416/).
[2021.03.19-16.41.56:657][  0]LogShaderCompilers: Cleaned the shader compiler working directory 'C:/Users/TEMP.DESKTOP-DV3H2OO/AppData/Local/Temp/UnrealShaderWorkingDir/6E5D087D47A4ACAD9C3249A3F6E6D670/'.
[2021.03.19-16.41.56:658][  0]LogXGEController: Cleaning working directory: C:/Users/TEMP.DESKTOP-DV3H2OO/AppData/Local/Temp/UnrealXGEWorkingDir/
[2021.03.19-16.41.56:658][  0]LogXGEController: Cannot use XGE Controller as Incredibuild is not installed on this machine.
[2021.03.19-16.41.56:658][  0]LogShaderCompilers: Cannot use XGE Shader Compiler as Incredibuild is not installed on this machine.
[2021.03.19-16.41.56:658][  0]LogShaderCompilers: Display: Using Local Shader Compiler.
[2021.03.19-16.41.57:518][  0]LogDerivedDataCache: Display: Max Cache Size: 512 MB
[2021.03.19-16.41.57:588][  0]LogDerivedDataCache: Loaded boot cache 0.07s 76MB C:/Users/TEMP.DESKTOP-DV3H2OO/AppData/Local/UnrealEngine/4.25/DerivedDataCache/Boot.ddc.
[2021.03.19-16.41.57:588][  0]LogDerivedDataCache: Display: Loaded Boot cache: C:/Users/TEMP.DESKTOP-DV3H2OO/AppData/Local/UnrealEngine/4.25/DerivedDataCache/Boot.ddc
[2021.03.19-16.41.57:588][  0]LogDerivedDataCache: FDerivedDataBackendGraph:  Pak pak cache file ../../../../../../Users/TEMP.DESKTOP-DV3H2OO/Documents/Escuela/Facultad/8 semestre/Optimizacion de videojuegos/PIA/repo/OpVideojuegos/White3/OpVideojuegos/Whiteroom/DerivedDataCache/DDC.ddp not found, will not use a pak cache.
[2021.03.19-16.41.57:588][  0]LogDerivedDataCache: Unable to find inner node Pak for hierarchical cache Hierarchy.
[2021.03.19-16.41.57:588][  0]LogDerivedDataCache: FDerivedDataBackendGraph:  CompressedPak pak cache file ../../../../../../Users/TEMP.DESKTOP-DV3H2OO/Documents/Escuela/Facultad/8 semestre/Optimizacion de videojuegos/PIA/repo/OpVideojuegos/White3/OpVideojuegos/Whiteroom/DerivedDataCache/Compressed.ddp not found, will not use a pak cache.
[2021.03.19-16.41.57:588][  0]LogDerivedDataCache: Unable to find inner node CompressedPak for hierarchical cache Hierarchy.
[2021.03.19-16.41.57:600][  0]LogDerivedDataCache: Display: Pak cache opened for reading ../../../Engine/DerivedDataCache/Compressed.ddp.
[2021.03.19-16.41.57:600][  0]LogDerivedDataCache: FDerivedDataBackendGraph:  EnterprisePak pak cache file ../../../Enterprise/DerivedDataCache/Compressed.ddp not found, will not use a pak cache.
[2021.03.19-16.41.57:600][  0]LogDerivedDataCache: Unable to find inner node EnterprisePak for hierarchical cache Hierarchy.
[2021.03.19-16.41.57:601][  0]LogDerivedDataCache: Using Local data cache path C:/Users/TEMP.DESKTOP-DV3H2OO/AppData/Local/UnrealEngine/Common/DerivedDataCache: Writable
[2021.03.19-16.41.57:601][  0]LogDerivedDataCache: Shared data cache path not found in *engine.ini, will not use an Shared cache.
[2021.03.19-16.41.57:601][  0]LogDerivedDataCache: Unable to find inner node Shared for hierarchical cache Hierarchy.
[2021.03.19-16.41.57:666][  0]LogSlate: Using FreeType 2.10.0
[2021.03.19-16.41.57:667][  0]LogSlate: SlateFontServices - WITH_FREETYPE: 1, WITH_HARFBUZZ: 1
[2021.03.19-16.41.57:699][  0]LogAssetRegistry: FAssetRegistry took 0.0030 seconds to start up
[2021.03.19-16.41.57:950][  0]LogInit: Selected Device Profile: [Windows]
[2021.03.19-16.41.58:082][  0]LogMeshReduction: Using QuadricMeshReduction for automatic static mesh reduction
[2021.03.19-16.41.58:082][  0]LogMeshReduction: Using SimplygonMeshReduction for automatic skeletal mesh reduction
[2021.03.19-16.41.58:082][  0]LogMeshReduction: Using ProxyLODMeshReduction for automatic mesh merging
[2021.03.19-16.41.58:082][  0]LogMeshReduction: No distributed automatic mesh merging module available
[2021.03.19-16.41.58:082][  0]LogMeshMerging: No distributed automatic mesh merging module available
[2021.03.19-16.41.58:097][  0]LogNetVersion: whiteroom 1.0.0, NetCL: 13144385, EngineNetVer: 14, GameNetVer: 0 (Checksum: 3709002521)
[2021.03.19-16.41.58:599][  0]LogAISub: UAISubsystem::UAISubsystem AISubsystem (000002BD8B841BC0), frame # 0
[2021.03.19-16.41.58:600][  0]LogAISub: UAISubsystem::UAISubsystem AIPerceptionSystem (000002BD8B786AC0), frame # 0
[2021.03.19-16.41.58:601][  0]LogAISub: UAISubsystem::UAISubsystem EnvQueryManager (000002BD8C763C00), frame # 0
[2021.03.19-16.41.58:660][  0]LogPackageLocalizationCache: Processed 19 localized package path(s) for 1 prioritized culture(s) in 0.048974 seconds
[2021.03.19-16.41.58:666][  0]LogUObjectArray: 15917 objects as part of root set at end of initial load.
[2021.03.19-16.41.58:666][  0]LogUObjectAllocator: 3965568 out of 0 bytes used by permanent object pool.
[2021.03.19-16.41.58:666][  0]LogUObjectArray: CloseDisregardForGC: 0/0 objects in disregard for GC pool
[2021.03.19-16.41.59:044][  0]LogTcpMessaging: Initializing TcpMessaging bridge
[2021.03.19-16.41.59:049][  0]LogUdpMessaging: Initializing bridge on interface 0.0.0.0:0 to multicast group 230.0.0.1:6666.
[2021.03.19-16.41.59:137][  0]SourceControl: Source control is disabled
[2021.03.19-16.41.59:137][  0]SourceControl: Source control is disabled
[2021.03.19-16.41.59:141][  0]SourceControl: Source control is disabled
[2021.03.19-16.41.59:144][  0]SourceControl: Source control is disabled
[2021.03.19-16.41.59:152][  0]SourceControl: Source control is disabled
[2021.03.19-16.41.59:411][  0]LogAndroidPermission: UAndroidPermissionCallbackProxy::GetInstance
[2021.03.19-16.41.59:432][  0]LogAudioCaptureCore: Display: No Audio Capture implementations found. Audio input will be silent.
[2021.03.19-16.41.59:432][  0]LogAudioCaptureCore: Display: No Audio Capture implementations found. Audio input will be silent.
[2021.03.19-16.41.59:488][  0]LogOcInput: OculusInput pre-init called
[2021.03.19-16.41.59:502][  0]LogWindows: Failed to load 'OVRPlugin.dll' (GetLastError=126)
[2021.03.19-16.41.59:502][  0]LogWindows: File 'OVRPlugin.dll' does not exist
[2021.03.19-16.41.59:569][  0]LogEngine: Initializing Engine...
[2021.03.19-16.41.59:571][  0]LogHMD: Failed to initialize OpenVR with code 110
[2021.03.19-16.41.59:571][  0]LogMagicLeap: Warning: VR disabled because ZI is not enabled.  To enable, in the editor, Edit -> Project Settings -> Plugins -> Magic Leap Plugin -> Enable Zero Iteration
[2021.03.19-16.41.59:572][  0]LogStats: UGameplayTagsManager::InitializeManager -  0.000 s
[2021.03.19-16.41.59:715][  0]LogInit: Initializing FReadOnlyCVARCache
[2021.03.19-16.41.59:725][  0]LogAIModule: Creating AISystem for world Untitled
[2021.03.19-16.41.59:725][  0]LogAISub: UAISubsystem::UAISubsystem EnvQueryManager (000002BD904D9A00), frame # 0
[2021.03.19-16.41.59:725][  0]LogAISub: UAISubsystem::UAISubsystem AIPerceptionSystem (000002BD904F6D40), frame # 0
[2021.03.19-16.41.59:760][  0]LogAudioMixer: Display: Audio Mixer Platform Settings:
[2021.03.19-16.41.59:760][  0]LogAudioMixer: Display: 	Sample Rate:						  48000
[2021.03.19-16.41.59:760][  0]LogAudioMixer: Display: 	Callback Buffer Frame Size Requested: 1024
[2021.03.19-16.41.59:760][  0]LogAudioMixer: Display: 	Callback Buffer Frame Size To Use:	  1024
[2021.03.19-16.41.59:760][  0]LogAudioMixer: Display: 	Number of buffers to queue:			  2
[2021.03.19-16.41.59:760][  0]LogAudioMixer: Display: 	Max Channels (voices):				  32
[2021.03.19-16.41.59:760][  0]LogAudioMixer: Display: 	Number of Async Source Workers:		  0
[2021.03.19-16.41.59:760][  0]LogAudio: Display: AudioDevice MaxSources: 32
[2021.03.19-16.41.59:760][  0]LogAudio: Display: Using built-in audio occlusion.
[2021.03.19-16.41.59:760][  0]LogAudioMixer: Display: Initializing audio mixer.
[2021.03.19-16.41.59:777][  0]LogAudioMixer: Display: 0: FrontLeft
[2021.03.19-16.41.59:777][  0]LogAudioMixer: Display: 1: FrontRight
[2021.03.19-16.42.00:261][  0]LogAudioMixer: Display: Using Audio Device Speakers (Realtek High Definition Audio)
[2021.03.19-16.42.00:265][  0]LogAudioMixer: Display: Initializing Sound Submixes...
[2021.03.19-16.42.00:267][  0]LogAudioMixer: Display: Creating Master Submix 'MasterSubmixDefault'
[2021.03.19-16.42.00:268][  0]LogAudioMixer: Display: Creating Master Submix 'MasterReverbSubmixDefault'
[2021.03.19-16.42.00:269][  0]LogAudioMixer: Display: Creating Master Submix 'MasterEQSubmixDefault'
[2021.03.19-16.42.00:269][  0]LogInit: FAudioDevice initialized.
[2021.03.19-16.42.00:270][  0]LogNetVersion: Set ProjectVersion to 1.0.0.0. Version Checksum will be recalculated on next use.
[2021.03.19-16.42.00:525][  0]LogDerivedDataCache: Saved boot cache 0.26s 76MB C:/Users/TEMP.DESKTOP-DV3H2OO/AppData/Local/UnrealEngine/4.25/DerivedDataCache/Boot.ddc.
[2021.03.19-16.42.00:525][  0]LogInit: Texture streaming: Enabled
[2021.03.19-16.42.00:545][  0]LogEngineSessionManager: EngineSessionManager initialized
[2021.03.19-16.42.00:545][  0]LogEditorSessionSummary: Verbose: Initializing EditorSessionSummaryWriter for editor session tracking
[2021.03.19-16.42.00:547][  0]LogEditorSessionSummary: EditorSessionSummaryWriter initialized
[2021.03.19-16.42.00:790][  0]LogInit: Transaction tracking system initialized
[2021.03.19-16.42.00:811][  0]BlueprintLog: New page: Editor Load
[2021.03.19-16.42.00:885][  0]LocalizationService: Localization service is disabled
[2021.03.19-16.42.01:261][  0]LogCook: Display: Max memory allowance for cook 16384mb min free memory 0mb
[2021.03.19-16.42.01:261][  0]LogCook: Display: Mobile HDR setting 1
[2021.03.19-16.42.01:367][  0]LogFileCache: Scanning file cache for directory 'C:/Users/TEMP.DESKTOP-DV3H2OO/Documents/Escuela/Facultad/8 semestre/Optimizacion de videojuegos/PIA/repo/OpVideojuegos/White3/OpVideojuegos/Whiteroom/Content/' took 0.01s
[2021.03.19-16.42.01:658][  0]SourceControl: Source control is disabled
[2021.03.19-16.42.01:658][  0]LogUnrealEdMisc: Loading editor; pre map load, took 8.781
[2021.03.19-16.42.01:659][  0]LightingResults: New page: Lighting Build
[2021.03.19-16.42.01:660][  0]LogWorld: UWorld::CleanupWorld for Untitled, bSessionEnded=true, bCleanupResources=true
[2021.03.19-16.42.01:660][  0]LogSlate: InvalidateAllWidgets triggered.  All widgets were invalidated
[2021.03.19-16.42.01:660][  0]MapCheck: New page: Map Check
[2021.03.19-16.42.01:660][  0]LightingResults: New page: Lighting Build
[2021.03.19-16.42.01:669][  0]LogAISub: UAISubsystem::~UAISubsystem EnvQueryManager (000002BD904D9A00), frame # 0
[2021.03.19-16.42.01:669][  0]LogAISub: UAISubsystem::~UAISubsystem AIPerceptionSystem (000002BD904F6D40), frame # 0
[2021.03.19-16.42.01:670][  0]LogUObjectHash: Compacting FUObjectHashTables data took   0.80ms
[2021.03.19-16.42.01:954][  0]LogAIModule: Creating AISystem for world ThirdPersonExampleMap
[2021.03.19-16.42.01:954][  0]LogAISub: UAISubsystem::UAISubsystem EnvQueryManager (000002BD84A70A00), frame # 0
[2021.03.19-16.42.01:954][  0]LogAISub: UAISubsystem::UAISubsystem AIPerceptionSystem (000002BD84A6D6C0), frame # 0
[2021.03.19-16.42.01:963][  0]LogEditorServer: Finished looking for orphan Actors (0.000 secs)
[2021.03.19-16.42.02:048][  0]LogUObjectHash: Compacting FUObjectHashTables data took   0.83ms
[2021.03.19-16.42.02:048][  0]Cmd: MAP CHECKDEP NOCLEARLOG
[2021.03.19-16.42.02:048][  0]MapCheck: Map check complete: 0 Error(s), 0 Warning(s), took 0.166ms to complete.
[2021.03.19-16.42.02:048][  0]LogFileHelpers: Loading map 'ThirdPersonExampleMap' took 0.389
[2021.03.19-16.42.02:050][  0]LogUnrealEdMisc: Total Editor Startup Time, took 9.171
[2021.03.19-16.42.02:181][  0]LogSlate: Updating window title bar state: overlay mode, drag disabled, window buttons hidden, title bar hidden
[2021.03.19-16.42.02:188][  0]LogSlate: Updating window title bar state: overlay mode, drag disabled, window buttons hidden, title bar hidden
[2021.03.19-16.42.02:197][  0]LogSlate: Updating window title bar state: overlay mode, drag disabled, window buttons hidden, title bar hidden
[2021.03.19-16.42.02:206][  0]LogSlate: Updating window title bar state: overlay mode, drag disabled, window buttons hidden, title bar hidden
[2021.03.19-16.42.02:213][  0]LogCollectionManager: Loaded 0 collections in 0.002176 seconds
[2021.03.19-16.42.02:230][  0]LogFileCache: Scanning file cache for directory 'C:/Users/TEMP.DESKTOP-DV3H2OO/Documents/Escuela/Facultad/8 semestre/Optimizacion de videojuegos/PIA/repo/OpVideojuegos/White3/OpVideojuegos/Whiteroom/Saved/Collections/' took 0.00s
[2021.03.19-16.42.02:230][  0]LogFileCache: Scanning file cache for directory 'C:/Users/TEMP.DESKTOP-DV3H2OO/Documents/Escuela/Facultad/8 semestre/Optimizacion de videojuegos/PIA/repo/OpVideojuegos/White3/OpVideojuegos/Whiteroom/Content/Developers/AlexBazaldua/Collections/' took 0.00s
[2021.03.19-16.42.02:230][  0]LogFileCache: Scanning file cache for directory 'C:/Users/TEMP.DESKTOP-DV3H2OO/Documents/Escuela/Facultad/8 semestre/Optimizacion de videojuegos/PIA/repo/OpVideojuegos/White3/OpVideojuegos/Whiteroom/Content/Collections/' took 0.00s
[2021.03.19-16.42.02:230][  0]LogContentBrowser: Native class hierarchy populated in 0.0095 seconds. Added 3427 classes and 821 folders.
[2021.03.19-16.42.02:235][  0]LogContentBrowser: Native class hierarchy updated for 'WidgetCarousel' in 0.0003 seconds. Added 0 classes and 0 folders.
[2021.03.19-16.42.02:315][  0]LogContentBrowser: Native class hierarchy updated for 'AddContentDialog' in 0.0003 seconds. Added 0 classes and 0 folders.
[2021.03.19-16.42.02:316][  0]LogContentBrowser: Native class hierarchy updated for 'SceneOutliner' in 0.0003 seconds. Added 2 classes and 0 folders.
[2021.03.19-16.42.02:325][  0]LogContentBrowser: Native class hierarchy updated for 'WorldBrowser' in 0.0003 seconds. Added 2 classes and 3 folders.
[2021.03.19-16.42.02:444][  0]LogSlate: Took 0.000173 seconds to synchronously load lazily loaded font '../../../Engine/Content/Slate/Fonts/Roboto-Regular.ttf' (155K)
[2021.03.19-16.42.02:446][  0]LogSlate: Took 0.000207 seconds to synchronously load lazily loaded font '../../../Engine/Content/Slate/Fonts/Roboto-Bold.ttf' (160K)
[2021.03.19-16.42.02:452][  0]LogSlate: Took 0.000175 seconds to synchronously load lazily loaded font '../../../Engine/Content/Editor/Slate/Fonts/FontAwesome.ttf' (139K)
[2021.03.19-16.42.02:551][  0]LogRenderer: Reallocating scene render targets to support 776x240 Format 9 NumSamples 1 (Frame:1).
[2021.03.19-16.42.02:649][  0]LogContentBrowser: Native class hierarchy updated for 'HierarchicalLODOutliner' in 0.0003 seconds. Added 0 classes and 0 folders.
[2021.03.19-16.42.02:649][  0]LogLoad: (Engine Initialization) Total time: 9.77 seconds
[2021.03.19-16.42.02:649][  0]LogLoad: (Engine Initialization) Total Blueprint compile time: 0.00 seconds
[2021.03.19-16.42.02:696][  0]LogAssetRegistry: Asset discovery search completed in 4.9977 seconds
[2021.03.19-16.42.02:700][  0]LogCollectionManager: Fixed up redirectors for 0 collections in 0.000003 seconds (updated 0 objects)
[2021.03.19-16.42.02:701][  0]LogContentStreaming: Texture pool size now 400 MB
[2021.03.19-16.42.02:765][  0]LogSlate: Took 0.000184 seconds to synchronously load lazily loaded font '../../../Engine/Content/Slate/Fonts/Roboto-Light.ttf' (167K)
[2021.03.19-16.42.02:988][  2]LogRenderer: Reallocating scene render targets to support 776x256 Format 9 NumSamples 1 (Frame:1).
[2021.03.19-16.42.32:082][560]LogActorFactory: Actor Factory created SM_Pickup
[2021.03.19-16.42.33:899][635]LogActorFactory: Actor Factory created SM_Pickup
[2021.03.19-16.42.36:202][721]Cmd: DELETE
[2021.03.19-16.42.36:202][721]Cmd: ACTOR DELETE
[2021.03.19-16.42.36:761][721]LogEditorActor: Deleted Actor: Brush
[2021.03.19-16.42.36:791][721]LogUObjectHash: Compacting FUObjectHashTables data took   1.96ms
[2021.03.19-16.42.37:871][721]LogEditorActor: Deleted 1 Actors (1.246 secs)
[2021.03.19-16.42.38:826][773]LogRenderer: Reallocating scene render targets to support 776x260 Format 9 NumSamples 1 (Frame:1787).
[2021.03.19-16.42.38:853][774]LogRenderer: Reallocating scene render targets to support 776x268 Format 9 NumSamples 1 (Frame:1789).
[2021.03.19-16.42.38:881][775]LogRenderer: Reallocating scene render targets to support 776x276 Format 9 NumSamples 1 (Frame:1791).
[2021.03.19-16.42.38:905][776]LogRenderer: Reallocating scene render targets to support 776x280 Format 9 NumSamples 1 (Frame:1793).
[2021.03.19-16.42.38:931][777]LogRenderer: Reallocating scene render targets to support 776x284 Format 9 NumSamples 1 (Frame:1795).
[2021.03.19-16.42.40:455][858]LogTemp: Repeating last play command: Selected Viewport
[2021.03.19-16.42.40:480][858]LogPlayLevel: PlayLevel: No blueprints needed recompiling
[2021.03.19-16.42.40:508][858]PIE: New page: PIE session: ThirdPersonExampleMap (Mar 19, 2021, 4:42:40 AM)
[2021.03.19-16.42.40:521][858]LogOnline: OSS: Creating online subsystem instance for: NULL
[2021.03.19-16.42.40:529][858]LogOnline: OSS: TryLoadSubsystemAndSetDefault: Loaded subsystem for module [NULL]
[2021.03.19-16.42.40:529][858]LogPlayLevel: Creating play world package: /Game/ThirdPersonBP/Maps/UEDPIE_0_ThirdPersonExampleMap
[2021.03.19-16.42.40:566][858]LogPlayLevel: PIE: StaticDuplicateObject took: (0.037225s)
[2021.03.19-16.42.40:567][858]LogAIModule: Creating AISystem for world ThirdPersonExampleMap
[2021.03.19-16.42.40:567][858]LogAISub: UAISubsystem::UAISubsystem EnvQueryManager (000002BDC1769E00), frame # 1858
[2021.03.19-16.42.40:567][858]LogAISub: UAISubsystem::UAISubsystem AIPerceptionSystem (000002BDC1753D80), frame # 1858
[2021.03.19-16.42.40:568][858]LogPlayLevel: PIE: World Init took: (0.001436s)
[2021.03.19-16.42.40:568][858]LogPlayLevel: PIE: Created PIE world by copying editor world from /Game/ThirdPersonBP/Maps/ThirdPersonExampleMap.ThirdPersonExampleMap to /Game/ThirdPersonBP/Maps/UEDPIE_0_ThirdPersonExampleMap.ThirdPersonExampleMap (0.038832s)
[2021.03.19-16.42.40:577][858]LogUObjectHash: Compacting FUObjectHashTables data took   0.63ms
[2021.03.19-16.42.40:579][858]LogAudioMixer: Display: Audio Mixer Platform Settings:
[2021.03.19-16.42.40:579][858]LogAudioMixer: Display: 	Sample Rate:						  48000
[2021.03.19-16.42.40:579][858]LogAudioMixer: Display: 	Callback Buffer Frame Size Requested: 1024
[2021.03.19-16.42.40:579][858]LogAudioMixer: Display: 	Callback Buffer Frame Size To Use:	  1024
[2021.03.19-16.42.40:579][858]LogAudioMixer: Display: 	Number of buffers to queue:			  2
[2021.03.19-16.42.40:579][858]LogAudioMixer: Display: 	Max Channels (voices):				  32
[2021.03.19-16.42.40:579][858]LogAudioMixer: Display: 	Number of Async Source Workers:		  0
[2021.03.19-16.42.40:579][858]LogAudio: Display: AudioDevice MaxSources: 32
[2021.03.19-16.42.40:579][858]LogAudio: Display: Using built-in audio occlusion.
[2021.03.19-16.42.40:579][858]LogAudioMixer: Display: Initializing audio mixer.
[2021.03.19-16.42.40:584][858]LogAudioMixer: Display: 0: FrontLeft
[2021.03.19-16.42.40:584][858]LogAudioMixer: Display: 1: FrontRight
[2021.03.19-16.42.40:697][858]LogAudioMixer: Display: Using Audio Device Speakers (Realtek High Definition Audio)
[2021.03.19-16.42.40:697][858]LogAudioMixer: Display: Initializing Sound Submixes...
[2021.03.19-16.42.40:697][858]LogAudioMixer: Display: Creating Master Submix 'MasterSubmixDefault'
[2021.03.19-16.42.40:698][858]LogAudioMixer: Display: Creating Master Submix 'MasterReverbSubmixDefault'
[2021.03.19-16.42.40:698][858]LogAudioMixer: Display: Creating Master Submix 'MasterEQSubmixDefault'
[2021.03.19-16.42.40:714][858]LogInit: FAudioDevice initialized.
[2021.03.19-16.42.40:725][858]LogLoad: Game class is 'ThirdPersonGameMode_C'
[2021.03.19-16.42.40:789][858]LogWorld: Bringing World /Game/ThirdPersonBP/Maps/UEDPIE_0_ThirdPersonExampleMap.ThirdPersonExampleMap up for play (max tick rate 60) at 2021.03.19-10.42.40
[2021.03.19-16.42.40:789][858]LogWorld: Bringing up level for play took: 0.003785
[2021.03.19-16.42.40:790][858]LogOnline: OSS: Creating online subsystem instance for: :Context_3
[2021.03.19-16.42.40:906][858]LogContentBrowser: Native class hierarchy updated for 'MovieSceneCapture' in 0.0005 seconds. Added 20 classes and 0 folders.
[2021.03.19-16.42.40:936][858]PIE: Server logged in
[2021.03.19-16.42.40:936][858]PIE: Play in editor total start time 0.457 seconds.
[2021.03.19-16.43.05:655][323]LogSlate: Updating window title bar state: overlay mode, drag disabled, window buttons hidden, title bar hidden
[2021.03.19-16.43.05:655][323]LogWorld: BeginTearingDown for /Game/ThirdPersonBP/Maps/UEDPIE_0_ThirdPersonExampleMap
[2021.03.19-16.43.05:656][323]LogWorld: UWorld::CleanupWorld for ThirdPersonExampleMap, bSessionEnded=true, bCleanupResources=true
[2021.03.19-16.43.05:658][323]LogSlate: InvalidateAllWidgets triggered.  All widgets were invalidated
[2021.03.19-16.43.05:761][323]LogPlayLevel: Display: Shutting down PIE online subsystems
[2021.03.19-16.43.05:766][323]LogSlate: InvalidateAllWidgets triggered.  All widgets were invalidated
[2021.03.19-16.43.05:839][323]LogSlate: Updating window title bar state: overlay mode, drag disabled, window buttons hidden, title bar hidden
[2021.03.19-16.43.05:845][323]LogAISub: UAISubsystem::~UAISubsystem EnvQueryManager (000002BDC1769E00), frame # 3323
[2021.03.19-16.43.05:845][323]LogAISub: UAISubsystem::~UAISubsystem AIPerceptionSystem (000002BDC1753D80), frame # 3323
[2021.03.19-16.43.05:847][323]LogUObjectHash: Compacting FUObjectHashTables data took   1.96ms
[2021.03.19-16.43.05:905][324]LogPlayLevel: Display: Destroying online subsystem :Context_3
[2021.03.19-16.43.06:634][366]LogEditorViewport: Clicking on Actor (LMB): StaticMeshActor (SM_Pickup)
[2021.03.19-16.43.17:288][964]LogSlate: Took 0.000169 seconds to synchronously load lazily loaded font '../../../Engine/Content/Slate/Fonts/Roboto-Light.ttf' (167K)
[2021.03.19-16.43.31:102][496]LogRenderer: Reallocating scene render targets to support 776x288 Format 9 NumSamples 1 (Frame:3022).
[2021.03.19-16.43.31:143][497]LogRenderer: Reallocating scene render targets to support 776x292 Format 9 NumSamples 1 (Frame:3024).
[2021.03.19-16.43.31:176][498]LogRenderer: Reallocating scene render targets to support 776x300 Format 9 NumSamples 1 (Frame:3026).
[2021.03.19-16.43.31:221][499]LogRenderer: Reallocating scene render targets to support 776x312 Format 9 NumSamples 1 (Frame:3028).
[2021.03.19-16.43.31:238][500]LogRenderer: Reallocating scene render targets to support 776x324 Format 9 NumSamples 1 (Frame:3030).
[2021.03.19-16.43.31:268][501]LogRenderer: Reallocating scene render targets to support 776x332 Format 9 NumSamples 1 (Frame:3032).
[2021.03.19-16.43.31:298][502]LogRenderer: Reallocating scene render targets to support 776x340 Format 9 NumSamples 1 (Frame:3034).
[2021.03.19-16.43.31:328][503]LogRenderer: Reallocating scene render targets to support 776x344 Format 9 NumSamples 1 (Frame:3036).
[2021.03.19-16.43.31:358][504]LogRenderer: Reallocating scene render targets to support 776x348 Format 9 NumSamples 1 (Frame:3038).
[2021.03.19-16.43.36:069][778]LogUObjectHash: Compacting FUObjectHashTables data took   0.85ms
[2021.03.19-16.43.36:211][778]LogSavePackage: Moving '../../../../../../Users/TEMP.DESKTOP-DV3H2OO/Documents/Escuela/Facultad/8 semestre/Optimizacion de videojuegos/PIA/repo/OpVideojuegos/White3/OpVideojuegos/Whiteroom/Saved/ThirdPersonExampleMapACD2892B4D72123160CDDB986E0C23E6.tmp' to '../../../../../../Users/TEMP.DESKTOP-DV3H2OO/Documents/Escuela/Facultad/8 semestre/Optimizacion de videojuegos/PIA/repo/OpVideojuegos/White3/OpVideojuegos/Whiteroom/Content/ThirdPersonBP/Maps/ThirdPersonExampleMap.umap'
[2021.03.19-16.43.36:517][778]LogSavePackage: Moving '../../../../../../Users/TEMP.DESKTOP-DV3H2OO/Documents/Escuela/Facultad/8 semestre/Optimizacion de videojuegos/PIA/repo/OpVideojuegos/White3/OpVideojuegos/Whiteroom/Saved/ThirdPersonExampleMap_BuiltData409DEED74F87754A4455D29766DD5676.tmp' to '../../../../../../Users/TEMP.DESKTOP-DV3H2OO/Documents/Escuela/Facultad/8 semestre/Optimizacion de videojuegos/PIA/repo/OpVideojuegos/White3/OpVideojuegos/Whiteroom/Content/ThirdPersonBP/Maps/ThirdPersonExampleMap_BuiltData.uasset'
[2021.03.19-16.43.36:530][778]AssetCheck: New page: Asset Save: multiple assets
[2021.03.19-16.43.36:530][778]LogContentValidation: Display: Validating World /Game/ThirdPersonBP/Maps/ThirdPersonExampleMap.ThirdPersonExampleMap
[2021.03.19-16.43.36:530][778]LogContentValidation: Display: Validating MapBuildDataRegistry /Game/ThirdPersonBP/Maps/ThirdPersonExampleMap_BuiltData.ThirdPersonExampleMap_BuiltData
[2021.03.19-16.43.37:034][807]LogUObjectHash: Compacting FUObjectHashTables data took   0.88ms
[2021.03.19-16.43.40:548][931]LogTemp: Repeating last play command: Selected Viewport
[2021.03.19-16.43.40:561][931]LogPlayLevel: PlayLevel: No blueprints needed recompiling
[2021.03.19-16.43.40:561][931]PIE: New page: PIE session: ThirdPersonExampleMap (Mar 19, 2021, 4:43:40 AM)
[2021.03.19-16.43.40:562][931]LogPlayLevel: Creating play world package: /Game/ThirdPersonBP/Maps/UEDPIE_0_ThirdPersonExampleMap
[2021.03.19-16.43.40:597][931]LogPlayLevel: PIE: StaticDuplicateObject took: (0.035877s)
[2021.03.19-16.43.40:598][931]LogAIModule: Creating AISystem for world ThirdPersonExampleMap
[2021.03.19-16.43.40:598][931]LogAISub: UAISubsystem::UAISubsystem EnvQueryManager (000002BDACF4CC00), frame # 4931
[2021.03.19-16.43.40:599][931]LogAISub: UAISubsystem::UAISubsystem AIPerceptionSystem (000002BD82A34CC0), frame # 4931
[2021.03.19-16.43.40:599][931]LogPlayLevel: PIE: World Init took: (0.001322s)
[2021.03.19-16.43.40:599][931]LogPlayLevel: PIE: Created PIE world by copying editor world from /Game/ThirdPersonBP/Maps/ThirdPersonExampleMap.ThirdPersonExampleMap to /Game/ThirdPersonBP/Maps/UEDPIE_0_ThirdPersonExampleMap.ThirdPersonExampleMap (0.037393s)
[2021.03.19-16.43.40:608][931]LogUObjectHash: Compacting FUObjectHashTables data took   0.64ms
[2021.03.19-16.43.40:612][931]LogAudioMixer: Display: Audio Mixer Platform Settings:
[2021.03.19-16.43.40:612][931]LogAudioMixer: Display: 	Sample Rate:						  48000
[2021.03.19-16.43.40:612][931]LogAudioMixer: Display: 	Callback Buffer Frame Size Requested: 1024
[2021.03.19-16.43.40:612][931]LogAudioMixer: Display: 	Callback Buffer Frame Size To Use:	  1024
[2021.03.19-16.43.40:612][931]LogAudioMixer: Display: 	Number of buffers to queue:			  2
[2021.03.19-16.43.40:612][931]LogAudioMixer: Display: 	Max Channels (voices):				  32
[2021.03.19-16.43.40:612][931]LogAudioMixer: Display: 	Number of Async Source Workers:		  0
[2021.03.19-16.43.40:612][931]LogAudio: Display: AudioDevice MaxSources: 32
[2021.03.19-16.43.40:612][931]LogAudio: Display: Using built-in audio occlusion.
[2021.03.19-16.43.40:612][931]LogAudioMixer: Display: Initializing audio mixer.
[2021.03.19-16.43.40:614][931]LogAudioMixer: Display: 0: FrontLeft
[2021.03.19-16.43.40:614][931]LogAudioMixer: Display: 1: FrontRight
[2021.03.19-16.43.40:714][931]LogAudioMixer: Display: Using Audio Device Speakers (Realtek High Definition Audio)
[2021.03.19-16.43.40:714][931]LogAudioMixer: Display: Initializing Sound Submixes...
[2021.03.19-16.43.40:714][931]LogAudioMixer: Display: Creating Master Submix 'MasterSubmixDefault'
[2021.03.19-16.43.40:714][931]LogAudioMixer: Display: Creating Master Submix 'MasterReverbSubmixDefault'
[2021.03.19-16.43.40:714][931]LogAudioMixer: Display: Creating Master Submix 'MasterEQSubmixDefault'
[2021.03.19-16.43.40:729][931]LogInit: FAudioDevice initialized.
[2021.03.19-16.43.40:739][931]LogLoad: Game class is 'ThirdPersonGameMode_C'
[2021.03.19-16.43.40:743][931]LogWorld: Bringing World /Game/ThirdPersonBP/Maps/UEDPIE_0_ThirdPersonExampleMap.ThirdPersonExampleMap up for play (max tick rate 60) at 2021.03.19-10.43.40
[2021.03.19-16.43.40:743][931]LogWorld: Bringing up level for play took: 0.003166
[2021.03.19-16.43.40:743][931]LogOnline: OSS: Creating online subsystem instance for: :Context_4
[2021.03.19-16.43.40:746][931]PIE: Server logged in
[2021.03.19-16.43.40:746][931]PIE: Play in editor total start time 0.186 seconds.
[2021.03.19-16.44.05:132][383]LogSlate: Updating window title bar state: overlay mode, drag disabled, window buttons hidden, title bar hidden
[2021.03.19-16.44.05:133][383]LogWorld: BeginTearingDown for /Game/ThirdPersonBP/Maps/UEDPIE_0_ThirdPersonExampleMap
[2021.03.19-16.44.05:133][383]LogWorld: UWorld::CleanupWorld for ThirdPersonExampleMap, bSessionEnded=true, bCleanupResources=true
[2021.03.19-16.44.05:133][383]LogSlate: InvalidateAllWidgets triggered.  All widgets were invalidated
[2021.03.19-16.44.05:146][383]LogPlayLevel: Display: Shutting down PIE online subsystems
[2021.03.19-16.44.05:149][383]LogSlate: InvalidateAllWidgets triggered.  All widgets were invalidated
[2021.03.19-16.44.05:225][383]LogSlate: Updating window title bar state: overlay mode, drag disabled, window buttons hidden, title bar hidden
[2021.03.19-16.44.05:231][383]LogAISub: UAISubsystem::~UAISubsystem AIPerceptionSystem (000002BD82A34CC0), frame # 6383
[2021.03.19-16.44.05:231][383]LogAISub: UAISubsystem::~UAISubsystem EnvQueryManager (000002BDACF4CC00), frame # 6383
[2021.03.19-16.44.05:233][383]LogUObjectHash: Compacting FUObjectHashTables data took   1.74ms
[2021.03.19-16.44.05:311][384]LogPlayLevel: Display: Destroying online subsystem :Context_4
[2021.03.19-16.44.14:852][934]MapCheck: New page: Map Check
[2021.03.19-16.44.14:883][934]Cmd: MAP REBUILD ALLVISIBLE
[2021.03.19-16.44.14:883][934]LogEditorServer: Rebuildmap Clear paths rebuilt
[2021.03.19-16.44.15:101][934]LogWorld: UWorld::CleanupWorld for ThirdPersonExampleMap, bSessionEnded=true, bCleanupResources=false
[2021.03.19-16.44.15:863][934]LightingResults: New page: Lighting Build - Mar 19, 2021, 4:44:15 AM
[2021.03.19-16.44.16:963][934]LogSwarmInterface: [OpenConnection] Registering TCP channel ...
[2021.03.19-16.44.17:447][934]LogSwarmInterface: [OpenConnection] Connecting to agent ...
[2021.03.19-16.44.17:705][934]LogSwarmInterface: [TryOpenConnection] Testing the Agent
[2021.03.19-16.44.20:446][934]LogSwarmInterface: [TryOpenConnection] Opening Connection to Agent
[2021.03.19-16.44.20:446][934]LogSwarmInterface: [TryOpenConnection] Local Process ID is 25416
[2021.03.19-16.44.30:423][934]LightingResults: Warning: No importance volume found and the scene is so large that the automatically synthesized volume will not yield good results.  Please add a tightly bounding lightmass importance volume to optimize your scene's quality and lighting build times.
[2021.03.19-16.44.30:424][934]LogStaticLightingSystem: Running Lightmass w/ ImmediateImport mode ENABLED
[2021.03.19-16.44.30:424][934]LogStaticLightingSystem: Running Lightmass w/ ImmediateProcess mode ENABLED
[2021.03.19-16.44.30:424][934]LogStaticLightingSystem: Running Lightmass w/ Sorting mode ENABLED
[2021.03.19-16.44.30:424][934]LogStaticLightingSystem: Running Lightmass w/ Mapping paddings ENABLED
[2021.03.19-16.44.30:424][934]LogStaticLightingSystem: Running Lightmass w/ Mapping debug paddings DISABLED
[2021.03.19-16.44.32:984][934]LogEditorBuildUtils: Build time 0:18
[2021.03.19-16.44.33:070][935]LogMaterial: Display: Missing cached shader map for material FLightmassMaterialRenderer M_Pickup_Body, compiling. 
[2021.03.19-16.44.33:132][935]LogMaterial: Display: Missing cached shader map for material FLightmassMaterialRenderer M_Pickup_Body, compiling. 
[2021.03.19-16.44.33:155][935]LogShaderCompilers: Display: Worker (1/3): shaders left to compile 2
[2021.03.19-16.44.33:155][935]LogShaderCompilers: Display: Worker (2/3): shaders left to compile 1
[2021.03.19-16.44.33:306][936]LogMaterial: Display: Missing cached shader map for material FLightmassMaterialRenderer M_Pickup_Interior, compiling. 
[2021.03.19-16.44.33:339][936]LogMaterial: Display: Missing cached shader map for material FLightmassMaterialRenderer M_Pickup_Interior, compiling. 
[2021.03.19-16.44.33:342][936]LogMaterial: Display: Missing cached shader map for material FLightmassMaterialRenderer M_Pickup_Interior, compiling. 
[2021.03.19-16.44.33:383][936]LogShaderCompilers: Display: Worker (3/3): shaders left to compile 8
[2021.03.19-16.44.33:436][937]LogMaterial: Display: Missing cached shader map for material FLightmassMaterialRenderer MI_ShapeInstance, compiling. 
[2021.03.19-16.44.33:501][937]LogMaterial: Display: Missing cached shader map for material FLightmassMaterialRenderer MI_ShapeInstance, compiling. 
[2021.03.19-16.44.33:591][938]LogMaterial: Display: Missing cached shader map for material FLightmassMaterialRenderer M_Pickup_Under, compiling. 
[2021.03.19-16.44.33:594][938]LogMaterial: Display: Missing cached shader map for material FLightmassMaterialRenderer M_Pickup_Under, compiling. 
[2021.03.19-16.44.37:146][940]LogShaderCompilers: Display: Worker (2/3): shaders left to compile 13
[2021.03.19-16.44.37:146][940]LogShaderCompilers: Display: Worker (1/3): shaders left to compile 8
[2021.03.19-16.44.37:146][940]LogShaderCompilers: Display: Worker (3/3): shaders left to compile 5
[2021.03.19-16.44.37:146][940]LogShaderCompilers: Display: Worker (1/3): shaders left to compile 3
[2021.03.19-16.44.37:146][940]LogShaderCompilers: Display: Worker (3/3): shaders left to compile 1
[2021.03.19-16.44.37:427][948]LogUObjectHash: Compacting FUObjectHashTables data took   0.82ms
[2021.03.19-16.45.05:802][495]Job is a success!
[2021.03.19-16.45.07:782][496]LogVolumetricLightmapImport: Imported Volumetric Lightmap in 1.332s
[2021.03.19-16.45.07:782][496]LogVolumetricLightmapImport:      Indirection Texture 32x32x32 = 0.1Mb
[2021.03.19-16.45.07:782][496]LogVolumetricLightmapImport:      BrickData (all levels) 2.5Mb (trimmed 5.4Mb due to 0.010000 MinBrickError)
[2021.03.19-16.45.07:782][496]LogVolumetricLightmapImport:      Bricks at depth
[2021.03.19-16.45.07:782][496]LogVolumetricLightmapImport:          0: 2.6% covering 100.0% of volume
[2021.03.19-16.45.07:782][496]LogVolumetricLightmapImport:          1: 31.3% covering 19.1% of volume
[2021.03.19-16.45.07:782][496]LogVolumetricLightmapImport:          2: 66.1% covering 0.6% of volume
[2021.03.19-16.45.07:782][496]LogVolumetricLightmapImport:      Bricks in each level
[2021.03.19-16.45.07:782][496]LogVolumetricLightmapImport:          ThirdPersonExampleMap 			 313 bricks 	 100.0% (Persistent Level)
[2021.03.19-16.45.10:146][496]LogTexture: Display: Building textures: SkyOcclusion1_1 (AutoDXT, 1024X512)
[2021.03.19-16.45.10:146][496]LogTexture: Display: Building textures: HQ_Lightmap1_1 (AutoDXT, 1024X1024)
[2021.03.19-16.45.10:146][496]LogTexture: Display: Building textures: LQ_Lightmap_1_1 (DXT1, 1024X1024)
[2021.03.19-16.45.10:146][496]LogTexture: Display: Building textures: SkyOcclusion1_2 (AutoDXT, 1024X512)
[2021.03.19-16.45.10:146][496]LogTexture: Display: Building textures: HQ_Lightmap1_2 (AutoDXT, 1024X1024)
[2021.03.19-16.45.10:146][496]LogTexture: Display: Building textures: LQ_Lightmap_1_2 (DXT1, 1024X1024)
[2021.03.19-16.45.10:146][496]LogTexture: Display: Building textures: SkyOcclusion1_3 (AutoDXT, 512X256)
[2021.03.19-16.45.10:146][496]LogTexture: Display: Building textures: HQ_Lightmap1_3 (AutoDXT, 512X512)
[2021.03.19-16.45.10:146][496]LogTexture: Display: Building textures: LQ_Lightmap_1_3 (DXT1, 512X512)
[2021.03.19-16.45.10:643][496]LogTexture: Display: Building textures: ShadowMapTexture2D_4 (G8, 512X256)
[2021.03.19-16.45.10:643][496]LogTexture: Display: Building textures: ShadowMapTexture2D_2 (G8, 512X512)
[2021.03.19-16.45.10:643][496]LogTexture: Display: Building textures: ShadowMapTexture2D_3 (G8, 1024X512)
[2021.03.19-16.45.10:643][496]Lightmass on DESKTOP-DV3H2OO: 30.4 sec total, 733 ms importing, 73 ms setup, 5.29 sec photons, 23.7 sec processing, 0 ms extra exporting [447/447 mappings]. Threads: 1:35 min total, 21.0 sec processing.
[2021.03.19-16.45.10:684][496]LogStaticLightingSystem: ThirdPersonExampleMap_BuiltData storing lightmap data for 86 meshes in 3 LightmapResourceClusters (28.7 Meshes per cluster).
[2021.03.19-16.45.10:754][496]LogUObjectHash: Compacting FUObjectHashTables data took   0.83ms
[2021.03.19-16.45.11:427][496]LogStaticLightingSystem: Illumination: 55.5 sec (1.73 sec encoding lightmaps, 182 ms encoding shadowmaps)
[2021.03.19-16.45.11:463][496]LogStaticLightingSystem: Lightmap texture memory:  6.0 MB (3.3 MB streaming, 2.7 MB non-streaming), 6 textures
[2021.03.19-16.45.11:463][496]LogStaticLightingSystem: Shadowmap texture memory: 1.2 MB (0.5 MB streaming, 0.7 MB non-streaming), 3 textures
[2021.03.19-16.45.18:464][496]DumpUnbuiltLightIteractions
[2021.03.19-16.45.18:464][496]Lights with unbuilt interactions: 0
[2021.03.19-16.45.18:464][496]
[2021.03.19-16.45.18:464][496]Primitives with unbuilt interactions: 0
[2021.03.19-16.45.19:600][496]LogSlate: Took 0.588796 seconds to synchronously load lazily loaded font '../../../Engine/Content/Slate/Fonts/DroidSansMono.ttf' (77K)
[2021.03.19-16.45.19:603][497]Cmd: MAP CHECK NOTIFYRESULTS
[2021.03.19-16.45.19:603][497]MapCheck: New page: ThirdPersonExampleMap - Mar 19, 2021, 4:45:19 AM
[2021.03.19-16.45.19:604][497]MapCheck: Map check complete: 0 Error(s), 0 Warning(s), took 1.229ms to complete.
[2021.03.19-16.45.28:322][983]LogSlate: Window 'Message Log' being destroyed
[2021.03.19-16.45.28:346][983]LogSlate: Window 'Message Log' being destroyed
[2021.03.19-16.45.31:575][175]LogUObjectHash: Compacting FUObjectHashTables data took   0.66ms
[2021.03.19-16.45.31:655][175]LogSavePackage: Moving '../../../../../../Users/TEMP.DESKTOP-DV3H2OO/Documents/Escuela/Facultad/8 semestre/Optimizacion de videojuegos/PIA/repo/OpVideojuegos/White3/OpVideojuegos/Whiteroom/Saved/ThirdPersonExampleMap48277C374EFB75DD9970BEA5F9C8E175.tmp' to '../../../../../../Users/TEMP.DESKTOP-DV3H2OO/Documents/Escuela/Facultad/8 semestre/Optimizacion de videojuegos/PIA/repo/OpVideojuegos/White3/OpVideojuegos/Whiteroom/Content/ThirdPersonBP/Maps/ThirdPersonExampleMap.umap'
[2021.03.19-16.45.31:867][175]LogSavePackage: Moving '../../../../../../Users/TEMP.DESKTOP-DV3H2OO/Documents/Escuela/Facultad/8 semestre/Optimizacion de videojuegos/PIA/repo/OpVideojuegos/White3/OpVideojuegos/Whiteroom/Saved/ThirdPersonExampleMap_BuiltData42974C494175D508958449AE63C30262.tmp' to '../../../../../../Users/TEMP.DESKTOP-DV3H2OO/Documents/Escuela/Facultad/8 semestre/Optimizacion de videojuegos/PIA/repo/OpVideojuegos/White3/OpVideojuegos/Whiteroom/Content/ThirdPersonBP/Maps/ThirdPersonExampleMap_BuiltData.uasset'
[2021.03.19-16.45.31:878][175]AssetCheck: New page: Asset Save: multiple assets
[2021.03.19-16.45.31:878][175]LogContentValidation: Display: Validating World /Game/ThirdPersonBP/Maps/ThirdPersonExampleMap.ThirdPersonExampleMap
[2021.03.19-16.45.31:878][175]LogContentValidation: Display: Validating MapBuildDataRegistry /Game/ThirdPersonBP/Maps/ThirdPersonExampleMap_BuiltData.ThirdPersonExampleMap_BuiltData
[2021.03.19-16.45.32:752][227]LogUObjectHash: Compacting FUObjectHashTables data took   0.30ms
