Log file open, 04/20/21 21:07:11
LogInit: Display: Running engine for game: DeepWoodland2
LogPlatformFile: Not using cached read wrapper
LogTaskGraph: Started task graph with 5 named threads and 14 total threads with 3 sets of task threads.
LogStats: Stats thread started at 0.294173
LogD3D11RHI: Loaded GFSDK_Aftermath_Lib.x64.dll
LogICUInternationalization: ICU TimeZone Detection - Raw Offset: -6:00, Platform Override: ''
LogPluginManager: Mounting plugin Paper2D
LogPluginManager: Mounting plugin AISupport
LogPluginManager: Mounting plugin LightPropagationVolume
LogPluginManager: Mounting plugin CameraShakePreviewer
LogPluginManager: Mounting plugin ActorLayerUtilities
LogPluginManager: Mounting plugin AnimationSharing
LogPluginManager: Mounting plugin CLionSourceCodeAccess
LogPluginManager: Mounting plugin CodeLiteSourceCodeAccess
LogPluginManager: Mounting plugin GitSourceControl
LogPluginManager: Mounting plugin KDevelopSourceCodeAccess
LogPluginManager: Mounting plugin NullSourceCodeAccess
LogPluginManager: Mounting plugin PerforceSourceControl
LogPluginManager: Mounting plugin PlasticSourceControl
LogPluginManager: Mounting plugin RiderSourceCodeAccess
LogPluginManager: Mounting plugin SubversionSourceControl
LogPluginManager: Mounting plugin UObjectPlugin
LogPluginManager: Mounting plugin VisualStudioCodeSourceCodeAccess
LogPluginManager: Mounting plugin VisualStudioSourceCodeAccess
LogPluginManager: Mounting plugin XCodeSourceCodeAccess
LogPluginManager: Mounting plugin AssetManagerEditor
LogPluginManager: Mounting plugin CryptoKeys
LogPluginManager: Mounting plugin CurveEditorTools
LogPluginManager: Mounting plugin DataValidation
LogPluginManager: Mounting plugin EditorScriptingUtilities
LogPluginManager: Mounting plugin FacialAnimation
LogPluginManager: Mounting plugin GameplayTagsEditor
LogPluginManager: Mounting plugin GeometryMode
LogPluginManager: Mounting plugin MacGraphicsSwitching
LogPluginManager: Mounting plugin MaterialAnalyzer
LogPluginManager: Mounting plugin MobileLauncherProfileWizard
LogPluginManager: Mounting plugin PluginBrowser
LogPluginManager: Mounting plugin SpeedTreeImporter
LogPluginManager: Mounting plugin DatasmithContent
LogPluginManager: Mounting plugin VariantManagerContent
LogPluginManager: Mounting plugin AlembicImporter
LogPluginManager: Mounting plugin AutomationUtils
LogPluginManager: Mounting plugin BackChannel
LogPluginManager: Mounting plugin ChaosCloth
LogPluginManager: Mounting plugin ChaosClothEditor
LogPluginManager: Mounting plugin ChaosEditor
LogPluginManager: Mounting plugin ChaosNiagara
LogPluginManager: Mounting plugin ChaosSolverPlugin
LogPluginManager: Mounting plugin CharacterAI
LogPluginManager: Mounting plugin GeometryCache
LogPluginManager: Mounting plugin GeometryCollectionPlugin
LogPluginManager: Mounting plugin GeometryProcessing
LogPluginManager: Mounting plugin PlanarCut
LogPluginManager: Mounting plugin PlatformCrypto
LogPluginManager: Mounting plugin ProxyLODPlugin
LogPluginManager: Mounting plugin SkeletalReduction
LogPluginManager: Mounting plugin Niagara
LogPluginManager: Mounting plugin MagicLeap
LogPluginManager: Mounting plugin MagicLeapLightEstimation
LogPluginManager: Mounting plugin MagicLeapMedia
LogPluginManager: Mounting plugin MagicLeapPassableWorld
LogPluginManager: Mounting plugin MLSDK
LogPluginManager: Mounting plugin AndroidMedia
LogPluginManager: Mounting plugin AvfMedia
LogPluginManager: Mounting plugin ImgMedia
LogPluginManager: Mounting plugin MediaCompositing
LogPluginManager: Mounting plugin MediaPlayerEditor
LogPluginManager: Mounting plugin WebMMedia
LogPluginManager: Mounting plugin WmfMedia
LogPluginManager: Mounting plugin MeshPainting
LogPluginManager: Mounting plugin TcpMessaging
LogPluginManager: Mounting plugin UdpMessaging
LogPluginManager: Mounting plugin ActorSequence
LogPluginManager: Mounting plugin LevelSequenceEditor
LogPluginManager: Mounting plugin MatineeToLevelSequence
LogPluginManager: Mounting plugin MovieRenderPipeline
LogPluginManager: Mounting plugin TemplateSequence
LogPluginManager: Mounting plugin NetcodeUnitTest
LogPluginManager: Mounting plugin NUTUnrealEngine4
LogPluginManager: Mounting plugin OnlineSubsystemGooglePlay
LogPluginManager: Mounting plugin OnlineSubsystemIOS
LogPluginManager: Mounting plugin OnlineSubsystem
LogPluginManager: Mounting plugin OnlineSubsystemNull
LogPluginManager: Mounting plugin OnlineSubsystemUtils
LogPluginManager: Mounting plugin LauncherChunkInstaller
LogPluginManager: Mounting plugin AndroidDeviceProfileSelector
LogPluginManager: Mounting plugin AndroidMoviePlayer
LogPluginManager: Mounting plugin AndroidPermission
LogPluginManager: Mounting plugin ApexDestruction
LogPluginManager: Mounting plugin AppleImageUtils
LogPluginManager: Mounting plugin AppleMoviePlayer
LogPluginManager: Mounting plugin ArchVisCharacter
LogPluginManager: Mounting plugin AssetTags
LogPluginManager: Mounting plugin AudioCapture
LogPluginManager: Mounting plugin CableComponent
LogPluginManager: Mounting plugin CustomMeshComponent
LogPluginManager: Mounting plugin EditableMesh
LogPluginManager: Mounting plugin ExampleDeviceProfileSelector
LogPluginManager: Mounting plugin GoogleCloudMessaging
LogPluginManager: Mounting plugin GooglePAD
LogPluginManager: Mounting plugin IOSDeviceProfileSelector
LogPluginManager: Mounting plugin LinuxDeviceProfileSelector
LogPluginManager: Mounting plugin LocationServicesBPLibrary
LogPluginManager: Mounting plugin MobilePatchingUtils
LogPluginManager: Mounting plugin OculusVR
LogPluginManager: Mounting plugin PhysXVehicles
LogPluginManager: Mounting plugin PostSplashScreen
LogPluginManager: Mounting plugin ProceduralMeshComponent
LogPluginManager: Mounting plugin RuntimePhysXCooking
LogPluginManager: Mounting plugin SignificanceManager
LogPluginManager: Mounting plugin SoundFields
LogPluginManager: Mounting plugin SteamVR
LogPluginManager: Mounting plugin Synthesis
LogPluginManager: Mounting plugin WebMMoviePlayer
LogPluginManager: Mounting plugin WindowsMoviePlayer
LogPluginManager: Mounting plugin ScreenshotTools
LogInit: Using libcurl 7.55.1-DEV
LogInit:  - built for x86_64-pc-win32
LogInit:  - supports SSL with OpenSSL/1.1.1
LogInit:  - supports HTTP deflate (compression) using libz 1.2.8
LogInit:  - other features:
LogInit:      CURL_VERSION_SSL
LogInit:      CURL_VERSION_LIBZ
LogInit:      CURL_VERSION_IPV6
LogInit:      CURL_VERSION_ASYNCHDNS
LogInit:      CURL_VERSION_LARGEFILE
LogInit:      CURL_VERSION_IDN
LogInit:  CurlRequestOptions (configurable via config and command line):
LogInit:  - bVerifyPeer = true  - Libcurl will verify peer certificate
LogInit:  - bUseHttpProxy = false  - Libcurl will NOT use HTTP proxy
LogInit:  - bDontReuseConnections = false  - Libcurl will reuse connections
LogInit:  - MaxHostConnections = 16  - Libcurl will limit the number of connections to a host
LogInit:  - LocalHostAddr = Default
LogInit:  - BufferSize = 65536
LogOnline: OSS: Creating online subsystem instance for: NULL
LogInit: WinSock: version 1.1 (2.2), MaxSocks=32767, MaxUdp=65467
LogOnline: OSS: TryLoadSubsystemAndSetDefault: Loaded subsystem for module [NULL]
LogInit: Build: ++UE4+Release-4.25-CL-14469661
LogInit: Engine Version: 4.25.4-14469661+++UE4+Release-4.25
LogInit: Compatible Engine Version: 4.25.0-13144385+++UE4+Release-4.25
LogInit: Net CL: 13144385
LogInit: OS: Windows 10 (Release 2004) (), CPU: Intel(R) Core(TM) i5-7300HQ CPU @ 2.50GHz, GPU: Intel(R) HD Graphics 630
LogInit: Compiled (64-bit): Oct 11 2020 08:10:49
LogInit: Compiled with Visual C++: 19.24.28315.00
LogInit: Build Configuration: Development
LogInit: Branch Name: ++UE4+Release-4.25
LogInit: Command Line: 
LogInit: Base Directory: C:/Program Files/Epic Games/UE_4.25/Engine/Binaries/Win64/
LogInit: Allocator: TBB
LogInit: Installed Engine Build: 1
LogDevObjectVersion: Number of dev versions registered: 26
LogDevObjectVersion:   Dev-Blueprints (B0D832E4-1F89-4F0D-ACCF-7EB736FD4AA2): 10
LogDevObjectVersion:   Dev-Build (E1C64328-A22C-4D53-A36C-8E866417BD8C): 0
LogDevObjectVersion:   Dev-Core (375EC13C-06E4-48FB-B500-84F0262A717E): 4
LogDevObjectVersion:   Dev-Editor (E4B068ED-F494-42E9-A231-DA0B2E46BB41): 38
LogDevObjectVersion:   Dev-Framework (CFFC743F-43B0-4480-9391-14DF171D2073): 37
LogDevObjectVersion:   Dev-Mobile (B02B49B5-BB20-44E9-A304-32B752E40360): 2
LogDevObjectVersion:   Dev-Networking (A4E4105C-59A1-49B5-A7C5-40C4547EDFEE): 0
LogDevObjectVersion:   Dev-Online (39C831C9-5AE6-47DC-9A44-9C173E1C8E7C): 0
LogDevObjectVersion:   Dev-Physics (78F01B33-EBEA-4F98-B9B4-84EACCB95AA2): 4
LogDevObjectVersion:   Dev-Platform (6631380F-2D4D-43E0-8009-CF276956A95A): 0
LogDevObjectVersion:   Dev-Rendering (12F88B9F-8875-4AFC-A67C-D90C383ABD29): 43
LogDevObjectVersion:   Dev-Sequencer (7B5AE74C-D270-4C10-A958-57980B212A5A): 12
LogDevObjectVersion:   Dev-VR (D7296918-1DD6-4BDD-9DE2-64A83CC13884): 3
LogDevObjectVersion:   Dev-LoadTimes (C2A15278-BFE7-4AFE-6C17-90FF531DF755): 1
LogDevObjectVersion:   Private-Geometry (6EACA3D4-40EC-4CC1-B786-8BED09428FC5): 3
LogDevObjectVersion:   Dev-AnimPhys (29E575DD-E0A3-4627-9D10-D276232CDCEA): 17
LogDevObjectVersion:   Dev-Anim (AF43A65D-7FD3-4947-9873-3E8ED9C1BB05): 7
LogDevObjectVersion:   Dev-ReflectionCapture (6B266CEC-1EC7-4B8F-A30B-E4D90942FC07): 1
LogDevObjectVersion:   Dev-Automation (0DF73D61-A23F-47EA-B727-89E90C41499A): 1
LogDevObjectVersion:   FortniteMain (601D1886-AC64-4F84-AA16-D3DE0DEAC7D6): 31
LogDevObjectVersion:   Dev-Enterprise (9DFFBCD6-494F-0158-E221-12823C92A888): 10
LogDevObjectVersion:   Dev-Niagara (F2AED0AC-9AFE-416F-8664-AA7FFA26D6FC): 1
LogDevObjectVersion:   Dev-Destruction (174F1F0B-B4C6-45A5-B13F-2EE8D0FB917D): 10
LogDevObjectVersion:   Dev-Physics-Ext (35F94A83-E258-406C-A318-09F59610247C): 37
LogDevObjectVersion:   Dev-PhysicsMaterial-Chaos (B68FC16E-8B1B-42E2-B453-215C058844FE): 1
LogDevObjectVersion:   Dev-CineCamera (B2E18506-4273-CFC2-A54E-F4BB758BBA07): 1
LogInit: Presizing for max 25165824 objects, including 0 objects not considered by GC, pre-allocating 0 bytes for permanent pool.
LogConfig: Applying CVar settings from Section [/Script/Engine.StreamingSettings] File [C:/Users/TEMP.DESKTOP-DV3H2OO/Documents/GitHub/Optimiza/OpVideojuegos/DeepWoodland2/Saved/Config/Windows/Engine.ini]
LogConfig: Setting CVar [[s.MinBulkDataSizeForAsyncLoading:131072]]
LogConfig: Setting CVar [[s.AsyncLoadingThreadEnabled:0]]
LogConfig: Setting CVar [[s.EventDrivenLoaderEnabled:1]]
LogConfig: Setting CVar [[s.WarnIfTimeLimitExceeded:0]]
LogConfig: Setting CVar [[s.TimeLimitExceededMultiplier:1.5]]
LogConfig: Setting CVar [[s.TimeLimitExceededMinTime:0.005]]
LogConfig: Setting CVar [[s.UseBackgroundLevelStreaming:1]]
LogConfig: Setting CVar [[s.PriorityAsyncLoadingExtraTime:15.0]]
LogConfig: Setting CVar [[s.LevelStreamingActorsUpdateTimeLimit:5.0]]
LogConfig: Setting CVar [[s.PriorityLevelStreamingActorsUpdateExtraTime:5.0]]
LogConfig: Setting CVar [[s.LevelStreamingComponentsRegistrationGranularity:10]]
LogConfig: Setting CVar [[s.UnregisterComponentsTimeLimit:1.0]]
LogConfig: Setting CVar [[s.LevelStreamingComponentsUnregistrationGranularity:5]]
LogConfig: Setting CVar [[s.FlushStreamingOnExit:1]]
LogInit: Object subsystem initialized
LogConfig: Setting CVar [[con.DebugEarlyDefault:1]]
LogConfig: Setting CVar [[r.setres:1280x720]]
[2021.04.21-02.07.12:989][  0]LogConfig: Setting CVar [[r.VSync:0]]
[2021.04.21-02.07.12:989][  0]LogConfig: Setting CVar [[r.RHICmdBypass:0]]
[2021.04.21-02.07.12:989][  0]LogConfig: Applying CVar settings from Section [/Script/Engine.RendererSettings] File [C:/Users/TEMP.DESKTOP-DV3H2OO/Documents/GitHub/Optimiza/OpVideojuegos/DeepWoodland2/Saved/Config/Windows/Engine.ini]
[2021.04.21-02.07.12:989][  0]LogConfig: Setting CVar [[r.GPUCrashDebugging:0]]
[2021.04.21-02.07.12:989][  0]LogConfig: Applying CVar settings from Section [/Script/Engine.RendererOverrideSettings] File [C:/Users/TEMP.DESKTOP-DV3H2OO/Documents/GitHub/Optimiza/OpVideojuegos/DeepWoodland2/Saved/Config/Windows/Engine.ini]
[2021.04.21-02.07.12:989][  0]LogConfig: Applying CVar settings from Section [/Script/Engine.StreamingSettings] File [C:/Users/TEMP.DESKTOP-DV3H2OO/Documents/GitHub/Optimiza/OpVideojuegos/DeepWoodland2/Saved/Config/Windows/Engine.ini]
[2021.04.21-02.07.12:989][  0]LogConfig: Setting CVar [[s.MinBulkDataSizeForAsyncLoading:131072]]
[2021.04.21-02.07.12:989][  0]LogConfig: Setting CVar [[s.AsyncLoadingThreadEnabled:0]]
[2021.04.21-02.07.12:989][  0]LogConfig: Setting CVar [[s.EventDrivenLoaderEnabled:1]]
[2021.04.21-02.07.12:989][  0]LogConfig: Setting CVar [[s.WarnIfTimeLimitExceeded:0]]
[2021.04.21-02.07.12:989][  0]LogConfig: Setting CVar [[s.TimeLimitExceededMultiplier:1.5]]
[2021.04.21-02.07.12:989][  0]LogConfig: Setting CVar [[s.TimeLimitExceededMinTime:0.005]]
[2021.04.21-02.07.12:989][  0]LogConfig: Setting CVar [[s.UseBackgroundLevelStreaming:1]]
[2021.04.21-02.07.12:990][  0]LogConfig: Setting CVar [[s.PriorityAsyncLoadingExtraTime:15.0]]
[2021.04.21-02.07.12:990][  0]LogConfig: Setting CVar [[s.LevelStreamingActorsUpdateTimeLimit:5.0]]
[2021.04.21-02.07.12:990][  0]LogConfig: Setting CVar [[s.PriorityLevelStreamingActorsUpdateExtraTime:5.0]]
[2021.04.21-02.07.12:990][  0]LogConfig: Setting CVar [[s.LevelStreamingComponentsRegistrationGranularity:10]]
[2021.04.21-02.07.12:990][  0]LogConfig: Setting CVar [[s.UnregisterComponentsTimeLimit:1.0]]
[2021.04.21-02.07.12:990][  0]LogConfig: Setting CVar [[s.LevelStreamingComponentsUnregistrationGranularity:5]]
[2021.04.21-02.07.12:990][  0]LogConfig: Setting CVar [[s.FlushStreamingOnExit:1]]
[2021.04.21-02.07.12:990][  0]LogConfig: Applying CVar settings from Section [/Script/Engine.GarbageCollectionSettings] File [C:/Users/TEMP.DESKTOP-DV3H2OO/Documents/GitHub/Optimiza/OpVideojuegos/DeepWoodland2/Saved/Config/Windows/Engine.ini]
[2021.04.21-02.07.12:990][  0]LogConfig: Setting CVar [[gc.MaxObjectsNotConsideredByGC:1]]
[2021.04.21-02.07.12:990][  0]LogConfig: Setting CVar [[gc.SizeOfPermanentObjectPool:0]]
[2021.04.21-02.07.12:990][  0]LogConfig: Setting CVar [[gc.FlushStreamingOnGC:0]]
[2021.04.21-02.07.12:990][  0]LogConfig: Setting CVar [[gc.NumRetriesBeforeForcingGC:10]]
[2021.04.21-02.07.12:990][  0]LogConfig: Setting CVar [[gc.AllowParallelGC:1]]
[2021.04.21-02.07.12:990][  0]LogConfig: Setting CVar [[gc.TimeBetweenPurgingPendingKillObjects:61.1]]
[2021.04.21-02.07.12:990][  0]LogConfig: Setting CVar [[gc.MaxObjectsInEditor:25165824]]
[2021.04.21-02.07.12:990][  0]LogConfig: Setting CVar [[gc.IncrementalBeginDestroyEnabled:1]]
[2021.04.21-02.07.12:990][  0]LogConfig: Setting CVar [[gc.CreateGCClusters:1]]
[2021.04.21-02.07.12:990][  0]LogConfig: Setting CVar [[gc.MinGCClusterSize:5]]
[2021.04.21-02.07.12:990][  0]LogConfig: Setting CVar [[gc.ActorClusteringEnabled:0]]
[2021.04.21-02.07.12:990][  0]LogConfig: Setting CVar [[gc.BlueprintClusteringEnabled:0]]
[2021.04.21-02.07.12:990][  0]LogConfig: Setting CVar [[gc.UseDisregardForGCOnDedicatedServers:0]]
[2021.04.21-02.07.12:990][  0]LogConfig: Applying CVar settings from Section [/Script/Engine.NetworkSettings] File [C:/Users/TEMP.DESKTOP-DV3H2OO/Documents/GitHub/Optimiza/OpVideojuegos/DeepWoodland2/Saved/Config/Windows/Engine.ini]
[2021.04.21-02.07.12:990][  0]LogConfig: Applying CVar settings from Section [/Script/UnrealEd.CookerSettings] File [C:/Users/TEMP.DESKTOP-DV3H2OO/Documents/GitHub/Optimiza/OpVideojuegos/DeepWoodland2/Saved/Config/Windows/Engine.ini]
[2021.04.21-02.07.12:992][  0]LogConfig: Applying CVar settings from Section [ViewDistanceQuality@3] File [C:/Users/TEMP.DESKTOP-DV3H2OO/Documents/GitHub/Optimiza/OpVideojuegos/DeepWoodland2/Saved/Config/Windows/Scalability.ini]
[2021.04.21-02.07.12:992][  0]LogConfig: Setting CVar [[r.SkeletalMeshLODBias:0]]
[2021.04.21-02.07.12:992][  0]LogConfig: Setting CVar [[r.ViewDistanceScale:1.0]]
[2021.04.21-02.07.12:992][  0]LogConfig: Applying CVar settings from Section [AntiAliasingQuality@3] File [C:/Users/TEMP.DESKTOP-DV3H2OO/Documents/GitHub/Optimiza/OpVideojuegos/DeepWoodland2/Saved/Config/Windows/Scalability.ini]
[2021.04.21-02.07.12:992][  0]LogConfig: Setting CVar [[r.PostProcessAAQuality:4]]
[2021.04.21-02.07.12:992][  0]LogConfig: Applying CVar settings from Section [ShadowQuality@3] File [C:/Users/TEMP.DESKTOP-DV3H2OO/Documents/GitHub/Optimiza/OpVideojuegos/DeepWoodland2/Saved/Config/Windows/Scalability.ini]
[2021.04.21-02.07.12:992][  0]LogConfig: Setting CVar [[r.LightFunctionQuality:1]]
[2021.04.21-02.07.12:992][  0]LogConfig: Setting CVar [[r.ShadowQuality:5]]
[2021.04.21-02.07.12:992][  0]LogConfig: Setting CVar [[r.Shadow.CSM.MaxCascades:10]]
[2021.04.21-02.07.12:992][  0]LogConfig: Setting CVar [[r.Shadow.MaxResolution:2048]]
[2021.04.21-02.07.12:992][  0]LogConfig: Setting CVar [[r.Shadow.MaxCSMResolution:2048]]
[2021.04.21-02.07.12:992][  0]LogConfig: Setting CVar [[r.Shadow.RadiusThreshold:0.01]]
[2021.04.21-02.07.12:992][  0]LogConfig: Setting CVar [[r.Shadow.DistanceScale:1.0]]
[2021.04.21-02.07.12:992][  0]LogConfig: Setting CVar [[r.Shadow.CSM.TransitionScale:1.0]]
[2021.04.21-02.07.12:993][  0]LogConfig: Setting CVar [[r.Shadow.PreShadowResolutionFactor:1.0]]
[2021.04.21-02.07.12:993][  0]LogConfig: Setting CVar [[r.DistanceFieldShadowing:1]]
[2021.04.21-02.07.12:993][  0]LogConfig: Setting CVar [[r.DistanceFieldAO:1]]
[2021.04.21-02.07.12:993][  0]LogConfig: Setting CVar [[r.AOQuality:2]]
[2021.04.21-02.07.12:993][  0]LogConfig: Setting CVar [[r.VolumetricFog:1]]
[2021.04.21-02.07.12:993][  0]LogConfig: Setting CVar [[r.VolumetricFog.GridPixelSize:8]]
[2021.04.21-02.07.12:993][  0]LogConfig: Setting CVar [[r.VolumetricFog.GridSizeZ:128]]
[2021.04.21-02.07.12:993][  0]LogConfig: Setting CVar [[r.VolumetricFog.HistoryMissSupersampleCount:4]]
[2021.04.21-02.07.12:993][  0]LogConfig: Setting CVar [[r.LightMaxDrawDistanceScale:1]]
[2021.04.21-02.07.12:993][  0]LogConfig: Setting CVar [[r.CapsuleShadows:1]]
[2021.04.21-02.07.12:993][  0]LogConfig: Applying CVar settings from Section [PostProcessQuality@3] File [C:/Users/TEMP.DESKTOP-DV3H2OO/Documents/GitHub/Optimiza/OpVideojuegos/DeepWoodland2/Saved/Config/Windows/Scalability.ini]
[2021.04.21-02.07.12:993][  0]LogConfig: Setting CVar [[r.MotionBlurQuality:4]]
[2021.04.21-02.07.12:993][  0]LogConfig: Setting CVar [[r.AmbientOcclusionMipLevelFactor:0.4]]
[2021.04.21-02.07.12:993][  0]LogConfig: Setting CVar [[r.AmbientOcclusionMaxQuality:100]]
[2021.04.21-02.07.12:993][  0]LogConfig: Setting CVar [[r.AmbientOcclusionLevels:-1]]
[2021.04.21-02.07.12:993][  0]LogConfig: Setting CVar [[r.AmbientOcclusionRadiusScale:1.0]]
[2021.04.21-02.07.12:993][  0]LogConfig: Setting CVar [[r.DepthOfFieldQuality:2]]
[2021.04.21-02.07.12:993][  0]LogConfig: Setting CVar [[r.RenderTargetPoolMin:400]]
[2021.04.21-02.07.12:993][  0]LogConfig: Setting CVar [[r.LensFlareQuality:2]]
[2021.04.21-02.07.12:993][  0]LogConfig: Setting CVar [[r.SceneColorFringeQuality:1]]
[2021.04.21-02.07.12:993][  0]LogConfig: Setting CVar [[r.EyeAdaptationQuality:2]]
[2021.04.21-02.07.12:993][  0]LogConfig: Setting CVar [[r.BloomQuality:5]]
[2021.04.21-02.07.12:993][  0]LogConfig: Setting CVar [[r.FastBlurThreshold:100]]
[2021.04.21-02.07.12:993][  0]LogConfig: Setting CVar [[r.Upscale.Quality:3]]
[2021.04.21-02.07.12:993][  0]LogConfig: Setting CVar [[r.Tonemapper.GrainQuantization:1]]
[2021.04.21-02.07.12:993][  0]LogConfig: Setting CVar [[r.LightShaftQuality:1]]
[2021.04.21-02.07.12:993][  0]LogConfig: Setting CVar [[r.Filter.SizeScale:1]]
[2021.04.21-02.07.12:993][  0]LogConfig: Setting CVar [[r.Tonemapper.Quality:5]]
[2021.04.21-02.07.12:993][  0]LogConfig: Setting CVar [[r.DOF.Gather.AccumulatorQuality:1        ; higher gathering accumulator quality]]
[2021.04.21-02.07.12:993][  0]LogConfig: Setting CVar [[r.DOF.Gather.PostfilterMethod:1          ; Median3x3 postfilering method]]
[2021.04.21-02.07.12:993][  0]LogConfig: Setting CVar [[r.DOF.Gather.EnableBokehSettings:0       ; no bokeh simulation when gathering]]
[2021.04.21-02.07.12:993][  0]LogConfig: Setting CVar [[r.DOF.Gather.RingCount:4                 ; medium number of samples when gathering]]
[2021.04.21-02.07.12:993][  0]LogConfig: Setting CVar [[r.DOF.Scatter.ForegroundCompositing:1    ; additive foreground scattering]]
[2021.04.21-02.07.12:993][  0]LogConfig: Setting CVar [[r.DOF.Scatter.BackgroundCompositing:2    ; additive background scattering]]
[2021.04.21-02.07.12:993][  0]LogConfig: Setting CVar [[r.DOF.Scatter.EnableBokehSettings:1      ; bokeh simulation when scattering]]
[2021.04.21-02.07.12:993][  0]LogConfig: Setting CVar [[r.DOF.Scatter.MaxSpriteRatio:0.1         ; only a maximum of 10% of scattered bokeh]]
[2021.04.21-02.07.12:993][  0]LogConfig: Setting CVar [[r.DOF.Recombine.Quality:1                ; cheap slight out of focus]]
[2021.04.21-02.07.12:993][  0]LogConfig: Setting CVar [[r.DOF.Recombine.EnableBokehSettings:0    ; no bokeh simulation on slight out of focus]]
[2021.04.21-02.07.12:993][  0]LogConfig: Setting CVar [[r.DOF.TemporalAAQuality:1                ; more stable temporal accumulation]]
[2021.04.21-02.07.12:993][  0]LogConfig: Setting CVar [[r.DOF.Kernel.MaxForegroundRadius:0.025]]
[2021.04.21-02.07.12:993][  0]LogConfig: Setting CVar [[r.DOF.Kernel.MaxBackgroundRadius:0.025]]
[2021.04.21-02.07.12:993][  0]LogConfig: Applying CVar settings from Section [TextureQuality@3] File [C:/Users/TEMP.DESKTOP-DV3H2OO/Documents/GitHub/Optimiza/OpVideojuegos/DeepWoodland2/Saved/Config/Windows/Scalability.ini]
[2021.04.21-02.07.12:993][  0]LogConfig: Setting CVar [[r.Streaming.MipBias:0]]
[2021.04.21-02.07.12:993][  0]LogConfig: Setting CVar [[r.Streaming.AmortizeCPUToGPUCopy:0]]
[2021.04.21-02.07.12:993][  0]LogConfig: Setting CVar [[r.Streaming.MaxNumTexturesToStreamPerFrame:0]]
[2021.04.21-02.07.12:993][  0]LogConfig: Setting CVar [[r.Streaming.Boost:1]]
[2021.04.21-02.07.12:993][  0]LogConfig: Setting CVar [[r.MaxAnisotropy:8]]
[2021.04.21-02.07.12:993][  0]LogConfig: Setting CVar [[r.VT.MaxAnisotropy:8]]
[2021.04.21-02.07.12:993][  0]LogConfig: Setting CVar [[r.Streaming.LimitPoolSizeToVRAM:0]]
[2021.04.21-02.07.12:993][  0]LogConfig: Setting CVar [[r.Streaming.PoolSize:1000]]
[2021.04.21-02.07.12:993][  0]LogConfig: Setting CVar [[r.Streaming.MaxEffectiveScreenSize:0]]
[2021.04.21-02.07.12:993][  0]LogConfig: Applying CVar settings from Section [EffectsQuality@3] File [C:/Users/TEMP.DESKTOP-DV3H2OO/Documents/GitHub/Optimiza/OpVideojuegos/DeepWoodland2/Saved/Config/Windows/Scalability.ini]
[2021.04.21-02.07.12:993][  0]LogConfig: Setting CVar [[r.TranslucencyLightingVolumeDim:64]]
[2021.04.21-02.07.12:993][  0]LogConfig: Setting CVar [[r.RefractionQuality:2]]
[2021.04.21-02.07.12:993][  0]LogConfig: Setting CVar [[r.SSR.Quality:3]]
[2021.04.21-02.07.12:993][  0]LogConfig: Setting CVar [[r.SSR.HalfResSceneColor:0]]
[2021.04.21-02.07.12:993][  0]LogConfig: Setting CVar [[r.SceneColorFormat:4]]
[2021.04.21-02.07.12:993][  0]LogConfig: Setting CVar [[r.DetailMode:2]]
[2021.04.21-02.07.12:993][  0]LogConfig: Setting CVar [[r.TranslucencyVolumeBlur:1]]
[2021.04.21-02.07.12:993][  0]LogConfig: Setting CVar [[r.MaterialQualityLevel:1 ; High quality]]
[2021.04.21-02.07.12:993][  0]LogConfig: Setting CVar [[r.SSS.Scale:1]]
[2021.04.21-02.07.12:993][  0]LogConfig: Setting CVar [[r.SSS.SampleSet:2]]
[2021.04.21-02.07.12:993][  0]LogConfig: Setting CVar [[r.SSS.Quality:1]]
[2021.04.21-02.07.12:993][  0]LogConfig: Setting CVar [[r.SSS.HalfRes:0]]
[2021.04.21-02.07.12:993][  0]LogConfig: Setting CVar [[r.SSGI.Quality:3]]
[2021.04.21-02.07.12:993][  0]LogConfig: Setting CVar [[r.EmitterSpawnRateScale:1.0]]
[2021.04.21-02.07.12:993][  0]LogConfig: Setting CVar [[r.ParticleLightQuality:2]]
[2021.04.21-02.07.12:993][  0]LogConfig: Setting CVar [[r.SkyAtmosphere.AerialPerspectiveLUT.FastApplyOnOpaque:1 ; Always have FastSkyLUT 1 in this case to avoid wrong sky]]
[2021.04.21-02.07.12:993][  0]LogConfig: Setting CVar [[r.SkyAtmosphere.AerialPerspectiveLUT.SampleCountPerSlice:1]]
[2021.04.21-02.07.12:993][  0]LogConfig: Setting CVar [[r.SkyAtmosphere.AerialPerspectiveLUT.DepthResolution:16.0]]
[2021.04.21-02.07.12:993][  0]LogConfig: Setting CVar [[r.SkyAtmosphere.FastSkyLUT:1]]
[2021.04.21-02.07.12:993][  0]LogConfig: Setting CVar [[r.SkyAtmosphere.FastSkyLUT.SampleCountMin:4.0]]
[2021.04.21-02.07.12:993][  0]LogConfig: Setting CVar [[r.SkyAtmosphere.FastSkyLUT.SampleCountMax:32.0]]
[2021.04.21-02.07.12:993][  0]LogConfig: Setting CVar [[r.SkyAtmosphere.SampleCountMin:4.0]]
[2021.04.21-02.07.12:993][  0]LogConfig: Setting CVar [[r.SkyAtmosphere.SampleCountMax:32.0]]
[2021.04.21-02.07.12:993][  0]LogConfig: Setting CVar [[r.SkyAtmosphere.TransmittanceLUT.UseSmallFormat:0]]
[2021.04.21-02.07.12:994][  0]LogConfig: Setting CVar [[r.SkyAtmosphere.TransmittanceLUT.SampleCount:10.0]]
[2021.04.21-02.07.12:994][  0]LogConfig: Setting CVar [[r.SkyAtmosphere.MultiScatteringLUT.SampleCount:15.0]]
[2021.04.21-02.07.12:994][  0]LogConfig: Applying CVar settings from Section [FoliageQuality@3] File [C:/Users/TEMP.DESKTOP-DV3H2OO/Documents/GitHub/Optimiza/OpVideojuegos/DeepWoodland2/Saved/Config/Windows/Scalability.ini]
[2021.04.21-02.07.12:994][  0]LogConfig: Setting CVar [[foliage.DensityScale:1.0]]
[2021.04.21-02.07.12:994][  0]LogConfig: Setting CVar [[grass.DensityScale:1.0]]
[2021.04.21-02.07.12:994][  0]LogConfig: Applying CVar settings from Section [ShadingQuality@3] File [C:/Users/TEMP.DESKTOP-DV3H2OO/Documents/GitHub/Optimiza/OpVideojuegos/DeepWoodland2/Saved/Config/Windows/Scalability.ini]
[2021.04.21-02.07.12:994][  0]LogConfig: Setting CVar [[r.HairStrands.SkyLighting.SampleCount:16]]
[2021.04.21-02.07.12:994][  0]LogConfig: Setting CVar [[r.HairStrands.SkyLighting.JitterIntegration:0]]
[2021.04.21-02.07.12:994][  0]LogConfig: Setting CVar [[r.HairStrands.SkyAO.SampleCount:16]]
[2021.04.21-02.07.12:994][  0]LogConfig: Setting CVar [[r.HairStrands.DeepShadow.SuperSampling:0]]
[2021.04.21-02.07.12:994][  0]LogConfig: Setting CVar [[r.HairStrands.VisibilityPPLL:0]]
[2021.04.21-02.07.12:994][  0]LogConfig: Setting CVar [[r.HairStrands.RasterizationScale:0.5]]
[2021.04.21-02.07.12:994][  0]LogConfig: Setting CVar [[r.HairStrands.VelocityRasterizationScale:1]]
[2021.04.21-02.07.12:994][  0]LogInit: Selected Device Profile: [Windows]
[2021.04.21-02.07.12:994][  0]LogInit: Applying CVar settings loaded from the selected device profile: [Windows]
[2021.04.21-02.07.12:994][  0]LogHAL: Display: Platform has ~ 16 GB [17058402304 / 17179869184 / 16], which maps to Larger [LargestMinGB=32, LargerMinGB=12, DefaultMinGB=8, SmallerMinGB=6, SmallestMinGB=0)
[2021.04.21-02.07.12:994][  0]LogInit: Going up to parent DeviceProfile []
[2021.04.21-02.07.12:994][  0]LogConfig: Applying CVar settings from Section [ViewDistanceQuality@0] File [C:/Users/TEMP.DESKTOP-DV3H2OO/Documents/GitHub/Optimiza/OpVideojuegos/DeepWoodland2/Saved/Config/Windows/Scalability.ini]
[2021.04.21-02.07.12:994][  0]LogConfig: Setting CVar [[r.SkeletalMeshLODBias:2]]
[2021.04.21-02.07.12:994][  0]LogConfig: Setting CVar [[r.ViewDistanceScale:0.4]]
[2021.04.21-02.07.12:994][  0]LogConfig: Applying CVar settings from Section [AntiAliasingQuality@0] File [C:/Users/TEMP.DESKTOP-DV3H2OO/Documents/GitHub/Optimiza/OpVideojuegos/DeepWoodland2/Saved/Config/Windows/Scalability.ini]
[2021.04.21-02.07.12:994][  0]LogConfig: Setting CVar [[r.PostProcessAAQuality:0]]
[2021.04.21-02.07.12:994][  0]LogConfig: Applying CVar settings from Section [ShadowQuality@0] File [C:/Users/TEMP.DESKTOP-DV3H2OO/Documents/GitHub/Optimiza/OpVideojuegos/DeepWoodland2/Saved/Config/Windows/Scalability.ini]
[2021.04.21-02.07.12:994][  0]LogConfig: Setting CVar [[r.LightFunctionQuality:0]]
[2021.04.21-02.07.12:994][  0]LogConfig: Setting CVar [[r.ShadowQuality:0]]
[2021.04.21-02.07.12:994][  0]LogConfig: Setting CVar [[r.Shadow.CSM.MaxCascades:1]]
[2021.04.21-02.07.12:994][  0]LogConfig: Setting CVar [[r.Shadow.MaxResolution:512]]
[2021.04.21-02.07.12:994][  0]LogConfig: Setting CVar [[r.Shadow.MaxCSMResolution:512]]
[2021.04.21-02.07.12:994][  0]LogConfig: Setting CVar [[r.Shadow.RadiusThreshold:0.06]]
[2021.04.21-02.07.12:994][  0]LogConfig: Setting CVar [[r.Shadow.DistanceScale:0.6]]
[2021.04.21-02.07.12:994][  0]LogConfig: Setting CVar [[r.Shadow.CSM.TransitionScale:0]]
[2021.04.21-02.07.12:994][  0]LogConfig: Setting CVar [[r.Shadow.PreShadowResolutionFactor:0.5]]
[2021.04.21-02.07.12:994][  0]LogConfig: Setting CVar [[r.DistanceFieldShadowing:0]]
[2021.04.21-02.07.12:994][  0]LogConfig: Setting CVar [[r.DistanceFieldAO:0]]
[2021.04.21-02.07.12:994][  0]LogConfig: Setting CVar [[r.VolumetricFog:0]]
[2021.04.21-02.07.12:994][  0]LogConfig: Setting CVar [[r.LightMaxDrawDistanceScale:0]]
[2021.04.21-02.07.12:994][  0]LogConfig: Setting CVar [[r.CapsuleShadows:0]]
[2021.04.21-02.07.12:994][  0]LogConfig: Applying CVar settings from Section [PostProcessQuality@0] File [C:/Users/TEMP.DESKTOP-DV3H2OO/Documents/GitHub/Optimiza/OpVideojuegos/DeepWoodland2/Saved/Config/Windows/Scalability.ini]
[2021.04.21-02.07.12:994][  0]LogConfig: Setting CVar [[r.MotionBlurQuality:0]]
[2021.04.21-02.07.12:994][  0]LogConfig: Setting CVar [[r.AmbientOcclusionMipLevelFactor:1.0]]
[2021.04.21-02.07.12:994][  0]LogConfig: Setting CVar [[r.AmbientOcclusionMaxQuality:0]]
[2021.04.21-02.07.12:994][  0]LogConfig: Setting CVar [[r.AmbientOcclusionLevels:0]]
[2021.04.21-02.07.12:994][  0]LogConfig: Setting CVar [[r.AmbientOcclusionRadiusScale:1.2]]
[2021.04.21-02.07.12:994][  0]LogConfig: Setting CVar [[r.DepthOfFieldQuality:0]]
[2021.04.21-02.07.12:994][  0]LogConfig: Setting CVar [[r.RenderTargetPoolMin:300]]
[2021.04.21-02.07.12:994][  0]LogConfig: Setting CVar [[r.LensFlareQuality:0]]
[2021.04.21-02.07.12:994][  0]LogConfig: Setting CVar [[r.SceneColorFringeQuality:0]]
[2021.04.21-02.07.12:994][  0]LogConfig: Setting CVar [[r.EyeAdaptationQuality:0]]
[2021.04.21-02.07.12:994][  0]LogConfig: Setting CVar [[r.BloomQuality:4]]
[2021.04.21-02.07.12:994][  0]LogConfig: Setting CVar [[r.FastBlurThreshold:0]]
[2021.04.21-02.07.12:994][  0]LogConfig: Setting CVar [[r.Upscale.Quality:1]]
[2021.04.21-02.07.12:994][  0]LogConfig: Setting CVar [[r.Tonemapper.GrainQuantization:0]]
[2021.04.21-02.07.12:994][  0]LogConfig: Setting CVar [[r.LightShaftQuality:0]]
[2021.04.21-02.07.12:994][  0]LogConfig: Setting CVar [[r.Filter.SizeScale:0.6]]
[2021.04.21-02.07.12:994][  0]LogConfig: Setting CVar [[r.Tonemapper.Quality:0]]
[2021.04.21-02.07.12:994][  0]LogConfig: Applying CVar settings from Section [TextureQuality@0] File [C:/Users/TEMP.DESKTOP-DV3H2OO/Documents/GitHub/Optimiza/OpVideojuegos/DeepWoodland2/Saved/Config/Windows/Scalability.ini]
[2021.04.21-02.07.12:994][  0]LogConfig: Setting CVar [[r.Streaming.MipBias:16]]
[2021.04.21-02.07.12:994][  0]LogConfig: Setting CVar [[r.Streaming.AmortizeCPUToGPUCopy:1]]
[2021.04.21-02.07.12:994][  0]LogConfig: Setting CVar [[r.Streaming.MaxNumTexturesToStreamPerFrame:1]]
[2021.04.21-02.07.12:994][  0]LogConfig: Setting CVar [[r.Streaming.Boost:0.3]]
[2021.04.21-02.07.12:994][  0]LogConfig: Setting CVar [[r.MaxAnisotropy:0]]
[2021.04.21-02.07.12:994][  0]LogConfig: Setting CVar [[r.VT.MaxAnisotropy:4]]
[2021.04.21-02.07.12:994][  0]LogConfig: Setting CVar [[r.Streaming.LimitPoolSizeToVRAM:1]]
[2021.04.21-02.07.12:994][  0]LogConfig: Setting CVar [[r.Streaming.PoolSize:400]]
[2021.04.21-02.07.12:994][  0]LogConfig: Setting CVar [[r.Streaming.MaxEffectiveScreenSize:0]]
[2021.04.21-02.07.12:994][  0]LogConfig: Applying CVar settings from Section [EffectsQuality@0] File [C:/Users/TEMP.DESKTOP-DV3H2OO/Documents/GitHub/Optimiza/OpVideojuegos/DeepWoodland2/Saved/Config/Windows/Scalability.ini]
[2021.04.21-02.07.12:994][  0]LogConfig: Setting CVar [[r.TranslucencyLightingVolumeDim:24]]
[2021.04.21-02.07.12:994][  0]LogConfig: Setting CVar [[r.RefractionQuality:0]]
[2021.04.21-02.07.12:995][  0]LogConfig: Setting CVar [[r.SSR.Quality:0]]
[2021.04.21-02.07.12:995][  0]LogConfig: Setting CVar [[r.SSR.HalfResSceneColor:1]]
[2021.04.21-02.07.12:995][  0]LogConfig: Setting CVar [[r.SceneColorFormat:3]]
[2021.04.21-02.07.12:995][  0]LogConfig: Setting CVar [[r.DetailMode:0]]
[2021.04.21-02.07.12:995][  0]LogConfig: Setting CVar [[r.TranslucencyVolumeBlur:0]]
[2021.04.21-02.07.12:995][  0]LogConfig: Setting CVar [[r.MaterialQualityLevel:0 ; Low quality]]
[2021.04.21-02.07.12:995][  0]LogConfig: Setting CVar [[r.SSS.Scale:0]]
[2021.04.21-02.07.12:995][  0]LogConfig: Setting CVar [[r.SSS.SampleSet:0]]
[2021.04.21-02.07.12:995][  0]LogConfig: Setting CVar [[r.SSS.Quality:0]]
[2021.04.21-02.07.12:995][  0]LogConfig: Setting CVar [[r.SSS.HalfRes:1]]
[2021.04.21-02.07.12:995][  0]LogConfig: Setting CVar [[r.SSGI.Quality:0]]
[2021.04.21-02.07.12:995][  0]LogConfig: Setting CVar [[r.EmitterSpawnRateScale:0.125]]
[2021.04.21-02.07.12:995][  0]LogConfig: Setting CVar [[r.ParticleLightQuality:0]]
[2021.04.21-02.07.12:995][  0]LogConfig: Setting CVar [[r.SkyAtmosphere.AerialPerspectiveLUT.FastApplyOnOpaque:1 ; Always have FastSkyLUT 1 in this case to avoid wrong sky]]
[2021.04.21-02.07.12:995][  0]LogConfig: Setting CVar [[r.SkyAtmosphere.AerialPerspectiveLUT.SampleCountPerSlice:1]]
[2021.04.21-02.07.12:995][  0]LogConfig: Setting CVar [[r.SkyAtmosphere.AerialPerspectiveLUT.DepthResolution:8.0]]
[2021.04.21-02.07.12:995][  0]LogConfig: Setting CVar [[r.SkyAtmosphere.FastSkyLUT:1]]
[2021.04.21-02.07.12:995][  0]LogConfig: Setting CVar [[r.SkyAtmosphere.FastSkyLUT.SampleCountMin:2.0]]
[2021.04.21-02.07.12:995][  0]LogConfig: Setting CVar [[r.SkyAtmosphere.FastSkyLUT.SampleCountMax:16.0]]
[2021.04.21-02.07.12:995][  0]LogConfig: Setting CVar [[r.SkyAtmosphere.SampleCountMin:2.0]]
[2021.04.21-02.07.12:995][  0]LogConfig: Setting CVar [[r.SkyAtmosphere.SampleCountMax:16.0]]
[2021.04.21-02.07.12:995][  0]LogConfig: Setting CVar [[r.SkyAtmosphere.TransmittanceLUT.UseSmallFormat:1]]
[2021.04.21-02.07.12:995][  0]LogConfig: Setting CVar [[r.SkyAtmosphere.TransmittanceLUT.SampleCount:10.0]]
[2021.04.21-02.07.12:995][  0]LogConfig: Setting CVar [[r.SkyAtmosphere.MultiScatteringLUT.SampleCount:15.0]]
[2021.04.21-02.07.12:995][  0]LogConfig: Applying CVar settings from Section [FoliageQuality@0] File [C:/Users/TEMP.DESKTOP-DV3H2OO/Documents/GitHub/Optimiza/OpVideojuegos/DeepWoodland2/Saved/Config/Windows/Scalability.ini]
[2021.04.21-02.07.12:995][  0]LogConfig: Setting CVar [[foliage.DensityScale:0]]
[2021.04.21-02.07.12:995][  0]LogConfig: Setting CVar [[grass.DensityScale:0]]
[2021.04.21-02.07.12:995][  0]LogConfig: Applying CVar settings from Section [ShadingQuality@0] File [C:/Users/TEMP.DESKTOP-DV3H2OO/Documents/GitHub/Optimiza/OpVideojuegos/DeepWoodland2/Saved/Config/Windows/Scalability.ini]
[2021.04.21-02.07.12:995][  0]LogConfig: Setting CVar [[r.HairStrands.SkyLighting.SampleCount:8]]
[2021.04.21-02.07.12:995][  0]LogConfig: Setting CVar [[r.HairStrands.SkyLighting.JitterIntegration:0]]
[2021.04.21-02.07.12:995][  0]LogConfig: Setting CVar [[r.HairStrands.SkyAO.SampleCount:8]]
[2021.04.21-02.07.12:995][  0]LogConfig: Setting CVar [[r.HairStrands.DeepShadow.SuperSampling:0]]
[2021.04.21-02.07.12:995][  0]LogConfig: Setting CVar [[r.HairStrands.VisibilityPPLL:0]]
[2021.04.21-02.07.12:995][  0]LogConfig: Setting CVar [[r.HairStrands.RasterizationScale:0.5]]
[2021.04.21-02.07.12:995][  0]LogConfig: Setting CVar [[r.HairStrands.VelocityRasterizationScale:1]]
[2021.04.21-02.07.12:995][  0]LogConfig: Applying CVar settings from Section [Startup] File [../../../Engine/Config/ConsoleVariables.ini]
[2021.04.21-02.07.12:995][  0]LogConfig: Setting CVar [[net.UseAdaptiveNetUpdateFrequency:0]]
[2021.04.21-02.07.12:995][  0]LogConfig: Setting CVar [[p.chaos.AllowCreatePhysxBodies:1]]
[2021.04.21-02.07.12:995][  0]LogConfig: Setting CVar [[fx.SkipVectorVMBackendOptimizations:1]]
[2021.04.21-02.07.12:995][  0]LogConfig: Applying CVar settings from Section [ConsoleVariables] File [C:/Users/TEMP.DESKTOP-DV3H2OO/Documents/GitHub/Optimiza/OpVideojuegos/DeepWoodland2/Saved/Config/Windows/Engine.ini]
[2021.04.21-02.07.12:995][  0]LogInit: Computer: DESKTOP-DV3H2OO
[2021.04.21-02.07.12:995][  0]LogInit: User: AlexBazaldua
[2021.04.21-02.07.12:995][  0]LogInit: CPU Page size=4096, Cores=4
[2021.04.21-02.07.12:995][  0]LogInit: High frequency timer resolution =10.000000 MHz
[2021.04.21-02.07.12:996][  0]LogMemory: Memory total: Physical=15.9GB (16GB approx)
[2021.04.21-02.07.12:996][  0]LogMemory: Platform Memory Stats for Windows
[2021.04.21-02.07.12:996][  0]LogMemory: Process Physical Memory: 115.82 MB used, 115.82 MB peak
[2021.04.21-02.07.12:996][  0]LogMemory: Process Virtual Memory: 97.38 MB used, 97.38 MB peak
[2021.04.21-02.07.12:996][  0]LogMemory: Physical Memory: 5453.89 MB used,  10814.27 MB free, 16268.16 MB total
[2021.04.21-02.07.12:996][  0]LogMemory: Virtual Memory: 5131.62 MB used,  134212600.00 MB free, 134217728.00 MB total
[2021.04.21-02.07.13:000][  0]LogWindows: WindowsPlatformFeatures enabled
[2021.04.21-02.07.13:050][  0]LogInit: Physics initialised using underlying interface: PhysX
[2021.04.21-02.07.13:051][  0]LogInit: Using OS detected language (en-US).
[2021.04.21-02.07.13:051][  0]LogInit: Using OS detected locale (en-US).
[2021.04.21-02.07.13:059][  0]LogTextLocalizationManager: No specific localization for 'en-US' exists, so the 'en' localization will be used.
[2021.04.21-02.07.13:484][  0]LogInit: Setting process to per monitor DPI aware
[2021.04.21-02.07.13:561][  0]LogSlate: New Slate User Created.  User Index 0, Is Virtual User: 0
[2021.04.21-02.07.13:561][  0]LogSlate: Slate User Registered.  User Index 0, Is Virtual User: 0
[2021.04.21-02.07.15:073][  0]LogHMD: Failed to initialize OpenVR with code 110
[2021.04.21-02.07.15:073][  0]LogD3D11RHI: D3D11 min allowed feature level: 11_0
[2021.04.21-02.07.15:073][  0]LogD3D11RHI: D3D11 max allowed feature level: 11_0
[2021.04.21-02.07.15:073][  0]LogD3D11RHI: D3D11 adapters:
[2021.04.21-02.07.15:275][  0]LogD3D11RHI:    0. 'Intel(R) HD Graphics 630' (Feature Level 11_0)
[2021.04.21-02.07.15:275][  0]LogD3D11RHI:       128/0/8134 MB DedicatedVideo/DedicatedSystem/SharedSystem, Outputs:1, VendorId:0x8086
[2021.04.21-02.07.15:277][  0]LogD3D11RHI:    1. 'Microsoft Basic Render Driver' (Feature Level 11_0)
[2021.04.21-02.07.15:278][  0]LogD3D11RHI:       0/0/8134 MB DedicatedVideo/DedicatedSystem/SharedSystem, Outputs:0, VendorId:0x1414
[2021.04.21-02.07.15:278][  0]LogD3D11RHI: Chosen D3D11 Adapter: 0
[2021.04.21-02.07.15:283][  0]LogD3D11RHI: Creating new Direct3DDevice
[2021.04.21-02.07.15:284][  0]LogD3D11RHI:     GPU DeviceId: 0x591b (for the marketing name, search the web for "GPU Device Id")
[2021.04.21-02.07.15:284][  0]LogWindows: EnumDisplayDevices:
[2021.04.21-02.07.15:284][  0]LogWindows:    0. 'Intel(R) HD Graphics 630' (P:1 D:1)
[2021.04.21-02.07.15:284][  0]LogWindows:    1. 'Intel(R) HD Graphics 630' (P:0 D:0)
[2021.04.21-02.07.15:284][  0]LogWindows:    2. 'Intel(R) HD Graphics 630' (P:0 D:0)
[2021.04.21-02.07.15:285][  0]LogWindows: DebugString: FoundDriverCount:3 
[2021.04.21-02.07.15:285][  0]LogD3D11RHI:     Adapter Name: Intel(R) HD Graphics 630
[2021.04.21-02.07.15:285][  0]LogD3D11RHI:   Driver Version: 23.20.16.4973 (internal:23.20.16.4973, unified:23.20.16.4973)
[2021.04.21-02.07.15:285][  0]LogD3D11RHI:      Driver Date: 2-28-2018
[2021.04.21-02.07.15:285][  0]LogRHI: Texture pool is 1523 MB (70% of 2176 MB)
[2021.04.21-02.07.15:482][  0]LogD3D11RHI: RHI does not have support for 64 bit atomics
[2021.04.21-02.07.15:482][  0]LogD3D11RHI: Async texture creation enabled
[2021.04.21-02.07.15:482][  0]LogD3D11RHI: Array index from any shader is supported
[2021.04.21-02.07.15:492][  0]LogD3D11RHI: GPU Timing Frequency: 12.000048 (Debug: 2 0)
[2021.04.21-02.07.16:163][  0]LogTargetPlatformManager: Display: Loaded TargetPlatform 'AllDesktop'
[2021.04.21-02.07.16:191][  0]LogTargetPlatformManager: Display: Loaded TargetPlatform 'Android'
[2021.04.21-02.07.16:191][  0]LogTargetPlatformManager: Display: Loaded TargetPlatform 'Android_ASTC'
[2021.04.21-02.07.16:191][  0]LogTargetPlatformManager: Display: Loaded TargetPlatform 'Android_DXT'
[2021.04.21-02.07.16:191][  0]LogTargetPlatformManager: Display: Loaded TargetPlatform 'Android_ETC2'
[2021.04.21-02.07.16:191][  0]LogTargetPlatformManager: Display: Loaded TargetPlatform 'AndroidClient'
[2021.04.21-02.07.16:191][  0]LogTargetPlatformManager: Display: Loaded TargetPlatform 'Android_ASTCClient'
[2021.04.21-02.07.16:191][  0]LogTargetPlatformManager: Display: Loaded TargetPlatform 'Android_DXTClient'
[2021.04.21-02.07.16:191][  0]LogTargetPlatformManager: Display: Loaded TargetPlatform 'Android_ETC2Client'
[2021.04.21-02.07.16:191][  0]LogTargetPlatformManager: Display: Loaded TargetPlatform 'Android_Multi'
[2021.04.21-02.07.16:191][  0]LogTargetPlatformManager: Display: Loaded TargetPlatform 'Android_MultiClient'
[2021.04.21-02.07.16:219][  0]LogTargetPlatformManager: Display: Loaded TargetPlatform 'IOSClient'
[2021.04.21-02.07.16:219][  0]LogTargetPlatformManager: Display: Loaded TargetPlatform 'IOS'
[2021.04.21-02.07.16:231][  0]LogTargetPlatformManager: Display: Loaded TargetPlatform 'Linux'
[2021.04.21-02.07.16:241][  0]LogTargetPlatformManager: Display: Loaded TargetPlatform 'LinuxNoEditor'
[2021.04.21-02.07.16:252][  0]LogTargetPlatformManager: Display: Loaded TargetPlatform 'LinuxClient'
[2021.04.21-02.07.16:262][  0]LogTargetPlatformManager: Display: Loaded TargetPlatform 'LinuxServer'
[2021.04.21-02.07.16:273][  0]LogTargetPlatformManager: Display: Loaded TargetPlatform 'LinuxAArch64NoEditor'
[2021.04.21-02.07.16:284][  0]LogTargetPlatformManager: Display: Loaded TargetPlatform 'LinuxAArch64Client'
[2021.04.21-02.07.16:295][  0]LogTargetPlatformManager: Display: Loaded TargetPlatform 'LinuxAArch64Server'
[2021.04.21-02.07.16:328][  0]LogTargetPlatformManager: Display: Loaded TargetPlatform 'Lumin'
[2021.04.21-02.07.16:329][  0]LogTargetPlatformManager: Display: Loaded TargetPlatform 'LuminClient'
[2021.04.21-02.07.16:349][  0]LogTargetPlatformManager: Display: Loaded TargetPlatform 'TVOSClient'
[2021.04.21-02.07.16:349][  0]LogTargetPlatformManager: Display: Loaded TargetPlatform 'TVOS'
[2021.04.21-02.07.16:362][  0]LogTargetPlatformManager: Display: Loaded TargetPlatform 'WindowsNoEditor'
[2021.04.21-02.07.16:373][  0]LogTargetPlatformManager: Display: Loaded TargetPlatform 'Windows'
[2021.04.21-02.07.16:383][  0]LogTargetPlatformManager: Display: Loaded TargetPlatform 'WindowsClient'
[2021.04.21-02.07.16:394][  0]LogTargetPlatformManager: Display: Loaded TargetPlatform 'WindowsServer'
[2021.04.21-02.07.16:394][  0]LogTargetPlatformManager: Display: Building Assets For Windows
[2021.04.21-02.07.16:402][  0]LogAudioDebug: Display: Lib vorbis DLL was dynamically loaded.
[2021.04.21-02.07.16:473][  0]LogShaderCompilers: Guid format shader working directory is -38 characters bigger than the processId version (../../../../../../Users/TEMP.DESKTOP-DV3H2OO/Documents/GitHub/Optimiza/OpVideojuegos/DeepWoodland2/Intermediate/Shaders/WorkingDirectory/10696/).
[2021.04.21-02.07.16:473][  0]LogShaderCompilers: Cleaned the shader compiler working directory 'C:/Users/TEMP.DESKTOP-DV3H2OO/AppData/Local/Temp/UnrealShaderWorkingDir/C426F4EB457E4D081BD2FDAC671F4314/'.
[2021.04.21-02.07.16:474][  0]LogXGEController: Cannot use XGE Controller as Incredibuild is not installed on this machine.
[2021.04.21-02.07.16:474][  0]LogShaderCompilers: Cannot use XGE Shader Compiler as Incredibuild is not installed on this machine.
[2021.04.21-02.07.16:474][  0]LogShaderCompilers: Display: Using Local Shader Compiler.
[2021.04.21-02.07.17:501][  0]LogDerivedDataCache: Display: Max Cache Size: 512 MB
[2021.04.21-02.07.17:572][  0]LogDerivedDataCache: Loaded boot cache 0.07s 76MB C:/Users/TEMP.DESKTOP-DV3H2OO/AppData/Local/UnrealEngine/4.25/DerivedDataCache/Boot.ddc.
[2021.04.21-02.07.17:572][  0]LogDerivedDataCache: Display: Loaded Boot cache: C:/Users/TEMP.DESKTOP-DV3H2OO/AppData/Local/UnrealEngine/4.25/DerivedDataCache/Boot.ddc
[2021.04.21-02.07.17:572][  0]LogDerivedDataCache: FDerivedDataBackendGraph:  Pak pak cache file ../../../../../../Users/TEMP.DESKTOP-DV3H2OO/Documents/GitHub/Optimiza/OpVideojuegos/DeepWoodland2/DerivedDataCache/DDC.ddp not found, will not use a pak cache.
[2021.04.21-02.07.17:572][  0]LogDerivedDataCache: Unable to find inner node Pak for hierarchical cache Hierarchy.
[2021.04.21-02.07.17:572][  0]LogDerivedDataCache: FDerivedDataBackendGraph:  CompressedPak pak cache file ../../../../../../Users/TEMP.DESKTOP-DV3H2OO/Documents/GitHub/Optimiza/OpVideojuegos/DeepWoodland2/DerivedDataCache/Compressed.ddp not found, will not use a pak cache.
[2021.04.21-02.07.17:572][  0]LogDerivedDataCache: Unable to find inner node CompressedPak for hierarchical cache Hierarchy.
[2021.04.21-02.07.17:585][  0]LogDerivedDataCache: Display: Pak cache opened for reading ../../../Engine/DerivedDataCache/Compressed.ddp.
[2021.04.21-02.07.17:585][  0]LogDerivedDataCache: FDerivedDataBackendGraph:  EnterprisePak pak cache file ../../../Enterprise/DerivedDataCache/Compressed.ddp not found, will not use a pak cache.
[2021.04.21-02.07.17:585][  0]LogDerivedDataCache: Unable to find inner node EnterprisePak for hierarchical cache Hierarchy.
[2021.04.21-02.07.17:586][  0]LogDerivedDataCache: Using Local data cache path C:/Users/TEMP.DESKTOP-DV3H2OO/AppData/Local/UnrealEngine/Common/DerivedDataCache: Writable
[2021.04.21-02.07.17:586][  0]LogDerivedDataCache: Shared data cache path not found in *engine.ini, will not use an Shared cache.
[2021.04.21-02.07.17:586][  0]LogDerivedDataCache: Unable to find inner node Shared for hierarchical cache Hierarchy.
[2021.04.21-02.07.17:646][  0]LogSlate: Using FreeType 2.10.0
[2021.04.21-02.07.17:647][  0]LogSlate: SlateFontServices - WITH_FREETYPE: 1, WITH_HARFBUZZ: 1
[2021.04.21-02.07.17:678][  0]LogAssetRegistry: FAssetRegistry took 0.0031 seconds to start up
[2021.04.21-02.07.17:948][  0]LogInit: Selected Device Profile: [Windows]
[2021.04.21-02.07.18:093][  0]LogMeshReduction: Using QuadricMeshReduction for automatic static mesh reduction
[2021.04.21-02.07.18:093][  0]LogMeshReduction: Using SimplygonMeshReduction for automatic skeletal mesh reduction
[2021.04.21-02.07.18:093][  0]LogMeshReduction: Using ProxyLODMeshReduction for automatic mesh merging
[2021.04.21-02.07.18:093][  0]LogMeshReduction: No distributed automatic mesh merging module available
[2021.04.21-02.07.18:093][  0]LogMeshMerging: No distributed automatic mesh merging module available
[2021.04.21-02.07.18:112][  0]LogNetVersion: DeepWoodland2 1.0.0, NetCL: 13144385, EngineNetVer: 14, GameNetVer: 0 (Checksum: 1524458531)
[2021.04.21-02.07.18:792][  0]LogAISub: UAISubsystem::UAISubsystem AISubsystem (000002384A1B1BC0), frame # 0
[2021.04.21-02.07.18:792][  0]LogAISub: UAISubsystem::UAISubsystem AIPerceptionSystem (000002384A10E980), frame # 0
[2021.04.21-02.07.18:794][  0]LogAISub: UAISubsystem::UAISubsystem EnvQueryManager (000002384A174800), frame # 0
[2021.04.21-02.07.19:061][  0]LogPackageLocalizationCache: Processed 19 localized package path(s) for 1 prioritized culture(s) in 0.047303 seconds
[2021.04.21-02.07.19:068][  0]LogUObjectArray: 15917 objects as part of root set at end of initial load.
[2021.04.21-02.07.19:068][  0]LogUObjectAllocator: 3965568 out of 0 bytes used by permanent object pool.
[2021.04.21-02.07.19:068][  0]LogUObjectArray: CloseDisregardForGC: 0/0 objects in disregard for GC pool
[2021.04.21-02.07.19:554][  0]LogTcpMessaging: Initializing TcpMessaging bridge
[2021.04.21-02.07.19:559][  0]LogUdpMessaging: Initializing bridge on interface 0.0.0.0:0 to multicast group 230.0.0.1:6666.
[2021.04.21-02.07.19:673][  0]SourceControl: Source control is disabled
[2021.04.21-02.07.19:674][  0]SourceControl: Source control is disabled
[2021.04.21-02.07.19:677][  0]SourceControl: Source control is disabled
[2021.04.21-02.07.19:681][  0]SourceControl: Source control is disabled
[2021.04.21-02.07.19:689][  0]SourceControl: Source control is disabled
[2021.04.21-02.07.19:961][  0]LogAndroidPermission: UAndroidPermissionCallbackProxy::GetInstance
[2021.04.21-02.07.19:984][  0]LogAudioCaptureCore: Display: No Audio Capture implementations found. Audio input will be silent.
[2021.04.21-02.07.19:984][  0]LogAudioCaptureCore: Display: No Audio Capture implementations found. Audio input will be silent.
[2021.04.21-02.07.20:043][  0]LogOcInput: OculusInput pre-init called
[2021.04.21-02.07.20:062][  0]LogWindows: Failed to load 'OVRPlugin.dll' (GetLastError=126)
[2021.04.21-02.07.20:062][  0]LogWindows: File 'OVRPlugin.dll' does not exist
[2021.04.21-02.07.20:147][  0]LogEngine: Initializing Engine...
[2021.04.21-02.07.20:150][  0]LogHMD: Failed to initialize OpenVR with code 110
[2021.04.21-02.07.20:151][  0]LogMagicLeap: Warning: VR disabled because ZI is not enabled.  To enable, in the editor, Edit -> Project Settings -> Plugins -> Magic Leap Plugin -> Enable Zero Iteration
[2021.04.21-02.07.20:152][  0]LogStats: UGameplayTagsManager::InitializeManager -  0.000 s
[2021.04.21-02.07.20:318][  0]LogInit: Initializing FReadOnlyCVARCache
[2021.04.21-02.07.20:331][  0]LogAIModule: Creating AISystem for world Untitled
[2021.04.21-02.07.20:331][  0]LogAISub: UAISubsystem::UAISubsystem EnvQueryManager (000002384CEA9200), frame # 0
[2021.04.21-02.07.20:331][  0]LogAISub: UAISubsystem::UAISubsystem AIPerceptionSystem (000002384CE8F100), frame # 0
[2021.04.21-02.07.20:368][  0]LogAudioMixer: Display: Audio Mixer Platform Settings:
[2021.04.21-02.07.20:368][  0]LogAudioMixer: Display: 	Sample Rate:						  48000
[2021.04.21-02.07.20:368][  0]LogAudioMixer: Display: 	Callback Buffer Frame Size Requested: 1024
[2021.04.21-02.07.20:368][  0]LogAudioMixer: Display: 	Callback Buffer Frame Size To Use:	  1024
[2021.04.21-02.07.20:368][  0]LogAudioMixer: Display: 	Number of buffers to queue:			  2
[2021.04.21-02.07.20:368][  0]LogAudioMixer: Display: 	Max Channels (voices):				  32
[2021.04.21-02.07.20:368][  0]LogAudioMixer: Display: 	Number of Async Source Workers:		  0
[2021.04.21-02.07.20:368][  0]LogAudio: Display: AudioDevice MaxSources: 32
[2021.04.21-02.07.20:369][  0]LogAudio: Display: Using built-in audio occlusion.
[2021.04.21-02.07.20:369][  0]LogAudioMixer: Display: Initializing audio mixer.
[2021.04.21-02.07.20:385][  0]LogAudioMixer: Display: 0: FrontLeft
[2021.04.21-02.07.20:385][  0]LogAudioMixer: Display: 1: FrontRight
[2021.04.21-02.07.20:547][  0]LogAudioMixer: Display: Using Audio Device Speakers (Realtek High Definition Audio)
[2021.04.21-02.07.20:551][  0]LogAudioMixer: Display: Initializing Sound Submixes...
[2021.04.21-02.07.20:554][  0]LogAudioMixer: Display: Creating Master Submix 'MasterSubmixDefault'
[2021.04.21-02.07.20:554][  0]LogAudioMixer: Display: Creating Master Submix 'MasterReverbSubmixDefault'
[2021.04.21-02.07.20:555][  0]LogAudioMixer: Display: Creating Master Submix 'MasterEQSubmixDefault'
[2021.04.21-02.07.20:559][  0]LogInit: FAudioDevice initialized.
[2021.04.21-02.07.20:559][  0]LogNetVersion: Set ProjectVersion to 1.0.0.0. Version Checksum will be recalculated on next use.
[2021.04.21-02.07.21:701][  0]LogDerivedDataCache: Saved boot cache 1.14s 76MB C:/Users/TEMP.DESKTOP-DV3H2OO/AppData/Local/UnrealEngine/4.25/DerivedDataCache/Boot.ddc.
[2021.04.21-02.07.21:704][  0]LogInit: Texture streaming: Enabled
[2021.04.21-02.07.21:722][  0]LogEngineSessionManager: EngineSessionManager initialized
[2021.04.21-02.07.21:722][  0]LogEditorSessionSummary: Verbose: Initializing EditorSessionSummaryWriter for editor session tracking
[2021.04.21-02.07.21:724][  0]LogEditorSessionSummary: EditorSessionSummaryWriter initialized
[2021.04.21-02.07.21:779][  0]LogInit: Transaction tracking system initialized
[2021.04.21-02.07.21:801][  0]BlueprintLog: New page: Editor Load
[2021.04.21-02.07.21:875][  0]LocalizationService: Localization service is disabled
[2021.04.21-02.07.22:259][  0]LogCook: Display: Max memory allowance for cook 16384mb min free memory 0mb
[2021.04.21-02.07.22:260][  0]LogCook: Display: Mobile HDR setting 1
[2021.04.21-02.07.22:407][  0]LogFileCache: Scanning file cache for directory 'C:/Users/TEMP.DESKTOP-DV3H2OO/Documents/GitHub/Optimiza/OpVideojuegos/DeepWoodland2/Content/' took 0.02s
[2021.04.21-02.07.22:710][  0]SourceControl: Source control is disabled
[2021.04.21-02.07.22:710][  0]LogUnrealEdMisc: Loading editor; pre map load, took 21.136
[2021.04.21-02.07.22:711][  0]LightingResults: New page: Lighting Build
[2021.04.21-02.07.22:712][  0]LogWorld: UWorld::CleanupWorld for Untitled, bSessionEnded=true, bCleanupResources=true
[2021.04.21-02.07.22:712][  0]LogSlate: InvalidateAllWidgets triggered.  All widgets were invalidated
[2021.04.21-02.07.22:712][  0]MapCheck: New page: Map Check
[2021.04.21-02.07.22:712][  0]LightingResults: New page: Lighting Build
[2021.04.21-02.07.22:728][  0]LogAISub: UAISubsystem::~UAISubsystem EnvQueryManager (000002384CEA9200), frame # 0
[2021.04.21-02.07.22:728][  0]LogAISub: UAISubsystem::~UAISubsystem AIPerceptionSystem (000002384CE8F100), frame # 0
[2021.04.21-02.07.22:729][  0]LogUObjectHash: Compacting FUObjectHashTables data took   0.75ms
[2021.04.21-02.07.23:243][  0]LogLinker: Warning: While loading '../../../../../../Users/TEMP.DESKTOP-DV3H2OO/Documents/GitHub/Optimiza/OpVideojuegos/DeepWoodland2/Content/Materiales/M_terreno_Inst.uasset' failed to load '/Game/Texturas/vbwpdg0o_8K_Albedo': Can't find file.
[2021.04.21-02.07.23:243][  0]LogLinker: Warning: While loading '../../../../../../Users/TEMP.DESKTOP-DV3H2OO/Documents/GitHub/Optimiza/OpVideojuegos/DeepWoodland2/Content/Materiales/M_terreno_Inst.uasset' failed to load '/Game/Texturas/vbwpdg0o_8K_Albedo': Can't find file.
[2021.04.21-02.07.23:244][  0]LogLinker: Warning: While loading '../../../../../../Users/TEMP.DESKTOP-DV3H2OO/Documents/GitHub/Optimiza/OpVideojuegos/DeepWoodland2/Content/Materiales/M_terreno_Inst.uasset' failed to load '/Game/Texturas/vbwpdg0o_8K_Normal': Can't find file.
[2021.04.21-02.07.23:244][  0]LogLinker: Warning: While loading '../../../../../../Users/TEMP.DESKTOP-DV3H2OO/Documents/GitHub/Optimiza/OpVideojuegos/DeepWoodland2/Content/Materiales/M_terreno_Inst.uasset' failed to load '/Game/Texturas/vbwpdg0o_8K_Normal': Can't find file.
[2021.04.21-02.07.23:244][  0]LogLinker: Warning: While loading '../../../../../../Users/TEMP.DESKTOP-DV3H2OO/Documents/GitHub/Optimiza/OpVideojuegos/DeepWoodland2/Content/Materiales/M_terreno_Inst.uasset' failed to load '/Game/Texturas/vbwpdg0o_8K_Roughness': Can't find file.
[2021.04.21-02.07.23:244][  0]LogLinker: Warning: While loading '../../../../../../Users/TEMP.DESKTOP-DV3H2OO/Documents/GitHub/Optimiza/OpVideojuegos/DeepWoodland2/Content/Materiales/M_terreno_Inst.uasset' failed to load '/Game/Texturas/vbwpdg0o_8K_Roughness': Can't find file.
[2021.04.21-02.07.23:245][  0]LogLinker: Warning: While loading '../../../../../../Users/TEMP.DESKTOP-DV3H2OO/Documents/GitHub/Optimiza/OpVideojuegos/DeepWoodland2/Content/Materiales/M_terreno_Inst.uasset' failed to load '/Game/Texturas/vbwpdg0o_8K_Albedo': Can't find file.
[2021.04.21-02.07.23:245][  0]LogLinker: Warning: While loading '../../../../../../Users/TEMP.DESKTOP-DV3H2OO/Documents/GitHub/Optimiza/OpVideojuegos/DeepWoodland2/Content/Materiales/M_terreno_Inst.uasset' failed to load '/Game/Texturas/vbwpdg0o_8K_Albedo': Can't find file.
[2021.04.21-02.07.23:245][  0]LogLinker: Warning: While loading '../../../../../../Users/TEMP.DESKTOP-DV3H2OO/Documents/GitHub/Optimiza/OpVideojuegos/DeepWoodland2/Content/Materiales/M_terreno_Inst.uasset' failed to load '/Game/Texturas/vbwpdg0o_8K_Normal': Can't find file.
[2021.04.21-02.07.23:245][  0]LogLinker: Warning: While loading '../../../../../../Users/TEMP.DESKTOP-DV3H2OO/Documents/GitHub/Optimiza/OpVideojuegos/DeepWoodland2/Content/Materiales/M_terreno_Inst.uasset' failed to load '/Game/Texturas/vbwpdg0o_8K_Normal': Can't find file.
[2021.04.21-02.07.23:245][  0]LogLinker: Warning: While loading '../../../../../../Users/TEMP.DESKTOP-DV3H2OO/Documents/GitHub/Optimiza/OpVideojuegos/DeepWoodland2/Content/Materiales/M_terreno_Inst.uasset' failed to load '/Game/Texturas/vbwpdg0o_8K_Roughness': Can't find file.
[2021.04.21-02.07.23:246][  0]LogLinker: Warning: While loading '../../../../../../Users/TEMP.DESKTOP-DV3H2OO/Documents/GitHub/Optimiza/OpVideojuegos/DeepWoodland2/Content/Materiales/M_terreno_Inst.uasset' failed to load '/Game/Texturas/vbwpdg0o_8K_Roughness': Can't find file.
[2021.04.21-02.07.24:067][  0]LogLinker: Warning: While loading '../../../../../../Users/TEMP.DESKTOP-DV3H2OO/Documents/GitHub/Optimiza/OpVideojuegos/DeepWoodland2/Content/Materiales/M_terreno_Inst.uasset' failed to load '/Game/Texturas/vbwpdg0o_8K_Roughness': Can't find file.
[2021.04.21-02.07.24:067][  0]LoadErrors: Failed to load /Game/Texturas/vbwpdg0o_8K_Roughness.vbwpdg0o_8K_Roughness Referenced by M_terreno_Inst
[2021.04.21-02.07.24:067][  0]LogLinker: Warning: While loading '../../../../../../Users/TEMP.DESKTOP-DV3H2OO/Documents/GitHub/Optimiza/OpVideojuegos/DeepWoodland2/Content/Materiales/M_terreno_Inst.uasset' failed to load '/Game/Texturas/vbwpdg0o_8K_Roughness': Can't find file.
[2021.04.21-02.07.24:067][  0]LoadErrors: Failed to load /Game/Texturas/vbwpdg0o_8K_Roughness.vbwpdg0o_8K_Roughness Referenced by M_terreno_Inst
[2021.04.21-02.07.24:068][  0]LogLinker: Warning: While loading '../../../../../../Users/TEMP.DESKTOP-DV3H2OO/Documents/GitHub/Optimiza/OpVideojuegos/DeepWoodland2/Content/Materiales/M_terreno_Inst.uasset' failed to load '/Game/Texturas/vbwpdg0o_8K_Normal': Can't find file.
[2021.04.21-02.07.24:068][  0]LoadErrors: Failed to load /Game/Texturas/vbwpdg0o_8K_Normal.vbwpdg0o_8K_Normal Referenced by M_terreno_Inst
[2021.04.21-02.07.24:068][  0]LogLinker: Warning: While loading '../../../../../../Users/TEMP.DESKTOP-DV3H2OO/Documents/GitHub/Optimiza/OpVideojuegos/DeepWoodland2/Content/Materiales/M_terreno_Inst.uasset' failed to load '/Game/Texturas/vbwpdg0o_8K_Normal': Can't find file.
[2021.04.21-02.07.24:068][  0]LoadErrors: Failed to load /Game/Texturas/vbwpdg0o_8K_Normal.vbwpdg0o_8K_Normal Referenced by M_terreno_Inst
[2021.04.21-02.07.24:068][  0]LogLinker: Warning: While loading '../../../../../../Users/TEMP.DESKTOP-DV3H2OO/Documents/GitHub/Optimiza/OpVideojuegos/DeepWoodland2/Content/Materiales/M_terreno_Inst.uasset' failed to load '/Game/Texturas/vbwpdg0o_8K_Albedo': Can't find file.
[2021.04.21-02.07.24:068][  0]LoadErrors: Failed to load /Game/Texturas/vbwpdg0o_8K_Albedo.vbwpdg0o_8K_Albedo Referenced by M_terreno_Inst
[2021.04.21-02.07.24:068][  0]LogLinker: Warning: While loading '../../../../../../Users/TEMP.DESKTOP-DV3H2OO/Documents/GitHub/Optimiza/OpVideojuegos/DeepWoodland2/Content/Materiales/M_terreno_Inst.uasset' failed to load '/Game/Texturas/vbwpdg0o_8K_Albedo': Can't find file.
[2021.04.21-02.07.24:068][  0]LoadErrors: Failed to load /Game/Texturas/vbwpdg0o_8K_Albedo.vbwpdg0o_8K_Albedo Referenced by M_terreno_Inst
[2021.04.21-02.07.24:917][  0]LogAIModule: Creating AISystem for world ThirdPersonExampleMap
[2021.04.21-02.07.24:917][  0]LogAISub: UAISubsystem::UAISubsystem EnvQueryManager (00000238084CA200), frame # 0
[2021.04.21-02.07.24:917][  0]LogAISub: UAISubsystem::UAISubsystem AIPerceptionSystem (000002385CAFE700), frame # 0
[2021.04.21-02.07.25:119][  0]LogStreaming: Display: ULevelStreaming::RequestLevel(/Game/StremingLevels/StreamingLevel1) is flushing async loading
[2021.04.21-02.07.25:119][  0]LogStreaming: Display: Flushing async loaders.
[2021.04.21-02.07.25:399][  0]LogStreaming: Display: ULevelStreaming::RequestLevel(/Game/StremingLevels/StreamingLevel2) is flushing async loading
[2021.04.21-02.07.25:559][  0]LogEditorServer: Finished looking for orphan Actors (0.000 secs)
[2021.04.21-02.07.25:775][  0]LogUObjectHash: Compacting FUObjectHashTables data took   1.39ms
[2021.04.21-02.07.25:782][  0]Cmd: MAP CHECKDEP NOCLEARLOG
[2021.04.21-02.07.25:782][  0]MapCheck: Map check complete: 0 Error(s), 0 Warning(s), took 0.439ms to complete.
[2021.04.21-02.07.25:782][  0]LogFileHelpers: Loading map 'ThirdPersonExampleMap' took 3.072
[2021.04.21-02.07.25:784][  0]LogUnrealEdMisc: Total Editor Startup Time, took 24.209
[2021.04.21-02.07.25:935][  0]LogSlate: Updating window title bar state: overlay mode, drag disabled, window buttons hidden, title bar hidden
[2021.04.21-02.07.25:944][  0]LogSlate: Updating window title bar state: overlay mode, drag disabled, window buttons hidden, title bar hidden
[2021.04.21-02.07.25:954][  0]LogSlate: Updating window title bar state: overlay mode, drag disabled, window buttons hidden, title bar hidden
[2021.04.21-02.07.25:963][  0]LogSlate: Updating window title bar state: overlay mode, drag disabled, window buttons hidden, title bar hidden
[2021.04.21-02.07.25:971][  0]LogCollectionManager: Loaded 0 collections in 0.002441 seconds
[2021.04.21-02.07.25:986][  0]LogFileCache: Scanning file cache for directory 'C:/Users/TEMP.DESKTOP-DV3H2OO/Documents/GitHub/Optimiza/OpVideojuegos/DeepWoodland2/Saved/Collections/' took 0.00s
[2021.04.21-02.07.25:986][  0]LogFileCache: Scanning file cache for directory 'C:/Users/TEMP.DESKTOP-DV3H2OO/Documents/GitHub/Optimiza/OpVideojuegos/DeepWoodland2/Content/Developers/AlexBazaldua/Collections/' took 0.00s
[2021.04.21-02.07.25:986][  0]LogFileCache: Scanning file cache for directory 'C:/Users/TEMP.DESKTOP-DV3H2OO/Documents/GitHub/Optimiza/OpVideojuegos/DeepWoodland2/Content/Collections/' took 0.00s
[2021.04.21-02.07.25:986][  0]LogContentBrowser: Native class hierarchy populated in 0.0100 seconds. Added 3436 classes and 826 folders.
[2021.04.21-02.07.25:992][  0]LogContentBrowser: Native class hierarchy updated for 'WidgetCarousel' in 0.0003 seconds. Added 0 classes and 0 folders.
[2021.04.21-02.07.26:104][  0]LogContentBrowser: Native class hierarchy updated for 'AddContentDialog' in 0.0003 seconds. Added 0 classes and 0 folders.
[2021.04.21-02.07.26:106][  0]LogContentBrowser: Native class hierarchy updated for 'SceneOutliner' in 0.0004 seconds. Added 2 classes and 0 folders.
[2021.04.21-02.07.26:119][  0]LogContentBrowser: Native class hierarchy updated for 'WorldBrowser' in 0.0004 seconds. Added 2 classes and 3 folders.
[2021.04.21-02.07.26:390][  0]LogSlate: Took 0.000598 seconds to synchronously load lazily loaded font '../../../Engine/Content/Slate/Fonts/Roboto-Regular.ttf' (155K)
[2021.04.21-02.07.26:391][  0]LogSlate: Took 0.000169 seconds to synchronously load lazily loaded font '../../../Engine/Content/Slate/Fonts/Roboto-Bold.ttf' (160K)
[2021.04.21-02.07.26:397][  0]LogSlate: Took 0.000186 seconds to synchronously load lazily loaded font '../../../Engine/Content/Editor/Slate/Fonts/FontAwesome.ttf' (139K)
[2021.04.21-02.07.26:589][  0]LogRenderer: Reallocating scene render targets to support 1028x408 Format 9 NumSamples 1 (Frame:1).
[2021.04.21-02.07.26:718][  0]LogContentBrowser: Native class hierarchy updated for 'HierarchicalLODOutliner' in 0.0003 seconds. Added 0 classes and 0 folders.
[2021.04.21-02.07.26:718][  0]LogLoad: (Engine Initialization) Total time: 25.14 seconds
[2021.04.21-02.07.26:719][  0]LogLoad: (Engine Initialization) Total Blueprint compile time: 0.00 seconds
[2021.04.21-02.07.26:776][  0]LogAssetRegistry: Asset discovery search completed in 9.0999 seconds
[2021.04.21-02.07.26:784][  0]LogCollectionManager: Fixed up redirectors for 0 collections in 0.000003 seconds (updated 0 objects)
[2021.04.21-02.07.26:805][  0]LogContentStreaming: Texture pool size now 400 MB
[2021.04.21-02.07.27:101][  0]LogRenderer: Reallocating scene render targets to support 1028x424 Format 9 NumSamples 1 (Frame:2).
[2021.04.21-02.07.27:101][  0]LogSlate: Took 0.000134 seconds to synchronously load lazily loaded font '../../../Engine/Content/Slate/Fonts/Roboto-Light.ttf' (167K)
[2021.04.21-02.07.27:104][  0]LogSlate: Took 0.000132 seconds to synchronously load lazily loaded font '../../../Engine/Content/Slate/Fonts/DroidSansMono.ttf' (77K)
[2021.04.21-02.08.10:824][252]LogSlate: Window 'Message Log' being destroyed
[2021.04.21-02.08.10:863][252]LogSlate: Window 'Message Log' being destroyed
[2021.04.21-02.08.57:615][956]LogEditorViewport: Clicking on Actor (LMB): Landscape (Landscape)
[2021.04.21-02.08.58:204][968]LogEditorViewport: Clicking on Actor (LMB): StaticMeshActor (SM_Spruce_41)
[2021.04.21-02.09.05:178][133]LogEditorViewport: Clicking on Actor (CTRL LMB): Landscape (Landscape)
[2021.04.21-02.09.06:416][162]LogEditorViewport: Clicking on Actor (CTRL LMB): StaticMeshActor (CorralCerdos)
[2021.04.21-02.09.49:485][ 59]LogSlate: Window 'Create Merged Actor' being destroyed
[2021.04.21-02.09.49:537][ 59]LogSlate: Took 0.000228 seconds to synchronously load lazily loaded font '../../../Engine/Content/Slate/Fonts/Roboto-Light.ttf' (167K)
[2021.04.21-02.09.50:705][ 59]LogStaticMesh: Building static mesh SM_MERGED_CORRAL...
[2021.04.21-02.09.57:964][ 59]LogStaticMesh: Built static mesh [7.26s] /Game/ObjetosMigrados/ObjetosOptimizados/SM_MERGED_CORRAL.SM_MERGED_CORRAL
[2021.04.21-02.10.01:262][105]LogSlate: Window 'Merge Actors' being destroyed
[2021.04.21-02.10.01:298][105]LogSlate: Window 'Merge Actors' being destroyed
[2021.04.21-02.10.03:277][169]Cmd: TRANSACTION UNDO
[2021.04.21-02.10.03:277][169]LogEditorTransaction: Undo Place Merged Actor
[2021.04.21-02.10.04:079][169]Cmd: TRANSACTION UNDO
[2021.04.21-02.10.04:079][169]LogEditorTransaction: Undo Clicking on Actors
[2021.04.21-02.10.04:085][169]Cmd: TRANSACTION UNDO
[2021.04.21-02.10.04:085][169]LogEditorTransaction: Undo Clicking on Actors
[2021.04.21-02.10.04:172][170]Cmd: TRANSACTION UNDO
[2021.04.21-02.10.04:172][170]LogEditorTransaction: Undo Clicking on Actors
[2021.04.21-02.10.04:314][173]Cmd: TRANSACTION UNDO
[2021.04.21-02.10.04:315][173]LogEditorTransaction: Undo Clicking on Actors
[2021.04.21-02.10.06:049][218]LogEditorViewport: Clicking on Actor (LMB): StaticMeshActor (SM_Fern_3)
[2021.04.21-02.10.06:852][237]LogEditorViewport: Clicking on Actor (LMB): Landscape (Landscape)
[2021.04.21-02.10.08:210][271]LogEditorViewport: Clicking on Actor (LMB): Landscape (Landscape)
[2021.04.21-02.10.08:870][285]LogEditorViewport: Clicking on Actor (LMB): StaticMeshActor (CorralCerdos)
[2021.04.21-02.10.10:710][331]LogActorFactory: Actor Factory created SM_MERGED_CORRAL
[2021.04.21-02.10.11:896][362]LogActorFactory: Actor Factory created SM_MERGED_CORRAL
[2021.04.21-02.10.12:309][373]Cmd: TRANSACTION UNDO
[2021.04.21-02.10.12:309][373]LogEditorTransaction: Undo Create Actors
[2021.04.21-02.10.14:457][446]Cmd: TRANSACTION UNDO
[2021.04.21-02.10.14:457][446]LogEditorTransaction: Undo Clicking on Actors
[2021.04.21-02.10.16:283][487]Cmd: TRANSACTION UNDO
[2021.04.21-02.10.16:283][487]LogEditorTransaction: Undo Clicking on Actors
[2021.04.21-02.10.16:910][500]Cmd: TRANSACTION UNDO
[2021.04.21-02.10.16:910][500]LogEditorTransaction: Undo Clicking on Actors
[2021.04.21-02.10.17:527][515]Cmd: TRANSACTION UNDO
[2021.04.21-02.10.17:527][515]LogEditorTransaction: Undo Clicking on Actors
[2021.04.21-02.10.17:956][525]Cmd: TRANSACTION UNDO
[2021.04.21-02.10.17:956][525]LogEditorTransaction: Undo Clicking on Actors
[2021.04.21-02.10.18:309][534]Cmd: TRANSACTION UNDO
[2021.04.21-02.10.18:310][534]LogEditorTransaction: Undo Clicking on Actors
[2021.04.21-02.10.18:702][544]Cmd: TRANSACTION UNDO
[2021.04.21-02.10.18:702][544]LogEditorTransaction: Undo Clicking on Actors
[2021.04.21-02.10.19:051][553]Cmd: TRANSACTION UNDO
[2021.04.21-02.10.19:051][553]LogEditorTransaction: Undo Clicking on Actors
[2021.04.21-02.10.19:746][571]Cmd: TRANSACTION UNDO
[2021.04.21-02.10.19:746][571]LogEditorTransaction: Undo Clicking on Actors
[2021.04.21-02.10.20:326][586]Cmd: TRANSACTION UNDO
[2021.04.21-02.10.20:326][586]LogEditorTransaction: Undo Clicking on Actors
[2021.04.21-02.10.20:597][593]Cmd: TRANSACTION UNDO
[2021.04.21-02.10.20:598][593]LogEditorTransaction: Undo Clicking on Actors
[2021.04.21-02.10.20:802][598]Cmd: TRANSACTION UNDO
[2021.04.21-02.10.20:802][598]LogEditorTransaction: Undo Clicking on Actors
[2021.04.21-02.10.21:283][611]Cmd: TRANSACTION UNDO
[2021.04.21-02.10.21:283][611]LogEditorTransaction: Undo Clicking on Actors
[2021.04.21-02.10.21:437][615]Cmd: TRANSACTION UNDO
[2021.04.21-02.10.21:437][615]LogEditorTransaction: Undo Clicking on Actors
[2021.04.21-02.10.22:963][654]LogActorFactory: Actor Factory created SM_MERGED_CORRAL
[2021.04.21-02.10.23:865][677]LogActorFactory: Actor Factory created SM_MERGED_CORRAL
[2021.04.21-02.10.26:302][738]Cmd: DELETE
[2021.04.21-02.10.26:302][738]Cmd: ACTOR DELETE
[2021.04.21-02.10.26:350][738]LogEditorActor: Deleted Actor: StaticMeshActor
[2021.04.21-02.10.26:387][738]LogUObjectHash: Compacting FUObjectHashTables data took   1.08ms
[2021.04.21-02.10.26:392][738]LogEditorActor: Deleted 1 Actors (0.089 secs)
[2021.04.21-02.10.29:098][857]LogUObjectHash: Compacting FUObjectHashTables data took   0.78ms
[2021.04.21-02.10.31:126][857]LogSlate: Window 'Delete Assets' being destroyed
[2021.04.21-02.10.31:865][857]LogUObjectGlobals: Force Deleting 1 Package(s):
	Asset Name: /Game/ObjetosMigrados/ObjetosOptimizados/SM_MERGED_CORRAL.SM_MERGED_CORRAL
