Log file open, 05/05/21 16:01:02
LogInit: Display: Running engine for game: DeepWoodland2
LogPlatformFile: Not using cached read wrapper
LogTaskGraph: Started task graph with 5 named threads and 14 total threads with 3 sets of task threads.
LogStats: Stats thread started at 10.545310
LogD3D11RHI: Loaded GFSDK_Aftermath_Lib.x64.dll
LogICUInternationalization: ICU TimeZone Detection - Raw Offset: -6:00, Platform Override: ''
LogPluginManager: Mounting plugin Paper2D
LogPluginManager: Mounting plugin AISupport
LogPluginManager: Mounting plugin LightPropagationVolume
LogPluginManager: Mounting plugin CameraShakePreviewer
LogPluginManager: Mounting plugin ActorLayerUtilities
LogPluginManager: Mounting plugin AnimationSharing
LogPluginManager: Mounting plugin CLionSourceCodeAccess
LogPluginManager: Mounting plugin CodeLiteSourceCodeAccess
LogPluginManager: Mounting plugin GitSourceControl
LogPluginManager: Mounting plugin KDevelopSourceCodeAccess
LogPluginManager: Mounting plugin NullSourceCodeAccess
LogPluginManager: Mounting plugin PerforceSourceControl
LogPluginManager: Mounting plugin PlasticSourceControl
LogPluginManager: Mounting plugin RiderSourceCodeAccess
LogPluginManager: Mounting plugin SubversionSourceControl
LogPluginManager: Mounting plugin UObjectPlugin
LogPluginManager: Mounting plugin VisualStudioCodeSourceCodeAccess
LogPluginManager: Mounting plugin VisualStudioSourceCodeAccess
LogPluginManager: Mounting plugin XCodeSourceCodeAccess
LogPluginManager: Mounting plugin AssetManagerEditor
LogPluginManager: Mounting plugin CryptoKeys
LogPluginManager: Mounting plugin CurveEditorTools
LogPluginManager: Mounting plugin DataValidation
LogPluginManager: Mounting plugin EditorScriptingUtilities
LogPluginManager: Mounting plugin FacialAnimation
LogPluginManager: Mounting plugin GameplayTagsEditor
LogPluginManager: Mounting plugin GeometryMode
LogPluginManager: Mounting plugin MacGraphicsSwitching
LogPluginManager: Mounting plugin MaterialAnalyzer
LogPluginManager: Mounting plugin MobileLauncherProfileWizard
LogPluginManager: Mounting plugin PluginBrowser
LogPluginManager: Mounting plugin SpeedTreeImporter
LogPluginManager: Mounting plugin DatasmithContent
LogPluginManager: Mounting plugin VariantManagerContent
LogPluginManager: Mounting plugin AlembicImporter
LogPluginManager: Mounting plugin AutomationUtils
LogPluginManager: Mounting plugin BackChannel
LogPluginManager: Mounting plugin ChaosCloth
LogPluginManager: Mounting plugin ChaosClothEditor
LogPluginManager: Mounting plugin ChaosEditor
LogPluginManager: Mounting plugin ChaosNiagara
LogPluginManager: Mounting plugin ChaosSolverPlugin
LogPluginManager: Mounting plugin CharacterAI
LogPluginManager: Mounting plugin GeometryCache
LogPluginManager: Mounting plugin GeometryCollectionPlugin
LogPluginManager: Mounting plugin GeometryProcessing
LogPluginManager: Mounting plugin PlanarCut
LogPluginManager: Mounting plugin PlatformCrypto
LogPluginManager: Mounting plugin ProxyLODPlugin
LogPluginManager: Mounting plugin SkeletalReduction
LogPluginManager: Mounting plugin Niagara
LogPluginManager: Mounting plugin MagicLeap
LogPluginManager: Mounting plugin MagicLeapLightEstimation
LogPluginManager: Mounting plugin MagicLeapMedia
LogPluginManager: Mounting plugin MagicLeapPassableWorld
LogPluginManager: Mounting plugin MLSDK
LogPluginManager: Mounting plugin AndroidMedia
LogPluginManager: Mounting plugin AvfMedia
LogPluginManager: Mounting plugin ImgMedia
LogPluginManager: Mounting plugin MediaCompositing
LogPluginManager: Mounting plugin MediaPlayerEditor
LogPluginManager: Mounting plugin WebMMedia
LogPluginManager: Mounting plugin WmfMedia
LogPluginManager: Mounting plugin MeshPainting
LogPluginManager: Mounting plugin TcpMessaging
LogPluginManager: Mounting plugin UdpMessaging
LogPluginManager: Mounting plugin ActorSequence
LogPluginManager: Mounting plugin LevelSequenceEditor
LogPluginManager: Mounting plugin MatineeToLevelSequence
LogPluginManager: Mounting plugin MovieRenderPipeline
LogPluginManager: Mounting plugin TemplateSequence
LogPluginManager: Mounting plugin NetcodeUnitTest
LogPluginManager: Mounting plugin NUTUnrealEngine4
LogPluginManager: Mounting plugin OnlineSubsystemGooglePlay
LogPluginManager: Mounting plugin OnlineSubsystemIOS
LogPluginManager: Mounting plugin OnlineSubsystem
LogPluginManager: Mounting plugin OnlineSubsystemNull
LogPluginManager: Mounting plugin OnlineSubsystemUtils
LogPluginManager: Mounting plugin LauncherChunkInstaller
LogPluginManager: Mounting plugin AndroidDeviceProfileSelector
LogPluginManager: Mounting plugin AndroidMoviePlayer
LogPluginManager: Mounting plugin AndroidPermission
LogPluginManager: Mounting plugin ApexDestruction
LogPluginManager: Mounting plugin AppleImageUtils
LogPluginManager: Mounting plugin AppleMoviePlayer
LogPluginManager: Mounting plugin ArchVisCharacter
LogPluginManager: Mounting plugin AssetTags
LogPluginManager: Mounting plugin AudioCapture
LogPluginManager: Mounting plugin CableComponent
LogPluginManager: Mounting plugin CustomMeshComponent
LogPluginManager: Mounting plugin EditableMesh
LogPluginManager: Mounting plugin ExampleDeviceProfileSelector
LogPluginManager: Mounting plugin GoogleCloudMessaging
LogPluginManager: Mounting plugin GooglePAD
LogPluginManager: Mounting plugin IOSDeviceProfileSelector
LogPluginManager: Mounting plugin LinuxDeviceProfileSelector
LogPluginManager: Mounting plugin LocationServicesBPLibrary
LogPluginManager: Mounting plugin MobilePatchingUtils
LogPluginManager: Mounting plugin OculusVR
LogPluginManager: Mounting plugin PhysXVehicles
LogPluginManager: Mounting plugin PostSplashScreen
LogPluginManager: Mounting plugin ProceduralMeshComponent
LogPluginManager: Mounting plugin RuntimePhysXCooking
LogPluginManager: Mounting plugin SignificanceManager
LogPluginManager: Mounting plugin SoundFields
LogPluginManager: Mounting plugin SteamVR
LogPluginManager: Mounting plugin Synthesis
LogPluginManager: Mounting plugin WebMMoviePlayer
LogPluginManager: Mounting plugin WindowsMoviePlayer
LogPluginManager: Mounting plugin ScreenshotTools
LogInit: Using libcurl 7.55.1-DEV
LogInit:  - built for x86_64-pc-win32
LogInit:  - supports SSL with OpenSSL/1.1.1
LogInit:  - supports HTTP deflate (compression) using libz 1.2.8
LogInit:  - other features:
LogInit:      CURL_VERSION_SSL
LogInit:      CURL_VERSION_LIBZ
LogInit:      CURL_VERSION_IPV6
LogInit:      CURL_VERSION_ASYNCHDNS
LogInit:      CURL_VERSION_LARGEFILE
LogInit:      CURL_VERSION_IDN
LogInit:  CurlRequestOptions (configurable via config and command line):
LogInit:  - bVerifyPeer = true  - Libcurl will verify peer certificate
LogInit:  - bUseHttpProxy = false  - Libcurl will NOT use HTTP proxy
LogInit:  - bDontReuseConnections = false  - Libcurl will reuse connections
LogInit:  - MaxHostConnections = 16  - Libcurl will limit the number of connections to a host
LogInit:  - LocalHostAddr = Default
LogInit:  - BufferSize = 65536
LogOnline: OSS: Creating online subsystem instance for: NULL
LogInit: WinSock: version 1.1 (2.2), MaxSocks=32767, MaxUdp=65467
LogOnline: OSS: TryLoadSubsystemAndSetDefault: Loaded subsystem for module [NULL]
LogInit: Build: ++UE4+Release-4.25-CL-14469661
LogInit: Engine Version: 4.25.4-14469661+++UE4+Release-4.25
LogInit: Compatible Engine Version: 4.25.0-13144385+++UE4+Release-4.25
LogInit: Net CL: 13144385
LogInit: OS: Windows 10 (Release 2004) (), CPU: Intel(R) Core(TM) i5-7300HQ CPU @ 2.50GHz, GPU: Intel(R) HD Graphics 630
LogInit: Compiled (64-bit): Oct 11 2020 08:10:49
LogInit: Compiled with Visual C++: 19.24.28315.00
LogInit: Build Configuration: Development
LogInit: Branch Name: ++UE4+Release-4.25
LogInit: Command Line: 
LogInit: Base Directory: C:/Program Files/Epic Games/UE_4.25/Engine/Binaries/Win64/
LogInit: Allocator: TBB
LogInit: Installed Engine Build: 1
LogDevObjectVersion: Number of dev versions registered: 26
LogDevObjectVersion:   Dev-Blueprints (B0D832E4-1F89-4F0D-ACCF-7EB736FD4AA2): 10
LogDevObjectVersion:   Dev-Build (E1C64328-A22C-4D53-A36C-8E866417BD8C): 0
LogDevObjectVersion:   Dev-Core (375EC13C-06E4-48FB-B500-84F0262A717E): 4
LogDevObjectVersion:   Dev-Editor (E4B068ED-F494-42E9-A231-DA0B2E46BB41): 38
LogDevObjectVersion:   Dev-Framework (CFFC743F-43B0-4480-9391-14DF171D2073): 37
LogDevObjectVersion:   Dev-Mobile (B02B49B5-BB20-44E9-A304-32B752E40360): 2
LogDevObjectVersion:   Dev-Networking (A4E4105C-59A1-49B5-A7C5-40C4547EDFEE): 0
LogDevObjectVersion:   Dev-Online (39C831C9-5AE6-47DC-9A44-9C173E1C8E7C): 0
LogDevObjectVersion:   Dev-Physics (78F01B33-EBEA-4F98-B9B4-84EACCB95AA2): 4
LogDevObjectVersion:   Dev-Platform (6631380F-2D4D-43E0-8009-CF276956A95A): 0
LogDevObjectVersion:   Dev-Rendering (12F88B9F-8875-4AFC-A67C-D90C383ABD29): 43
LogDevObjectVersion:   Dev-Sequencer (7B5AE74C-D270-4C10-A958-57980B212A5A): 12
LogDevObjectVersion:   Dev-VR (D7296918-1DD6-4BDD-9DE2-64A83CC13884): 3
LogDevObjectVersion:   Dev-LoadTimes (C2A15278-BFE7-4AFE-6C17-90FF531DF755): 1
LogDevObjectVersion:   Private-Geometry (6EACA3D4-40EC-4CC1-B786-8BED09428FC5): 3
LogDevObjectVersion:   Dev-AnimPhys (29E575DD-E0A3-4627-9D10-D276232CDCEA): 17
LogDevObjectVersion:   Dev-Anim (AF43A65D-7FD3-4947-9873-3E8ED9C1BB05): 7
LogDevObjectVersion:   Dev-ReflectionCapture (6B266CEC-1EC7-4B8F-A30B-E4D90942FC07): 1
LogDevObjectVersion:   Dev-Automation (0DF73D61-A23F-47EA-B727-89E90C41499A): 1
LogDevObjectVersion:   FortniteMain (601D1886-AC64-4F84-AA16-D3DE0DEAC7D6): 31
LogDevObjectVersion:   Dev-Enterprise (9DFFBCD6-494F-0158-E221-12823C92A888): 10
LogDevObjectVersion:   Dev-Niagara (F2AED0AC-9AFE-416F-8664-AA7FFA26D6FC): 1
LogDevObjectVersion:   Dev-Destruction (174F1F0B-B4C6-45A5-B13F-2EE8D0FB917D): 10
LogDevObjectVersion:   Dev-Physics-Ext (35F94A83-E258-406C-A318-09F59610247C): 37
LogDevObjectVersion:   Dev-PhysicsMaterial-Chaos (B68FC16E-8B1B-42E2-B453-215C058844FE): 1
LogDevObjectVersion:   Dev-CineCamera (B2E18506-4273-CFC2-A54E-F4BB758BBA07): 1
LogInit: Presizing for max 25165824 objects, including 0 objects not considered by GC, pre-allocating 0 bytes for permanent pool.
LogConfig: Applying CVar settings from Section [/Script/Engine.StreamingSettings] File [C:/Users/TEMP.DESKTOP-DV3H2OO/Documents/GitHub/OptiVideo/OpVideojuegos/DeepWoodland2/Saved/Config/Windows/Engine.ini]
LogConfig: Setting CVar [[s.MinBulkDataSizeForAsyncLoading:131072]]
LogConfig: Setting CVar [[s.AsyncLoadingThreadEnabled:0]]
LogConfig: Setting CVar [[s.EventDrivenLoaderEnabled:1]]
LogConfig: Setting CVar [[s.WarnIfTimeLimitExceeded:0]]
LogConfig: Setting CVar [[s.TimeLimitExceededMultiplier:1.5]]
LogConfig: Setting CVar [[s.TimeLimitExceededMinTime:0.005]]
LogConfig: Setting CVar [[s.UseBackgroundLevelStreaming:1]]
LogConfig: Setting CVar [[s.PriorityAsyncLoadingExtraTime:15.0]]
LogConfig: Setting CVar [[s.LevelStreamingActorsUpdateTimeLimit:5.0]]
LogConfig: Setting CVar [[s.PriorityLevelStreamingActorsUpdateExtraTime:5.0]]
LogConfig: Setting CVar [[s.LevelStreamingComponentsRegistrationGranularity:10]]
LogConfig: Setting CVar [[s.UnregisterComponentsTimeLimit:1.0]]
LogConfig: Setting CVar [[s.LevelStreamingComponentsUnregistrationGranularity:5]]
LogConfig: Setting CVar [[s.FlushStreamingOnExit:1]]
LogInit: Object subsystem initialized
LogConfig: Setting CVar [[con.DebugEarlyDefault:1]]
LogConfig: Setting CVar [[r.setres:1280x720]]
[2021.05.05-21.01.07:809][  0]LogConfig: Setting CVar [[r.VSync:0]]
[2021.05.05-21.01.07:809][  0]LogConfig: Setting CVar [[r.RHICmdBypass:0]]
[2021.05.05-21.01.07:825][  0]LogConfig: Applying CVar settings from Section [/Script/Engine.RendererSettings] File [C:/Users/TEMP.DESKTOP-DV3H2OO/Documents/GitHub/OptiVideo/OpVideojuegos/DeepWoodland2/Saved/Config/Windows/Engine.ini]
[2021.05.05-21.01.07:825][  0]LogConfig: Setting CVar [[r.GPUCrashDebugging:0]]
[2021.05.05-21.01.07:825][  0]LogConfig: Applying CVar settings from Section [/Script/Engine.RendererOverrideSettings] File [C:/Users/TEMP.DESKTOP-DV3H2OO/Documents/GitHub/OptiVideo/OpVideojuegos/DeepWoodland2/Saved/Config/Windows/Engine.ini]
[2021.05.05-21.01.07:825][  0]LogConfig: Applying CVar settings from Section [/Script/Engine.StreamingSettings] File [C:/Users/TEMP.DESKTOP-DV3H2OO/Documents/GitHub/OptiVideo/OpVideojuegos/DeepWoodland2/Saved/Config/Windows/Engine.ini]
[2021.05.05-21.01.07:825][  0]LogConfig: Setting CVar [[s.MinBulkDataSizeForAsyncLoading:131072]]
[2021.05.05-21.01.07:825][  0]LogConfig: Setting CVar [[s.AsyncLoadingThreadEnabled:0]]
[2021.05.05-21.01.07:825][  0]LogConfig: Setting CVar [[s.EventDrivenLoaderEnabled:1]]
[2021.05.05-21.01.07:825][  0]LogConfig: Setting CVar [[s.WarnIfTimeLimitExceeded:0]]
[2021.05.05-21.01.07:825][  0]LogConfig: Setting CVar [[s.TimeLimitExceededMultiplier:1.5]]
[2021.05.05-21.01.07:825][  0]LogConfig: Setting CVar [[s.TimeLimitExceededMinTime:0.005]]
[2021.05.05-21.01.07:826][  0]LogConfig: Setting CVar [[s.UseBackgroundLevelStreaming:1]]
[2021.05.05-21.01.07:826][  0]LogConfig: Setting CVar [[s.PriorityAsyncLoadingExtraTime:15.0]]
[2021.05.05-21.01.07:826][  0]LogConfig: Setting CVar [[s.LevelStreamingActorsUpdateTimeLimit:5.0]]
[2021.05.05-21.01.07:826][  0]LogConfig: Setting CVar [[s.PriorityLevelStreamingActorsUpdateExtraTime:5.0]]
[2021.05.05-21.01.07:826][  0]LogConfig: Setting CVar [[s.LevelStreamingComponentsRegistrationGranularity:10]]
[2021.05.05-21.01.07:826][  0]LogConfig: Setting CVar [[s.UnregisterComponentsTimeLimit:1.0]]
[2021.05.05-21.01.07:826][  0]LogConfig: Setting CVar [[s.LevelStreamingComponentsUnregistrationGranularity:5]]
[2021.05.05-21.01.07:826][  0]LogConfig: Setting CVar [[s.FlushStreamingOnExit:1]]
[2021.05.05-21.01.07:826][  0]LogConfig: Applying CVar settings from Section [/Script/Engine.GarbageCollectionSettings] File [C:/Users/TEMP.DESKTOP-DV3H2OO/Documents/GitHub/OptiVideo/OpVideojuegos/DeepWoodland2/Saved/Config/Windows/Engine.ini]
[2021.05.05-21.01.07:826][  0]LogConfig: Setting CVar [[gc.MaxObjectsNotConsideredByGC:1]]
[2021.05.05-21.01.07:826][  0]LogConfig: Setting CVar [[gc.SizeOfPermanentObjectPool:0]]
[2021.05.05-21.01.07:826][  0]LogConfig: Setting CVar [[gc.FlushStreamingOnGC:0]]
[2021.05.05-21.01.07:826][  0]LogConfig: Setting CVar [[gc.NumRetriesBeforeForcingGC:10]]
[2021.05.05-21.01.07:826][  0]LogConfig: Setting CVar [[gc.AllowParallelGC:1]]
[2021.05.05-21.01.07:826][  0]LogConfig: Setting CVar [[gc.TimeBetweenPurgingPendingKillObjects:61.1]]
[2021.05.05-21.01.07:826][  0]LogConfig: Setting CVar [[gc.MaxObjectsInEditor:25165824]]
[2021.05.05-21.01.07:827][  0]LogConfig: Setting CVar [[gc.IncrementalBeginDestroyEnabled:1]]
[2021.05.05-21.01.07:827][  0]LogConfig: Setting CVar [[gc.CreateGCClusters:1]]
[2021.05.05-21.01.07:827][  0]LogConfig: Setting CVar [[gc.MinGCClusterSize:5]]
[2021.05.05-21.01.07:827][  0]LogConfig: Setting CVar [[gc.ActorClusteringEnabled:0]]
[2021.05.05-21.01.07:827][  0]LogConfig: Setting CVar [[gc.BlueprintClusteringEnabled:0]]
[2021.05.05-21.01.07:827][  0]LogConfig: Setting CVar [[gc.UseDisregardForGCOnDedicatedServers:0]]
[2021.05.05-21.01.07:827][  0]LogConfig: Applying CVar settings from Section [/Script/Engine.NetworkSettings] File [C:/Users/TEMP.DESKTOP-DV3H2OO/Documents/GitHub/OptiVideo/OpVideojuegos/DeepWoodland2/Saved/Config/Windows/Engine.ini]
[2021.05.05-21.01.07:827][  0]LogConfig: Applying CVar settings from Section [/Script/UnrealEd.CookerSettings] File [C:/Users/TEMP.DESKTOP-DV3H2OO/Documents/GitHub/OptiVideo/OpVideojuegos/DeepWoodland2/Saved/Config/Windows/Engine.ini]
[2021.05.05-21.01.07:911][  0]LogConfig: Applying CVar settings from Section [ViewDistanceQuality@3] File [C:/Users/TEMP.DESKTOP-DV3H2OO/Documents/GitHub/OptiVideo/OpVideojuegos/DeepWoodland2/Saved/Config/Windows/Scalability.ini]
[2021.05.05-21.01.07:912][  0]LogConfig: Setting CVar [[r.SkeletalMeshLODBias:0]]
[2021.05.05-21.01.07:912][  0]LogConfig: Setting CVar [[r.ViewDistanceScale:1.0]]
[2021.05.05-21.01.07:912][  0]LogConfig: Applying CVar settings from Section [AntiAliasingQuality@3] File [C:/Users/TEMP.DESKTOP-DV3H2OO/Documents/GitHub/OptiVideo/OpVideojuegos/DeepWoodland2/Saved/Config/Windows/Scalability.ini]
[2021.05.05-21.01.07:912][  0]LogConfig: Setting CVar [[r.PostProcessAAQuality:4]]
[2021.05.05-21.01.07:912][  0]LogConfig: Applying CVar settings from Section [ShadowQuality@3] File [C:/Users/TEMP.DESKTOP-DV3H2OO/Documents/GitHub/OptiVideo/OpVideojuegos/DeepWoodland2/Saved/Config/Windows/Scalability.ini]
[2021.05.05-21.01.07:912][  0]LogConfig: Setting CVar [[r.LightFunctionQuality:1]]
[2021.05.05-21.01.07:912][  0]LogConfig: Setting CVar [[r.ShadowQuality:5]]
[2021.05.05-21.01.07:912][  0]LogConfig: Setting CVar [[r.Shadow.CSM.MaxCascades:10]]
[2021.05.05-21.01.07:912][  0]LogConfig: Setting CVar [[r.Shadow.MaxResolution:2048]]
[2021.05.05-21.01.07:912][  0]LogConfig: Setting CVar [[r.Shadow.MaxCSMResolution:2048]]
[2021.05.05-21.01.07:913][  0]LogConfig: Setting CVar [[r.Shadow.RadiusThreshold:0.01]]
[2021.05.05-21.01.07:913][  0]LogConfig: Setting CVar [[r.Shadow.DistanceScale:1.0]]
[2021.05.05-21.01.07:913][  0]LogConfig: Setting CVar [[r.Shadow.CSM.TransitionScale:1.0]]
[2021.05.05-21.01.07:913][  0]LogConfig: Setting CVar [[r.Shadow.PreShadowResolutionFactor:1.0]]
[2021.05.05-21.01.07:913][  0]LogConfig: Setting CVar [[r.DistanceFieldShadowing:1]]
[2021.05.05-21.01.07:913][  0]LogConfig: Setting CVar [[r.DistanceFieldAO:1]]
[2021.05.05-21.01.07:913][  0]LogConfig: Setting CVar [[r.AOQuality:2]]
[2021.05.05-21.01.07:913][  0]LogConfig: Setting CVar [[r.VolumetricFog:1]]
[2021.05.05-21.01.07:913][  0]LogConfig: Setting CVar [[r.VolumetricFog.GridPixelSize:8]]
[2021.05.05-21.01.07:913][  0]LogConfig: Setting CVar [[r.VolumetricFog.GridSizeZ:128]]
[2021.05.05-21.01.07:913][  0]LogConfig: Setting CVar [[r.VolumetricFog.HistoryMissSupersampleCount:4]]
[2021.05.05-21.01.07:913][  0]LogConfig: Setting CVar [[r.LightMaxDrawDistanceScale:1]]
[2021.05.05-21.01.07:913][  0]LogConfig: Setting CVar [[r.CapsuleShadows:1]]
[2021.05.05-21.01.07:913][  0]LogConfig: Applying CVar settings from Section [PostProcessQuality@3] File [C:/Users/TEMP.DESKTOP-DV3H2OO/Documents/GitHub/OptiVideo/OpVideojuegos/DeepWoodland2/Saved/Config/Windows/Scalability.ini]
[2021.05.05-21.01.07:914][  0]LogConfig: Setting CVar [[r.MotionBlurQuality:4]]
[2021.05.05-21.01.07:914][  0]LogConfig: Setting CVar [[r.AmbientOcclusionMipLevelFactor:0.4]]
[2021.05.05-21.01.07:914][  0]LogConfig: Setting CVar [[r.AmbientOcclusionMaxQuality:100]]
[2021.05.05-21.01.07:914][  0]LogConfig: Setting CVar [[r.AmbientOcclusionLevels:-1]]
[2021.05.05-21.01.07:914][  0]LogConfig: Setting CVar [[r.AmbientOcclusionRadiusScale:1.0]]
[2021.05.05-21.01.07:914][  0]LogConfig: Setting CVar [[r.DepthOfFieldQuality:2]]
[2021.05.05-21.01.07:914][  0]LogConfig: Setting CVar [[r.RenderTargetPoolMin:400]]
[2021.05.05-21.01.07:914][  0]LogConfig: Setting CVar [[r.LensFlareQuality:2]]
[2021.05.05-21.01.07:914][  0]LogConfig: Setting CVar [[r.SceneColorFringeQuality:1]]
[2021.05.05-21.01.07:914][  0]LogConfig: Setting CVar [[r.EyeAdaptationQuality:2]]
[2021.05.05-21.01.07:914][  0]LogConfig: Setting CVar [[r.BloomQuality:5]]
[2021.05.05-21.01.07:914][  0]LogConfig: Setting CVar [[r.FastBlurThreshold:100]]
[2021.05.05-21.01.07:914][  0]LogConfig: Setting CVar [[r.Upscale.Quality:3]]
[2021.05.05-21.01.07:914][  0]LogConfig: Setting CVar [[r.Tonemapper.GrainQuantization:1]]
[2021.05.05-21.01.07:914][  0]LogConfig: Setting CVar [[r.LightShaftQuality:1]]
[2021.05.05-21.01.07:914][  0]LogConfig: Setting CVar [[r.Filter.SizeScale:1]]
[2021.05.05-21.01.07:915][  0]LogConfig: Setting CVar [[r.Tonemapper.Quality:5]]
[2021.05.05-21.01.07:915][  0]LogConfig: Setting CVar [[r.DOF.Gather.AccumulatorQuality:1        ; higher gathering accumulator quality]]
[2021.05.05-21.01.07:915][  0]LogConfig: Setting CVar [[r.DOF.Gather.PostfilterMethod:1          ; Median3x3 postfilering method]]
[2021.05.05-21.01.07:915][  0]LogConfig: Setting CVar [[r.DOF.Gather.EnableBokehSettings:0       ; no bokeh simulation when gathering]]
[2021.05.05-21.01.07:915][  0]LogConfig: Setting CVar [[r.DOF.Gather.RingCount:4                 ; medium number of samples when gathering]]
[2021.05.05-21.01.07:915][  0]LogConfig: Setting CVar [[r.DOF.Scatter.ForegroundCompositing:1    ; additive foreground scattering]]
[2021.05.05-21.01.07:915][  0]LogConfig: Setting CVar [[r.DOF.Scatter.BackgroundCompositing:2    ; additive background scattering]]
[2021.05.05-21.01.07:915][  0]LogConfig: Setting CVar [[r.DOF.Scatter.EnableBokehSettings:1      ; bokeh simulation when scattering]]
[2021.05.05-21.01.07:915][  0]LogConfig: Setting CVar [[r.DOF.Scatter.MaxSpriteRatio:0.1         ; only a maximum of 10% of scattered bokeh]]
[2021.05.05-21.01.07:915][  0]LogConfig: Setting CVar [[r.DOF.Recombine.Quality:1                ; cheap slight out of focus]]
[2021.05.05-21.01.07:915][  0]LogConfig: Setting CVar [[r.DOF.Recombine.EnableBokehSettings:0    ; no bokeh simulation on slight out of focus]]
[2021.05.05-21.01.07:915][  0]LogConfig: Setting CVar [[r.DOF.TemporalAAQuality:1                ; more stable temporal accumulation]]
[2021.05.05-21.01.07:915][  0]LogConfig: Setting CVar [[r.DOF.Kernel.MaxForegroundRadius:0.025]]
[2021.05.05-21.01.07:915][  0]LogConfig: Setting CVar [[r.DOF.Kernel.MaxBackgroundRadius:0.025]]
[2021.05.05-21.01.07:915][  0]LogConfig: Applying CVar settings from Section [TextureQuality@3] File [C:/Users/TEMP.DESKTOP-DV3H2OO/Documents/GitHub/OptiVideo/OpVideojuegos/DeepWoodland2/Saved/Config/Windows/Scalability.ini]
[2021.05.05-21.01.07:915][  0]LogConfig: Setting CVar [[r.Streaming.MipBias:0]]
[2021.05.05-21.01.07:916][  0]LogConfig: Setting CVar [[r.Streaming.AmortizeCPUToGPUCopy:0]]
[2021.05.05-21.01.07:916][  0]LogConfig: Setting CVar [[r.Streaming.MaxNumTexturesToStreamPerFrame:0]]
[2021.05.05-21.01.07:916][  0]LogConfig: Setting CVar [[r.Streaming.Boost:1]]
[2021.05.05-21.01.07:916][  0]LogConfig: Setting CVar [[r.MaxAnisotropy:8]]
[2021.05.05-21.01.07:916][  0]LogConfig: Setting CVar [[r.VT.MaxAnisotropy:8]]
[2021.05.05-21.01.07:916][  0]LogConfig: Setting CVar [[r.Streaming.LimitPoolSizeToVRAM:0]]
[2021.05.05-21.01.07:916][  0]LogConfig: Setting CVar [[r.Streaming.PoolSize:1000]]
[2021.05.05-21.01.07:916][  0]LogConfig: Setting CVar [[r.Streaming.MaxEffectiveScreenSize:0]]
[2021.05.05-21.01.07:916][  0]LogConfig: Applying CVar settings from Section [EffectsQuality@3] File [C:/Users/TEMP.DESKTOP-DV3H2OO/Documents/GitHub/OptiVideo/OpVideojuegos/DeepWoodland2/Saved/Config/Windows/Scalability.ini]
[2021.05.05-21.01.07:916][  0]LogConfig: Setting CVar [[r.TranslucencyLightingVolumeDim:64]]
[2021.05.05-21.01.07:916][  0]LogConfig: Setting CVar [[r.RefractionQuality:2]]
[2021.05.05-21.01.07:916][  0]LogConfig: Setting CVar [[r.SSR.Quality:3]]
[2021.05.05-21.01.07:916][  0]LogConfig: Setting CVar [[r.SSR.HalfResSceneColor:0]]
[2021.05.05-21.01.07:916][  0]LogConfig: Setting CVar [[r.SceneColorFormat:4]]
[2021.05.05-21.01.07:916][  0]LogConfig: Setting CVar [[r.DetailMode:2]]
[2021.05.05-21.01.07:916][  0]LogConfig: Setting CVar [[r.TranslucencyVolumeBlur:1]]
[2021.05.05-21.01.07:916][  0]LogConfig: Setting CVar [[r.MaterialQualityLevel:1 ; High quality]]
[2021.05.05-21.01.07:916][  0]LogConfig: Setting CVar [[r.SSS.Scale:1]]
[2021.05.05-21.01.07:916][  0]LogConfig: Setting CVar [[r.SSS.SampleSet:2]]
[2021.05.05-21.01.07:917][  0]LogConfig: Setting CVar [[r.SSS.Quality:1]]
[2021.05.05-21.01.07:917][  0]LogConfig: Setting CVar [[r.SSS.HalfRes:0]]
[2021.05.05-21.01.07:917][  0]LogConfig: Setting CVar [[r.SSGI.Quality:3]]
[2021.05.05-21.01.07:917][  0]LogConfig: Setting CVar [[r.EmitterSpawnRateScale:1.0]]
[2021.05.05-21.01.07:917][  0]LogConfig: Setting CVar [[r.ParticleLightQuality:2]]
[2021.05.05-21.01.07:917][  0]LogConfig: Setting CVar [[r.SkyAtmosphere.AerialPerspectiveLUT.FastApplyOnOpaque:1 ; Always have FastSkyLUT 1 in this case to avoid wrong sky]]
[2021.05.05-21.01.07:917][  0]LogConfig: Setting CVar [[r.SkyAtmosphere.AerialPerspectiveLUT.SampleCountPerSlice:1]]
[2021.05.05-21.01.07:917][  0]LogConfig: Setting CVar [[r.SkyAtmosphere.AerialPerspectiveLUT.DepthResolution:16.0]]
[2021.05.05-21.01.07:917][  0]LogConfig: Setting CVar [[r.SkyAtmosphere.FastSkyLUT:1]]
[2021.05.05-21.01.07:917][  0]LogConfig: Setting CVar [[r.SkyAtmosphere.FastSkyLUT.SampleCountMin:4.0]]
[2021.05.05-21.01.07:917][  0]LogConfig: Setting CVar [[r.SkyAtmosphere.FastSkyLUT.SampleCountMax:32.0]]
[2021.05.05-21.01.07:917][  0]LogConfig: Setting CVar [[r.SkyAtmosphere.SampleCountMin:4.0]]
[2021.05.05-21.01.07:917][  0]LogConfig: Setting CVar [[r.SkyAtmosphere.SampleCountMax:32.0]]
[2021.05.05-21.01.07:917][  0]LogConfig: Setting CVar [[r.SkyAtmosphere.TransmittanceLUT.UseSmallFormat:0]]
[2021.05.05-21.01.07:917][  0]LogConfig: Setting CVar [[r.SkyAtmosphere.TransmittanceLUT.SampleCount:10.0]]
[2021.05.05-21.01.07:917][  0]LogConfig: Setting CVar [[r.SkyAtmosphere.MultiScatteringLUT.SampleCount:15.0]]
[2021.05.05-21.01.07:917][  0]LogConfig: Applying CVar settings from Section [FoliageQuality@3] File [C:/Users/TEMP.DESKTOP-DV3H2OO/Documents/GitHub/OptiVideo/OpVideojuegos/DeepWoodland2/Saved/Config/Windows/Scalability.ini]
[2021.05.05-21.01.07:918][  0]LogConfig: Setting CVar [[foliage.DensityScale:1.0]]
[2021.05.05-21.01.07:918][  0]LogConfig: Setting CVar [[grass.DensityScale:1.0]]
[2021.05.05-21.01.07:918][  0]LogConfig: Applying CVar settings from Section [ShadingQuality@3] File [C:/Users/TEMP.DESKTOP-DV3H2OO/Documents/GitHub/OptiVideo/OpVideojuegos/DeepWoodland2/Saved/Config/Windows/Scalability.ini]
[2021.05.05-21.01.07:918][  0]LogConfig: Setting CVar [[r.HairStrands.SkyLighting.SampleCount:16]]
[2021.05.05-21.01.07:918][  0]LogConfig: Setting CVar [[r.HairStrands.SkyLighting.JitterIntegration:0]]
[2021.05.05-21.01.07:918][  0]LogConfig: Setting CVar [[r.HairStrands.SkyAO.SampleCount:16]]
[2021.05.05-21.01.07:918][  0]LogConfig: Setting CVar [[r.HairStrands.DeepShadow.SuperSampling:0]]
[2021.05.05-21.01.07:918][  0]LogConfig: Setting CVar [[r.HairStrands.VisibilityPPLL:0]]
[2021.05.05-21.01.07:918][  0]LogConfig: Setting CVar [[r.HairStrands.RasterizationScale:0.5]]
[2021.05.05-21.01.07:918][  0]LogConfig: Setting CVar [[r.HairStrands.VelocityRasterizationScale:1]]
[2021.05.05-21.01.07:925][  0]LogInit: Selected Device Profile: [Windows]
[2021.05.05-21.01.07:925][  0]LogInit: Applying CVar settings loaded from the selected device profile: [Windows]
[2021.05.05-21.01.07:939][  0]LogHAL: Display: Platform has ~ 16 GB [17058402304 / 17179869184 / 16], which maps to Larger [LargestMinGB=32, LargerMinGB=12, DefaultMinGB=8, SmallerMinGB=6, SmallestMinGB=0)
[2021.05.05-21.01.07:940][  0]LogInit: Going up to parent DeviceProfile []
[2021.05.05-21.01.07:944][  0]LogConfig: Applying CVar settings from Section [ViewDistanceQuality@0] File [C:/Users/TEMP.DESKTOP-DV3H2OO/Documents/GitHub/OptiVideo/OpVideojuegos/DeepWoodland2/Saved/Config/Windows/Scalability.ini]
[2021.05.05-21.01.07:944][  0]LogConfig: Setting CVar [[r.SkeletalMeshLODBias:2]]
[2021.05.05-21.01.07:944][  0]LogConfig: Setting CVar [[r.ViewDistanceScale:0.4]]
[2021.05.05-21.01.07:944][  0]LogConfig: Applying CVar settings from Section [AntiAliasingQuality@0] File [C:/Users/TEMP.DESKTOP-DV3H2OO/Documents/GitHub/OptiVideo/OpVideojuegos/DeepWoodland2/Saved/Config/Windows/Scalability.ini]
[2021.05.05-21.01.07:944][  0]LogConfig: Setting CVar [[r.PostProcessAAQuality:0]]
[2021.05.05-21.01.07:944][  0]LogConfig: Applying CVar settings from Section [ShadowQuality@0] File [C:/Users/TEMP.DESKTOP-DV3H2OO/Documents/GitHub/OptiVideo/OpVideojuegos/DeepWoodland2/Saved/Config/Windows/Scalability.ini]
[2021.05.05-21.01.07:944][  0]LogConfig: Setting CVar [[r.LightFunctionQuality:0]]
[2021.05.05-21.01.07:944][  0]LogConfig: Setting CVar [[r.ShadowQuality:0]]
[2021.05.05-21.01.07:944][  0]LogConfig: Setting CVar [[r.Shadow.CSM.MaxCascades:1]]
[2021.05.05-21.01.07:944][  0]LogConfig: Setting CVar [[r.Shadow.MaxResolution:512]]
[2021.05.05-21.01.07:944][  0]LogConfig: Setting CVar [[r.Shadow.MaxCSMResolution:512]]
[2021.05.05-21.01.07:944][  0]LogConfig: Setting CVar [[r.Shadow.RadiusThreshold:0.06]]
[2021.05.05-21.01.07:944][  0]LogConfig: Setting CVar [[r.Shadow.DistanceScale:0.6]]
[2021.05.05-21.01.07:945][  0]LogConfig: Setting CVar [[r.Shadow.CSM.TransitionScale:0]]
[2021.05.05-21.01.07:945][  0]LogConfig: Setting CVar [[r.Shadow.PreShadowResolutionFactor:0.5]]
[2021.05.05-21.01.07:945][  0]LogConfig: Setting CVar [[r.DistanceFieldShadowing:0]]
[2021.05.05-21.01.07:945][  0]LogConfig: Setting CVar [[r.DistanceFieldAO:0]]
[2021.05.05-21.01.07:945][  0]LogConfig: Setting CVar [[r.VolumetricFog:0]]
[2021.05.05-21.01.07:945][  0]LogConfig: Setting CVar [[r.LightMaxDrawDistanceScale:0]]
[2021.05.05-21.01.07:945][  0]LogConfig: Setting CVar [[r.CapsuleShadows:0]]
[2021.05.05-21.01.07:945][  0]LogConfig: Applying CVar settings from Section [PostProcessQuality@0] File [C:/Users/TEMP.DESKTOP-DV3H2OO/Documents/GitHub/OptiVideo/OpVideojuegos/DeepWoodland2/Saved/Config/Windows/Scalability.ini]
[2021.05.05-21.01.07:945][  0]LogConfig: Setting CVar [[r.MotionBlurQuality:0]]
[2021.05.05-21.01.07:945][  0]LogConfig: Setting CVar [[r.AmbientOcclusionMipLevelFactor:1.0]]
[2021.05.05-21.01.07:945][  0]LogConfig: Setting CVar [[r.AmbientOcclusionMaxQuality:0]]
[2021.05.05-21.01.07:945][  0]LogConfig: Setting CVar [[r.AmbientOcclusionLevels:0]]
[2021.05.05-21.01.07:945][  0]LogConfig: Setting CVar [[r.AmbientOcclusionRadiusScale:1.2]]
[2021.05.05-21.01.07:945][  0]LogConfig: Setting CVar [[r.DepthOfFieldQuality:0]]
[2021.05.05-21.01.07:945][  0]LogConfig: Setting CVar [[r.RenderTargetPoolMin:300]]
[2021.05.05-21.01.07:945][  0]LogConfig: Setting CVar [[r.LensFlareQuality:0]]
[2021.05.05-21.01.07:945][  0]LogConfig: Setting CVar [[r.SceneColorFringeQuality:0]]
[2021.05.05-21.01.07:945][  0]LogConfig: Setting CVar [[r.EyeAdaptationQuality:0]]
[2021.05.05-21.01.07:945][  0]LogConfig: Setting CVar [[r.BloomQuality:4]]
[2021.05.05-21.01.07:945][  0]LogConfig: Setting CVar [[r.FastBlurThreshold:0]]
[2021.05.05-21.01.07:946][  0]LogConfig: Setting CVar [[r.Upscale.Quality:1]]
[2021.05.05-21.01.07:946][  0]LogConfig: Setting CVar [[r.Tonemapper.GrainQuantization:0]]
[2021.05.05-21.01.07:946][  0]LogConfig: Setting CVar [[r.LightShaftQuality:0]]
[2021.05.05-21.01.07:946][  0]LogConfig: Setting CVar [[r.Filter.SizeScale:0.6]]
[2021.05.05-21.01.07:946][  0]LogConfig: Setting CVar [[r.Tonemapper.Quality:0]]
[2021.05.05-21.01.07:946][  0]LogConfig: Applying CVar settings from Section [TextureQuality@0] File [C:/Users/TEMP.DESKTOP-DV3H2OO/Documents/GitHub/OptiVideo/OpVideojuegos/DeepWoodland2/Saved/Config/Windows/Scalability.ini]
[2021.05.05-21.01.07:946][  0]LogConfig: Setting CVar [[r.Streaming.MipBias:16]]
[2021.05.05-21.01.07:946][  0]LogConfig: Setting CVar [[r.Streaming.AmortizeCPUToGPUCopy:1]]
[2021.05.05-21.01.07:946][  0]LogConfig: Setting CVar [[r.Streaming.MaxNumTexturesToStreamPerFrame:1]]
[2021.05.05-21.01.07:946][  0]LogConfig: Setting CVar [[r.Streaming.Boost:0.3]]
[2021.05.05-21.01.07:946][  0]LogConfig: Setting CVar [[r.MaxAnisotropy:0]]
[2021.05.05-21.01.07:946][  0]LogConfig: Setting CVar [[r.VT.MaxAnisotropy:4]]
[2021.05.05-21.01.07:946][  0]LogConfig: Setting CVar [[r.Streaming.LimitPoolSizeToVRAM:1]]
[2021.05.05-21.01.07:946][  0]LogConfig: Setting CVar [[r.Streaming.PoolSize:400]]
[2021.05.05-21.01.07:946][  0]LogConfig: Setting CVar [[r.Streaming.MaxEffectiveScreenSize:0]]
[2021.05.05-21.01.07:946][  0]LogConfig: Applying CVar settings from Section [EffectsQuality@0] File [C:/Users/TEMP.DESKTOP-DV3H2OO/Documents/GitHub/OptiVideo/OpVideojuegos/DeepWoodland2/Saved/Config/Windows/Scalability.ini]
[2021.05.05-21.01.07:946][  0]LogConfig: Setting CVar [[r.TranslucencyLightingVolumeDim:24]]
[2021.05.05-21.01.07:946][  0]LogConfig: Setting CVar [[r.RefractionQuality:0]]
[2021.05.05-21.01.07:946][  0]LogConfig: Setting CVar [[r.SSR.Quality:0]]
[2021.05.05-21.01.07:947][  0]LogConfig: Setting CVar [[r.SSR.HalfResSceneColor:1]]
[2021.05.05-21.01.07:947][  0]LogConfig: Setting CVar [[r.SceneColorFormat:3]]
[2021.05.05-21.01.07:947][  0]LogConfig: Setting CVar [[r.DetailMode:0]]
[2021.05.05-21.01.07:947][  0]LogConfig: Setting CVar [[r.TranslucencyVolumeBlur:0]]
[2021.05.05-21.01.07:947][  0]LogConfig: Setting CVar [[r.MaterialQualityLevel:0 ; Low quality]]
[2021.05.05-21.01.07:947][  0]LogConfig: Setting CVar [[r.SSS.Scale:0]]
[2021.05.05-21.01.07:947][  0]LogConfig: Setting CVar [[r.SSS.SampleSet:0]]
[2021.05.05-21.01.07:947][  0]LogConfig: Setting CVar [[r.SSS.Quality:0]]
[2021.05.05-21.01.07:947][  0]LogConfig: Setting CVar [[r.SSS.HalfRes:1]]
[2021.05.05-21.01.07:947][  0]LogConfig: Setting CVar [[r.SSGI.Quality:0]]
[2021.05.05-21.01.07:947][  0]LogConfig: Setting CVar [[r.EmitterSpawnRateScale:0.125]]
[2021.05.05-21.01.07:947][  0]LogConfig: Setting CVar [[r.ParticleLightQuality:0]]
[2021.05.05-21.01.07:947][  0]LogConfig: Setting CVar [[r.SkyAtmosphere.AerialPerspectiveLUT.FastApplyOnOpaque:1 ; Always have FastSkyLUT 1 in this case to avoid wrong sky]]
[2021.05.05-21.01.07:947][  0]LogConfig: Setting CVar [[r.SkyAtmosphere.AerialPerspectiveLUT.SampleCountPerSlice:1]]
[2021.05.05-21.01.07:947][  0]LogConfig: Setting CVar [[r.SkyAtmosphere.AerialPerspectiveLUT.DepthResolution:8.0]]
[2021.05.05-21.01.07:947][  0]LogConfig: Setting CVar [[r.SkyAtmosphere.FastSkyLUT:1]]
[2021.05.05-21.01.07:948][  0]LogConfig: Setting CVar [[r.SkyAtmosphere.FastSkyLUT.SampleCountMin:2.0]]
[2021.05.05-21.01.07:948][  0]LogConfig: Setting CVar [[r.SkyAtmosphere.FastSkyLUT.SampleCountMax:16.0]]
[2021.05.05-21.01.07:948][  0]LogConfig: Setting CVar [[r.SkyAtmosphere.SampleCountMin:2.0]]
[2021.05.05-21.01.07:948][  0]LogConfig: Setting CVar [[r.SkyAtmosphere.SampleCountMax:16.0]]
[2021.05.05-21.01.07:948][  0]LogConfig: Setting CVar [[r.SkyAtmosphere.TransmittanceLUT.UseSmallFormat:1]]
[2021.05.05-21.01.07:948][  0]LogConfig: Setting CVar [[r.SkyAtmosphere.TransmittanceLUT.SampleCount:10.0]]
[2021.05.05-21.01.07:948][  0]LogConfig: Setting CVar [[r.SkyAtmosphere.MultiScatteringLUT.SampleCount:15.0]]
[2021.05.05-21.01.07:948][  0]LogConfig: Applying CVar settings from Section [FoliageQuality@0] File [C:/Users/TEMP.DESKTOP-DV3H2OO/Documents/GitHub/OptiVideo/OpVideojuegos/DeepWoodland2/Saved/Config/Windows/Scalability.ini]
[2021.05.05-21.01.07:948][  0]LogConfig: Setting CVar [[foliage.DensityScale:0]]
[2021.05.05-21.01.07:948][  0]LogConfig: Setting CVar [[grass.DensityScale:0]]
[2021.05.05-21.01.07:948][  0]LogConfig: Applying CVar settings from Section [ShadingQuality@0] File [C:/Users/TEMP.DESKTOP-DV3H2OO/Documents/GitHub/OptiVideo/OpVideojuegos/DeepWoodland2/Saved/Config/Windows/Scalability.ini]
[2021.05.05-21.01.07:948][  0]LogConfig: Setting CVar [[r.HairStrands.SkyLighting.SampleCount:8]]
[2021.05.05-21.01.07:948][  0]LogConfig: Setting CVar [[r.HairStrands.SkyLighting.JitterIntegration:0]]
[2021.05.05-21.01.07:948][  0]LogConfig: Setting CVar [[r.HairStrands.SkyAO.SampleCount:8]]
[2021.05.05-21.01.07:948][  0]LogConfig: Setting CVar [[r.HairStrands.DeepShadow.SuperSampling:0]]
[2021.05.05-21.01.07:949][  0]LogConfig: Setting CVar [[r.HairStrands.VisibilityPPLL:0]]
[2021.05.05-21.01.07:949][  0]LogConfig: Setting CVar [[r.HairStrands.RasterizationScale:0.5]]
[2021.05.05-21.01.07:949][  0]LogConfig: Setting CVar [[r.HairStrands.VelocityRasterizationScale:1]]
[2021.05.05-21.01.07:949][  0]LogConfig: Applying CVar settings from Section [Startup] File [../../../Engine/Config/ConsoleVariables.ini]
[2021.05.05-21.01.07:966][  0]LogConfig: Setting CVar [[net.UseAdaptiveNetUpdateFrequency:0]]
[2021.05.05-21.01.07:966][  0]LogConfig: Setting CVar [[p.chaos.AllowCreatePhysxBodies:1]]
[2021.05.05-21.01.07:966][  0]LogConfig: Setting CVar [[fx.SkipVectorVMBackendOptimizations:1]]
[2021.05.05-21.01.07:966][  0]LogConfig: Applying CVar settings from Section [ConsoleVariables] File [C:/Users/TEMP.DESKTOP-DV3H2OO/Documents/GitHub/OptiVideo/OpVideojuegos/DeepWoodland2/Saved/Config/Windows/Engine.ini]
[2021.05.05-21.01.08:054][  0]LogInit: Computer: DESKTOP-DV3H2OO
[2021.05.05-21.01.08:054][  0]LogInit: User: AlexBazaldua
[2021.05.05-21.01.08:054][  0]LogInit: CPU Page size=4096, Cores=4
[2021.05.05-21.01.08:054][  0]LogInit: High frequency timer resolution =10.000000 MHz
[2021.05.05-21.01.08:055][  0]LogMemory: Memory total: Physical=15.9GB (16GB approx)
[2021.05.05-21.01.08:055][  0]LogMemory: Platform Memory Stats for Windows
[2021.05.05-21.01.08:055][  0]LogMemory: Process Physical Memory: 115.46 MB used, 115.46 MB peak
[2021.05.05-21.01.08:055][  0]LogMemory: Process Virtual Memory: 100.16 MB used, 100.16 MB peak
[2021.05.05-21.01.08:055][  0]LogMemory: Physical Memory: 6822.96 MB used,  9445.20 MB free, 16268.16 MB total
[2021.05.05-21.01.08:055][  0]LogMemory: Virtual Memory: 5134.50 MB used,  134212592.00 MB free, 134217728.00 MB total
[2021.05.05-21.01.08:123][  0]LogWindows: WindowsPlatformFeatures enabled
[2021.05.05-21.01.10:342][  0]LogInit: Physics initialised using underlying interface: PhysX
[2021.05.05-21.01.10:350][  0]LogInit: Using OS detected language (en-US).
[2021.05.05-21.01.10:350][  0]LogInit: Using OS detected locale (en-US).
[2021.05.05-21.01.10:801][  0]LogTextLocalizationManager: No specific localization for 'en-US' exists, so the 'en' localization will be used.
[2021.05.05-21.01.12:477][  0]LogInit: Setting process to per monitor DPI aware
[2021.05.05-21.01.13:711][  0]LogSlate: New Slate User Created.  User Index 0, Is Virtual User: 0
[2021.05.05-21.01.13:711][  0]LogSlate: Slate User Registered.  User Index 0, Is Virtual User: 0
[2021.05.05-21.01.29:453][  0]LogHMD: Failed to initialize OpenVR with code 110
[2021.05.05-21.01.29:454][  0]LogD3D11RHI: D3D11 min allowed feature level: 11_0
[2021.05.05-21.01.29:454][  0]LogD3D11RHI: D3D11 max allowed feature level: 11_0
[2021.05.05-21.01.29:454][  0]LogD3D11RHI: D3D11 adapters:
[2021.05.05-21.01.30:035][  0]LogD3D11RHI:    0. 'Intel(R) HD Graphics 630' (Feature Level 11_0)
[2021.05.05-21.01.30:035][  0]LogD3D11RHI:       128/0/8134 MB DedicatedVideo/DedicatedSystem/SharedSystem, Outputs:1, VendorId:0x8086
[2021.05.05-21.01.30:038][  0]LogD3D11RHI:    1. 'Microsoft Basic Render Driver' (Feature Level 11_0)
[2021.05.05-21.01.30:038][  0]LogD3D11RHI:       0/0/8134 MB DedicatedVideo/DedicatedSystem/SharedSystem, Outputs:0, VendorId:0x1414
[2021.05.05-21.01.30:038][  0]LogD3D11RHI: Chosen D3D11 Adapter: 0
[2021.05.05-21.01.30:049][  0]LogD3D11RHI: Creating new Direct3DDevice
[2021.05.05-21.01.30:049][  0]LogD3D11RHI:     GPU DeviceId: 0x591b (for the marketing name, search the web for "GPU Device Id")
[2021.05.05-21.01.30:049][  0]LogWindows: EnumDisplayDevices:
[2021.05.05-21.01.30:050][  0]LogWindows:    0. 'Intel(R) HD Graphics 630' (P:1 D:1)
[2021.05.05-21.01.30:050][  0]LogWindows:    1. 'Intel(R) HD Graphics 630' (P:0 D:0)
[2021.05.05-21.01.30:051][  0]LogWindows:    2. 'Intel(R) HD Graphics 630' (P:0 D:0)
[2021.05.05-21.01.30:052][  0]LogWindows: DebugString: FoundDriverCount:3 
[2021.05.05-21.01.30:052][  0]LogD3D11RHI:     Adapter Name: Intel(R) HD Graphics 630
[2021.05.05-21.01.30:052][  0]LogD3D11RHI:   Driver Version: 23.20.16.4973 (internal:23.20.16.4973, unified:23.20.16.4973)
[2021.05.05-21.01.30:052][  0]LogD3D11RHI:      Driver Date: 2-28-2018
[2021.05.05-21.01.30:052][  0]LogRHI: Texture pool is 1523 MB (70% of 2176 MB)
[2021.05.05-21.01.30:395][  0]LogD3D11RHI: RHI does not have support for 64 bit atomics
[2021.05.05-21.01.30:395][  0]LogD3D11RHI: Async texture creation enabled
[2021.05.05-21.01.30:395][  0]LogD3D11RHI: Array index from any shader is supported
[2021.05.05-21.01.30:867][  0]LogD3D11RHI: GPU Timing Frequency: 12.000048 (Debug: 2 0)
[2021.05.05-21.01.33:899][  0]LogTargetPlatformManager: Display: Loaded TargetPlatform 'AllDesktop'
[2021.05.05-21.01.34:033][  0]LogTargetPlatformManager: Display: Loaded TargetPlatform 'Android'
[2021.05.05-21.01.34:033][  0]LogTargetPlatformManager: Display: Loaded TargetPlatform 'Android_ASTC'
[2021.05.05-21.01.34:033][  0]LogTargetPlatformManager: Display: Loaded TargetPlatform 'Android_DXT'
[2021.05.05-21.01.34:033][  0]LogTargetPlatformManager: Display: Loaded TargetPlatform 'Android_ETC2'
[2021.05.05-21.01.34:033][  0]LogTargetPlatformManager: Display: Loaded TargetPlatform 'AndroidClient'
[2021.05.05-21.01.34:033][  0]LogTargetPlatformManager: Display: Loaded TargetPlatform 'Android_ASTCClient'
[2021.05.05-21.01.34:033][  0]LogTargetPlatformManager: Display: Loaded TargetPlatform 'Android_DXTClient'
[2021.05.05-21.01.34:033][  0]LogTargetPlatformManager: Display: Loaded TargetPlatform 'Android_ETC2Client'
[2021.05.05-21.01.34:033][  0]LogTargetPlatformManager: Display: Loaded TargetPlatform 'Android_Multi'
[2021.05.05-21.01.34:033][  0]LogTargetPlatformManager: Display: Loaded TargetPlatform 'Android_MultiClient'
[2021.05.05-21.01.34:308][  0]LogTargetPlatformManager: Display: Loaded TargetPlatform 'IOSClient'
[2021.05.05-21.01.34:308][  0]LogTargetPlatformManager: Display: Loaded TargetPlatform 'IOS'
[2021.05.05-21.01.34:550][  0]LogTargetPlatformManager: Display: Loaded TargetPlatform 'Linux'
[2021.05.05-21.01.34:597][  0]LogTargetPlatformManager: Display: Loaded TargetPlatform 'LinuxNoEditor'
[2021.05.05-21.01.34:672][  0]LogTargetPlatformManager: Display: Loaded TargetPlatform 'LinuxClient'
[2021.05.05-21.01.34:728][  0]LogTargetPlatformManager: Display: Loaded TargetPlatform 'LinuxServer'
[2021.05.05-21.01.34:814][  0]LogTargetPlatformManager: Display: Loaded TargetPlatform 'LinuxAArch64NoEditor'
[2021.05.05-21.01.34:885][  0]LogTargetPlatformManager: Display: Loaded TargetPlatform 'LinuxAArch64Client'
[2021.05.05-21.01.34:942][  0]LogTargetPlatformManager: Display: Loaded TargetPlatform 'LinuxAArch64Server'
[2021.05.05-21.01.35:100][  0]LogTargetPlatformManager: Display: Loaded TargetPlatform 'Lumin'
[2021.05.05-21.01.35:100][  0]LogTargetPlatformManager: Display: Loaded TargetPlatform 'LuminClient'
[2021.05.05-21.01.35:229][  0]LogTargetPlatformManager: Display: Loaded TargetPlatform 'TVOSClient'
[2021.05.05-21.01.35:230][  0]LogTargetPlatformManager: Display: Loaded TargetPlatform 'TVOS'
[2021.05.05-21.01.35:297][  0]LogTargetPlatformManager: Display: Loaded TargetPlatform 'WindowsNoEditor'
[2021.05.05-21.01.35:376][  0]LogTargetPlatformManager: Display: Loaded TargetPlatform 'Windows'
[2021.05.05-21.01.35:420][  0]LogTargetPlatformManager: Display: Loaded TargetPlatform 'WindowsClient'
[2021.05.05-21.01.35:471][  0]LogTargetPlatformManager: Display: Loaded TargetPlatform 'WindowsServer'
[2021.05.05-21.01.35:471][  0]LogTargetPlatformManager: Display: Building Assets For Windows
[2021.05.05-21.01.35:887][  0]LogAudioDebug: Display: Lib vorbis DLL was dynamically loaded.
[2021.05.05-21.01.37:043][  0]LogShaderCompilers: Guid format shader working directory is -38 characters bigger than the processId version (../../../../../../Users/TEMP.DESKTOP-DV3H2OO/Documents/GitHub/OptiVideo/OpVideojuegos/DeepWoodland2/Intermediate/Shaders/WorkingDirectory/9708/).
[2021.05.05-21.01.37:044][  0]LogShaderCompilers: Cleaned the shader compiler working directory 'C:/Users/TEMP.DESKTOP-DV3H2OO/AppData/Local/Temp/UnrealShaderWorkingDir/6B4FEBBD4C2B8A8075D7D0A3ED470447/'.
[2021.05.05-21.01.37:085][  0]LogXGEController: Cleaning working directory: C:/Users/TEMP.DESKTOP-DV3H2OO/AppData/Local/Temp/UnrealXGEWorkingDir/
[2021.05.05-21.01.37:086][  0]LogXGEController: Cannot use XGE Controller as Incredibuild is not installed on this machine.
[2021.05.05-21.01.37:087][  0]LogShaderCompilers: Cannot use XGE Shader Compiler as Incredibuild is not installed on this machine.
[2021.05.05-21.01.37:087][  0]LogShaderCompilers: Display: Using Local Shader Compiler.
[2021.05.05-21.01.54:981][  0]LogDerivedDataCache: Display: Max Cache Size: 512 MB
[2021.05.05-21.01.56:359][  0]LogDerivedDataCache: Loaded boot cache 1.36s 76MB C:/Users/TEMP.DESKTOP-DV3H2OO/AppData/Local/UnrealEngine/4.25/DerivedDataCache/Boot.ddc.
[2021.05.05-21.01.56:359][  0]LogDerivedDataCache: Display: Loaded Boot cache: C:/Users/TEMP.DESKTOP-DV3H2OO/AppData/Local/UnrealEngine/4.25/DerivedDataCache/Boot.ddc
[2021.05.05-21.01.56:359][  0]LogDerivedDataCache: FDerivedDataBackendGraph:  Pak pak cache file ../../../../../../Users/TEMP.DESKTOP-DV3H2OO/Documents/GitHub/OptiVideo/OpVideojuegos/DeepWoodland2/DerivedDataCache/DDC.ddp not found, will not use a pak cache.
[2021.05.05-21.01.56:359][  0]LogDerivedDataCache: Unable to find inner node Pak for hierarchical cache Hierarchy.
[2021.05.05-21.01.56:360][  0]LogDerivedDataCache: FDerivedDataBackendGraph:  CompressedPak pak cache file ../../../../../../Users/TEMP.DESKTOP-DV3H2OO/Documents/GitHub/OptiVideo/OpVideojuegos/DeepWoodland2/DerivedDataCache/Compressed.ddp not found, will not use a pak cache.
[2021.05.05-21.01.56:360][  0]LogDerivedDataCache: Unable to find inner node CompressedPak for hierarchical cache Hierarchy.
[2021.05.05-21.01.56:483][  0]LogDerivedDataCache: Display: Pak cache opened for reading ../../../Engine/DerivedDataCache/Compressed.ddp.
[2021.05.05-21.01.56:484][  0]LogDerivedDataCache: FDerivedDataBackendGraph:  EnterprisePak pak cache file ../../../Enterprise/DerivedDataCache/Compressed.ddp not found, will not use a pak cache.
[2021.05.05-21.01.56:484][  0]LogDerivedDataCache: Unable to find inner node EnterprisePak for hierarchical cache Hierarchy.
[2021.05.05-21.01.56:486][  0]LogDerivedDataCache: Using Local data cache path C:/Users/TEMP.DESKTOP-DV3H2OO/AppData/Local/UnrealEngine/Common/DerivedDataCache: Writable
[2021.05.05-21.01.56:486][  0]LogDerivedDataCache: Shared data cache path not found in *engine.ini, will not use an Shared cache.
[2021.05.05-21.01.56:487][  0]LogDerivedDataCache: Unable to find inner node Shared for hierarchical cache Hierarchy.
[2021.05.05-21.01.56:775][  0]LogSlate: Using FreeType 2.10.0
[2021.05.05-21.01.57:079][  0]LogSlate: SlateFontServices - WITH_FREETYPE: 1, WITH_HARFBUZZ: 1
[2021.05.05-21.02.00:642][  0]LogAssetRegistry: FAssetRegistry took 0.0181 seconds to start up
[2021.05.05-21.02.11:265][  0]LogInit: Selected Device Profile: [Windows]
[2021.05.05-21.02.17:446][  0]LogMeshReduction: Using QuadricMeshReduction for automatic static mesh reduction
[2021.05.05-21.02.17:447][  0]LogMeshReduction: Using SimplygonMeshReduction for automatic skeletal mesh reduction
[2021.05.05-21.02.17:447][  0]LogMeshReduction: Using ProxyLODMeshReduction for automatic mesh merging
[2021.05.05-21.02.17:447][  0]LogMeshReduction: No distributed automatic mesh merging module available
[2021.05.05-21.02.17:449][  0]LogMeshMerging: No distributed automatic mesh merging module available
[2021.05.05-21.02.19:843][  0]LogNetVersion: DeepWoodland2 1.0.0, NetCL: 13144385, EngineNetVer: 14, GameNetVer: 0 (Checksum: 1524458531)
[2021.05.05-21.03.10:947][  0]LogAISub: UAISubsystem::UAISubsystem AISubsystem (000002BAB8996980), frame # 0
[2021.05.05-21.03.10:947][  0]LogAISub: UAISubsystem::UAISubsystem AIPerceptionSystem (000002BABBCBFB00), frame # 0
[2021.05.05-21.03.11:000][  0]LogAISub: UAISubsystem::UAISubsystem EnvQueryManager (000002BAB899EA00), frame # 0
[2021.05.05-21.03.11:527][  0]LogFileManager: Warning: MoveFile was unable to move '../../../../../../Users/TEMP.DESKTOP-DV3H2OO/Documents/GitHub/OptiVideo/OpVideojuegos/DeepWoodland2/Intermediate/AssetRegistryCache/866581fd.bin.tmp' to '../../../../../../Users/TEMP.DESKTOP-DV3H2OO/Documents/GitHub/OptiVideo/OpVideojuegos/DeepWoodland2/Intermediate/AssetRegistryCache/866581fd.bin' (Error Code 32), retrying in .5s...
[2021.05.05-21.03.12:027][  0]LogFileManager: Warning: MoveFile was unable to move '../../../../../../Users/TEMP.DESKTOP-DV3H2OO/Documents/GitHub/OptiVideo/OpVideojuegos/DeepWoodland2/Intermediate/AssetRegistryCache/866581fd.bin.tmp' to '../../../../../../Users/TEMP.DESKTOP-DV3H2OO/Documents/GitHub/OptiVideo/OpVideojuegos/DeepWoodland2/Intermediate/AssetRegistryCache/866581fd.bin' (Error Code 2), retrying in .5s...
[2021.05.05-21.03.12:529][  0]LogFileManager: Warning: MoveFile was unable to move '../../../../../../Users/TEMP.DESKTOP-DV3H2OO/Documents/GitHub/OptiVideo/OpVideojuegos/DeepWoodland2/Intermediate/AssetRegistryCache/866581fd.bin.tmp' to '../../../../../../Users/TEMP.DESKTOP-DV3H2OO/Documents/GitHub/OptiVideo/OpVideojuegos/DeepWoodland2/Intermediate/AssetRegistryCache/866581fd.bin' (Error Code 2), retrying in .5s...
[2021.05.05-21.03.13:030][  0]LogFileManager: Warning: MoveFile was unable to move '../../../../../../Users/TEMP.DESKTOP-DV3H2OO/Documents/GitHub/OptiVideo/OpVideojuegos/DeepWoodland2/Intermediate/AssetRegistryCache/866581fd.bin.tmp' to '../../../../../../Users/TEMP.DESKTOP-DV3H2OO/Documents/GitHub/OptiVideo/OpVideojuegos/DeepWoodland2/Intermediate/AssetRegistryCache/866581fd.bin' (Error Code 2), retrying in .5s...
[2021.05.05-21.03.13:531][  0]LogFileManager: Warning: MoveFile was unable to move '../../../../../../Users/TEMP.DESKTOP-DV3H2OO/Documents/GitHub/OptiVideo/OpVideojuegos/DeepWoodland2/Intermediate/AssetRegistryCache/866581fd.bin.tmp' to '../../../../../../Users/TEMP.DESKTOP-DV3H2OO/Documents/GitHub/OptiVideo/OpVideojuegos/DeepWoodland2/Intermediate/AssetRegistryCache/866581fd.bin' (Error Code 2), retrying in .5s...
[2021.05.05-21.03.14:032][  0]LogFileManager: Warning: MoveFile was unable to move '../../../../../../Users/TEMP.DESKTOP-DV3H2OO/Documents/GitHub/OptiVideo/OpVideojuegos/DeepWoodland2/Intermediate/AssetRegistryCache/866581fd.bin.tmp' to '../../../../../../Users/TEMP.DESKTOP-DV3H2OO/Documents/GitHub/OptiVideo/OpVideojuegos/DeepWoodland2/Intermediate/AssetRegistryCache/866581fd.bin' (Error Code 2), retrying in .5s...
[2021.05.05-21.03.14:532][  0]LogFileManager: Warning: MoveFile was unable to move '../../../../../../Users/TEMP.DESKTOP-DV3H2OO/Documents/GitHub/OptiVideo/OpVideojuegos/DeepWoodland2/Intermediate/AssetRegistryCache/866581fd.bin.tmp' to '../../../../../../Users/TEMP.DESKTOP-DV3H2OO/Documents/GitHub/OptiVideo/OpVideojuegos/DeepWoodland2/Intermediate/AssetRegistryCache/866581fd.bin' (Error Code 2), retrying in .5s...
[2021.05.05-21.03.15:033][  0]LogFileManager: Warning: MoveFile was unable to move '../../../../../../Users/TEMP.DESKTOP-DV3H2OO/Documents/GitHub/OptiVideo/OpVideojuegos/DeepWoodland2/Intermediate/AssetRegistryCache/866581fd.bin.tmp' to '../../../../../../Users/TEMP.DESKTOP-DV3H2OO/Documents/GitHub/OptiVideo/OpVideojuegos/DeepWoodland2/Intermediate/AssetRegistryCache/866581fd.bin' (Error Code 2), retrying in .5s...
[2021.05.05-21.03.15:535][  0]LogFileManager: Warning: MoveFile was unable to move '../../../../../../Users/TEMP.DESKTOP-DV3H2OO/Documents/GitHub/OptiVideo/OpVideojuegos/DeepWoodland2/Intermediate/AssetRegistryCache/866581fd.bin.tmp' to '../../../../../../Users/TEMP.DESKTOP-DV3H2OO/Documents/GitHub/OptiVideo/OpVideojuegos/DeepWoodland2/Intermediate/AssetRegistryCache/866581fd.bin' (Error Code 2), retrying in .5s...
[2021.05.05-21.03.16:035][  0]LogFileManager: Warning: MoveFile was unable to move '../../../../../../Users/TEMP.DESKTOP-DV3H2OO/Documents/GitHub/OptiVideo/OpVideojuegos/DeepWoodland2/Intermediate/AssetRegistryCache/866581fd.bin.tmp' to '../../../../../../Users/TEMP.DESKTOP-DV3H2OO/Documents/GitHub/OptiVideo/OpVideojuegos/DeepWoodland2/Intermediate/AssetRegistryCache/866581fd.bin' (Error Code 2), retrying in .5s...
[2021.05.05-21.03.16:537][  0]LogFileManager: Error: Error moving file '../../../../../../Users/TEMP.DESKTOP-DV3H2OO/Documents/GitHub/OptiVideo/OpVideojuegos/DeepWoodland2/Intermediate/AssetRegistryCache/866581fd.bin.tmp' to '../../../../../../Users/TEMP.DESKTOP-DV3H2OO/Documents/GitHub/OptiVideo/OpVideojuegos/DeepWoodland2/Intermediate/AssetRegistryCache/866581fd.bin'.
[2021.05.05-21.03.16:627][  0]LogPackageLocalizationCache: Processed 19 localized package path(s) for 1 prioritized culture(s) in 5.147249 seconds
[2021.05.05-21.03.16:637][  0]LogUObjectArray: 15917 objects as part of root set at end of initial load.
[2021.05.05-21.03.16:637][  0]LogUObjectAllocator: 3965568 out of 0 bytes used by permanent object pool.
[2021.05.05-21.03.16:637][  0]LogUObjectArray: CloseDisregardForGC: 0/0 objects in disregard for GC pool
[2021.05.05-21.03.23:362][  0]LogTcpMessaging: Initializing TcpMessaging bridge
[2021.05.05-21.03.23:409][  0]LogUdpMessaging: Initializing bridge on interface 0.0.0.0:0 to multicast group 230.0.0.1:6666.
[2021.05.05-21.03.26:404][  0]SourceControl: Source control is disabled
[2021.05.05-21.03.26:428][  0]SourceControl: Source control is disabled
[2021.05.05-21.03.26:648][  0]SourceControl: Source control is disabled
[2021.05.05-21.03.26:692][  0]SourceControl: Source control is disabled
[2021.05.05-21.03.26:832][  0]SourceControl: Source control is disabled
[2021.05.05-21.03.32:198][  0]LogAndroidPermission: UAndroidPermissionCallbackProxy::GetInstance
[2021.05.05-21.03.32:499][  0]LogAudioCaptureCore: Display: No Audio Capture implementations found. Audio input will be silent.
[2021.05.05-21.03.32:499][  0]LogAudioCaptureCore: Display: No Audio Capture implementations found. Audio input will be silent.
[2021.05.05-21.03.33:323][  0]LogOcInput: OculusInput pre-init called
[2021.05.05-21.03.33:459][  0]LogWindows: Failed to load 'OVRPlugin.dll' (GetLastError=126)
[2021.05.05-21.03.33:459][  0]LogWindows: File 'OVRPlugin.dll' does not exist
[2021.05.05-21.03.35:980][  0]LogEngine: Initializing Engine...
[2021.05.05-21.03.36:008][  0]LogHMD: Failed to initialize OpenVR with code 110
[2021.05.05-21.03.36:008][  0]LogMagicLeap: Warning: VR disabled because ZI is not enabled.  To enable, in the editor, Edit -> Project Settings -> Plugins -> Magic Leap Plugin -> Enable Zero Iteration
[2021.05.05-21.03.36:095][  0]LogStats: UGameplayTagsManager::InitializeManager -  0.035 s
[2021.05.05-21.03.36:783][  0]LogInit: Initializing FReadOnlyCVARCache
[2021.05.05-21.03.37:895][  0]LogAIModule: Creating AISystem for world Untitled
[2021.05.05-21.03.37:895][  0]LogAISub: UAISubsystem::UAISubsystem EnvQueryManager (000002BAC0141200), frame # 0
[2021.05.05-21.03.37:896][  0]LogAISub: UAISubsystem::UAISubsystem AIPerceptionSystem (000002BAC0190B80), frame # 0
[2021.05.05-21.03.38:213][  0]LogAudioMixer: Display: Audio Mixer Platform Settings:
[2021.05.05-21.03.38:213][  0]LogAudioMixer: Display: 	Sample Rate:						  48000
[2021.05.05-21.03.38:213][  0]LogAudioMixer: Display: 	Callback Buffer Frame Size Requested: 1024
[2021.05.05-21.03.38:213][  0]LogAudioMixer: Display: 	Callback Buffer Frame Size To Use:	  1024
[2021.05.05-21.03.38:213][  0]LogAudioMixer: Display: 	Number of buffers to queue:			  2
[2021.05.05-21.03.38:213][  0]LogAudioMixer: Display: 	Max Channels (voices):				  32
[2021.05.05-21.03.38:213][  0]LogAudioMixer: Display: 	Number of Async Source Workers:		  0
[2021.05.05-21.03.38:213][  0]LogAudio: Display: AudioDevice MaxSources: 32
[2021.05.05-21.03.38:271][  0]LogAudio: Display: Using built-in audio occlusion.
[2021.05.05-21.03.38:271][  0]LogAudioMixer: Display: Initializing audio mixer.
[2021.05.05-21.03.38:690][  0]LogAudioMixer: Display: 0: FrontLeft
[2021.05.05-21.03.38:690][  0]LogAudioMixer: Display: 1: FrontRight
[2021.05.05-21.03.39:504][  0]LogAudioMixer: Display: Using Audio Device Speakers (Realtek High Definition Audio)
[2021.05.05-21.03.39:527][  0]LogAudioMixer: Display: Initializing Sound Submixes...
[2021.05.05-21.03.39:530][  0]LogAudioMixer: Display: Creating Master Submix 'MasterSubmixDefault'
[2021.05.05-21.03.39:530][  0]LogAudioMixer: Display: Creating Master Submix 'MasterReverbSubmixDefault'
[2021.05.05-21.03.39:595][  0]LogAudioMixer: Display: Creating Master Submix 'MasterEQSubmixDefault'
[2021.05.05-21.03.39:597][  0]LogInit: FAudioDevice initialized.
[2021.05.05-21.03.39:599][  0]LogNetVersion: Set ProjectVersion to 1.0.0.0. Version Checksum will be recalculated on next use.
[2021.05.05-21.03.40:067][  0]LogDerivedDataCache: Saved boot cache 0.47s 76MB C:/Users/TEMP.DESKTOP-DV3H2OO/AppData/Local/UnrealEngine/4.25/DerivedDataCache/Boot.ddc.
[2021.05.05-21.03.40:072][  0]LogInit: Texture streaming: Enabled
[2021.05.05-21.03.40:269][  0]LogEngineSessionManager: EngineSessionManager initialized
[2021.05.05-21.03.40:269][  0]LogEditorSessionSummary: Verbose: Initializing EditorSessionSummaryWriter for editor session tracking
[2021.05.05-21.03.40:958][  0]LogInit: Transaction tracking system initialized
[2021.05.05-21.03.41:784][  0]BlueprintLog: New page: Editor Load
[2021.05.05-21.03.45:229][  0]LocalizationService: Localization service is disabled
[2021.05.05-21.03.51:468][  0]LogFileCache: Scanning file cache for directory 'C:/Users/TEMP.DESKTOP-DV3H2OO/Documents/GitHub/OptiVideo/OpVideojuegos/DeepWoodland2/Content/' took 0.07s
[2021.05.05-21.03.51:469][  0]LogCook: Display: Max memory allowance for cook 16384mb min free memory 0mb
[2021.05.05-21.03.51:473][  0]LogCook: Display: Mobile HDR setting 1
[2021.05.05-21.04.00:850][  0]SourceControl: Source control is disabled
[2021.05.05-21.04.00:893][  0]LogUnrealEdMisc: Loading editor; pre map load, took 259.073
[2021.05.05-21.04.01:334][  0]LightingResults: New page: Lighting Build
[2021.05.05-21.04.01:762][  0]LogWorld: UWorld::CleanupWorld for Untitled, bSessionEnded=true, bCleanupResources=true
[2021.05.05-21.04.01:944][  0]LogSlate: InvalidateAllWidgets triggered.  All widgets were invalidated
[2021.05.05-21.04.02:022][  0]MapCheck: New page: Map Check
[2021.05.05-21.04.02:022][  0]LightingResults: New page: Lighting Build
[2021.05.05-21.04.02:932][  0]LogAISub: UAISubsystem::~UAISubsystem EnvQueryManager (000002BAC0141200), frame # 0
[2021.05.05-21.04.02:932][  0]LogAISub: UAISubsystem::~UAISubsystem AIPerceptionSystem (000002BAC0190B80), frame # 0
[2021.05.05-21.04.02:935][  0]LogUObjectHash: Compacting FUObjectHashTables data took   2.41ms
[2021.05.05-21.04.03:986][  0]LogLinker: Warning: While loading '../../../../../../Users/TEMP.DESKTOP-DV3H2OO/Documents/GitHub/OptiVideo/OpVideojuegos/DeepWoodland2/Content/AnimalVarietyPack/Wolf/Animations/WolfAttack.uasset' failed to load '/Game/AnimalVarietyPack/Wolf/Animations/WolfWalkRun': Can't find file.
[2021.05.05-21.04.03:988][  0]LogLinker: Warning: While loading '../../../../../../Users/TEMP.DESKTOP-DV3H2OO/Documents/GitHub/OptiVideo/OpVideojuegos/DeepWoodland2/Content/AnimalVarietyPack/Wolf/Animations/WolfAttack.uasset' failed to load '/Game/AnimalVarietyPack/Wolf/Animations/WolfWalkRun': Can't find file.
[2021.05.05-21.04.05:373][  0]LogLinker: Warning: While loading '../../../../../../Users/TEMP.DESKTOP-DV3H2OO/Documents/GitHub/OptiVideo/OpVideojuegos/DeepWoodland2/Content/AnimalVarietyPack/Wolf/Animations/WolfAttack.uasset' failed to load '/Game/AnimalVarietyPack/Wolf/Animations/WolfWalkRun': Can't find file.
[2021.05.05-21.04.05:374][  0]LogLinker: Warning: While loading '../../../../../../Users/TEMP.DESKTOP-DV3H2OO/Documents/GitHub/OptiVideo/OpVideojuegos/DeepWoodland2/Content/AnimalVarietyPack/Wolf/Animations/WolfAttack.uasset' failed to load '/Game/AnimalVarietyPack/Wolf/Animations/WolfWalkRun': Can't find file.
[2021.05.05-21.04.05:395][  0]LogLinker: Warning: While loading '../../../../../../Users/TEMP.DESKTOP-DV3H2OO/Documents/GitHub/OptiVideo/OpVideojuegos/DeepWoodland2/Content/AI/AI_BaseCharacter.uasset' failed to load '/Game/AnimalVarietyPack/Wolf/Animations/WolfWalkRun': Can't find file.
[2021.05.05-21.04.05:396][  0]LogLinker: Warning: While loading '../../../../../../Users/TEMP.DESKTOP-DV3H2OO/Documents/GitHub/OptiVideo/OpVideojuegos/DeepWoodland2/Content/AI/AI_BaseCharacter.uasset' failed to load '/Game/AnimalVarietyPack/Wolf/Animations/WolfWalkRun': Can't find file.
[2021.05.05-21.04.05:397][  0]LogLinker: Warning: While loading '../../../../../../Users/TEMP.DESKTOP-DV3H2OO/Documents/GitHub/OptiVideo/OpVideojuegos/DeepWoodland2/Content/AI/AI_BaseCharacter.uasset' failed to load '/Game/AnimalVarietyPack/Wolf/Animations/WolfWalkRun': Can't find file.
[2021.05.05-21.04.05:397][  0]LogLinker: Warning: While loading '../../../../../../Users/TEMP.DESKTOP-DV3H2OO/Documents/GitHub/OptiVideo/OpVideojuegos/DeepWoodland2/Content/AI/AI_BaseCharacter.uasset' failed to load '/Game/AnimalVarietyPack/Wolf/Animations/WolfWalkRun': Can't find file.
[2021.05.05-21.04.05:398][  0]LogLinker: Warning: While loading '../../../../../../Users/TEMP.DESKTOP-DV3H2OO/Documents/GitHub/OptiVideo/OpVideojuegos/DeepWoodland2/Content/AI/AI_BaseCharacter.uasset' failed to load '/Game/AnimalVarietyPack/Wolf/Animations/WolfWalkRun': Can't find file.
[2021.05.05-21.04.05:398][  0]LoadErrors: Failed to load /Game/AnimalVarietyPack/Wolf/Animations/WolfWalkRun.WolfWalkRun Referenced by Default__WolfAttack_C
[2021.05.05-21.04.05:399][  0]LogLinker: Warning: While loading '../../../../../../Users/TEMP.DESKTOP-DV3H2OO/Documents/GitHub/OptiVideo/OpVideojuegos/DeepWoodland2/Content/AI/AI_BaseCharacter.uasset' failed to load '/Game/AnimalVarietyPack/Wolf/Animations/WolfWalkRun': Can't find file.
[2021.05.05-21.04.05:399][  0]LoadErrors: Failed to load /Game/AnimalVarietyPack/Wolf/Animations/WolfWalkRun.WolfWalkRun Referenced by Default__WolfAttack_C
[2021.05.05-21.04.35:793][  0]LogLinker: Warning: While loading '../../../../../../Users/TEMP.DESKTOP-DV3H2OO/Documents/GitHub/OptiVideo/OpVideojuegos/DeepWoodland2/Content/Materiales/M_terreno_Inst.uasset' failed to load '/Game/Texturas/vbwpdg0o_8K_Albedo': Can't find file.
[2021.05.05-21.04.35:793][  0]LogLinker: Warning: While loading '../../../../../../Users/TEMP.DESKTOP-DV3H2OO/Documents/GitHub/OptiVideo/OpVideojuegos/DeepWoodland2/Content/Materiales/M_terreno_Inst.uasset' failed to load '/Game/Texturas/vbwpdg0o_8K_Albedo': Can't find file.
[2021.05.05-21.04.35:793][  0]LogLinker: Warning: While loading '../../../../../../Users/TEMP.DESKTOP-DV3H2OO/Documents/GitHub/OptiVideo/OpVideojuegos/DeepWoodland2/Content/Materiales/M_terreno_Inst.uasset' failed to load '/Game/Texturas/vbwpdg0o_8K_Normal': Can't find file.
[2021.05.05-21.04.35:794][  0]LogLinker: Warning: While loading '../../../../../../Users/TEMP.DESKTOP-DV3H2OO/Documents/GitHub/OptiVideo/OpVideojuegos/DeepWoodland2/Content/Materiales/M_terreno_Inst.uasset' failed to load '/Game/Texturas/vbwpdg0o_8K_Normal': Can't find file.
[2021.05.05-21.04.35:794][  0]LogLinker: Warning: While loading '../../../../../../Users/TEMP.DESKTOP-DV3H2OO/Documents/GitHub/OptiVideo/OpVideojuegos/DeepWoodland2/Content/Materiales/M_terreno_Inst.uasset' failed to load '/Game/Texturas/vbwpdg0o_8K_Roughness': Can't find file.
[2021.05.05-21.04.35:794][  0]LogLinker: Warning: While loading '../../../../../../Users/TEMP.DESKTOP-DV3H2OO/Documents/GitHub/OptiVideo/OpVideojuegos/DeepWoodland2/Content/Materiales/M_terreno_Inst.uasset' failed to load '/Game/Texturas/vbwpdg0o_8K_Roughness': Can't find file.
[2021.05.05-21.04.35:795][  0]LogLinker: Warning: While loading '../../../../../../Users/TEMP.DESKTOP-DV3H2OO/Documents/GitHub/OptiVideo/OpVideojuegos/DeepWoodland2/Content/Materiales/M_terreno_Inst.uasset' failed to load '/Game/Texturas/vbwpdg0o_8K_Albedo': Can't find file.
[2021.05.05-21.04.35:795][  0]LogLinker: Warning: While loading '../../../../../../Users/TEMP.DESKTOP-DV3H2OO/Documents/GitHub/OptiVideo/OpVideojuegos/DeepWoodland2/Content/Materiales/M_terreno_Inst.uasset' failed to load '/Game/Texturas/vbwpdg0o_8K_Albedo': Can't find file.
[2021.05.05-21.04.35:796][  0]LogLinker: Warning: While loading '../../../../../../Users/TEMP.DESKTOP-DV3H2OO/Documents/GitHub/OptiVideo/OpVideojuegos/DeepWoodland2/Content/Materiales/M_terreno_Inst.uasset' failed to load '/Game/Texturas/vbwpdg0o_8K_Normal': Can't find file.
[2021.05.05-21.04.35:796][  0]LogLinker: Warning: While loading '../../../../../../Users/TEMP.DESKTOP-DV3H2OO/Documents/GitHub/OptiVideo/OpVideojuegos/DeepWoodland2/Content/Materiales/M_terreno_Inst.uasset' failed to load '/Game/Texturas/vbwpdg0o_8K_Normal': Can't find file.
[2021.05.05-21.04.35:796][  0]LogLinker: Warning: While loading '../../../../../../Users/TEMP.DESKTOP-DV3H2OO/Documents/GitHub/OptiVideo/OpVideojuegos/DeepWoodland2/Content/Materiales/M_terreno_Inst.uasset' failed to load '/Game/Texturas/vbwpdg0o_8K_Roughness': Can't find file.
[2021.05.05-21.04.35:796][  0]LogLinker: Warning: While loading '../../../../../../Users/TEMP.DESKTOP-DV3H2OO/Documents/GitHub/OptiVideo/OpVideojuegos/DeepWoodland2/Content/Materiales/M_terreno_Inst.uasset' failed to load '/Game/Texturas/vbwpdg0o_8K_Roughness': Can't find file.
[2021.05.05-21.04.47:165][  0]LogLinker: Warning: While loading '../../../../../../Users/TEMP.DESKTOP-DV3H2OO/Documents/GitHub/OptiVideo/OpVideojuegos/DeepWoodland2/Content/Materiales/M_terreno_Inst.uasset' failed to load '/Game/Texturas/vbwpdg0o_8K_Roughness': Can't find file.
[2021.05.05-21.04.47:165][  0]LoadErrors: Failed to load /Game/Texturas/vbwpdg0o_8K_Roughness.vbwpdg0o_8K_Roughness Referenced by M_terreno_Inst
[2021.05.05-21.04.47:166][  0]LogLinker: Warning: While loading '../../../../../../Users/TEMP.DESKTOP-DV3H2OO/Documents/GitHub/OptiVideo/OpVideojuegos/DeepWoodland2/Content/Materiales/M_terreno_Inst.uasset' failed to load '/Game/Texturas/vbwpdg0o_8K_Roughness': Can't find file.
[2021.05.05-21.04.47:166][  0]LoadErrors: Failed to load /Game/Texturas/vbwpdg0o_8K_Roughness.vbwpdg0o_8K_Roughness Referenced by M_terreno_Inst
[2021.05.05-21.04.47:167][  0]LogLinker: Warning: While loading '../../../../../../Users/TEMP.DESKTOP-DV3H2OO/Documents/GitHub/OptiVideo/OpVideojuegos/DeepWoodland2/Content/Materiales/M_terreno_Inst.uasset' failed to load '/Game/Texturas/vbwpdg0o_8K_Normal': Can't find file.
[2021.05.05-21.04.47:167][  0]LoadErrors: Failed to load /Game/Texturas/vbwpdg0o_8K_Normal.vbwpdg0o_8K_Normal Referenced by M_terreno_Inst
[2021.05.05-21.04.47:167][  0]LogLinker: Warning: While loading '../../../../../../Users/TEMP.DESKTOP-DV3H2OO/Documents/GitHub/OptiVideo/OpVideojuegos/DeepWoodland2/Content/Materiales/M_terreno_Inst.uasset' failed to load '/Game/Texturas/vbwpdg0o_8K_Normal': Can't find file.
[2021.05.05-21.04.47:167][  0]LoadErrors: Failed to load /Game/Texturas/vbwpdg0o_8K_Normal.vbwpdg0o_8K_Normal Referenced by M_terreno_Inst
[2021.05.05-21.04.47:168][  0]LogLinker: Warning: While loading '../../../../../../Users/TEMP.DESKTOP-DV3H2OO/Documents/GitHub/OptiVideo/OpVideojuegos/DeepWoodland2/Content/Materiales/M_terreno_Inst.uasset' failed to load '/Game/Texturas/vbwpdg0o_8K_Albedo': Can't find file.
[2021.05.05-21.04.47:168][  0]LoadErrors: Failed to load /Game/Texturas/vbwpdg0o_8K_Albedo.vbwpdg0o_8K_Albedo Referenced by M_terreno_Inst
[2021.05.05-21.04.47:169][  0]LogLinker: Warning: While loading '../../../../../../Users/TEMP.DESKTOP-DV3H2OO/Documents/GitHub/OptiVideo/OpVideojuegos/DeepWoodland2/Content/Materiales/M_terreno_Inst.uasset' failed to load '/Game/Texturas/vbwpdg0o_8K_Albedo': Can't find file.
[2021.05.05-21.04.47:169][  0]LoadErrors: Failed to load /Game/Texturas/vbwpdg0o_8K_Albedo.vbwpdg0o_8K_Albedo Referenced by M_terreno_Inst
[2021.05.05-21.06.23:230][  0]LogTexture: Display: Building textures: Icon_targets (BGRA8, 4407X1853)
[2021.05.05-21.06.23:230][  0]LogTexture: Display: Building textures: win (BGRA8, 5358X2916)
[2021.05.05-21.06.24:113][  0]LogAIModule: Creating AISystem for world ThirdPersonExampleMap
[2021.05.05-21.06.24:113][  0]LogAISub: UAISubsystem::UAISubsystem EnvQueryManager (000002BB32BCFE00), frame # 0
[2021.05.05-21.06.24:113][  0]LogAISub: UAISubsystem::UAISubsystem AIPerceptionSystem (000002BB32C2AD40), frame # 0
[2021.05.05-21.07.43:611][  0]LogAssetRegistry: Error: Failed to open file for write ../../../../../../Users/TEMP.DESKTOP-DV3H2OO/Documents/GitHub/OptiVideo/OpVideojuegos/DeepWoodland2/Intermediate/CachedAssetRegistry.bin
[2021.05.05-21.07.43:611][  0]LogStreaming: Display: ULevelStreaming::RequestLevel(/Game/StremingLevels/StreamingLevel1) is flushing async loading
[2021.05.05-21.07.43:611][  0]LogStreaming: Display: Flushing async loaders.
[2021.05.05-21.07.47:927][  0]LogStreaming: Display: ULevelStreaming::RequestLevel(/Game/StremingLevels/StreamingLevel3) is flushing async loading
[2021.05.05-21.07.49:684][  0]LogStreaming: Display: ULevelStreaming::RequestLevel(/Game/StremingLevels/StreamingLevel4) is flushing async loading
[2021.05.05-21.07.51:006][  0]LogEditorServer: Finished looking for orphan Actors (0.001 secs)
[2021.05.05-21.07.53:250][  0]LogUObjectHash: Compacting FUObjectHashTables data took   3.91ms
[2021.05.05-21.07.53:686][  0]Cmd: MAP CHECKDEP NOCLEARLOG
[2021.05.05-21.07.53:928][  0]MapCheck: Map check complete: 0 Error(s), 0 Warning(s), took 239.567ms to complete.
[2021.05.05-21.07.53:928][  0]LogFileHelpers: Loading map 'ThirdPersonExampleMap' took 232.793
[2021.05.05-21.07.58:743][  0]LogUnrealEdMisc: Total Editor Startup Time, took 496.923
[2021.05.05-21.08.09:523][  0]LogSlate: Updating window title bar state: overlay mode, drag disabled, window buttons hidden, title bar hidden
[2021.05.05-21.08.09:649][  0]LogSlate: Updating window title bar state: overlay mode, drag disabled, window buttons hidden, title bar hidden
[2021.05.05-21.08.09:670][  0]LogSlate: Updating window title bar state: overlay mode, drag disabled, window buttons hidden, title bar hidden
[2021.05.05-21.08.09:687][  0]LogSlate: Updating window title bar state: overlay mode, drag disabled, window buttons hidden, title bar hidden
[2021.05.05-21.08.12:337][  0]LogCollectionManager: Loaded 0 collections in 0.077604 seconds
[2021.05.05-21.08.18:708][  0]LogFileCache: Scanning file cache for directory 'C:/Users/TEMP.DESKTOP-DV3H2OO/Documents/GitHub/OptiVideo/OpVideojuegos/DeepWoodland2/Saved/Collections/' took 0.00s
[2021.05.05-21.08.18:708][  0]LogFileCache: Scanning file cache for directory 'C:/Users/TEMP.DESKTOP-DV3H2OO/Documents/GitHub/OptiVideo/OpVideojuegos/DeepWoodland2/Content/Developers/AlexBazaldua/Collections/' took 0.00s
[2021.05.05-21.08.18:708][  0]LogFileCache: Scanning file cache for directory 'C:/Users/TEMP.DESKTOP-DV3H2OO/Documents/GitHub/OptiVideo/OpVideojuegos/DeepWoodland2/Content/Collections/' took 0.00s
[2021.05.05-21.08.18:709][  0]LogContentBrowser: Native class hierarchy populated in 0.0527 seconds. Added 3436 classes and 826 folders.
[2021.05.05-21.08.19:857][  0]LogContentBrowser: Native class hierarchy updated for 'WidgetCarousel' in 0.0010 seconds. Added 0 classes and 0 folders.
[2021.05.05-21.08.26:014][  0]LogContentBrowser: Native class hierarchy updated for 'AddContentDialog' in 0.0006 seconds. Added 0 classes and 0 folders.
[2021.05.05-21.08.26:146][  0]LogContentBrowser: Native class hierarchy updated for 'SceneOutliner' in 0.0012 seconds. Added 2 classes and 0 folders.
[2021.05.05-21.08.26:565][  0]LogContentBrowser: Native class hierarchy updated for 'WorldBrowser' in 0.0010 seconds. Added 2 classes and 3 folders.
[2021.05.05-21.08.37:848][  0]LogSlate: Took 0.198089 seconds to synchronously load lazily loaded font '../../../Engine/Content/Slate/Fonts/Roboto-Regular.ttf' (155K)
[2021.05.05-21.08.39:190][  0]LogSlate: Took 0.433261 seconds to synchronously load lazily loaded font '../../../Engine/Content/Slate/Fonts/Roboto-Bold.ttf' (160K)
[2021.05.05-21.08.42:106][  0]LogSlate: Took 0.042452 seconds to synchronously load lazily loaded font '../../../Engine/Content/Editor/Slate/Fonts/FontAwesome.ttf' (139K)
[2021.05.05-21.08.54:749][  0]LogRenderer: Reallocating scene render targets to support 1112x352 Format 9 NumSamples 1 (Frame:1).
[2021.05.05-21.09.14:685][  0]LogContentBrowser: Native class hierarchy updated for 'HierarchicalLODOutliner' in 0.0009 seconds. Added 0 classes and 0 folders.
[2021.05.05-21.09.14:685][  0]LogLoad: (Engine Initialization) Total time: 572.86 seconds
[2021.05.05-21.09.14:685][  0]LogLoad: (Engine Initialization) Total Blueprint compile time: 0.00 seconds
[2021.05.05-21.09.16:273][  0]LogEditorSessionSummary: Verbose: Initializing EditorSessionSummaryWriter for editor session tracking
[2021.05.05-21.09.16:276][  0]LogEditorSessionSummary: EditorSessionSummaryWriter initialized
[2021.05.05-21.09.19:337][  0]LogContentStreaming: Texture pool size now 400 MB
[2021.05.05-21.09.20:500][  0]LogRenderer: Reallocating scene render targets to support 1112x360 Format 9 NumSamples 1 (Frame:3).
[2021.05.05-21.09.20:500][  0]LogSlate: Took 0.070064 seconds to synchronously load lazily loaded font '../../../Engine/Content/Slate/Fonts/DroidSansMono.ttf' (77K)
[2021.05.05-21.09.21:756][  1]LogSlate: Took 0.044600 seconds to synchronously load lazily loaded font '../../../Engine/Content/Slate/Fonts/Roboto-Light.ttf' (167K)
[2021.05.05-21.09.22:350][  2]LogSlate: Took 0.000472 seconds to synchronously load lazily loaded font '../../../Engine/Content/Slate/Fonts/Roboto-Light.ttf' (167K)
[2021.05.05-21.09.22:684][  4]LogAssetRegistry: Asset discovery search completed in 442.0462 seconds
[2021.05.05-21.09.22:765][  4]LogCollectionManager: Fixed up redirectors for 0 collections in 0.032883 seconds (updated 0 objects)
[2021.05.05-21.09.24:277][  9]LogSlate: Window 'Message Log' being destroyed
[2021.05.05-21.09.24:281][  9]LogSlate: Window 'Message Log' being destroyed
[2021.05.05-21.09.28:616][ 30]LogEditorViewport: Clicking on Actor (LMB): ThirdPersonCharacter_C (ThirdPersonCharacter)
[2021.05.05-21.09.35:343][ 30]LogEditorViewport: Clicking on Actor (LMB): ThirdPersonCharacter_C (ThirdPersonCharacter)
[2021.05.05-21.09.35:491][ 30]LogEditorViewport: Clicking on Actor (LMB): ThirdPersonCharacter_C (ThirdPersonCharacter)
[2021.05.05-21.09.37:802][ 31]LogEditorViewport: Clicking on Actor (LMB): ThirdPersonCharacter_C (ThirdPersonCharacter)
[2021.05.05-21.09.44:649][ 86]LogAssetEditorSubsystem: Opening Asset editor for SkeletalMesh /Game/Soldado/SoldierMasked.SoldierMasked
[2021.05.05-21.09.44:931][ 86]LogContentBrowser: Native class hierarchy updated for 'SkeletonEditor' in 0.0010 seconds. Added 1 classes and 2 folders.
[2021.05.05-21.09.47:272][ 86]LogActorComponent: RegisterComponentWithWorld: (/Engine/Transient.World_5:PersistentLevel.AnimationEditorPreviewActor_0.DebugSkelMeshComponent_0) Already registered. Aborting.
[2021.05.05-21.09.47:504][ 86]LogContentBrowser: Native class hierarchy updated for 'PinnedCommandList' in 0.0005 seconds. Added 1 classes and 0 folders.
[2021.05.05-21.09.48:601][ 86]LogSkeletalMesh: USkeletalMeshComponent::InitArticulated : Bodies already created (/Engine/Transient.World_5:PersistentLevel.AnimationEditorPreviewActor_0.DebugSkelMeshComponent_0) - call TermArticulated first.
[2021.05.05-21.09.51:607][ 86]LogRenderer: Reallocating scene render targets to support 1112x668 Format 9 NumSamples 1 (Frame:1).
[2021.05.05-21.09.54:717][119]LogAssetEditorSubsystem: Opening Asset editor for AnimBlueprint /Game/Soldado/Animations/ThirdPerson_AnimBP_MaskedSoldier.ThirdPerson_AnimBP_MaskedSoldier
[2021.05.05-21.09.54:928][119]LogActorComponent: RegisterComponentWithWorld: (/Engine/Transient.World_9:PersistentLevel.AnimationEditorPreviewActor_0.DebugSkelMeshComponent_0) Already registered. Aborting.
[2021.05.05-21.09.56:094][119]LogContentBrowser: Native class hierarchy updated for 'BlueprintGraph' in 0.0031 seconds. Added 125 classes and 0 folders.
[2021.05.05-21.10.00:352][119]LogSkeletalMesh: USkeletalMeshComponent::InitArticulated : Bodies already created (/Engine/Transient.World_9:PersistentLevel.AnimationEditorPreviewActor_0.DebugSkelMeshComponent_0) - call TermArticulated first.
[2021.05.05-21.10.02:622][119]LogSlate: Took 0.255404 seconds to synchronously load lazily loaded font '../../../Engine/Content/Slate/Fonts/Roboto-BoldCondensed.ttf' (158K)
[2021.05.05-21.10.03:543][119]LogContentBrowser: Verbose: The majority of assets in the view are of type: AnimSequence
[2021.05.05-21.10.03:976][120]LogSlate: Took 0.046394 seconds to synchronously load lazily loaded font '../../../Engine/Content/Slate/Fonts/Roboto-Italic.ttf' (157K)
[2021.05.05-21.11.20:558][ 85]LogSlate: Took 0.055615 seconds to synchronously load lazily loaded font '../../../Engine/Content/Slate/Fonts/Roboto-BoldCondensedItalic.ttf' (160K)
[2021.05.05-21.16.43:943][599]BlueprintLog: New page: Compile ThirdPerson_AnimBP_MaskedSoldier
[2021.05.05-21.16.44:089][599]LogUObjectHash: Compacting FUObjectHashTables data took   3.70ms
[2021.05.05-21.16.45:653][611]LogSavePackage: Moving '../../../../../../Users/TEMP.DESKTOP-DV3H2OO/Documents/GitHub/OptiVideo/OpVideojuegos/DeepWoodland2/Saved/ThirdPerson_AnimBP_MaskedSoldierB8CE57B448DA2FC98F27E799CE9A8F4C.tmp' to '../../../../../../Users/TEMP.DESKTOP-DV3H2OO/Documents/GitHub/OptiVideo/OpVideojuegos/DeepWoodland2/Content/Soldado/Animations/ThirdPerson_AnimBP_MaskedSoldier.uasset'
[2021.05.05-21.16.45:743][611]AssetCheck: New page: Asset Save: ThirdPerson_AnimBP_MaskedSoldier
[2021.05.05-21.16.45:743][611]LogContentValidation: Display: Validating AnimBlueprint /Game/Soldado/Animations/ThirdPerson_AnimBP_MaskedSoldier.ThirdPerson_AnimBP_MaskedSoldier
[2021.05.05-21.20.56:384][312]LogUObjectHash: Compacting FUObjectHashTables data took  10.70ms
[2021.05.05-21.20.56:389][312]LogFileHelpers: Editor autosave (incl. sublevels) for '/Game/ThirdPersonBP/Maps/ThirdPersonExampleMap' took 0.131
[2021.05.05-21.20.56:426][312]OBJ SavePackage: Generating thumbnails for [1] asset(s) in package [/Game/Soldado/Animations/ThirdPerson_AnimBP_MaskedSoldier] ([1] browsable assets)...
[2021.05.05-21.20.56:456][312]OBJ SavePackage:     Rendered thumbnail for [AnimBlueprint /Game/Soldado/Animations/ThirdPerson_AnimBP_MaskedSoldier.ThirdPerson_AnimBP_MaskedSoldier]
[2021.05.05-21.20.56:456][312]OBJ SavePackage: Finished generating thumbnails for package [/Game/Soldado/Animations/ThirdPerson_AnimBP_MaskedSoldier]
[2021.05.05-21.20.56:879][312]LogSavePackage: Moving '../../../../../../Users/TEMP.DESKTOP-DV3H2OO/Documents/GitHub/OptiVideo/OpVideojuegos/DeepWoodland2/Saved/ThirdPerson_AnimBP_MaskedSoldier6A68CFE147CB02CCA5E9F3B593D81A92.tmp' to '../../../../../../Users/TEMP.DESKTOP-DV3H2OO/Documents/GitHub/OptiVideo/OpVideojuegos/DeepWoodland2/Saved/Autosaves/Game/Soldado/Animations/ThirdPerson_AnimBP_MaskedSoldier_Auto1.uasset'
[2021.05.05-21.20.56:884][312]LogFileHelpers: Auto-saving content packages took 0.492
[2021.05.05-21.21.39:929][416]LogEditorTransaction: Undo Move Nodes
[2021.05.05-21.21.40:705][416]LogActorComponent: RegisterComponentWithWorld: (/Engine/Transient.World_5:PersistentLevel.AnimationEditorPreviewActor_0.DebugSkelMeshComponent_0) Already registered. Aborting.
[2021.05.05-21.21.40:737][416]LogActorComponent: RegisterComponentWithWorld: (/Engine/Transient.World_9:PersistentLevel.AnimationEditorPreviewActor_0.DebugSkelMeshComponent_0) Already registered. Aborting.
[2021.05.05-21.21.42:588][437]LogSavePackage: Moving '../../../../../../Users/TEMP.DESKTOP-DV3H2OO/Documents/GitHub/OptiVideo/OpVideojuegos/DeepWoodland2/Saved/ThirdPerson_AnimBP_MaskedSoldier6D93D4FD4D44B77F71A766B600E7ABDD.tmp' to '../../../../../../Users/TEMP.DESKTOP-DV3H2OO/Documents/GitHub/OptiVideo/OpVideojuegos/DeepWoodland2/Content/Soldado/Animations/ThirdPerson_AnimBP_MaskedSoldier.uasset'
[2021.05.05-21.21.42:629][437]AssetCheck: New page: Asset Save: ThirdPerson_AnimBP_MaskedSoldier
[2021.05.05-21.21.42:629][437]LogContentValidation: Display: Validating AnimBlueprint /Game/Soldado/Animations/ThirdPerson_AnimBP_MaskedSoldier.ThirdPerson_AnimBP_MaskedSoldier
[2021.05.05-21.21.54:671][856]LogSavePackage: Moving '../../../../../../Users/TEMP.DESKTOP-DV3H2OO/Documents/GitHub/OptiVideo/OpVideojuegos/DeepWoodland2/Saved/ThirdPerson_AnimBP_MaskedSoldier122274E34EE0790A2DDE28AB6CC8E14B.tmp' to '../../../../../../Users/TEMP.DESKTOP-DV3H2OO/Documents/GitHub/OptiVideo/OpVideojuegos/DeepWoodland2/Content/Soldado/Animations/ThirdPerson_AnimBP_MaskedSoldier.uasset'
[2021.05.05-21.21.54:716][856]AssetCheck: New page: Asset Save: ThirdPerson_AnimBP_MaskedSoldier
[2021.05.05-21.21.54:716][856]LogContentValidation: Display: Validating AnimBlueprint /Game/Soldado/Animations/ThirdPerson_AnimBP_MaskedSoldier.ThirdPerson_AnimBP_MaskedSoldier
[2021.05.05-21.21.55:846][880]BlueprintLog: New page: Compile ThirdPerson_AnimBP_MaskedSoldier
[2021.05.05-21.21.56:085][880]LogUObjectHash: Compacting FUObjectHashTables data took  10.11ms
[2021.05.05-21.21.57:325][894]LogSavePackage: Moving '../../../../../../Users/TEMP.DESKTOP-DV3H2OO/Documents/GitHub/OptiVideo/OpVideojuegos/DeepWoodland2/Saved/ThirdPerson_AnimBP_MaskedSoldier0D1BED1C4E0D86727A8ADAAEADB69F88.tmp' to '../../../../../../Users/TEMP.DESKTOP-DV3H2OO/Documents/GitHub/OptiVideo/OpVideojuegos/DeepWoodland2/Content/Soldado/Animations/ThirdPerson_AnimBP_MaskedSoldier.uasset'
[2021.05.05-21.21.57:356][894]AssetCheck: New page: Asset Save: ThirdPerson_AnimBP_MaskedSoldier
[2021.05.05-21.21.57:356][894]LogContentValidation: Display: Validating AnimBlueprint /Game/Soldado/Animations/ThirdPerson_AnimBP_MaskedSoldier.ThirdPerson_AnimBP_MaskedSoldier
[2021.05.05-21.21.59:687][930]LogEditorViewport: Clicking on Actor (LMB): Landscape (Landscape)
[2021.05.05-21.22.01:757][990]LogTemp: Repeating last play command: New Editor Window (PIE)
[2021.05.05-21.22.03:173][990]LogPlayLevel: PlayLevel: No blueprints needed recompiling
[2021.05.05-21.22.03:562][990]PIE: New page: PIE session: ThirdPersonExampleMap (May 5, 2021, 11:22:03 AM)
[2021.05.05-21.22.03:600][990]LogOnline: OSS: Creating online subsystem instance for: NULL
[2021.05.05-21.22.03:605][990]LogOnline: OSS: TryLoadSubsystemAndSetDefault: Loaded subsystem for module [NULL]
[2021.05.05-21.22.03:638][990]LogPlayLevel: Creating play world package: /Game/ThirdPersonBP/Maps/UEDPIE_0_ThirdPersonExampleMap
[2021.05.05-21.22.04:001][990]LogPlayLevel: PIE: StaticDuplicateObject took: (0.362029s)
[2021.05.05-21.22.04:004][990]LogAIModule: Creating AISystem for world ThirdPersonExampleMap
[2021.05.05-21.22.04:004][990]LogAISub: UAISubsystem::UAISubsystem EnvQueryManager (000002BC0A4DB400), frame # 12990
[2021.05.05-21.22.04:004][990]LogAISub: UAISubsystem::UAISubsystem AIPerceptionSystem (000002BC0A097240), frame # 12990
[2021.05.05-21.22.04:005][990]LogPlayLevel: PIE: World Init took: (0.004385s)
[2021.05.05-21.22.04:006][990]LogPlayLevel: PIE: Created PIE world by copying editor world from /Game/ThirdPersonBP/Maps/ThirdPersonExampleMap.ThirdPersonExampleMap to /Game/ThirdPersonBP/Maps/UEDPIE_0_ThirdPersonExampleMap.ThirdPersonExampleMap (0.367249s)
[2021.05.05-21.22.04:096][990]LogUObjectHash: Compacting FUObjectHashTables data took   9.54ms
[2021.05.05-21.22.04:101][990]LogAudioMixer: Display: Audio Mixer Platform Settings:
[2021.05.05-21.22.04:101][990]LogAudioMixer: Display: 	Sample Rate:						  48000
[2021.05.05-21.22.04:101][990]LogAudioMixer: Display: 	Callback Buffer Frame Size Requested: 1024
[2021.05.05-21.22.04:101][990]LogAudioMixer: Display: 	Callback Buffer Frame Size To Use:	  1024
[2021.05.05-21.22.04:101][990]LogAudioMixer: Display: 	Number of buffers to queue:			  2
[2021.05.05-21.22.04:101][990]LogAudioMixer: Display: 	Max Channels (voices):				  32
[2021.05.05-21.22.04:101][990]LogAudioMixer: Display: 	Number of Async Source Workers:		  0
[2021.05.05-21.22.04:101][990]LogAudio: Display: AudioDevice MaxSources: 32
[2021.05.05-21.22.04:102][990]LogAudio: Display: Using built-in audio occlusion.
[2021.05.05-21.22.04:102][990]LogAudioMixer: Display: Initializing audio mixer.
[2021.05.05-21.22.04:110][990]LogAudioMixer: Display: 0: FrontLeft
[2021.05.05-21.22.04:110][990]LogAudioMixer: Display: 1: FrontRight
[2021.05.05-21.22.04:423][990]LogAudioMixer: Display: Using Audio Device Speakers (Realtek High Definition Audio)
[2021.05.05-21.22.04:423][990]LogAudioMixer: Display: Initializing Sound Submixes...
[2021.05.05-21.22.04:424][990]LogAudioMixer: Display: Creating Master Submix 'MasterSubmixDefault'
[2021.05.05-21.22.04:424][990]LogAudioMixer: Display: Creating Master Submix 'MasterReverbSubmixDefault'
[2021.05.05-21.22.04:425][990]LogAudioMixer: Display: Creating Master Submix 'MasterEQSubmixDefault'
[2021.05.05-21.22.04:428][990]LogInit: FAudioDevice initialized.
[2021.05.05-21.22.04:522][990]LogSlate: Updating window title bar state: overlay mode, drag disabled, window buttons hidden, title bar hidden
[2021.05.05-21.22.04:523][990]LogLoad: Game class is 'ThirdPersonGameMode_C'
[2021.05.05-21.22.04:768][990]LogWorld: Bringing World /Game/ThirdPersonBP/Maps/UEDPIE_0_ThirdPersonExampleMap.ThirdPersonExampleMap up for play (max tick rate 60) at 2021.05.05-16.22.04
[2021.05.05-21.22.05:013][990]LogWorld: Bringing up level for play took: 0.487327
[2021.05.05-21.22.05:016][990]LogOnline: OSS: Creating online subsystem instance for: :Context_12
[2021.05.05-21.22.05:181][990]LogContentBrowser: Native class hierarchy updated for 'MovieSceneCapture' in 0.0016 seconds. Added 20 classes and 0 folders.
[2021.05.05-21.22.05:246][990]LogBlueprintUserMessages: [ThirdPersonGameMode_C_0] 3
[2021.05.05-21.22.05:299][990]PIE: Server logged in
[2021.05.05-21.22.05:306][990]PIE: Play in editor total start time 2.56 seconds.
[2021.05.05-21.23.07:274][405]LogSlate: Updating window title bar state: overlay mode, drag disabled, window buttons hidden, title bar hidden
[2021.05.05-21.23.07:274][405]LogWorld: BeginTearingDown for /Game/ThirdPersonBP/Maps/UEDPIE_0_ThirdPersonExampleMap
[2021.05.05-21.23.07:275][405]LogSlate: Window 'DeepWoodland2 Preview [NetMode: Standalone] (64-bit/Windows) ' being destroyed
[2021.05.05-21.23.07:292][405]LogWorld: UWorld::CleanupWorld for ThirdPersonExampleMap, bSessionEnded=true, bCleanupResources=true
[2021.05.05-21.23.07:308][405]LogSlate: InvalidateAllWidgets triggered.  All widgets were invalidated
[2021.05.05-21.23.07:329][405]LogPlayLevel: Display: Shutting down PIE online subsystems
[2021.05.05-21.23.07:340][405]LogSlate: InvalidateAllWidgets triggered.  All widgets were invalidated
[2021.05.05-21.23.08:533][405]LogAISub: UAISubsystem::~UAISubsystem AIPerceptionSystem (000002BC0A097240), frame # 15405
[2021.05.05-21.23.08:533][405]LogAISub: UAISubsystem::~UAISubsystem EnvQueryManager (000002BC0A4DB400), frame # 15405
[2021.05.05-21.23.08:542][405]LogUObjectHash: Compacting FUObjectHashTables data took   5.23ms
[2021.05.05-21.23.08:619][406]LogUObjectHash: Compacting FUObjectHashTables data took   2.95ms
[2021.05.05-21.23.08:621][406]LogPlayLevel: Display: Destroying online subsystem :Context_12
[2021.05.05-21.23.09:058][420]LogUObjectHash: Compacting FUObjectHashTables data took   0.88ms
