Log file open, 04/05/21 18:11:00
LogInit: Display: Running engine for game: DeepWoodland2
LogPlatformFile: Not using cached read wrapper
LogTaskGraph: Started task graph with 5 named threads and 23 total threads with 3 sets of task threads.
LogStats: Stats thread started at 1.391668
LogD3D11RHI: Loaded GFSDK_Aftermath_Lib.x64.dll
LogICUInternationalization: ICU TimeZone Detection - Raw Offset: -6:00, Platform Override: ''
LogPluginManager: Mounting plugin Paper2D
LogPluginManager: Mounting plugin AISupport
LogPluginManager: Mounting plugin LightPropagationVolume
LogPluginManager: Mounting plugin CameraShakePreviewer
LogPluginManager: Mounting plugin ActorLayerUtilities
LogPluginManager: Mounting plugin AnimationSharing
LogPluginManager: Mounting plugin CLionSourceCodeAccess
LogPluginManager: Mounting plugin CodeLiteSourceCodeAccess
LogPluginManager: Mounting plugin GitSourceControl
LogPluginManager: Mounting plugin KDevelopSourceCodeAccess
LogPluginManager: Mounting plugin NullSourceCodeAccess
LogPluginManager: Mounting plugin PerforceSourceControl
LogPluginManager: Mounting plugin PlasticSourceControl
LogPluginManager: Mounting plugin RiderSourceCodeAccess
LogPluginManager: Mounting plugin SubversionSourceControl
LogPluginManager: Mounting plugin UObjectPlugin
LogPluginManager: Mounting plugin VisualStudioCodeSourceCodeAccess
LogPluginManager: Mounting plugin VisualStudioSourceCodeAccess
LogPluginManager: Mounting plugin XCodeSourceCodeAccess
LogPluginManager: Mounting plugin AssetManagerEditor
LogPluginManager: Mounting plugin CryptoKeys
LogPluginManager: Mounting plugin CurveEditorTools
LogPluginManager: Mounting plugin DataValidation
LogPluginManager: Mounting plugin EditorScriptingUtilities
LogPluginManager: Mounting plugin FacialAnimation
LogPluginManager: Mounting plugin GameplayTagsEditor
LogPluginManager: Mounting plugin GeometryMode
LogPluginManager: Mounting plugin MacGraphicsSwitching
LogPluginManager: Mounting plugin MaterialAnalyzer
LogPluginManager: Mounting plugin MobileLauncherProfileWizard
LogPluginManager: Mounting plugin PluginBrowser
LogPluginManager: Mounting plugin SpeedTreeImporter
LogPluginManager: Mounting plugin DatasmithContent
LogPluginManager: Mounting plugin VariantManagerContent
LogPluginManager: Mounting plugin AlembicImporter
LogPluginManager: Mounting plugin AutomationUtils
LogPluginManager: Mounting plugin BackChannel
LogPluginManager: Mounting plugin ChaosCloth
LogPluginManager: Mounting plugin ChaosClothEditor
LogPluginManager: Mounting plugin ChaosEditor
LogPluginManager: Mounting plugin ChaosNiagara
LogPluginManager: Mounting plugin ChaosSolverPlugin
LogPluginManager: Mounting plugin CharacterAI
LogPluginManager: Mounting plugin GeometryCache
LogPluginManager: Mounting plugin GeometryCollectionPlugin
LogPluginManager: Mounting plugin GeometryProcessing
LogPluginManager: Mounting plugin PlanarCut
LogPluginManager: Mounting plugin PlatformCrypto
LogPluginManager: Mounting plugin ProxyLODPlugin
LogPluginManager: Mounting plugin SkeletalReduction
LogPluginManager: Mounting plugin Niagara
LogPluginManager: Mounting plugin MagicLeap
LogPluginManager: Mounting plugin MagicLeapLightEstimation
LogPluginManager: Mounting plugin MagicLeapMedia
LogPluginManager: Mounting plugin MagicLeapPassableWorld
LogPluginManager: Mounting plugin MLSDK
LogPluginManager: Mounting plugin AndroidMedia
LogPluginManager: Mounting plugin AvfMedia
LogPluginManager: Mounting plugin ImgMedia
LogPluginManager: Mounting plugin MediaCompositing
LogPluginManager: Mounting plugin MediaPlayerEditor
LogPluginManager: Mounting plugin WebMMedia
LogPluginManager: Mounting plugin WmfMedia
LogPluginManager: Mounting plugin MeshPainting
LogPluginManager: Mounting plugin TcpMessaging
LogPluginManager: Mounting plugin UdpMessaging
LogPluginManager: Mounting plugin ActorSequence
LogPluginManager: Mounting plugin LevelSequenceEditor
LogPluginManager: Mounting plugin MatineeToLevelSequence
LogPluginManager: Mounting plugin MovieRenderPipeline
LogPluginManager: Mounting plugin TemplateSequence
LogPluginManager: Mounting plugin NetcodeUnitTest
LogPluginManager: Mounting plugin NUTUnrealEngine4
LogPluginManager: Mounting plugin OnlineSubsystemGooglePlay
LogPluginManager: Mounting plugin OnlineSubsystemIOS
LogPluginManager: Mounting plugin OnlineSubsystem
LogPluginManager: Mounting plugin OnlineSubsystemNull
LogPluginManager: Mounting plugin OnlineSubsystemUtils
LogPluginManager: Mounting plugin LauncherChunkInstaller
LogPluginManager: Mounting plugin AndroidDeviceProfileSelector
LogPluginManager: Mounting plugin AndroidMoviePlayer
LogPluginManager: Mounting plugin AndroidPermission
LogPluginManager: Mounting plugin ApexDestruction
LogPluginManager: Mounting plugin AppleImageUtils
LogPluginManager: Mounting plugin AppleMoviePlayer
LogPluginManager: Mounting plugin ArchVisCharacter
LogPluginManager: Mounting plugin AssetTags
LogPluginManager: Mounting plugin AudioCapture
LogPluginManager: Mounting plugin CableComponent
LogPluginManager: Mounting plugin CustomMeshComponent
LogPluginManager: Mounting plugin EditableMesh
LogPluginManager: Mounting plugin ExampleDeviceProfileSelector
LogPluginManager: Mounting plugin GoogleCloudMessaging
LogPluginManager: Mounting plugin GooglePAD
LogPluginManager: Mounting plugin IOSDeviceProfileSelector
LogPluginManager: Mounting plugin LinuxDeviceProfileSelector
LogPluginManager: Mounting plugin LocationServicesBPLibrary
LogPluginManager: Mounting plugin MobilePatchingUtils
LogPluginManager: Mounting plugin OculusVR
LogPluginManager: Mounting plugin PhysXVehicles
LogPluginManager: Mounting plugin PostSplashScreen
LogPluginManager: Mounting plugin ProceduralMeshComponent
LogPluginManager: Mounting plugin RuntimePhysXCooking
LogPluginManager: Mounting plugin SignificanceManager
LogPluginManager: Mounting plugin SoundFields
LogPluginManager: Mounting plugin SteamVR
LogPluginManager: Mounting plugin Synthesis
LogPluginManager: Mounting plugin WebMMoviePlayer
LogPluginManager: Mounting plugin WindowsMoviePlayer
LogPluginManager: Mounting plugin ScreenshotTools
LogInit: Using libcurl 7.55.1-DEV
LogInit:  - built for x86_64-pc-win32
LogInit:  - supports SSL with OpenSSL/1.1.1
LogInit:  - supports HTTP deflate (compression) using libz 1.2.8
LogInit:  - other features:
LogInit:      CURL_VERSION_SSL
LogInit:      CURL_VERSION_LIBZ
LogInit:      CURL_VERSION_IPV6
LogInit:      CURL_VERSION_ASYNCHDNS
LogInit:      CURL_VERSION_LARGEFILE
LogInit:      CURL_VERSION_IDN
LogInit:  CurlRequestOptions (configurable via config and command line):
LogInit:  - bVerifyPeer = true  - Libcurl will verify peer certificate
LogInit:  - bUseHttpProxy = false  - Libcurl will NOT use HTTP proxy
LogInit:  - bDontReuseConnections = false  - Libcurl will reuse connections
LogInit:  - MaxHostConnections = 16  - Libcurl will limit the number of connections to a host
LogInit:  - LocalHostAddr = Default
LogInit:  - BufferSize = 65536
LogOnline: OSS: Creating online subsystem instance for: NULL
LogInit: WinSock: version 1.1 (2.2), MaxSocks=32767, MaxUdp=65467
LogOnline: OSS: TryLoadSubsystemAndSetDefault: Loaded subsystem for module [NULL]
LogInit: Build: ++UE4+Release-4.25-CL-13942748
LogInit: Engine Version: 4.25.3-13942748+++UE4+Release-4.25
LogInit: Compatible Engine Version: 4.25.0-13144385+++UE4+Release-4.25
LogInit: Net CL: 13144385
LogInit: OS: Windows 10 (Release 2009) (), CPU: Intel(R) Core(TM) i5-9300H CPU @ 2.40GHz, GPU: Intel(R) UHD Graphics 630
LogInit: Compiled (64-bit): Jul 25 2020 02:07:48
LogInit: Compiled with Visual C++: 19.24.28315.00
LogInit: Build Configuration: Development
LogInit: Branch Name: ++UE4+Release-4.25
LogInit: Command Line: 
LogInit: Base Directory: D:/Epic Games/UE_4.25/Engine/Binaries/Win64/
LogInit: Allocator: TBB
LogInit: Installed Engine Build: 1
LogDevObjectVersion: Number of dev versions registered: 26
LogDevObjectVersion:   Dev-Blueprints (B0D832E4-1F89-4F0D-ACCF-7EB736FD4AA2): 10
LogDevObjectVersion:   Dev-Build (E1C64328-A22C-4D53-A36C-8E866417BD8C): 0
LogDevObjectVersion:   Dev-Core (375EC13C-06E4-48FB-B500-84F0262A717E): 4
LogDevObjectVersion:   Dev-Editor (E4B068ED-F494-42E9-A231-DA0B2E46BB41): 38
LogDevObjectVersion:   Dev-Framework (CFFC743F-43B0-4480-9391-14DF171D2073): 37
LogDevObjectVersion:   Dev-Mobile (B02B49B5-BB20-44E9-A304-32B752E40360): 2
LogDevObjectVersion:   Dev-Networking (A4E4105C-59A1-49B5-A7C5-40C4547EDFEE): 0
LogDevObjectVersion:   Dev-Online (39C831C9-5AE6-47DC-9A44-9C173E1C8E7C): 0
LogDevObjectVersion:   Dev-Physics (78F01B33-EBEA-4F98-B9B4-84EACCB95AA2): 4
LogDevObjectVersion:   Dev-Platform (6631380F-2D4D-43E0-8009-CF276956A95A): 0
LogDevObjectVersion:   Dev-Rendering (12F88B9F-8875-4AFC-A67C-D90C383ABD29): 43
LogDevObjectVersion:   Dev-Sequencer (7B5AE74C-D270-4C10-A958-57980B212A5A): 12
LogDevObjectVersion:   Dev-VR (D7296918-1DD6-4BDD-9DE2-64A83CC13884): 3
LogDevObjectVersion:   Dev-LoadTimes (C2A15278-BFE7-4AFE-6C17-90FF531DF755): 1
LogDevObjectVersion:   Private-Geometry (6EACA3D4-40EC-4CC1-B786-8BED09428FC5): 3
LogDevObjectVersion:   Dev-AnimPhys (29E575DD-E0A3-4627-9D10-D276232CDCEA): 17
LogDevObjectVersion:   Dev-Anim (AF43A65D-7FD3-4947-9873-3E8ED9C1BB05): 7
LogDevObjectVersion:   Dev-ReflectionCapture (6B266CEC-1EC7-4B8F-A30B-E4D90942FC07): 1
LogDevObjectVersion:   Dev-Automation (0DF73D61-A23F-47EA-B727-89E90C41499A): 1
LogDevObjectVersion:   FortniteMain (601D1886-AC64-4F84-AA16-D3DE0DEAC7D6): 31
LogDevObjectVersion:   Dev-Enterprise (9DFFBCD6-494F-0158-E221-12823C92A888): 10
LogDevObjectVersion:   Dev-Niagara (F2AED0AC-9AFE-416F-8664-AA7FFA26D6FC): 1
LogDevObjectVersion:   Dev-Destruction (174F1F0B-B4C6-45A5-B13F-2EE8D0FB917D): 10
LogDevObjectVersion:   Dev-Physics-Ext (35F94A83-E258-406C-A318-09F59610247C): 37
LogDevObjectVersion:   Dev-PhysicsMaterial-Chaos (B68FC16E-8B1B-42E2-B453-215C058844FE): 1
LogDevObjectVersion:   Dev-CineCamera (B2E18506-4273-CFC2-A54E-F4BB758BBA07): 1
LogInit: Presizing for max 25165824 objects, including 0 objects not considered by GC, pre-allocating 0 bytes for permanent pool.
LogConfig: Applying CVar settings from Section [/Script/Engine.StreamingSettings] File [D:/Github/OpVideojuegos/DeepWoodland2/Saved/Config/Windows/Engine.ini]
LogConfig: Setting CVar [[s.MinBulkDataSizeForAsyncLoading:131072]]
LogConfig: Setting CVar [[s.AsyncLoadingThreadEnabled:0]]
LogConfig: Setting CVar [[s.EventDrivenLoaderEnabled:1]]
LogConfig: Setting CVar [[s.WarnIfTimeLimitExceeded:0]]
LogConfig: Setting CVar [[s.TimeLimitExceededMultiplier:1.5]]
LogConfig: Setting CVar [[s.TimeLimitExceededMinTime:0.005]]
LogConfig: Setting CVar [[s.UseBackgroundLevelStreaming:1]]
LogConfig: Setting CVar [[s.PriorityAsyncLoadingExtraTime:15.0]]
LogConfig: Setting CVar [[s.LevelStreamingActorsUpdateTimeLimit:5.0]]
LogConfig: Setting CVar [[s.PriorityLevelStreamingActorsUpdateExtraTime:5.0]]
LogConfig: Setting CVar [[s.LevelStreamingComponentsRegistrationGranularity:10]]
LogConfig: Setting CVar [[s.UnregisterComponentsTimeLimit:1.0]]
LogConfig: Setting CVar [[s.LevelStreamingComponentsUnregistrationGranularity:5]]
LogConfig: Setting CVar [[s.FlushStreamingOnExit:1]]
LogInit: Object subsystem initialized
LogConfig: Setting CVar [[con.DebugEarlyDefault:1]]
LogConfig: Setting CVar [[r.setres:1280x720]]
[2021.04.05-23.11.01:510][  0]LogConfig: Setting CVar [[r.VSync:0]]
[2021.04.05-23.11.01:510][  0]LogConfig: Setting CVar [[r.RHICmdBypass:0]]
[2021.04.05-23.11.01:510][  0]LogConfig: Applying CVar settings from Section [/Script/Engine.RendererSettings] File [D:/Github/OpVideojuegos/DeepWoodland2/Saved/Config/Windows/Engine.ini]
[2021.04.05-23.11.01:510][  0]LogConfig: Setting CVar [[r.GPUCrashDebugging:0]]
[2021.04.05-23.11.01:510][  0]LogConfig: Applying CVar settings from Section [/Script/Engine.RendererOverrideSettings] File [D:/Github/OpVideojuegos/DeepWoodland2/Saved/Config/Windows/Engine.ini]
[2021.04.05-23.11.01:510][  0]LogConfig: Applying CVar settings from Section [/Script/Engine.StreamingSettings] File [D:/Github/OpVideojuegos/DeepWoodland2/Saved/Config/Windows/Engine.ini]
[2021.04.05-23.11.01:510][  0]LogConfig: Setting CVar [[s.MinBulkDataSizeForAsyncLoading:131072]]
[2021.04.05-23.11.01:510][  0]LogConfig: Setting CVar [[s.AsyncLoadingThreadEnabled:0]]
[2021.04.05-23.11.01:510][  0]LogConfig: Setting CVar [[s.EventDrivenLoaderEnabled:1]]
[2021.04.05-23.11.01:510][  0]LogConfig: Setting CVar [[s.WarnIfTimeLimitExceeded:0]]
[2021.04.05-23.11.01:510][  0]LogConfig: Setting CVar [[s.TimeLimitExceededMultiplier:1.5]]
[2021.04.05-23.11.01:510][  0]LogConfig: Setting CVar [[s.TimeLimitExceededMinTime:0.005]]
[2021.04.05-23.11.01:511][  0]LogConfig: Setting CVar [[s.UseBackgroundLevelStreaming:1]]
[2021.04.05-23.11.01:511][  0]LogConfig: Setting CVar [[s.PriorityAsyncLoadingExtraTime:15.0]]
[2021.04.05-23.11.01:511][  0]LogConfig: Setting CVar [[s.LevelStreamingActorsUpdateTimeLimit:5.0]]
[2021.04.05-23.11.01:511][  0]LogConfig: Setting CVar [[s.PriorityLevelStreamingActorsUpdateExtraTime:5.0]]
[2021.04.05-23.11.01:511][  0]LogConfig: Setting CVar [[s.LevelStreamingComponentsRegistrationGranularity:10]]
[2021.04.05-23.11.01:511][  0]LogConfig: Setting CVar [[s.UnregisterComponentsTimeLimit:1.0]]
[2021.04.05-23.11.01:511][  0]LogConfig: Setting CVar [[s.LevelStreamingComponentsUnregistrationGranularity:5]]
[2021.04.05-23.11.01:511][  0]LogConfig: Setting CVar [[s.FlushStreamingOnExit:1]]
[2021.04.05-23.11.01:511][  0]LogConfig: Applying CVar settings from Section [/Script/Engine.GarbageCollectionSettings] File [D:/Github/OpVideojuegos/DeepWoodland2/Saved/Config/Windows/Engine.ini]
[2021.04.05-23.11.01:511][  0]LogConfig: Setting CVar [[gc.MaxObjectsNotConsideredByGC:1]]
[2021.04.05-23.11.01:511][  0]LogConfig: Setting CVar [[gc.SizeOfPermanentObjectPool:0]]
[2021.04.05-23.11.01:511][  0]LogConfig: Setting CVar [[gc.FlushStreamingOnGC:0]]
[2021.04.05-23.11.01:511][  0]LogConfig: Setting CVar [[gc.NumRetriesBeforeForcingGC:10]]
[2021.04.05-23.11.01:511][  0]LogConfig: Setting CVar [[gc.AllowParallelGC:1]]
[2021.04.05-23.11.01:511][  0]LogConfig: Setting CVar [[gc.TimeBetweenPurgingPendingKillObjects:61.1]]
[2021.04.05-23.11.01:511][  0]LogConfig: Setting CVar [[gc.MaxObjectsInEditor:25165824]]
[2021.04.05-23.11.01:511][  0]LogConfig: Setting CVar [[gc.IncrementalBeginDestroyEnabled:1]]
[2021.04.05-23.11.01:511][  0]LogConfig: Setting CVar [[gc.CreateGCClusters:1]]
[2021.04.05-23.11.01:511][  0]LogConfig: Setting CVar [[gc.MinGCClusterSize:5]]
[2021.04.05-23.11.01:511][  0]LogConfig: Setting CVar [[gc.ActorClusteringEnabled:0]]
[2021.04.05-23.11.01:511][  0]LogConfig: Setting CVar [[gc.BlueprintClusteringEnabled:0]]
[2021.04.05-23.11.01:511][  0]LogConfig: Setting CVar [[gc.UseDisregardForGCOnDedicatedServers:0]]
[2021.04.05-23.11.01:511][  0]LogConfig: Applying CVar settings from Section [/Script/Engine.NetworkSettings] File [D:/Github/OpVideojuegos/DeepWoodland2/Saved/Config/Windows/Engine.ini]
[2021.04.05-23.11.01:511][  0]LogConfig: Applying CVar settings from Section [/Script/UnrealEd.CookerSettings] File [D:/Github/OpVideojuegos/DeepWoodland2/Saved/Config/Windows/Engine.ini]
[2021.04.05-23.11.01:515][  0]LogConfig: Applying CVar settings from Section [ViewDistanceQuality@3] File [D:/Github/OpVideojuegos/DeepWoodland2/Saved/Config/Windows/Scalability.ini]
[2021.04.05-23.11.01:515][  0]LogConfig: Setting CVar [[r.SkeletalMeshLODBias:0]]
[2021.04.05-23.11.01:515][  0]LogConfig: Setting CVar [[r.ViewDistanceScale:1.0]]
[2021.04.05-23.11.01:515][  0]LogConfig: Applying CVar settings from Section [AntiAliasingQuality@3] File [D:/Github/OpVideojuegos/DeepWoodland2/Saved/Config/Windows/Scalability.ini]
[2021.04.05-23.11.01:515][  0]LogConfig: Setting CVar [[r.PostProcessAAQuality:4]]
[2021.04.05-23.11.01:515][  0]LogConfig: Applying CVar settings from Section [ShadowQuality@3] File [D:/Github/OpVideojuegos/DeepWoodland2/Saved/Config/Windows/Scalability.ini]
[2021.04.05-23.11.01:515][  0]LogConfig: Setting CVar [[r.LightFunctionQuality:1]]
[2021.04.05-23.11.01:515][  0]LogConfig: Setting CVar [[r.ShadowQuality:5]]
[2021.04.05-23.11.01:515][  0]LogConfig: Setting CVar [[r.Shadow.CSM.MaxCascades:10]]
[2021.04.05-23.11.01:515][  0]LogConfig: Setting CVar [[r.Shadow.MaxResolution:2048]]
[2021.04.05-23.11.01:515][  0]LogConfig: Setting CVar [[r.Shadow.MaxCSMResolution:2048]]
[2021.04.05-23.11.01:515][  0]LogConfig: Setting CVar [[r.Shadow.RadiusThreshold:0.01]]
[2021.04.05-23.11.01:515][  0]LogConfig: Setting CVar [[r.Shadow.DistanceScale:1.0]]
[2021.04.05-23.11.01:515][  0]LogConfig: Setting CVar [[r.Shadow.CSM.TransitionScale:1.0]]
[2021.04.05-23.11.01:515][  0]LogConfig: Setting CVar [[r.Shadow.PreShadowResolutionFactor:1.0]]
[2021.04.05-23.11.01:515][  0]LogConfig: Setting CVar [[r.DistanceFieldShadowing:1]]
[2021.04.05-23.11.01:515][  0]LogConfig: Setting CVar [[r.DistanceFieldAO:1]]
[2021.04.05-23.11.01:515][  0]LogConfig: Setting CVar [[r.AOQuality:2]]
[2021.04.05-23.11.01:515][  0]LogConfig: Setting CVar [[r.VolumetricFog:1]]
[2021.04.05-23.11.01:515][  0]LogConfig: Setting CVar [[r.VolumetricFog.GridPixelSize:8]]
[2021.04.05-23.11.01:515][  0]LogConfig: Setting CVar [[r.VolumetricFog.GridSizeZ:128]]
[2021.04.05-23.11.01:515][  0]LogConfig: Setting CVar [[r.VolumetricFog.HistoryMissSupersampleCount:4]]
[2021.04.05-23.11.01:515][  0]LogConfig: Setting CVar [[r.LightMaxDrawDistanceScale:1]]
[2021.04.05-23.11.01:515][  0]LogConfig: Setting CVar [[r.CapsuleShadows:1]]
[2021.04.05-23.11.01:515][  0]LogConfig: Applying CVar settings from Section [PostProcessQuality@3] File [D:/Github/OpVideojuegos/DeepWoodland2/Saved/Config/Windows/Scalability.ini]
[2021.04.05-23.11.01:515][  0]LogConfig: Setting CVar [[r.MotionBlurQuality:4]]
[2021.04.05-23.11.01:515][  0]LogConfig: Setting CVar [[r.AmbientOcclusionMipLevelFactor:0.4]]
[2021.04.05-23.11.01:515][  0]LogConfig: Setting CVar [[r.AmbientOcclusionMaxQuality:100]]
[2021.04.05-23.11.01:515][  0]LogConfig: Setting CVar [[r.AmbientOcclusionLevels:-1]]
[2021.04.05-23.11.01:515][  0]LogConfig: Setting CVar [[r.AmbientOcclusionRadiusScale:1.0]]
[2021.04.05-23.11.01:515][  0]LogConfig: Setting CVar [[r.DepthOfFieldQuality:2]]
[2021.04.05-23.11.01:515][  0]LogConfig: Setting CVar [[r.RenderTargetPoolMin:400]]
[2021.04.05-23.11.01:515][  0]LogConfig: Setting CVar [[r.LensFlareQuality:2]]
[2021.04.05-23.11.01:515][  0]LogConfig: Setting CVar [[r.SceneColorFringeQuality:1]]
[2021.04.05-23.11.01:515][  0]LogConfig: Setting CVar [[r.EyeAdaptationQuality:2]]
[2021.04.05-23.11.01:515][  0]LogConfig: Setting CVar [[r.BloomQuality:5]]
[2021.04.05-23.11.01:515][  0]LogConfig: Setting CVar [[r.FastBlurThreshold:100]]
[2021.04.05-23.11.01:515][  0]LogConfig: Setting CVar [[r.Upscale.Quality:3]]
[2021.04.05-23.11.01:515][  0]LogConfig: Setting CVar [[r.Tonemapper.GrainQuantization:1]]
[2021.04.05-23.11.01:515][  0]LogConfig: Setting CVar [[r.LightShaftQuality:1]]
[2021.04.05-23.11.01:515][  0]LogConfig: Setting CVar [[r.Filter.SizeScale:1]]
[2021.04.05-23.11.01:515][  0]LogConfig: Setting CVar [[r.Tonemapper.Quality:5]]
[2021.04.05-23.11.01:515][  0]LogConfig: Setting CVar [[r.DOF.Gather.AccumulatorQuality:1        ; higher gathering accumulator quality]]
[2021.04.05-23.11.01:515][  0]LogConfig: Setting CVar [[r.DOF.Gather.PostfilterMethod:1          ; Median3x3 postfilering method]]
[2021.04.05-23.11.01:515][  0]LogConfig: Setting CVar [[r.DOF.Gather.EnableBokehSettings:0       ; no bokeh simulation when gathering]]
[2021.04.05-23.11.01:515][  0]LogConfig: Setting CVar [[r.DOF.Gather.RingCount:4                 ; medium number of samples when gathering]]
[2021.04.05-23.11.01:515][  0]LogConfig: Setting CVar [[r.DOF.Scatter.ForegroundCompositing:1    ; additive foreground scattering]]
[2021.04.05-23.11.01:516][  0]LogConfig: Setting CVar [[r.DOF.Scatter.BackgroundCompositing:2    ; additive background scattering]]
[2021.04.05-23.11.01:516][  0]LogConfig: Setting CVar [[r.DOF.Scatter.EnableBokehSettings:1      ; bokeh simulation when scattering]]
[2021.04.05-23.11.01:516][  0]LogConfig: Setting CVar [[r.DOF.Scatter.MaxSpriteRatio:0.1         ; only a maximum of 10% of scattered bokeh]]
[2021.04.05-23.11.01:516][  0]LogConfig: Setting CVar [[r.DOF.Recombine.Quality:1                ; cheap slight out of focus]]
[2021.04.05-23.11.01:516][  0]LogConfig: Setting CVar [[r.DOF.Recombine.EnableBokehSettings:0    ; no bokeh simulation on slight out of focus]]
[2021.04.05-23.11.01:516][  0]LogConfig: Setting CVar [[r.DOF.TemporalAAQuality:1                ; more stable temporal accumulation]]
[2021.04.05-23.11.01:516][  0]LogConfig: Setting CVar [[r.DOF.Kernel.MaxForegroundRadius:0.025]]
[2021.04.05-23.11.01:516][  0]LogConfig: Setting CVar [[r.DOF.Kernel.MaxBackgroundRadius:0.025]]
[2021.04.05-23.11.01:516][  0]LogConfig: Applying CVar settings from Section [TextureQuality@3] File [D:/Github/OpVideojuegos/DeepWoodland2/Saved/Config/Windows/Scalability.ini]
[2021.04.05-23.11.01:516][  0]LogConfig: Setting CVar [[r.Streaming.MipBias:0]]
[2021.04.05-23.11.01:516][  0]LogConfig: Setting CVar [[r.Streaming.AmortizeCPUToGPUCopy:0]]
[2021.04.05-23.11.01:516][  0]LogConfig: Setting CVar [[r.Streaming.MaxNumTexturesToStreamPerFrame:0]]
[2021.04.05-23.11.01:516][  0]LogConfig: Setting CVar [[r.Streaming.Boost:1]]
[2021.04.05-23.11.01:516][  0]LogConfig: Setting CVar [[r.MaxAnisotropy:8]]
[2021.04.05-23.11.01:516][  0]LogConfig: Setting CVar [[r.VT.MaxAnisotropy:8]]
[2021.04.05-23.11.01:516][  0]LogConfig: Setting CVar [[r.Streaming.LimitPoolSizeToVRAM:0]]
[2021.04.05-23.11.01:516][  0]LogConfig: Setting CVar [[r.Streaming.PoolSize:1000]]
[2021.04.05-23.11.01:516][  0]LogConfig: Setting CVar [[r.Streaming.MaxEffectiveScreenSize:0]]
[2021.04.05-23.11.01:516][  0]LogConfig: Applying CVar settings from Section [EffectsQuality@3] File [D:/Github/OpVideojuegos/DeepWoodland2/Saved/Config/Windows/Scalability.ini]
[2021.04.05-23.11.01:516][  0]LogConfig: Setting CVar [[r.TranslucencyLightingVolumeDim:64]]
[2021.04.05-23.11.01:516][  0]LogConfig: Setting CVar [[r.RefractionQuality:2]]
[2021.04.05-23.11.01:516][  0]LogConfig: Setting CVar [[r.SSR.Quality:3]]
[2021.04.05-23.11.01:516][  0]LogConfig: Setting CVar [[r.SSR.HalfResSceneColor:0]]
[2021.04.05-23.11.01:516][  0]LogConfig: Setting CVar [[r.SceneColorFormat:4]]
[2021.04.05-23.11.01:516][  0]LogConfig: Setting CVar [[r.DetailMode:2]]
[2021.04.05-23.11.01:516][  0]LogConfig: Setting CVar [[r.TranslucencyVolumeBlur:1]]
[2021.04.05-23.11.01:516][  0]LogConfig: Setting CVar [[r.MaterialQualityLevel:1 ; High quality]]
[2021.04.05-23.11.01:516][  0]LogConfig: Setting CVar [[r.SSS.Scale:1]]
[2021.04.05-23.11.01:516][  0]LogConfig: Setting CVar [[r.SSS.SampleSet:2]]
[2021.04.05-23.11.01:516][  0]LogConfig: Setting CVar [[r.SSS.Quality:1]]
[2021.04.05-23.11.01:516][  0]LogConfig: Setting CVar [[r.SSS.HalfRes:0]]
[2021.04.05-23.11.01:516][  0]LogConfig: Setting CVar [[r.SSGI.Quality:3]]
[2021.04.05-23.11.01:516][  0]LogConfig: Setting CVar [[r.EmitterSpawnRateScale:1.0]]
[2021.04.05-23.11.01:516][  0]LogConfig: Setting CVar [[r.ParticleLightQuality:2]]
[2021.04.05-23.11.01:516][  0]LogConfig: Setting CVar [[r.SkyAtmosphere.AerialPerspectiveLUT.FastApplyOnOpaque:1 ; Always have FastSkyLUT 1 in this case to avoid wrong sky]]
[2021.04.05-23.11.01:516][  0]LogConfig: Setting CVar [[r.SkyAtmosphere.AerialPerspectiveLUT.SampleCountPerSlice:1]]
[2021.04.05-23.11.01:516][  0]LogConfig: Setting CVar [[r.SkyAtmosphere.AerialPerspectiveLUT.DepthResolution:16.0]]
[2021.04.05-23.11.01:516][  0]LogConfig: Setting CVar [[r.SkyAtmosphere.FastSkyLUT:1]]
[2021.04.05-23.11.01:516][  0]LogConfig: Setting CVar [[r.SkyAtmosphere.FastSkyLUT.SampleCountMin:4.0]]
[2021.04.05-23.11.01:516][  0]LogConfig: Setting CVar [[r.SkyAtmosphere.FastSkyLUT.SampleCountMax:32.0]]
[2021.04.05-23.11.01:516][  0]LogConfig: Setting CVar [[r.SkyAtmosphere.SampleCountMin:4.0]]
[2021.04.05-23.11.01:516][  0]LogConfig: Setting CVar [[r.SkyAtmosphere.SampleCountMax:32.0]]
[2021.04.05-23.11.01:516][  0]LogConfig: Setting CVar [[r.SkyAtmosphere.TransmittanceLUT.UseSmallFormat:0]]
[2021.04.05-23.11.01:516][  0]LogConfig: Setting CVar [[r.SkyAtmosphere.TransmittanceLUT.SampleCount:10.0]]
[2021.04.05-23.11.01:516][  0]LogConfig: Setting CVar [[r.SkyAtmosphere.MultiScatteringLUT.SampleCount:15.0]]
[2021.04.05-23.11.01:516][  0]LogConfig: Applying CVar settings from Section [FoliageQuality@3] File [D:/Github/OpVideojuegos/DeepWoodland2/Saved/Config/Windows/Scalability.ini]
[2021.04.05-23.11.01:516][  0]LogConfig: Setting CVar [[foliage.DensityScale:1.0]]
[2021.04.05-23.11.01:516][  0]LogConfig: Setting CVar [[grass.DensityScale:1.0]]
[2021.04.05-23.11.01:516][  0]LogConfig: Applying CVar settings from Section [ShadingQuality@3] File [D:/Github/OpVideojuegos/DeepWoodland2/Saved/Config/Windows/Scalability.ini]
[2021.04.05-23.11.01:516][  0]LogConfig: Setting CVar [[r.HairStrands.SkyLighting.SampleCount:16]]
[2021.04.05-23.11.01:516][  0]LogConfig: Setting CVar [[r.HairStrands.SkyLighting.JitterIntegration:0]]
[2021.04.05-23.11.01:516][  0]LogConfig: Setting CVar [[r.HairStrands.SkyAO.SampleCount:16]]
[2021.04.05-23.11.01:516][  0]LogConfig: Setting CVar [[r.HairStrands.DeepShadow.SuperSampling:0]]
[2021.04.05-23.11.01:516][  0]LogConfig: Setting CVar [[r.HairStrands.VisibilityPPLL:0]]
[2021.04.05-23.11.01:516][  0]LogConfig: Setting CVar [[r.HairStrands.RasterizationScale:0.5]]
[2021.04.05-23.11.01:516][  0]LogConfig: Setting CVar [[r.HairStrands.VelocityRasterizationScale:1]]
[2021.04.05-23.11.01:516][  0]LogInit: Selected Device Profile: [Windows]
[2021.04.05-23.11.01:516][  0]LogInit: Applying CVar settings loaded from the selected device profile: [Windows]
[2021.04.05-23.11.01:519][  0]LogHAL: Display: Platform has ~ 8 GB [8435261440 / 8589934592 / 8], which maps to Default [LargestMinGB=32, LargerMinGB=12, DefaultMinGB=8, SmallerMinGB=6, SmallestMinGB=0)
[2021.04.05-23.11.01:519][  0]LogInit: Going up to parent DeviceProfile []
[2021.04.05-23.11.01:519][  0]LogConfig: Applying CVar settings from Section [ViewDistanceQuality@1] File [D:/Github/OpVideojuegos/DeepWoodland2/Saved/Config/Windows/Scalability.ini]
[2021.04.05-23.11.01:519][  0]LogConfig: Setting CVar [[r.SkeletalMeshLODBias:1]]
[2021.04.05-23.11.01:519][  0]LogConfig: Setting CVar [[r.ViewDistanceScale:0.6]]
[2021.04.05-23.11.01:519][  0]LogConfig: Applying CVar settings from Section [AntiAliasingQuality@1] File [D:/Github/OpVideojuegos/DeepWoodland2/Saved/Config/Windows/Scalability.ini]
[2021.04.05-23.11.01:519][  0]LogConfig: Setting CVar [[r.PostProcessAAQuality:2]]
[2021.04.05-23.11.01:519][  0]LogConfig: Applying CVar settings from Section [ShadowQuality@1] File [D:/Github/OpVideojuegos/DeepWoodland2/Saved/Config/Windows/Scalability.ini]
[2021.04.05-23.11.01:519][  0]LogConfig: Setting CVar [[r.LightFunctionQuality:1]]
[2021.04.05-23.11.01:519][  0]LogConfig: Setting CVar [[r.ShadowQuality:3]]
[2021.04.05-23.11.01:519][  0]LogConfig: Setting CVar [[r.Shadow.CSM.MaxCascades:1]]
[2021.04.05-23.11.01:519][  0]LogConfig: Setting CVar [[r.Shadow.MaxResolution:1024]]
[2021.04.05-23.11.01:519][  0]LogConfig: Setting CVar [[r.Shadow.MaxCSMResolution:1024]]
[2021.04.05-23.11.01:519][  0]LogConfig: Setting CVar [[r.Shadow.RadiusThreshold:0.05]]
[2021.04.05-23.11.01:519][  0]LogConfig: Setting CVar [[r.Shadow.DistanceScale:0.7]]
[2021.04.05-23.11.01:519][  0]LogConfig: Setting CVar [[r.Shadow.CSM.TransitionScale:0.25]]
[2021.04.05-23.11.01:519][  0]LogConfig: Setting CVar [[r.Shadow.PreShadowResolutionFactor:0.5]]
[2021.04.05-23.11.01:519][  0]LogConfig: Setting CVar [[r.DistanceFieldShadowing:0]]
[2021.04.05-23.11.01:519][  0]LogConfig: Setting CVar [[r.DistanceFieldAO:0]]
[2021.04.05-23.11.01:519][  0]LogConfig: Setting CVar [[r.VolumetricFog:0]]
[2021.04.05-23.11.01:519][  0]LogConfig: Setting CVar [[r.LightMaxDrawDistanceScale:.5]]
[2021.04.05-23.11.01:519][  0]LogConfig: Setting CVar [[r.CapsuleShadows:1]]
[2021.04.05-23.11.01:519][  0]LogConfig: Applying CVar settings from Section [PostProcessQuality@1] File [D:/Github/OpVideojuegos/DeepWoodland2/Saved/Config/Windows/Scalability.ini]
[2021.04.05-23.11.01:519][  0]LogConfig: Setting CVar [[r.MotionBlurQuality:3]]
[2021.04.05-23.11.01:519][  0]LogConfig: Setting CVar [[r.AmbientOcclusionMipLevelFactor:1.0]]
[2021.04.05-23.11.01:519][  0]LogConfig: Setting CVar [[r.AmbientOcclusionMaxQuality:60]]
[2021.04.05-23.11.01:519][  0]LogConfig: Setting CVar [[r.AmbientOcclusionLevels:-1]]
[2021.04.05-23.11.01:519][  0]LogConfig: Setting CVar [[r.AmbientOcclusionRadiusScale:1.5]]
[2021.04.05-23.11.01:519][  0]LogConfig: Setting CVar [[r.DepthOfFieldQuality:1]]
[2021.04.05-23.11.01:519][  0]LogConfig: Setting CVar [[r.RenderTargetPoolMin:350]]
[2021.04.05-23.11.01:519][  0]LogConfig: Setting CVar [[r.LensFlareQuality:0]]
[2021.04.05-23.11.01:519][  0]LogConfig: Setting CVar [[r.SceneColorFringeQuality:0]]
[2021.04.05-23.11.01:519][  0]LogConfig: Setting CVar [[r.EyeAdaptationQuality:0]]
[2021.04.05-23.11.01:519][  0]LogConfig: Setting CVar [[r.BloomQuality:4]]
[2021.04.05-23.11.01:519][  0]LogConfig: Setting CVar [[r.FastBlurThreshold:2]]
[2021.04.05-23.11.01:519][  0]LogConfig: Setting CVar [[r.Upscale.Quality:2]]
[2021.04.05-23.11.01:519][  0]LogConfig: Setting CVar [[r.Tonemapper.GrainQuantization:0]]
[2021.04.05-23.11.01:519][  0]LogConfig: Setting CVar [[r.LightShaftQuality:0]]
[2021.04.05-23.11.01:519][  0]LogConfig: Setting CVar [[r.Filter.SizeScale:0.7]]
[2021.04.05-23.11.01:519][  0]LogConfig: Setting CVar [[r.Tonemapper.Quality:2]]
[2021.04.05-23.11.01:519][  0]LogConfig: Setting CVar [[r.DOF.Gather.AccumulatorQuality:0        ; lower gathering accumulator quality]]
[2021.04.05-23.11.01:519][  0]LogConfig: Setting CVar [[r.DOF.Gather.PostfilterMethod:2          ; Max3x3 postfilering method]]
[2021.04.05-23.11.01:519][  0]LogConfig: Setting CVar [[r.DOF.Gather.EnableBokehSettings:0       ; no bokeh simulation when gathering]]
[2021.04.05-23.11.01:519][  0]LogConfig: Setting CVar [[r.DOF.Gather.RingCount:3                 ; low number of samples when gathering]]
[2021.04.05-23.11.01:519][  0]LogConfig: Setting CVar [[r.DOF.Scatter.ForegroundCompositing:0    ; no foreground scattering]]
[2021.04.05-23.11.01:519][  0]LogConfig: Setting CVar [[r.DOF.Scatter.BackgroundCompositing:0    ; no foreground scattering]]
[2021.04.05-23.11.01:519][  0]LogConfig: Setting CVar [[r.DOF.Recombine.Quality:0                ; no slight out of focus]]
[2021.04.05-23.11.01:519][  0]LogConfig: Setting CVar [[r.DOF.TemporalAAQuality:0                ; faster temporal accumulation]]
[2021.04.05-23.11.01:519][  0]LogConfig: Setting CVar [[r.DOF.Kernel.MaxForegroundRadius:0.006   ; required because low gathering and no scattering and not looking great at 1080p]]
[2021.04.05-23.11.01:519][  0]LogConfig: Setting CVar [[r.DOF.Kernel.MaxBackgroundRadius:0.006   ; required because low gathering and no scattering and not looking great at 1080p]]
[2021.04.05-23.11.01:519][  0]LogConfig: Applying CVar settings from Section [TextureQuality@1] File [D:/Github/OpVideojuegos/DeepWoodland2/Saved/Config/Windows/Scalability.ini]
[2021.04.05-23.11.01:519][  0]LogConfig: Setting CVar [[r.Streaming.MipBias:1]]
[2021.04.05-23.11.01:519][  0]LogConfig: Setting CVar [[r.Streaming.AmortizeCPUToGPUCopy:0]]
[2021.04.05-23.11.01:519][  0]LogConfig: Setting CVar [[r.Streaming.MaxNumTexturesToStreamPerFrame:0]]
[2021.04.05-23.11.01:519][  0]LogConfig: Setting CVar [[r.Streaming.Boost:1]]
[2021.04.05-23.11.01:519][  0]LogConfig: Setting CVar [[r.MaxAnisotropy:2]]
[2021.04.05-23.11.01:519][  0]LogConfig: Setting CVar [[r.VT.MaxAnisotropy:4]]
[2021.04.05-23.11.01:519][  0]LogConfig: Setting CVar [[r.Streaming.LimitPoolSizeToVRAM:1]]
[2021.04.05-23.11.01:519][  0]LogConfig: Setting CVar [[r.Streaming.PoolSize:600]]
[2021.04.05-23.11.01:519][  0]LogConfig: Setting CVar [[r.Streaming.MaxEffectiveScreenSize:0]]
[2021.04.05-23.11.01:519][  0]LogConfig: Applying CVar settings from Section [EffectsQuality@1] File [D:/Github/OpVideojuegos/DeepWoodland2/Saved/Config/Windows/Scalability.ini]
[2021.04.05-23.11.01:519][  0]LogConfig: Setting CVar [[r.TranslucencyLightingVolumeDim:32]]
[2021.04.05-23.11.01:519][  0]LogConfig: Setting CVar [[r.RefractionQuality:0]]
[2021.04.05-23.11.01:519][  0]LogConfig: Setting CVar [[r.SSR.Quality:0]]
[2021.04.05-23.11.01:519][  0]LogConfig: Setting CVar [[r.SSR.HalfResSceneColor:1]]
[2021.04.05-23.11.01:519][  0]LogConfig: Setting CVar [[r.SceneColorFormat:3]]
[2021.04.05-23.11.01:519][  0]LogConfig: Setting CVar [[r.DetailMode:1]]
[2021.04.05-23.11.01:519][  0]LogConfig: Setting CVar [[r.TranslucencyVolumeBlur:0]]
[2021.04.05-23.11.01:519][  0]LogConfig: Setting CVar [[r.MaterialQualityLevel:2 ; Medium quality]]
[2021.04.05-23.11.01:519][  0]LogConfig: Setting CVar [[r.SSS.Scale:0.75]]
[2021.04.05-23.11.01:519][  0]LogConfig: Setting CVar [[r.SSS.SampleSet:0]]
[2021.04.05-23.11.01:519][  0]LogConfig: Setting CVar [[r.SSS.Quality:0]]
[2021.04.05-23.11.01:519][  0]LogConfig: Setting CVar [[r.SSS.HalfRes:1]]
[2021.04.05-23.11.01:519][  0]LogConfig: Setting CVar [[r.SSGI.Quality:1]]
[2021.04.05-23.11.01:519][  0]LogConfig: Setting CVar [[r.EmitterSpawnRateScale:0.25]]
[2021.04.05-23.11.01:519][  0]LogConfig: Setting CVar [[r.ParticleLightQuality:0]]
[2021.04.05-23.11.01:519][  0]LogConfig: Setting CVar [[r.SkyAtmosphere.AerialPerspectiveLUT.FastApplyOnOpaque:1 ; Always have FastSkyLUT 1 in this case to avoid wrong sky]]
[2021.04.05-23.11.01:519][  0]LogConfig: Setting CVar [[r.SkyAtmosphere.AerialPerspectiveLUT.SampleCountPerSlice:1]]
[2021.04.05-23.11.01:519][  0]LogConfig: Setting CVar [[r.SkyAtmosphere.AerialPerspectiveLUT.DepthResolution:16.0]]
[2021.04.05-23.11.01:519][  0]LogConfig: Setting CVar [[r.SkyAtmosphere.FastSkyLUT:1]]
[2021.04.05-23.11.01:519][  0]LogConfig: Setting CVar [[r.SkyAtmosphere.FastSkyLUT.SampleCountMin:4.0]]
[2021.04.05-23.11.01:519][  0]LogConfig: Setting CVar [[r.SkyAtmosphere.FastSkyLUT.SampleCountMax:32.0]]
[2021.04.05-23.11.01:519][  0]LogConfig: Setting CVar [[r.SkyAtmosphere.SampleCountMin:4.0]]
[2021.04.05-23.11.01:519][  0]LogConfig: Setting CVar [[r.SkyAtmosphere.SampleCountMax:32.0]]
[2021.04.05-23.11.01:519][  0]LogConfig: Setting CVar [[r.SkyAtmosphere.TransmittanceLUT.UseSmallFormat:0]]
[2021.04.05-23.11.01:519][  0]LogConfig: Setting CVar [[r.SkyAtmosphere.TransmittanceLUT.SampleCount:10.0]]
[2021.04.05-23.11.01:519][  0]LogConfig: Setting CVar [[r.SkyAtmosphere.MultiScatteringLUT.SampleCount:15.0]]
[2021.04.05-23.11.01:519][  0]LogConfig: Applying CVar settings from Section [FoliageQuality@1] File [D:/Github/OpVideojuegos/DeepWoodland2/Saved/Config/Windows/Scalability.ini]
[2021.04.05-23.11.01:519][  0]LogConfig: Setting CVar [[foliage.DensityScale:0.4]]
[2021.04.05-23.11.01:519][  0]LogConfig: Setting CVar [[grass.DensityScale:0.4]]
[2021.04.05-23.11.01:519][  0]LogConfig: Applying CVar settings from Section [ShadingQuality@1] File [D:/Github/OpVideojuegos/DeepWoodland2/Saved/Config/Windows/Scalability.ini]
[2021.04.05-23.11.01:519][  0]LogConfig: Setting CVar [[r.HairStrands.SkyLighting.SampleCount:16]]
[2021.04.05-23.11.01:519][  0]LogConfig: Setting CVar [[r.HairStrands.SkyLighting.JitterIntegration:0]]
[2021.04.05-23.11.01:519][  0]LogConfig: Setting CVar [[r.HairStrands.SkyAO.SampleCount:16]]
[2021.04.05-23.11.01:519][  0]LogConfig: Setting CVar [[r.HairStrands.DeepShadow.SuperSampling:0]]
[2021.04.05-23.11.01:519][  0]LogConfig: Setting CVar [[r.HairStrands.VisibilityPPLL:0]]
[2021.04.05-23.11.01:519][  0]LogConfig: Setting CVar [[r.HairStrands.RasterizationScale:0.5]]
[2021.04.05-23.11.01:519][  0]LogConfig: Setting CVar [[r.HairStrands.VelocityRasterizationScale:1]]
[2021.04.05-23.11.01:519][  0]LogConfig: Applying CVar settings from Section [Startup] File [../../../Engine/Config/ConsoleVariables.ini]
[2021.04.05-23.11.01:527][  0]LogConfig: Setting CVar [[net.UseAdaptiveNetUpdateFrequency:0]]
[2021.04.05-23.11.01:527][  0]LogConfig: Setting CVar [[p.chaos.AllowCreatePhysxBodies:1]]
[2021.04.05-23.11.01:527][  0]LogConfig: Setting CVar [[fx.SkipVectorVMBackendOptimizations:1]]
[2021.04.05-23.11.01:527][  0]LogConfig: Applying CVar settings from Section [ConsoleVariables] File [D:/Github/OpVideojuegos/DeepWoodland2/Saved/Config/Windows/Engine.ini]
[2021.04.05-23.11.01:528][  0]LogInit: Computer: LAPTOP-NJNUEN5K
[2021.04.05-23.11.01:528][  0]LogInit: User: fer2
[2021.04.05-23.11.01:529][  0]LogInit: CPU Page size=4096, Cores=4
[2021.04.05-23.11.01:529][  0]LogInit: High frequency timer resolution =10.000000 MHz
[2021.04.05-23.11.01:529][  0]LogMemory: Memory total: Physical=7.9GB (8GB approx)
[2021.04.05-23.11.01:529][  0]LogMemory: Platform Memory Stats for Windows
[2021.04.05-23.11.01:529][  0]LogMemory: Process Physical Memory: 119.53 MB used, 119.53 MB peak
[2021.04.05-23.11.01:529][  0]LogMemory: Process Virtual Memory: 96.07 MB used, 96.07 MB peak
[2021.04.05-23.11.01:529][  0]LogMemory: Physical Memory: 4939.20 MB used,  3105.30 MB free, 8044.49 MB total
[2021.04.05-23.11.01:529][  0]LogMemory: Virtual Memory: 5145.51 MB used,  134212584.00 MB free, 134217728.00 MB total
[2021.04.05-23.11.01:557][  0]LogWindows: WindowsPlatformFeatures enabled
[2021.04.05-23.11.01:922][  0]LogInit: Physics initialised using underlying interface: PhysX
[2021.04.05-23.11.01:937][  0]LogInit: Overriding language with editor language configuration option (en).
[2021.04.05-23.11.01:937][  0]LogInit: Overriding locale with editor locale configuration option (en).
[2021.04.05-23.11.02:486][  0]LogInit: Setting process to per monitor DPI aware
[2021.04.05-23.11.02:533][  0]LogSlate: New Slate User Created.  User Index 0, Is Virtual User: 0
[2021.04.05-23.11.02:533][  0]LogSlate: Slate User Registered.  User Index 0, Is Virtual User: 0
[2021.04.05-23.11.06:468][  0]LogHMD: Failed to initialize OpenVR with code 110
[2021.04.05-23.11.06:468][  0]LogD3D11RHI: D3D11 min allowed feature level: 11_0
[2021.04.05-23.11.06:468][  0]LogD3D11RHI: D3D11 max allowed feature level: 11_0
[2021.04.05-23.11.06:468][  0]LogD3D11RHI: D3D11 adapters:
[2021.04.05-23.11.06:669][  0]LogD3D11RHI:    0. 'NVIDIA GeForce GTX 1650' (Feature Level 11_0)
[2021.04.05-23.11.06:669][  0]LogD3D11RHI:       3962/0/4022 MB DedicatedVideo/DedicatedSystem/SharedSystem, Outputs:2, VendorId:0x10de
[2021.04.05-23.11.06:696][  0]LogD3D11RHI:    1. 'Intel(R) UHD Graphics 630' (Feature Level 11_0)
[2021.04.05-23.11.06:696][  0]LogD3D11RHI:       128/0/4022 MB DedicatedVideo/DedicatedSystem/SharedSystem, Outputs:0, VendorId:0x8086
[2021.04.05-23.11.06:704][  0]LogD3D11RHI:    2. 'Microsoft Basic Render Driver' (Feature Level 11_0)
[2021.04.05-23.11.06:704][  0]LogD3D11RHI:       0/0/4022 MB DedicatedVideo/DedicatedSystem/SharedSystem, Outputs:0, VendorId:0x1414
[2021.04.05-23.11.06:704][  0]LogD3D11RHI: Chosen D3D11 Adapter: 0
[2021.04.05-23.11.06:710][  0]LogD3D11RHI: Creating new Direct3DDevice
[2021.04.05-23.11.06:711][  0]LogD3D11RHI:     GPU DeviceId: 0x1f91 (for the marketing name, search the web for "GPU Device Id")
[2021.04.05-23.11.06:711][  0]LogWindows: EnumDisplayDevices:
[2021.04.05-23.11.06:711][  0]LogWindows:    0. 'Intel(R) UHD Graphics 630' (P:1 D:1)
[2021.04.05-23.11.06:711][  0]LogWindows:    1. 'Intel(R) UHD Graphics 630' (P:0 D:0)
[2021.04.05-23.11.06:712][  0]LogWindows:    2. 'Intel(R) UHD Graphics 630' (P:0 D:0)
[2021.04.05-23.11.06:712][  0]LogWindows:    3. 'NVIDIA GeForce GTX 1650' (P:0 D:1)
[2021.04.05-23.11.06:712][  0]LogWindows: DebugString: PrimaryIsNotTheChoosenAdapter PrimaryIsNotTheChoosenAdapter PrimaryIsNotTheChoosenAdapter 
[2021.04.05-23.11.06:712][  0]LogD3D11RHI:     Adapter Name: NVIDIA GeForce GTX 1650
[2021.04.05-23.11.06:712][  0]LogD3D11RHI:   Driver Version: 456.71 (internal:27.21.14.5671, unified:456.71)
[2021.04.05-23.11.06:712][  0]LogD3D11RHI:      Driver Date: 9-30-2020
[2021.04.05-23.11.06:712][  0]LogRHI: Texture pool is 2773 MB (70% of 3962 MB)
[2021.04.05-23.11.06:774][  0]LogD3D11RHI: RHI has support for 64 bit atomics
[2021.04.05-23.11.06:778][  0]LogD3D11RHI: [Aftermath] Enabled and primed
[2021.04.05-23.11.06:778][  0]LogD3D11RHI: Async texture creation enabled
[2021.04.05-23.11.06:778][  0]LogD3D11RHI: Array index from any shader is supported
[2021.04.05-23.11.06:854][  0]LogD3D11RHI: GPU Timing Frequency: 1000.000000 (Debug: 2 1)
[2021.04.05-23.11.07:681][  0]LogTargetPlatformManager: Display: Loaded TargetPlatform 'AllDesktop'
[2021.04.05-23.11.07:707][  0]LogTargetPlatformManager: Display: Loaded TargetPlatform 'Android'
[2021.04.05-23.11.07:707][  0]LogTargetPlatformManager: Display: Loaded TargetPlatform 'Android_ASTC'
[2021.04.05-23.11.07:707][  0]LogTargetPlatformManager: Display: Loaded TargetPlatform 'Android_DXT'
[2021.04.05-23.11.07:707][  0]LogTargetPlatformManager: Display: Loaded TargetPlatform 'Android_ETC2'
[2021.04.05-23.11.07:707][  0]LogTargetPlatformManager: Display: Loaded TargetPlatform 'AndroidClient'
[2021.04.05-23.11.07:707][  0]LogTargetPlatformManager: Display: Loaded TargetPlatform 'Android_ASTCClient'
[2021.04.05-23.11.07:707][  0]LogTargetPlatformManager: Display: Loaded TargetPlatform 'Android_DXTClient'
[2021.04.05-23.11.07:707][  0]LogTargetPlatformManager: Display: Loaded TargetPlatform 'Android_ETC2Client'
[2021.04.05-23.11.07:707][  0]LogTargetPlatformManager: Display: Loaded TargetPlatform 'Android_Multi'
[2021.04.05-23.11.07:707][  0]LogTargetPlatformManager: Display: Loaded TargetPlatform 'Android_MultiClient'
[2021.04.05-23.11.08:932][  0]LogTargetPlatformManager: Display: Loaded TargetPlatform 'IOSClient'
[2021.04.05-23.11.08:932][  0]LogTargetPlatformManager: Display: Loaded TargetPlatform 'IOS'
[2021.04.05-23.11.08:954][  0]LogTargetPlatformManager: Display: Loaded TargetPlatform 'Linux'
[2021.04.05-23.11.08:985][  0]LogTargetPlatformManager: Display: Loaded TargetPlatform 'LinuxNoEditor'
[2021.04.05-23.11.08:997][  0]LogTargetPlatformManager: Display: Loaded TargetPlatform 'LinuxClient'
[2021.04.05-23.11.09:010][  0]LogTargetPlatformManager: Display: Loaded TargetPlatform 'LinuxServer'
[2021.04.05-23.11.09:020][  0]LogTargetPlatformManager: Display: Loaded TargetPlatform 'LinuxAArch64NoEditor'
[2021.04.05-23.11.09:032][  0]LogTargetPlatformManager: Display: Loaded TargetPlatform 'LinuxAArch64Client'
[2021.04.05-23.11.09:042][  0]LogTargetPlatformManager: Display: Loaded TargetPlatform 'LinuxAArch64Server'
[2021.04.05-23.11.09:076][  0]LogTargetPlatformManager: Display: Loaded TargetPlatform 'Lumin'
[2021.04.05-23.11.09:076][  0]LogTargetPlatformManager: Display: Loaded TargetPlatform 'LuminClient'
[2021.04.05-23.11.09:094][  0]LogTargetPlatformManager: Display: Loaded TargetPlatform 'TVOSClient'
[2021.04.05-23.11.09:094][  0]LogTargetPlatformManager: Display: Loaded TargetPlatform 'TVOS'
[2021.04.05-23.11.09:105][  0]LogTargetPlatformManager: Display: Loaded TargetPlatform 'WindowsNoEditor'
[2021.04.05-23.11.09:116][  0]LogTargetPlatformManager: Display: Loaded TargetPlatform 'Windows'
[2021.04.05-23.11.09:126][  0]LogTargetPlatformManager: Display: Loaded TargetPlatform 'WindowsClient'
[2021.04.05-23.11.09:137][  0]LogTargetPlatformManager: Display: Loaded TargetPlatform 'WindowsServer'
[2021.04.05-23.11.09:137][  0]LogTargetPlatformManager: Display: Building Assets For Windows
[2021.04.05-23.11.09:152][  0]LogAudioDebug: Display: Lib vorbis DLL was dynamically loaded.
[2021.04.05-23.11.09:360][  0]LogShaderCompilers: Guid format shader working directory is -4 characters bigger than the processId version (../../../../../Github/OpVideojuegos/DeepWoodland2/Intermediate/Shaders/WorkingDirectory/15708/).
[2021.04.05-23.11.09:361][  0]LogShaderCompilers: Cleaned the shader compiler working directory 'C:/Users/fer_2/AppData/Local/Temp/UnrealShaderWorkingDir/A5C88A3F4D86FB00D52A87AA0E3C4412/'.
[2021.04.05-23.11.09:365][  0]LogXGEController: Cleaning working directory: C:/Users/fer_2/AppData/Local/Temp/UnrealXGEWorkingDir/
[2021.04.05-23.11.09:365][  0]LogXGEController: Cannot use XGE Controller as Incredibuild is not installed on this machine.
[2021.04.05-23.11.09:365][  0]LogShaderCompilers: Cannot use XGE Shader Compiler as Incredibuild is not installed on this machine.
[2021.04.05-23.11.09:365][  0]LogShaderCompilers: Display: Using Local Shader Compiler.
[2021.04.05-23.11.13:646][  0]LogDerivedDataCache: Display: Max Cache Size: 512 MB
[2021.04.05-23.11.13:774][  0]LogDerivedDataCache: Loaded boot cache 0.13s 76MB C:/Users/fer_2/AppData/Local/UnrealEngine/4.25/DerivedDataCache/Boot.ddc.
[2021.04.05-23.11.13:774][  0]LogDerivedDataCache: Display: Loaded Boot cache: C:/Users/fer_2/AppData/Local/UnrealEngine/4.25/DerivedDataCache/Boot.ddc
[2021.04.05-23.11.13:774][  0]LogDerivedDataCache: FDerivedDataBackendGraph:  Pak pak cache file ../../../../../Github/OpVideojuegos/DeepWoodland2/DerivedDataCache/DDC.ddp not found, will not use a pak cache.
[2021.04.05-23.11.13:774][  0]LogDerivedDataCache: Unable to find inner node Pak for hierarchical cache Hierarchy.
[2021.04.05-23.11.13:774][  0]LogDerivedDataCache: FDerivedDataBackendGraph:  CompressedPak pak cache file ../../../../../Github/OpVideojuegos/DeepWoodland2/DerivedDataCache/Compressed.ddp not found, will not use a pak cache.
[2021.04.05-23.11.13:774][  0]LogDerivedDataCache: Unable to find inner node CompressedPak for hierarchical cache Hierarchy.
[2021.04.05-23.11.13:830][  0]LogDerivedDataCache: Display: Pak cache opened for reading ../../../Engine/DerivedDataCache/Compressed.ddp.
[2021.04.05-23.11.13:830][  0]LogDerivedDataCache: FDerivedDataBackendGraph:  EnterprisePak pak cache file ../../../Enterprise/DerivedDataCache/Compressed.ddp not found, will not use a pak cache.
[2021.04.05-23.11.13:830][  0]LogDerivedDataCache: Unable to find inner node EnterprisePak for hierarchical cache Hierarchy.
[2021.04.05-23.11.13:831][  0]LogDerivedDataCache: Using Local data cache path C:/Users/fer_2/AppData/Local/UnrealEngine/Common/DerivedDataCache: Writable
[2021.04.05-23.11.13:831][  0]LogDerivedDataCache: Shared data cache path not found in *engine.ini, will not use an Shared cache.
[2021.04.05-23.11.13:831][  0]LogDerivedDataCache: Unable to find inner node Shared for hierarchical cache Hierarchy.
[2021.04.05-23.11.13:893][  0]LogSlate: Using FreeType 2.10.0
[2021.04.05-23.11.13:903][  0]LogSlate: SlateFontServices - WITH_FREETYPE: 1, WITH_HARFBUZZ: 1
[2021.04.05-23.11.14:056][  0]LogAssetRegistry: FAssetRegistry took 0.0030 seconds to start up
[2021.04.05-23.11.14:592][  0]LogInit: Selected Device Profile: [Windows]
[2021.04.05-23.11.15:196][  0]LogMeshReduction: Using QuadricMeshReduction for automatic static mesh reduction
[2021.04.05-23.11.15:197][  0]LogMeshReduction: Using SimplygonMeshReduction for automatic skeletal mesh reduction
[2021.04.05-23.11.15:197][  0]LogMeshReduction: Using ProxyLODMeshReduction for automatic mesh merging
[2021.04.05-23.11.15:197][  0]LogMeshReduction: No distributed automatic mesh merging module available
[2021.04.05-23.11.15:198][  0]LogMeshMerging: No distributed automatic mesh merging module available
[2021.04.05-23.11.15:303][  0]LogNetVersion: DeepWoodland2 1.0.0, NetCL: 13144385, EngineNetVer: 14, GameNetVer: 0 (Checksum: 1524458531)
[2021.04.05-23.11.20:935][  0]LogAISub: UAISubsystem::UAISubsystem AISubsystem (00000209D0D8E980), frame # 0
[2021.04.05-23.11.20:936][  0]LogAISub: UAISubsystem::UAISubsystem AIPerceptionSystem (00000209D0C3EAC0), frame # 0
[2021.04.05-23.11.20:939][  0]LogAISub: UAISubsystem::UAISubsystem EnvQueryManager (00000209D0C85C00), frame # 0
[2021.04.05-23.11.21:099][  0]LogPackageLocalizationCache: Processed 19 localized package path(s) for 1 prioritized culture(s) in 0.081448 seconds
[2021.04.05-23.11.21:105][  0]LogUObjectArray: 15917 objects as part of root set at end of initial load.
[2021.04.05-23.11.21:105][  0]LogUObjectAllocator: 3965568 out of 0 bytes used by permanent object pool.
[2021.04.05-23.11.21:105][  0]LogUObjectArray: CloseDisregardForGC: 0/0 objects in disregard for GC pool
[2021.04.05-23.11.22:874][  0]LogTcpMessaging: Initializing TcpMessaging bridge
[2021.04.05-23.11.22:887][  0]LogUdpMessaging: Initializing bridge on interface 0.0.0.0:0 to multicast group 230.0.0.1:6666.
[2021.04.05-23.11.23:177][  0]SourceControl: Source control is disabled
[2021.04.05-23.11.23:177][  0]SourceControl: Source control is disabled
[2021.04.05-23.11.23:235][  0]SourceControl: Source control is disabled
[2021.04.05-23.11.23:246][  0]SourceControl: Source control is disabled
[2021.04.05-23.11.23:266][  0]SourceControl: Source control is disabled
[2021.04.05-23.11.24:201][  0]LogAndroidPermission: UAndroidPermissionCallbackProxy::GetInstance
[2021.04.05-23.11.24:235][  0]LogAudioCaptureCore: Display: No Audio Capture implementations found. Audio input will be silent.
[2021.04.05-23.11.24:235][  0]LogAudioCaptureCore: Display: No Audio Capture implementations found. Audio input will be silent.
[2021.04.05-23.11.24:367][  0]LogOcInput: OculusInput pre-init called
[2021.04.05-23.11.24:403][  0]LogWindows: Failed to load 'OVRPlugin.dll' (GetLastError=126)
[2021.04.05-23.11.24:403][  0]LogWindows: File 'OVRPlugin.dll' does not exist
[2021.04.05-23.11.24:677][  0]LogEngine: Initializing Engine...
[2021.04.05-23.11.24:692][  0]LogHMD: Failed to initialize OpenVR with code 110
[2021.04.05-23.11.24:692][  0]LogMagicLeap: Warning: VR disabled because ZI is not enabled.  To enable, in the editor, Edit -> Project Settings -> Plugins -> Magic Leap Plugin -> Enable Zero Iteration
[2021.04.05-23.11.24:694][  0]LogStats: UGameplayTagsManager::InitializeManager -  0.001 s
[2021.04.05-23.11.25:168][  0]LogInit: Initializing FReadOnlyCVARCache
[2021.04.05-23.11.25:204][  0]LogAIModule: Creating AISystem for world Untitled
[2021.04.05-23.11.25:204][  0]LogAISub: UAISubsystem::UAISubsystem EnvQueryManager (00000209D36FBC00), frame # 0
[2021.04.05-23.11.25:204][  0]LogAISub: UAISubsystem::UAISubsystem AIPerceptionSystem (00000209D3741E40), frame # 0
[2021.04.05-23.11.25:216][  0]LogAudioMixer: Display: Audio Mixer Platform Settings:
[2021.04.05-23.11.25:216][  0]LogAudioMixer: Display: 	Sample Rate:						  48000
[2021.04.05-23.11.25:216][  0]LogAudioMixer: Display: 	Callback Buffer Frame Size Requested: 1024
[2021.04.05-23.11.25:216][  0]LogAudioMixer: Display: 	Callback Buffer Frame Size To Use:	  1024
[2021.04.05-23.11.25:216][  0]LogAudioMixer: Display: 	Number of buffers to queue:			  2
[2021.04.05-23.11.25:216][  0]LogAudioMixer: Display: 	Max Channels (voices):				  32
[2021.04.05-23.11.25:216][  0]LogAudioMixer: Display: 	Number of Async Source Workers:		  0
[2021.04.05-23.11.25:216][  0]LogAudio: Display: AudioDevice MaxSources: 32
[2021.04.05-23.11.25:217][  0]LogAudio: Display: Using built-in audio occlusion.
[2021.04.05-23.11.25:217][  0]LogAudioMixer: Display: Initializing audio mixer.
[2021.04.05-23.11.25:607][  0]LogAudioMixer: Display: 0: FrontLeft
[2021.04.05-23.11.25:607][  0]LogAudioMixer: Display: 1: FrontRight
[2021.04.05-23.11.25:607][  0]LogAudioMixer: Display: 2: FrontCenter
[2021.04.05-23.11.25:607][  0]LogAudioMixer: Display: 3: LowFrequency
[2021.04.05-23.11.25:607][  0]LogAudioMixer: Display: 4: BackLeft
[2021.04.05-23.11.25:607][  0]LogAudioMixer: Display: 5: BackRight
[2021.04.05-23.11.25:607][  0]LogAudioMixer: Display: 6: SideLeft
[2021.04.05-23.11.25:607][  0]LogAudioMixer: Display: 7: SideRight
[2021.04.05-23.11.25:769][  0]LogAudioMixer: Display: Using Audio Device Altavoces (Realtek(R) Audio)
[2021.04.05-23.11.25:769][  0]LogAudioMixer: Display: Initializing Sound Submixes...
[2021.04.05-23.11.25:785][  0]LogAudioMixer: Display: Creating Master Submix 'MasterSubmixDefault'
[2021.04.05-23.11.25:785][  0]LogAudioMixer: Display: Creating Master Submix 'MasterReverbSubmixDefault'
[2021.04.05-23.11.25:785][  0]LogAudioMixer: Display: Creating Master Submix 'MasterEQSubmixDefault'
[2021.04.05-23.11.25:792][  0]LogInit: FAudioDevice initialized.
[2021.04.05-23.11.25:792][  0]LogNetVersion: Set ProjectVersion to 1.0.0.0. Version Checksum will be recalculated on next use.
[2021.04.05-23.11.25:863][  0]LogDerivedDataCache: Saved boot cache 0.07s 76MB C:/Users/fer_2/AppData/Local/UnrealEngine/4.25/DerivedDataCache/Boot.ddc.
[2021.04.05-23.11.25:867][  0]LogInit: Texture streaming: Enabled
[2021.04.05-23.11.25:894][  0]LogEngineSessionManager: EngineSessionManager initialized
[2021.04.05-23.11.25:894][  0]LogEngineSessionManager: EngineSessionManager sent abnormal shutdown report. Type=Crashed, SessionId={A63A199E-4B92-49CF-3C34-E4928BFCF727}
[2021.04.05-23.11.25:894][  0]LogEditorSessionSummary: Verbose: Initializing EditorSessionSummaryWriter for editor session tracking
[2021.04.05-23.11.25:897][  0]LogEditorSessionSummary: EditorSessionSummaryWriter initialized
[2021.04.05-23.11.25:946][  0]LogInit: Transaction tracking system initialized
[2021.04.05-23.11.26:041][  0]BlueprintLog: New page: Editor Load
[2021.04.05-23.11.26:341][  0]LocalizationService: Localization service is disabled
[2021.04.05-23.11.27:360][  0]LogFileCache: Scanning file cache for directory 'D:/Github/OpVideojuegos/DeepWoodland2/Content/' took 0.01s
[2021.04.05-23.11.27:360][  0]LogCook: Display: Max memory allowance for cook 16384mb min free memory 0mb
[2021.04.05-23.11.27:360][  0]LogCook: Display: Mobile HDR setting 1
[2021.04.05-23.11.28:270][  0]SourceControl: Source control is disabled
[2021.04.05-23.11.28:270][  0]LogUnrealEdMisc: Loading editor; pre map load, took 41.032
[2021.04.05-23.11.28:270][  0]Cmd: MAP LOAD FILE="../../../../../Github/OpVideojuegos/DeepWoodland2/Content/ThirdPersonBP/Maps/ThirdPersonExampleMap.umap" TEMPLATE=0 SHOWPROGRESS=1 FEATURELEVEL=3
[2021.04.05-23.11.28:271][  0]LightingResults: New page: Lighting Build
[2021.04.05-23.11.28:283][  0]LogWorld: UWorld::CleanupWorld for Untitled, bSessionEnded=true, bCleanupResources=true
[2021.04.05-23.11.28:283][  0]LogSlate: InvalidateAllWidgets triggered.  All widgets were invalidated
[2021.04.05-23.11.28:283][  0]MapCheck: New page: Map Check
[2021.04.05-23.11.28:283][  0]LightingResults: New page: Lighting Build
[2021.04.05-23.11.28:292][  0]LogAISub: UAISubsystem::~UAISubsystem EnvQueryManager (00000209D36FBC00), frame # 0
[2021.04.05-23.11.28:292][  0]LogAISub: UAISubsystem::~UAISubsystem AIPerceptionSystem (00000209D3741E40), frame # 0
[2021.04.05-23.11.28:292][  0]LogUObjectHash: Compacting FUObjectHashTables data took   0.65ms
[2021.04.05-23.11.31:772][  0]LogLinker: Warning: While loading '../../../../../Github/OpVideojuegos/DeepWoodland2/Content/Materiales/M_terreno_Inst.uasset' failed to load '/Game/Texturas/vbwpdg0o_8K_Albedo': Can't find file.
[2021.04.05-23.11.31:773][  0]LogLinker: Warning: While loading '../../../../../Github/OpVideojuegos/DeepWoodland2/Content/Materiales/M_terreno_Inst.uasset' failed to load '/Game/Texturas/vbwpdg0o_8K_Albedo': Can't find file.
[2021.04.05-23.11.31:773][  0]LogLinker: Warning: While loading '../../../../../Github/OpVideojuegos/DeepWoodland2/Content/Materiales/M_terreno_Inst.uasset' failed to load '/Game/Texturas/vbwpdg0o_8K_Normal': Can't find file.
[2021.04.05-23.11.31:773][  0]LogLinker: Warning: While loading '../../../../../Github/OpVideojuegos/DeepWoodland2/Content/Materiales/M_terreno_Inst.uasset' failed to load '/Game/Texturas/vbwpdg0o_8K_Normal': Can't find file.
[2021.04.05-23.11.31:773][  0]LogLinker: Warning: While loading '../../../../../Github/OpVideojuegos/DeepWoodland2/Content/Materiales/M_terreno_Inst.uasset' failed to load '/Game/Texturas/vbwpdg0o_8K_Roughness': Can't find file.
[2021.04.05-23.11.31:773][  0]LogLinker: Warning: While loading '../../../../../Github/OpVideojuegos/DeepWoodland2/Content/Materiales/M_terreno_Inst.uasset' failed to load '/Game/Texturas/vbwpdg0o_8K_Roughness': Can't find file.
[2021.04.05-23.11.31:773][  0]LogLinker: Warning: While loading '../../../../../Github/OpVideojuegos/DeepWoodland2/Content/Materiales/M_terreno_Inst.uasset' failed to load '/Game/Texturas/vbwpdg0o_8K_Albedo': Can't find file.
[2021.04.05-23.11.31:773][  0]LogLinker: Warning: While loading '../../../../../Github/OpVideojuegos/DeepWoodland2/Content/Materiales/M_terreno_Inst.uasset' failed to load '/Game/Texturas/vbwpdg0o_8K_Albedo': Can't find file.
[2021.04.05-23.11.31:773][  0]LogLinker: Warning: While loading '../../../../../Github/OpVideojuegos/DeepWoodland2/Content/Materiales/M_terreno_Inst.uasset' failed to load '/Game/Texturas/vbwpdg0o_8K_Normal': Can't find file.
[2021.04.05-23.11.31:773][  0]LogLinker: Warning: While loading '../../../../../Github/OpVideojuegos/DeepWoodland2/Content/Materiales/M_terreno_Inst.uasset' failed to load '/Game/Texturas/vbwpdg0o_8K_Normal': Can't find file.
[2021.04.05-23.11.31:773][  0]LogLinker: Warning: While loading '../../../../../Github/OpVideojuegos/DeepWoodland2/Content/Materiales/M_terreno_Inst.uasset' failed to load '/Game/Texturas/vbwpdg0o_8K_Roughness': Can't find file.
[2021.04.05-23.11.31:774][  0]LogLinker: Warning: While loading '../../../../../Github/OpVideojuegos/DeepWoodland2/Content/Materiales/M_terreno_Inst.uasset' failed to load '/Game/Texturas/vbwpdg0o_8K_Roughness': Can't find file.
[2021.04.05-23.11.33:371][  0]LogLinker: Warning: While loading '../../../../../Github/OpVideojuegos/DeepWoodland2/Content/Materiales/M_terreno_Inst.uasset' failed to load '/Game/Texturas/vbwpdg0o_8K_Roughness': Can't find file.
[2021.04.05-23.11.33:371][  0]LoadErrors: Failed to load /Game/Texturas/vbwpdg0o_8K_Roughness.vbwpdg0o_8K_Roughness Referenced by M_terreno_Inst
[2021.04.05-23.11.33:371][  0]LogLinker: Warning: While loading '../../../../../Github/OpVideojuegos/DeepWoodland2/Content/Materiales/M_terreno_Inst.uasset' failed to load '/Game/Texturas/vbwpdg0o_8K_Roughness': Can't find file.
[2021.04.05-23.11.33:371][  0]LoadErrors: Failed to load /Game/Texturas/vbwpdg0o_8K_Roughness.vbwpdg0o_8K_Roughness Referenced by M_terreno_Inst
[2021.04.05-23.11.33:371][  0]LogLinker: Warning: While loading '../../../../../Github/OpVideojuegos/DeepWoodland2/Content/Materiales/M_terreno_Inst.uasset' failed to load '/Game/Texturas/vbwpdg0o_8K_Normal': Can't find file.
[2021.04.05-23.11.33:371][  0]LoadErrors: Failed to load /Game/Texturas/vbwpdg0o_8K_Normal.vbwpdg0o_8K_Normal Referenced by M_terreno_Inst
[2021.04.05-23.11.33:372][  0]LogLinker: Warning: While loading '../../../../../Github/OpVideojuegos/DeepWoodland2/Content/Materiales/M_terreno_Inst.uasset' failed to load '/Game/Texturas/vbwpdg0o_8K_Normal': Can't find file.
[2021.04.05-23.11.33:372][  0]LoadErrors: Failed to load /Game/Texturas/vbwpdg0o_8K_Normal.vbwpdg0o_8K_Normal Referenced by M_terreno_Inst
[2021.04.05-23.11.33:372][  0]LogLinker: Warning: While loading '../../../../../Github/OpVideojuegos/DeepWoodland2/Content/Materiales/M_terreno_Inst.uasset' failed to load '/Game/Texturas/vbwpdg0o_8K_Albedo': Can't find file.
[2021.04.05-23.11.33:372][  0]LoadErrors: Failed to load /Game/Texturas/vbwpdg0o_8K_Albedo.vbwpdg0o_8K_Albedo Referenced by M_terreno_Inst
[2021.04.05-23.11.33:372][  0]LogLinker: Warning: While loading '../../../../../Github/OpVideojuegos/DeepWoodland2/Content/Materiales/M_terreno_Inst.uasset' failed to load '/Game/Texturas/vbwpdg0o_8K_Albedo': Can't find file.
[2021.04.05-23.11.33:372][  0]LoadErrors: Failed to load /Game/Texturas/vbwpdg0o_8K_Albedo.vbwpdg0o_8K_Albedo Referenced by M_terreno_Inst
[2021.04.05-23.11.36:807][  0]LogAIModule: Creating AISystem for world ThirdPersonExampleMap
[2021.04.05-23.11.36:819][  0]LogAISub: UAISubsystem::UAISubsystem EnvQueryManager (00000209815F7E00), frame # 0
[2021.04.05-23.11.36:819][  0]LogAISub: UAISubsystem::UAISubsystem AIPerceptionSystem (0000020981664A40), frame # 0
[2021.04.05-23.11.39:204][  0]LogEditorServer: Finished looking for orphan Actors (0.000 secs)
[2021.04.05-23.11.39:241][  0]LogUObjectHash: Compacting FUObjectHashTables data took   1.89ms
[2021.04.05-23.11.39:243][  0]Cmd: MAP CHECKDEP NOCLEARLOG
[2021.04.05-23.11.39:244][  0]MapCheck: Map check complete: 0 Error(s), 0 Warning(s), took 0.453ms to complete.
[2021.04.05-23.11.39:244][  0]LogFileHelpers: Loading map 'ThirdPersonExampleMap' took 10.973
[2021.04.05-23.11.39:260][  0]LogUnrealEdMisc: Total Editor Startup Time, took 52.021
[2021.04.05-23.11.39:411][  0]LogSlate: Updating window title bar state: overlay mode, drag disabled, window buttons hidden, title bar hidden
[2021.04.05-23.11.39:418][  0]LogSlate: Updating window title bar state: overlay mode, drag disabled, window buttons hidden, title bar hidden
[2021.04.05-23.11.39:424][  0]LogSlate: Updating window title bar state: overlay mode, drag disabled, window buttons hidden, title bar hidden
[2021.04.05-23.11.39:430][  0]LogSlate: Updating window title bar state: overlay mode, drag disabled, window buttons hidden, title bar hidden
[2021.04.05-23.11.39:457][  0]LogCollectionManager: Loaded 0 collections in 0.000850 seconds
[2021.04.05-23.11.39:477][  0]LogFileCache: Scanning file cache for directory 'D:/Github/OpVideojuegos/DeepWoodland2/Saved/Collections/' took 0.00s
[2021.04.05-23.11.39:477][  0]LogFileCache: Scanning file cache for directory 'D:/Github/OpVideojuegos/DeepWoodland2/Content/Developers/fer2/Collections/' took 0.00s
[2021.04.05-23.11.39:477][  0]LogFileCache: Scanning file cache for directory 'D:/Github/OpVideojuegos/DeepWoodland2/Content/Collections/' took 0.00s
[2021.04.05-23.11.39:477][  0]LogContentBrowser: Native class hierarchy populated in 0.0084 seconds. Added 3436 classes and 826 folders.
[2021.04.05-23.11.39:492][  0]LogContentBrowser: Native class hierarchy updated for 'WidgetCarousel' in 0.0005 seconds. Added 0 classes and 0 folders.
[2021.04.05-23.11.40:370][  0]LogContentBrowser: Native class hierarchy updated for 'AddContentDialog' in 0.0004 seconds. Added 0 classes and 0 folders.
[2021.04.05-23.11.40:372][  0]LogContentBrowser: Native class hierarchy updated for 'SceneOutliner' in 0.0003 seconds. Added 2 classes and 0 folders.
[2021.04.05-23.11.40:447][  0]LogSlate: Took 0.000230 seconds to synchronously load lazily loaded font '../../../Engine/Content/Slate/Fonts/Roboto-Regular.ttf' (155K)
[2021.04.05-23.11.40:449][  0]LogSlate: Took 0.000179 seconds to synchronously load lazily loaded font '../../../Engine/Content/Slate/Fonts/Roboto-Bold.ttf' (160K)
[2021.04.05-23.11.40:463][  0]LogSlate: Took 0.007755 seconds to synchronously load lazily loaded font '../../../Engine/Content/Editor/Slate/Fonts/FontAwesome.ttf' (139K)
[2021.04.05-23.11.40:660][  0]LogRenderer: Reallocating scene render targets to support 948x472 Format 9 NumSamples 1 (Frame:1).
[2021.04.05-23.11.40:856][  0]LogContentBrowser: Native class hierarchy updated for 'HierarchicalLODOutliner' in 0.0004 seconds. Added 0 classes and 0 folders.
[2021.04.05-23.11.40:856][  0]LogLoad: (Engine Initialization) Total time: 53.62 seconds
[2021.04.05-23.11.40:856][  0]LogLoad: (Engine Initialization) Total Blueprint compile time: 0.00 seconds
[2021.04.05-23.11.40:905][  0]LogAssetRegistry: Asset discovery search completed in 26.8497 seconds
[2021.04.05-23.11.40:909][  0]LogCollectionManager: Fixed up redirectors for 0 collections in 0.000002 seconds (updated 0 objects)
[2021.04.05-23.11.40:929][  0]LogContentStreaming: Texture pool size now 600 MB
[2021.04.05-23.11.41:109][  0]LogSlate: Took 0.021374 seconds to synchronously load lazily loaded font '../../../Engine/Content/Slate/Fonts/Roboto-Light.ttf' (167K)
[2021.04.05-23.11.41:160][  0]LogSlate: Took 0.025632 seconds to synchronously load lazily loaded font '../../../Engine/Content/Slate/Fonts/DroidSansMono.ttf' (77K)
[2021.04.05-23.11.42:219][  4]LogSlate: Took 0.000338 seconds to synchronously load lazily loaded font '../../../Engine/Content/Slate/Fonts/Roboto-Light.ttf' (167K)
[2021.04.05-23.11.47:814][233]LogSlate: Window 'Message Log' being destroyed
[2021.04.05-23.11.47:823][233]LogSlate: Window 'Message Log' being destroyed
[2021.04.05-23.11.50:514][497]LogAssetEditorSubsystem: Opening Asset editor for Blueprint /Game/BluePrints/Inventario_COMP.Inventario_COMP
[2021.04.05-23.11.50:840][497]LogContentBrowser: Native class hierarchy updated for 'BlueprintGraph' in 0.0006 seconds. Added 125 classes and 0 folders.
[2021.04.05-23.11.51:599][497]LogAssetEditorSubsystem: Opening Asset editor for Blueprint /Game/ThirdPersonBP/Blueprints/ThirdPersonCharacter.ThirdPersonCharacter
[2021.04.05-23.11.51:914][497]LogAssetEditorSubsystem: Opening Asset editor for UserDefinedStruct /Game/BluePrints/Objeto_STR.Objeto_STR
[2021.04.05-23.11.51:981][497]LogAssetEditorSubsystem: Opening Asset editor for UserDefinedStruct /Game/BluePrints/Espacio_STR.Espacio_STR
[2021.04.05-23.11.52:048][497]LogAssetEditorSubsystem: Opening Asset editor for Blueprint /Game/BluePrints/Interface_INT.Interface_INT
[2021.04.05-23.11.52:332][497]LogAssetEditorSubsystem: Opening Asset editor for Blueprint /Game/BluePrints/Objeto_BP.Objeto_BP
[2021.04.05-23.11.52:633][497]LogAssetEditorSubsystem: Opening Asset editor for WidgetBlueprint /Game/Widgets/Espacios.Espacios
[2021.04.05-23.11.52:949][497]LogAssetEditorSubsystem: Opening Asset editor for WidgetBlueprint /Game/Widgets/Inventario_Ventana.Inventario_Ventana
[2021.04.05-23.11.53:548][497]LogSlate: Took 0.009003 seconds to synchronously load lazily loaded font '../../../Engine/Content/Slate/Fonts/Roboto-BoldCondensed.ttf' (158K)
[2021.04.05-23.11.55:662][608]LogWorld: UWorld::CleanupWorld for World_5, bSessionEnded=true, bCleanupResources=true
[2021.04.05-23.11.55:662][608]LogSlate: InvalidateAllWidgets triggered.  All widgets were invalidated
[2021.04.05-23.11.55:684][608]LogWorld: UWorld::CleanupWorld for World_4, bSessionEnded=true, bCleanupResources=true
[2021.04.05-23.11.55:684][608]LogSlate: InvalidateAllWidgets triggered.  All widgets were invalidated
[2021.04.05-23.11.57:026][683]LogWorld: UWorld::CleanupWorld for World_3, bSessionEnded=true, bCleanupResources=true
[2021.04.05-23.11.57:026][683]LogSlate: InvalidateAllWidgets triggered.  All widgets were invalidated
[2021.04.05-23.11.58:155][745]LogWorld: UWorld::CleanupWorld for World_2, bSessionEnded=true, bCleanupResources=true
[2021.04.05-23.11.58:155][745]LogSlate: InvalidateAllWidgets triggered.  All widgets were invalidated
[2021.04.05-23.12.00:882][899]LogActorComponent: UnregisterComponent: (/Engine/Transient.EditorFloorComp) Not registered. Aborting.
[2021.04.05-23.12.00:882][899]LogWorld: UWorld::CleanupWorld for World_1, bSessionEnded=true, bCleanupResources=true
[2021.04.05-23.12.00:882][899]LogSlate: InvalidateAllWidgets triggered.  All widgets were invalidated
[2021.04.05-23.12.02:302][982]LogWorld: UWorld::CleanupWorld for World_0, bSessionEnded=true, bCleanupResources=true
[2021.04.05-23.12.02:302][982]LogSlate: InvalidateAllWidgets triggered.  All widgets were invalidated
[2021.04.05-23.12.09:737][347]LogRenderer: Reallocating scene render targets to support 1188x620 Format 9 NumSamples 1 (Frame:1265).
[2021.04.05-23.13.02:953][164]Cmd: OBJ SAVEPACKAGE PACKAGE="/Game/Widgets/Inventario_Ventana" FILE="../../../../../Github/OpVideojuegos/DeepWoodland2/Content/Widgets/Inventario_Ventana.uasset" SILENT=true
[2021.04.05-23.13.02:961][164]LogSavePackage: Moving '../../../../../Github/OpVideojuegos/DeepWoodland2/Saved/Inventario_Ventana07676D1144AC731E1E40D4A77EEED6FE.tmp' to '../../../../../Github/OpVideojuegos/DeepWoodland2/Content/Widgets/Inventario_Ventana.uasset'
[2021.04.05-23.13.02:976][164]AssetCheck: New page: Asset Save: Inventario_Ventana
[2021.04.05-23.13.02:976][164]LogContentValidation: Display: Validating WidgetBlueprint /Game/Widgets/Inventario_Ventana.Inventario_Ventana
[2021.04.05-23.13.07:738][604]LogSlate: Took 0.001294 seconds to synchronously load lazily loaded font '../../../Engine/Content/Slate/Fonts/DroidSansFallback.ttf' (3848K)
[2021.04.05-23.13.17:296][446]LogSlate: Took 0.018097 seconds to synchronously load lazily loaded font '../../../Engine/Content/Slate/Fonts/Roboto-BoldCondensedItalic.ttf' (160K)
[2021.04.05-23.13.20:682][762]BlueprintLog: New page: Compile Inventario_Ventana
[2021.04.05-23.13.20:683][762]LogClass: Warning: Type mismatch in InventarioTexto of Inventario_Ventana_C - Previous (ObjectProperty) Current(TextProperty) for package:  FObjectReader
[2021.04.05-23.13.20:747][762]LogUObjectHash: Compacting FUObjectHashTables data took   4.37ms
[2021.04.05-23.13.21:934][762]LogWindows: Error: === Critical error: ===
[2021.04.05-23.13.21:934][762]LogWindows: Error: 
[2021.04.05-23.13.21:934][762]LogWindows: Error: Fatal error!
[2021.04.05-23.13.21:934][762]LogWindows: Error: 
[2021.04.05-23.13.21:934][762]LogWindows: Error: Unhandled Exception: EXCEPTION_ACCESS_VIOLATION reading address 0x00000000
[2021.04.05-23.13.21:934][762]LogWindows: Error: 
[2021.04.05-23.13.21:934][762]LogWindows: Error: [Callstack] 0x00007ffd21855fe5 UE4Editor-Core.dll!UnknownFunction []
[2021.04.05-23.13.21:934][762]LogWindows: Error: [Callstack] 0x00007ffd2186644e UE4Editor-Core.dll!UnknownFunction []
[2021.04.05-23.13.21:934][762]LogWindows: Error: [Callstack] 0x00007ffd2512f5df UE4Editor-CoreUObject.dll!UnknownFunction []
[2021.04.05-23.13.21:934][762]LogWindows: Error: [Callstack] 0x00007ffd2506592a UE4Editor-CoreUObject.dll!UnknownFunction []
[2021.04.05-23.13.21:934][762]LogWindows: Error: [Callstack] 0x00007ffd06ce7c78 UE4Editor-PropertyEditor.dll!UnknownFunction []
[2021.04.05-23.13.21:934][762]LogWindows: Error: [Callstack] 0x00007ffd06b74f99 UE4Editor-PropertyEditor.dll!UnknownFunction []
[2021.04.05-23.13.21:934][762]LogWindows: Error: [Callstack] 0x00007ffd06b7cec1 UE4Editor-PropertyEditor.dll!UnknownFunction []
[2021.04.05-23.13.21:934][762]LogWindows: Error: [Callstack] 0x00007ffd06cb2afd UE4Editor-PropertyEditor.dll!UnknownFunction []
[2021.04.05-23.13.21:934][762]LogWindows: Error: [Callstack] 0x00007ffd06ccddb6 UE4Editor-PropertyEditor.dll!UnknownFunction []
[2021.04.05-23.13.21:934][762]LogWindows: Error: [Callstack] 0x00007ffd06c8ceed UE4Editor-PropertyEditor.dll!UnknownFunction []
[2021.04.05-23.13.21:934][762]LogWindows: Error: [Callstack] 0x00007ffd21241f2b UE4Editor-Slate.dll!UnknownFunction []
[2021.04.05-23.13.21:934][762]LogWindows: Error: [Callstack] 0x00007ffd213c95b1 UE4Editor-Slate.dll!UnknownFunction []
[2021.04.05-23.13.21:934][762]LogWindows: Error: [Callstack] 0x00007ffd213ca0e0 UE4Editor-Slate.dll!UnknownFunction []
[2021.04.05-23.13.21:934][762]LogWindows: Error: [Callstack] 0x00007ffd20d8afda UE4Editor-SlateCore.dll!UnknownFunction []
[2021.04.05-23.13.21:934][762]LogWindows: Error: [Callstack] 0x00007ffd20dd8c5a UE4Editor-SlateCore.dll!UnknownFunction []
[2021.04.05-23.13.21:934][762]LogWindows: Error: [Callstack] 0x00007ffd20dd8b57 UE4Editor-SlateCore.dll!UnknownFunction []
[2021.04.05-23.13.21:934][762]LogWindows: Error: [Callstack] 0x00007ffd20dd8b57 UE4Editor-SlateCore.dll!UnknownFunction []
[2021.04.05-23.13.21:934][762]LogWindows: Error: [Callstack] 0x00007ffd20dd8b57 UE4Editor-SlateCore.dll!UnknownFunction []
[2021.04.05-23.13.21:934][762]LogWindows: Error: [Callstack] 0x00007ffd20dd8b57 UE4Editor-SlateCore.dll!UnknownFunction []
[2021.04.05-23.13.21:934][762]LogWindows: Error: [Callstack] 0x00007ffd20dd8b57 UE4Editor-SlateCore.dll!UnknownFunction []
[2021.04.05-23.13.21:934][762]LogWindows: Error: [Callstack] 0x00007ffd20dd8b57 UE4Editor-SlateCore.dll!UnknownFunction []
[2021.04.05-23.13.21:934][762]LogWindows: Error: [Callstack] 0x00007ffd20dd8b57 UE4Editor-SlateCore.dll!UnknownFunction []
[2021.04.05-23.13.21:934][762]LogWindows: Error: [Callstack] 0x00007ffd20dd8b57 UE4Editor-SlateCore.dll!UnknownFunction []
[2021.04.05-23.13.21:934][762]LogWindows: Error: [Callstack] 0x00007ffd20dd8b57 UE4Editor-SlateCore.dll!UnknownFunction []
[2021.04.05-23.13.21:934][762]LogWindows: Error: [Callstack] 0x00007ffd20dd8b57 UE4Editor-SlateCore.dll!UnknownFunction []
[2021.04.05-23.13.21:934][762]LogWindows: Error: [Callstack] 0x00007ffd20dd8b57 UE4Editor-SlateCore.dll!UnknownFunction []
[2021.04.05-23.13.21:934][762]LogWindows: Error: [Callstack] 0x00007ffd20dd8b57 UE4Editor-SlateCore.dll!UnknownFunction []
[2021.04.05-23.13.21:934][762]LogWindows: Error: [Callstack] 0x00007ffd20dd8b57 UE4Editor-SlateCore.dll!UnknownFunction []
[2021.04.05-23.13.21:934][762]LogWindows: Error: [Callstack] 0x00007ffd20dd8b57 UE4Editor-SlateCore.dll!UnknownFunction []
[2021.04.05-23.13.21:934][762]LogWindows: Error: [Callstack] 0x00007ffd20dd8b57 UE4Editor-SlateCore.dll!UnknownFunction []
[2021.04.05-23.13.21:934][762]LogWindows: Error: [Callstack] 0x00007ffd20dd8b57 UE4Editor-SlateCore.dll!UnknownFunction []
[2021.04.05-23.13.21:934][762]LogWindows: Error: [Callstack] 0x00007ffd20dd8b57 UE4Editor-SlateCore.dll!UnknownFunction []
[2021.04.05-23.13.21:934][762]LogWindows: Error: [Callstack] 0x00007ffd20dd8b57 UE4Editor-SlateCore.dll!UnknownFunction []
[2021.04.05-23.13.21:934][762]LogWindows: Error: [Callstack] 0x00007ffd20dd8b57 UE4Editor-SlateCore.dll!UnknownFunction []
[2021.04.05-23.13.21:934][762]LogWindows: Error: [Callstack] 0x00007ffd20dd8b57 UE4Editor-SlateCore.dll!UnknownFunction []
[2021.04.05-23.13.21:934][762]LogWindows: Error: [Callstack] 0x00007ffd20dd8b57 UE4Editor-SlateCore.dll!UnknownFunction []
[2021.04.05-23.13.21:934][762]LogWindows: Error: [Callstack] 0x00007ffd20dd8b57 UE4Editor-SlateCore.dll!UnknownFunction []
[2021.04.05-23.13.21:934][762]LogWindows: Error: [Callstack] 0x00007ffd20dd8b57 UE4Editor-SlateCore.dll!UnknownFunction []
[2021.04.05-23.13.21:934][762]LogWindows: Error: [Callstack] 0x00007ffd20dd8b57 UE4Editor-SlateCore.dll!UnknownFunction []
[2021.04.05-23.13.21:934][762]LogWindows: Error: [Callstack] 0x00007ffd20dd8b57 UE4Editor-SlateCore.dll!UnknownFunction []
[2021.04.05-23.13.21:934][762]LogWindows: Error: [Callstack] 0x00007ffd20dd8b57 UE4Editor-SlateCore.dll!UnknownFunction []
[2021.04.05-23.13.21:934][762]LogWindows: Error: [Callstack] 0x00007ffd20dd8b57 UE4Editor-SlateCore.dll!UnknownFunction []
[2021.04.05-23.13.21:934][762]LogWindows: Error: [Callstack] 0x00007ffd20dd8b57 UE4Editor-SlateCore.dll!UnknownFunction []
[2021.04.05-23.13.21:934][762]LogWindows: Error: [Callstack] 0x00007ffd20dd8b57 UE4Editor-SlateCore.dll!UnknownFunction []
[2021.04.05-23.13.21:935][762]LogWindows: Error: [Callstack] 0x00007ffd20dd8b57 UE4Editor-SlateCore.dll!UnknownFunction []
[2021.04.05-23.13.21:935][762]LogWindows: Error: [Callstack] 0x00007ffd20dd8b57 UE4Editor-SlateCore.dll!UnknownFunction []
[2021.04.05-23.13.21:935][762]LogWindows: Error: [Callstack] 0x00007ffd20dd8b57 UE4Editor-SlateCore.dll!UnknownFunction []
[2021.04.05-23.13.21:935][762]LogWindows: Error: [Callstack] 0x00007ffd20dd8b57 UE4Editor-SlateCore.dll!UnknownFunction []
[2021.04.05-23.13.21:935][762]LogWindows: Error: [Callstack] 0x00007ffd20dd8b57 UE4Editor-SlateCore.dll!UnknownFunction []
[2021.04.05-23.13.21:935][762]LogWindows: Error: [Callstack] 0x00007ffd20dd8b57 UE4Editor-SlateCore.dll!UnknownFunction []
[2021.04.05-23.13.21:935][762]LogWindows: Error: [Callstack] 0x00007ffd20dd8b57 UE4Editor-SlateCore.dll!UnknownFunction []
[2021.04.05-23.13.21:935][762]LogWindows: Error: [Callstack] 0x00007ffd20dd8b57 UE4Editor-SlateCore.dll!UnknownFunction []
[2021.04.05-23.13.21:935][762]LogWindows: Error: [Callstack] 0x00007ffd20dd8b57 UE4Editor-SlateCore.dll!UnknownFunction []
[2021.04.05-23.13.21:935][762]LogWindows: Error: [Callstack] 0x00007ffd20dd8b57 UE4Editor-SlateCore.dll!UnknownFunction []
[2021.04.05-23.13.21:935][762]LogWindows: Error: [Callstack] 0x00007ffd20dd8b57 UE4Editor-SlateCore.dll!UnknownFunction []
[2021.04.05-23.13.21:935][762]LogWindows: Error: [Callstack] 0x00007ffd20dd8b57 UE4Editor-SlateCore.dll!UnknownFunction []
[2021.04.05-23.13.21:935][762]LogWindows: Error: [Callstack] 0x00007ffd20dd8b57 UE4Editor-SlateCore.dll!UnknownFunction []
[2021.04.05-23.13.21:935][762]LogWindows: Error: [Callstack] 0x00007ffd20dd8b57 UE4Editor-SlateCore.dll!UnknownFunction []
[2021.04.05-23.13.21:935][762]LogWindows: Error: [Callstack] 0x00007ffd20dd8b57 UE4Editor-SlateCore.dll!UnknownFunction []
[2021.04.05-23.13.21:935][762]LogWindows: Error: [Callstack] 0x00007ffd20dd8b57 UE4Editor-SlateCore.dll!UnknownFunction []
[2021.04.05-23.13.21:935][762]LogWindows: Error: [Callstack] 0x00007ffd20dd8b57 UE4Editor-SlateCore.dll!UnknownFunction []
[2021.04.05-23.13.21:935][762]LogWindows: Error: [Callstack] 0x00007ffd20dd8b57 UE4Editor-SlateCore.dll!UnknownFunction []
[2021.04.05-23.13.21:935][762]LogWindows: Error: [Callstack] 0x00007ffd20dd8b57 UE4Editor-SlateCore.dll!UnknownFunction []
[2021.04.05-23.13.21:935][762]LogWindows: Error: [Callstack] 0x00007ffd20dd8b57 UE4Editor-SlateCore.dll!UnknownFunction []
[2021.04.05-23.13.21:935][762]LogWindows: Error: [Callstack] 0x00007ffd20dd8b57 UE4Editor-SlateCore.dll!UnknownFunction []
[2021.04.05-23.13.21:935][762]LogWindows: Error: [Callstack] 0x00007ffd20dd8b57 UE4Editor-SlateCore.dll!UnknownFunction []
[2021.04.05-23.13.21:935][762]LogWindows: Error: [Callstack] 0x00007ffd20dd8b57 UE4Editor-SlateCore.dll!UnknownFunction []
[2021.04.05-23.13.21:935][762]LogWindows: Error: [Callstack] 0x00007ffd20dd8b57 UE4Editor-SlateCore.dll!UnknownFunction []
[2021.04.05-23.13.21:935][762]LogWindows: Error: [Callstack] 0x00007ffd20dd8b57 UE4Editor-SlateCore.dll!UnknownFunction []
[2021.04.05-23.13.21:935][762]LogWindows: Error: [Callstack] 0x00007ffd20de463d UE4Editor-SlateCore.dll!UnknownFunction []
[2021.04.05-23.13.21:935][762]LogWindows: Error: [Callstack] 0x00007ffd2119880d UE4Editor-Slate.dll!UnknownFunction []
[2021.04.05-23.13.21:935][762]LogWindows: Error: [Callstack] 0x00007ffd211988c0 UE4Editor-Slate.dll!UnknownFunction []
[2021.04.05-23.13.21:935][762]LogWindows: Error: [Callstack] 0x00007ffd2116959b UE4Editor-Slate.dll!UnknownFunction []
[2021.04.05-23.13.21:935][762]LogWindows: Error: [Callstack] 0x00007ffd2119a25a UE4Editor-Slate.dll!UnknownFunction []
[2021.04.05-23.13.21:935][762]LogWindows: Error: [Callstack] 0x00007ffd211c0af0 UE4Editor-Slate.dll!UnknownFunction []
[2021.04.05-23.13.21:935][762]LogWindows: Error: [Callstack] 0x00007ffd211c0024 UE4Editor-Slate.dll!UnknownFunction []
[2021.04.05-23.13.21:935][762]LogWindows: Error: [Callstack] 0x00007ff7e5718735 UE4Editor.exe!UnknownFunction []
[2021.04.05-23.13.21:935][762]LogWindows: Error: [Callstack] 0x00007ff7e572ba7c UE4Editor.exe!UnknownFunction []
[2021.04.05-23.13.21:935][762]LogWindows: Error: [Callstack] 0x00007ff7e572bb5a UE4Editor.exe!UnknownFunction []
[2021.04.05-23.13.21:935][762]LogWindows: Error: [Callstack] 0x00007ff7e573e31d UE4Editor.exe!UnknownFunction []
[2021.04.05-23.13.21:935][762]LogWindows: Error: [Callstack] 0x00007ff7e574145a UE4Editor.exe!UnknownFunction []
[2021.04.05-23.13.21:935][762]LogWindows: Error: [Callstack] 0x00007ffd9db37034 KERNEL32.DLL!UnknownFunction []
[2021.04.05-23.13.21:935][762]LogWindows: Error: [Callstack] 0x00007ffd9dd02651 ntdll.dll!UnknownFunction []
[2021.04.05-23.13.21:935][762]LogWindows: Error: 
[2021.04.05-23.13.21:945][762]LogExit: Executing StaticShutdownAfterError
[2021.04.05-23.13.21:954][762]LogWindows: FPlatformMisc::RequestExit(1)
[2021.04.05-23.13.21:954][762]LogCore: Engine exit requested (reason: Win RequestExit)
[2021.04.05-23.13.21:965][762]Log file closed, 04/05/21 18:13:21
