Log file open, 05/09/21 04:59:54
LogInit: Display: Running engine for game: DeepWoodland2
LogPlatformFile: Not using cached read wrapper
LogTaskGraph: Started task graph with 5 named threads and 14 total threads with 3 sets of task threads.
LogStats: Stats thread started at 0.272991
LogD3D11RHI: Loaded GFSDK_Aftermath_Lib.x64.dll
LogICUInternationalization: ICU TimeZone Detection - Raw Offset: -6:00, Platform Override: ''
LogPluginManager: Mounting plugin Paper2D
LogPluginManager: Mounting plugin AISupport
LogPluginManager: Mounting plugin LightPropagationVolume
LogPluginManager: Mounting plugin CameraShakePreviewer
LogPluginManager: Mounting plugin ActorLayerUtilities
LogPluginManager: Mounting plugin AnimationSharing
LogPluginManager: Mounting plugin CLionSourceCodeAccess
LogPluginManager: Mounting plugin CodeLiteSourceCodeAccess
LogPluginManager: Mounting plugin GitSourceControl
LogPluginManager: Mounting plugin KDevelopSourceCodeAccess
LogPluginManager: Mounting plugin NullSourceCodeAccess
LogPluginManager: Mounting plugin PerforceSourceControl
LogPluginManager: Mounting plugin PlasticSourceControl
LogPluginManager: Mounting plugin RiderSourceCodeAccess
LogPluginManager: Mounting plugin SubversionSourceControl
LogPluginManager: Mounting plugin UObjectPlugin
LogPluginManager: Mounting plugin VisualStudioCodeSourceCodeAccess
LogPluginManager: Mounting plugin VisualStudioSourceCodeAccess
LogPluginManager: Mounting plugin XCodeSourceCodeAccess
LogPluginManager: Mounting plugin AssetManagerEditor
LogPluginManager: Mounting plugin CryptoKeys
LogPluginManager: Mounting plugin CurveEditorTools
LogPluginManager: Mounting plugin DataValidation
LogPluginManager: Mounting plugin EditorScriptingUtilities
LogPluginManager: Mounting plugin FacialAnimation
LogPluginManager: Mounting plugin GameplayTagsEditor
LogPluginManager: Mounting plugin GeometryMode
LogPluginManager: Mounting plugin MacGraphicsSwitching
LogPluginManager: Mounting plugin MaterialAnalyzer
LogPluginManager: Mounting plugin MobileLauncherProfileWizard
LogPluginManager: Mounting plugin PluginBrowser
LogPluginManager: Mounting plugin SpeedTreeImporter
LogPluginManager: Mounting plugin DatasmithContent
LogPluginManager: Mounting plugin VariantManagerContent
LogPluginManager: Mounting plugin AlembicImporter
LogPluginManager: Mounting plugin AutomationUtils
LogPluginManager: Mounting plugin BackChannel
LogPluginManager: Mounting plugin ChaosCloth
LogPluginManager: Mounting plugin ChaosClothEditor
LogPluginManager: Mounting plugin ChaosEditor
LogPluginManager: Mounting plugin ChaosNiagara
LogPluginManager: Mounting plugin ChaosSolverPlugin
LogPluginManager: Mounting plugin CharacterAI
LogPluginManager: Mounting plugin GeometryCache
LogPluginManager: Mounting plugin GeometryCollectionPlugin
LogPluginManager: Mounting plugin GeometryProcessing
LogPluginManager: Mounting plugin PlanarCut
LogPluginManager: Mounting plugin PlatformCrypto
LogPluginManager: Mounting plugin ProxyLODPlugin
LogPluginManager: Mounting plugin SkeletalReduction
LogPluginManager: Mounting plugin Niagara
LogPluginManager: Mounting plugin MagicLeap
LogPluginManager: Mounting plugin MagicLeapLightEstimation
LogPluginManager: Mounting plugin MagicLeapMedia
LogPluginManager: Mounting plugin MagicLeapPassableWorld
LogPluginManager: Mounting plugin MLSDK
LogPluginManager: Mounting plugin AndroidMedia
LogPluginManager: Mounting plugin AvfMedia
LogPluginManager: Mounting plugin ImgMedia
LogPluginManager: Mounting plugin MediaCompositing
LogPluginManager: Mounting plugin MediaPlayerEditor
LogPluginManager: Mounting plugin WebMMedia
LogPluginManager: Mounting plugin WmfMedia
LogPluginManager: Mounting plugin MeshPainting
LogPluginManager: Mounting plugin TcpMessaging
LogPluginManager: Mounting plugin UdpMessaging
LogPluginManager: Mounting plugin ActorSequence
LogPluginManager: Mounting plugin LevelSequenceEditor
LogPluginManager: Mounting plugin MatineeToLevelSequence
LogPluginManager: Mounting plugin MovieRenderPipeline
LogPluginManager: Mounting plugin TemplateSequence
LogPluginManager: Mounting plugin NetcodeUnitTest
LogPluginManager: Mounting plugin NUTUnrealEngine4
LogPluginManager: Mounting plugin OnlineSubsystemGooglePlay
LogPluginManager: Mounting plugin OnlineSubsystemIOS
LogPluginManager: Mounting plugin OnlineSubsystem
LogPluginManager: Mounting plugin OnlineSubsystemNull
LogPluginManager: Mounting plugin OnlineSubsystemUtils
LogPluginManager: Mounting plugin LauncherChunkInstaller
LogPluginManager: Mounting plugin AndroidDeviceProfileSelector
LogPluginManager: Mounting plugin AndroidMoviePlayer
LogPluginManager: Mounting plugin AndroidPermission
LogPluginManager: Mounting plugin ApexDestruction
LogPluginManager: Mounting plugin AppleImageUtils
LogPluginManager: Mounting plugin AppleMoviePlayer
LogPluginManager: Mounting plugin ArchVisCharacter
LogPluginManager: Mounting plugin AssetTags
LogPluginManager: Mounting plugin AudioCapture
LogPluginManager: Mounting plugin CableComponent
LogPluginManager: Mounting plugin CustomMeshComponent
LogPluginManager: Mounting plugin EditableMesh
LogPluginManager: Mounting plugin ExampleDeviceProfileSelector
LogPluginManager: Mounting plugin GoogleCloudMessaging
LogPluginManager: Mounting plugin GooglePAD
LogPluginManager: Mounting plugin IOSDeviceProfileSelector
LogPluginManager: Mounting plugin LinuxDeviceProfileSelector
LogPluginManager: Mounting plugin LocationServicesBPLibrary
LogPluginManager: Mounting plugin MobilePatchingUtils
LogPluginManager: Mounting plugin OculusVR
LogPluginManager: Mounting plugin PhysXVehicles
LogPluginManager: Mounting plugin PostSplashScreen
LogPluginManager: Mounting plugin ProceduralMeshComponent
LogPluginManager: Mounting plugin RuntimePhysXCooking
LogPluginManager: Mounting plugin SignificanceManager
LogPluginManager: Mounting plugin SoundFields
LogPluginManager: Mounting plugin SteamVR
LogPluginManager: Mounting plugin Synthesis
LogPluginManager: Mounting plugin WebMMoviePlayer
LogPluginManager: Mounting plugin WindowsMoviePlayer
LogPluginManager: Mounting plugin ScreenshotTools
LogInit: Using libcurl 7.55.1-DEV
LogInit:  - built for x86_64-pc-win32
LogInit:  - supports SSL with OpenSSL/1.1.1
LogInit:  - supports HTTP deflate (compression) using libz 1.2.8
LogInit:  - other features:
LogInit:      CURL_VERSION_SSL
LogInit:      CURL_VERSION_LIBZ
LogInit:      CURL_VERSION_IPV6
LogInit:      CURL_VERSION_ASYNCHDNS
LogInit:      CURL_VERSION_LARGEFILE
LogInit:      CURL_VERSION_IDN
LogInit:  CurlRequestOptions (configurable via config and command line):
LogInit:  - bVerifyPeer = true  - Libcurl will verify peer certificate
LogInit:  - bUseHttpProxy = false  - Libcurl will NOT use HTTP proxy
LogInit:  - bDontReuseConnections = false  - Libcurl will reuse connections
LogInit:  - MaxHostConnections = 16  - Libcurl will limit the number of connections to a host
LogInit:  - LocalHostAddr = Default
LogInit:  - BufferSize = 65536
LogOnline: OSS: Creating online subsystem instance for: NULL
LogInit: WinSock: version 1.1 (2.2), MaxSocks=32767, MaxUdp=65467
LogOnline: OSS: TryLoadSubsystemAndSetDefault: Loaded subsystem for module [NULL]
LogInit: Build: ++UE4+Release-4.25-CL-14469661
LogInit: Engine Version: 4.25.4-14469661+++UE4+Release-4.25
LogInit: Compatible Engine Version: 4.25.0-13144385+++UE4+Release-4.25
LogInit: Net CL: 13144385
LogInit: OS: Windows 10 (Release 2004) (), CPU: Intel(R) Core(TM) i5-7300HQ CPU @ 2.50GHz, GPU: Intel(R) HD Graphics 630
LogInit: Compiled (64-bit): Oct 11 2020 08:10:49
LogInit: Compiled with Visual C++: 19.24.28315.00
LogInit: Build Configuration: Development
LogInit: Branch Name: ++UE4+Release-4.25
LogInit: Command Line: 
LogInit: Base Directory: C:/Program Files/Epic Games/UE_4.25/Engine/Binaries/Win64/
LogInit: Allocator: TBB
LogInit: Installed Engine Build: 1
LogDevObjectVersion: Number of dev versions registered: 26
LogDevObjectVersion:   Dev-Blueprints (B0D832E4-1F89-4F0D-ACCF-7EB736FD4AA2): 10
LogDevObjectVersion:   Dev-Build (E1C64328-A22C-4D53-A36C-8E866417BD8C): 0
LogDevObjectVersion:   Dev-Core (375EC13C-06E4-48FB-B500-84F0262A717E): 4
LogDevObjectVersion:   Dev-Editor (E4B068ED-F494-42E9-A231-DA0B2E46BB41): 38
LogDevObjectVersion:   Dev-Framework (CFFC743F-43B0-4480-9391-14DF171D2073): 37
LogDevObjectVersion:   Dev-Mobile (B02B49B5-BB20-44E9-A304-32B752E40360): 2
LogDevObjectVersion:   Dev-Networking (A4E4105C-59A1-49B5-A7C5-40C4547EDFEE): 0
LogDevObjectVersion:   Dev-Online (39C831C9-5AE6-47DC-9A44-9C173E1C8E7C): 0
LogDevObjectVersion:   Dev-Physics (78F01B33-EBEA-4F98-B9B4-84EACCB95AA2): 4
LogDevObjectVersion:   Dev-Platform (6631380F-2D4D-43E0-8009-CF276956A95A): 0
LogDevObjectVersion:   Dev-Rendering (12F88B9F-8875-4AFC-A67C-D90C383ABD29): 43
LogDevObjectVersion:   Dev-Sequencer (7B5AE74C-D270-4C10-A958-57980B212A5A): 12
LogDevObjectVersion:   Dev-VR (D7296918-1DD6-4BDD-9DE2-64A83CC13884): 3
LogDevObjectVersion:   Dev-LoadTimes (C2A15278-BFE7-4AFE-6C17-90FF531DF755): 1
LogDevObjectVersion:   Private-Geometry (6EACA3D4-40EC-4CC1-B786-8BED09428FC5): 3
LogDevObjectVersion:   Dev-AnimPhys (29E575DD-E0A3-4627-9D10-D276232CDCEA): 17
LogDevObjectVersion:   Dev-Anim (AF43A65D-7FD3-4947-9873-3E8ED9C1BB05): 7
LogDevObjectVersion:   Dev-ReflectionCapture (6B266CEC-1EC7-4B8F-A30B-E4D90942FC07): 1
LogDevObjectVersion:   Dev-Automation (0DF73D61-A23F-47EA-B727-89E90C41499A): 1
LogDevObjectVersion:   FortniteMain (601D1886-AC64-4F84-AA16-D3DE0DEAC7D6): 31
LogDevObjectVersion:   Dev-Enterprise (9DFFBCD6-494F-0158-E221-12823C92A888): 10
LogDevObjectVersion:   Dev-Niagara (F2AED0AC-9AFE-416F-8664-AA7FFA26D6FC): 1
LogDevObjectVersion:   Dev-Destruction (174F1F0B-B4C6-45A5-B13F-2EE8D0FB917D): 10
LogDevObjectVersion:   Dev-Physics-Ext (35F94A83-E258-406C-A318-09F59610247C): 37
LogDevObjectVersion:   Dev-PhysicsMaterial-Chaos (B68FC16E-8B1B-42E2-B453-215C058844FE): 1
LogDevObjectVersion:   Dev-CineCamera (B2E18506-4273-CFC2-A54E-F4BB758BBA07): 1
LogInit: Presizing for max 25165824 objects, including 0 objects not considered by GC, pre-allocating 0 bytes for permanent pool.
LogConfig: Applying CVar settings from Section [/Script/Engine.StreamingSettings] File [C:/Users/TEMP.DESKTOP-DV3H2OO/Documents/GitHub/OptiVideo/OpVideojuegos/DeepWoodland2/Saved/Config/Windows/Engine.ini]
LogConfig: Setting CVar [[s.MinBulkDataSizeForAsyncLoading:131072]]
LogConfig: Setting CVar [[s.AsyncLoadingThreadEnabled:0]]
LogConfig: Setting CVar [[s.EventDrivenLoaderEnabled:1]]
LogConfig: Setting CVar [[s.WarnIfTimeLimitExceeded:0]]
LogConfig: Setting CVar [[s.TimeLimitExceededMultiplier:1.5]]
LogConfig: Setting CVar [[s.TimeLimitExceededMinTime:0.005]]
LogConfig: Setting CVar [[s.UseBackgroundLevelStreaming:1]]
LogConfig: Setting CVar [[s.PriorityAsyncLoadingExtraTime:15.0]]
LogConfig: Setting CVar [[s.LevelStreamingActorsUpdateTimeLimit:5.0]]
LogConfig: Setting CVar [[s.PriorityLevelStreamingActorsUpdateExtraTime:5.0]]
LogConfig: Setting CVar [[s.LevelStreamingComponentsRegistrationGranularity:10]]
LogConfig: Setting CVar [[s.UnregisterComponentsTimeLimit:1.0]]
LogConfig: Setting CVar [[s.LevelStreamingComponentsUnregistrationGranularity:5]]
LogConfig: Setting CVar [[s.FlushStreamingOnExit:1]]
LogInit: Object subsystem initialized
LogConfig: Setting CVar [[con.DebugEarlyDefault:1]]
LogConfig: Setting CVar [[r.setres:1280x720]]
[2021.05.09-09.59.55:276][  0]LogConfig: Setting CVar [[r.VSync:0]]
[2021.05.09-09.59.55:276][  0]LogConfig: Setting CVar [[r.RHICmdBypass:0]]
[2021.05.09-09.59.55:276][  0]LogConfig: Applying CVar settings from Section [/Script/Engine.RendererSettings] File [C:/Users/TEMP.DESKTOP-DV3H2OO/Documents/GitHub/OptiVideo/OpVideojuegos/DeepWoodland2/Saved/Config/Windows/Engine.ini]
[2021.05.09-09.59.55:276][  0]LogConfig: Setting CVar [[r.GPUCrashDebugging:0]]
[2021.05.09-09.59.55:276][  0]LogConfig: Applying CVar settings from Section [/Script/Engine.RendererOverrideSettings] File [C:/Users/TEMP.DESKTOP-DV3H2OO/Documents/GitHub/OptiVideo/OpVideojuegos/DeepWoodland2/Saved/Config/Windows/Engine.ini]
[2021.05.09-09.59.55:276][  0]LogConfig: Applying CVar settings from Section [/Script/Engine.StreamingSettings] File [C:/Users/TEMP.DESKTOP-DV3H2OO/Documents/GitHub/OptiVideo/OpVideojuegos/DeepWoodland2/Saved/Config/Windows/Engine.ini]
[2021.05.09-09.59.55:276][  0]LogConfig: Setting CVar [[s.MinBulkDataSizeForAsyncLoading:131072]]
[2021.05.09-09.59.55:276][  0]LogConfig: Setting CVar [[s.AsyncLoadingThreadEnabled:0]]
[2021.05.09-09.59.55:276][  0]LogConfig: Setting CVar [[s.EventDrivenLoaderEnabled:1]]
[2021.05.09-09.59.55:276][  0]LogConfig: Setting CVar [[s.WarnIfTimeLimitExceeded:0]]
[2021.05.09-09.59.55:276][  0]LogConfig: Setting CVar [[s.TimeLimitExceededMultiplier:1.5]]
[2021.05.09-09.59.55:276][  0]LogConfig: Setting CVar [[s.TimeLimitExceededMinTime:0.005]]
[2021.05.09-09.59.55:276][  0]LogConfig: Setting CVar [[s.UseBackgroundLevelStreaming:1]]
[2021.05.09-09.59.55:276][  0]LogConfig: Setting CVar [[s.PriorityAsyncLoadingExtraTime:15.0]]
[2021.05.09-09.59.55:276][  0]LogConfig: Setting CVar [[s.LevelStreamingActorsUpdateTimeLimit:5.0]]
[2021.05.09-09.59.55:276][  0]LogConfig: Setting CVar [[s.PriorityLevelStreamingActorsUpdateExtraTime:5.0]]
[2021.05.09-09.59.55:276][  0]LogConfig: Setting CVar [[s.LevelStreamingComponentsRegistrationGranularity:10]]
[2021.05.09-09.59.55:276][  0]LogConfig: Setting CVar [[s.UnregisterComponentsTimeLimit:1.0]]
[2021.05.09-09.59.55:276][  0]LogConfig: Setting CVar [[s.LevelStreamingComponentsUnregistrationGranularity:5]]
[2021.05.09-09.59.55:276][  0]LogConfig: Setting CVar [[s.FlushStreamingOnExit:1]]
[2021.05.09-09.59.55:276][  0]LogConfig: Applying CVar settings from Section [/Script/Engine.GarbageCollectionSettings] File [C:/Users/TEMP.DESKTOP-DV3H2OO/Documents/GitHub/OptiVideo/OpVideojuegos/DeepWoodland2/Saved/Config/Windows/Engine.ini]
[2021.05.09-09.59.55:276][  0]LogConfig: Setting CVar [[gc.MaxObjectsNotConsideredByGC:1]]
[2021.05.09-09.59.55:276][  0]LogConfig: Setting CVar [[gc.SizeOfPermanentObjectPool:0]]
[2021.05.09-09.59.55:276][  0]LogConfig: Setting CVar [[gc.FlushStreamingOnGC:0]]
[2021.05.09-09.59.55:276][  0]LogConfig: Setting CVar [[gc.NumRetriesBeforeForcingGC:10]]
[2021.05.09-09.59.55:276][  0]LogConfig: Setting CVar [[gc.AllowParallelGC:1]]
[2021.05.09-09.59.55:276][  0]LogConfig: Setting CVar [[gc.TimeBetweenPurgingPendingKillObjects:61.1]]
[2021.05.09-09.59.55:276][  0]LogConfig: Setting CVar [[gc.MaxObjectsInEditor:25165824]]
[2021.05.09-09.59.55:276][  0]LogConfig: Setting CVar [[gc.IncrementalBeginDestroyEnabled:1]]
[2021.05.09-09.59.55:276][  0]LogConfig: Setting CVar [[gc.CreateGCClusters:1]]
[2021.05.09-09.59.55:276][  0]LogConfig: Setting CVar [[gc.MinGCClusterSize:5]]
[2021.05.09-09.59.55:276][  0]LogConfig: Setting CVar [[gc.ActorClusteringEnabled:0]]
[2021.05.09-09.59.55:276][  0]LogConfig: Setting CVar [[gc.BlueprintClusteringEnabled:0]]
[2021.05.09-09.59.55:276][  0]LogConfig: Setting CVar [[gc.UseDisregardForGCOnDedicatedServers:0]]
[2021.05.09-09.59.55:276][  0]LogConfig: Applying CVar settings from Section [/Script/Engine.NetworkSettings] File [C:/Users/TEMP.DESKTOP-DV3H2OO/Documents/GitHub/OptiVideo/OpVideojuegos/DeepWoodland2/Saved/Config/Windows/Engine.ini]
[2021.05.09-09.59.55:276][  0]LogConfig: Applying CVar settings from Section [/Script/UnrealEd.CookerSettings] File [C:/Users/TEMP.DESKTOP-DV3H2OO/Documents/GitHub/OptiVideo/OpVideojuegos/DeepWoodland2/Saved/Config/Windows/Engine.ini]
[2021.05.09-09.59.55:279][  0]LogConfig: Applying CVar settings from Section [ViewDistanceQuality@3] File [C:/Users/TEMP.DESKTOP-DV3H2OO/Documents/GitHub/OptiVideo/OpVideojuegos/DeepWoodland2/Saved/Config/Windows/Scalability.ini]
[2021.05.09-09.59.55:279][  0]LogConfig: Setting CVar [[r.SkeletalMeshLODBias:0]]
[2021.05.09-09.59.55:279][  0]LogConfig: Setting CVar [[r.ViewDistanceScale:1.0]]
[2021.05.09-09.59.55:279][  0]LogConfig: Applying CVar settings from Section [AntiAliasingQuality@3] File [C:/Users/TEMP.DESKTOP-DV3H2OO/Documents/GitHub/OptiVideo/OpVideojuegos/DeepWoodland2/Saved/Config/Windows/Scalability.ini]
[2021.05.09-09.59.55:279][  0]LogConfig: Setting CVar [[r.PostProcessAAQuality:4]]
[2021.05.09-09.59.55:279][  0]LogConfig: Applying CVar settings from Section [ShadowQuality@3] File [C:/Users/TEMP.DESKTOP-DV3H2OO/Documents/GitHub/OptiVideo/OpVideojuegos/DeepWoodland2/Saved/Config/Windows/Scalability.ini]
[2021.05.09-09.59.55:279][  0]LogConfig: Setting CVar [[r.LightFunctionQuality:1]]
[2021.05.09-09.59.55:279][  0]LogConfig: Setting CVar [[r.ShadowQuality:5]]
[2021.05.09-09.59.55:279][  0]LogConfig: Setting CVar [[r.Shadow.CSM.MaxCascades:10]]
[2021.05.09-09.59.55:279][  0]LogConfig: Setting CVar [[r.Shadow.MaxResolution:2048]]
[2021.05.09-09.59.55:279][  0]LogConfig: Setting CVar [[r.Shadow.MaxCSMResolution:2048]]
[2021.05.09-09.59.55:279][  0]LogConfig: Setting CVar [[r.Shadow.RadiusThreshold:0.01]]
[2021.05.09-09.59.55:279][  0]LogConfig: Setting CVar [[r.Shadow.DistanceScale:1.0]]
[2021.05.09-09.59.55:279][  0]LogConfig: Setting CVar [[r.Shadow.CSM.TransitionScale:1.0]]
[2021.05.09-09.59.55:279][  0]LogConfig: Setting CVar [[r.Shadow.PreShadowResolutionFactor:1.0]]
[2021.05.09-09.59.55:279][  0]LogConfig: Setting CVar [[r.DistanceFieldShadowing:1]]
[2021.05.09-09.59.55:279][  0]LogConfig: Setting CVar [[r.DistanceFieldAO:1]]
[2021.05.09-09.59.55:279][  0]LogConfig: Setting CVar [[r.AOQuality:2]]
[2021.05.09-09.59.55:279][  0]LogConfig: Setting CVar [[r.VolumetricFog:1]]
[2021.05.09-09.59.55:279][  0]LogConfig: Setting CVar [[r.VolumetricFog.GridPixelSize:8]]
[2021.05.09-09.59.55:279][  0]LogConfig: Setting CVar [[r.VolumetricFog.GridSizeZ:128]]
[2021.05.09-09.59.55:279][  0]LogConfig: Setting CVar [[r.VolumetricFog.HistoryMissSupersampleCount:4]]
[2021.05.09-09.59.55:279][  0]LogConfig: Setting CVar [[r.LightMaxDrawDistanceScale:1]]
[2021.05.09-09.59.55:279][  0]LogConfig: Setting CVar [[r.CapsuleShadows:1]]
[2021.05.09-09.59.55:280][  0]LogConfig: Applying CVar settings from Section [PostProcessQuality@3] File [C:/Users/TEMP.DESKTOP-DV3H2OO/Documents/GitHub/OptiVideo/OpVideojuegos/DeepWoodland2/Saved/Config/Windows/Scalability.ini]
[2021.05.09-09.59.55:280][  0]LogConfig: Setting CVar [[r.MotionBlurQuality:4]]
[2021.05.09-09.59.55:280][  0]LogConfig: Setting CVar [[r.AmbientOcclusionMipLevelFactor:0.4]]
[2021.05.09-09.59.55:280][  0]LogConfig: Setting CVar [[r.AmbientOcclusionMaxQuality:100]]
[2021.05.09-09.59.55:280][  0]LogConfig: Setting CVar [[r.AmbientOcclusionLevels:-1]]
[2021.05.09-09.59.55:280][  0]LogConfig: Setting CVar [[r.AmbientOcclusionRadiusScale:1.0]]
[2021.05.09-09.59.55:280][  0]LogConfig: Setting CVar [[r.DepthOfFieldQuality:2]]
[2021.05.09-09.59.55:280][  0]LogConfig: Setting CVar [[r.RenderTargetPoolMin:400]]
[2021.05.09-09.59.55:280][  0]LogConfig: Setting CVar [[r.LensFlareQuality:2]]
[2021.05.09-09.59.55:280][  0]LogConfig: Setting CVar [[r.SceneColorFringeQuality:1]]
[2021.05.09-09.59.55:280][  0]LogConfig: Setting CVar [[r.EyeAdaptationQuality:2]]
[2021.05.09-09.59.55:280][  0]LogConfig: Setting CVar [[r.BloomQuality:5]]
[2021.05.09-09.59.55:280][  0]LogConfig: Setting CVar [[r.FastBlurThreshold:100]]
[2021.05.09-09.59.55:280][  0]LogConfig: Setting CVar [[r.Upscale.Quality:3]]
[2021.05.09-09.59.55:280][  0]LogConfig: Setting CVar [[r.Tonemapper.GrainQuantization:1]]
[2021.05.09-09.59.55:280][  0]LogConfig: Setting CVar [[r.LightShaftQuality:1]]
[2021.05.09-09.59.55:280][  0]LogConfig: Setting CVar [[r.Filter.SizeScale:1]]
[2021.05.09-09.59.55:280][  0]LogConfig: Setting CVar [[r.Tonemapper.Quality:5]]
[2021.05.09-09.59.55:280][  0]LogConfig: Setting CVar [[r.DOF.Gather.AccumulatorQuality:1        ; higher gathering accumulator quality]]
[2021.05.09-09.59.55:280][  0]LogConfig: Setting CVar [[r.DOF.Gather.PostfilterMethod:1          ; Median3x3 postfilering method]]
[2021.05.09-09.59.55:280][  0]LogConfig: Setting CVar [[r.DOF.Gather.EnableBokehSettings:0       ; no bokeh simulation when gathering]]
[2021.05.09-09.59.55:280][  0]LogConfig: Setting CVar [[r.DOF.Gather.RingCount:4                 ; medium number of samples when gathering]]
[2021.05.09-09.59.55:280][  0]LogConfig: Setting CVar [[r.DOF.Scatter.ForegroundCompositing:1    ; additive foreground scattering]]
[2021.05.09-09.59.55:280][  0]LogConfig: Setting CVar [[r.DOF.Scatter.BackgroundCompositing:2    ; additive background scattering]]
[2021.05.09-09.59.55:280][  0]LogConfig: Setting CVar [[r.DOF.Scatter.EnableBokehSettings:1      ; bokeh simulation when scattering]]
[2021.05.09-09.59.55:280][  0]LogConfig: Setting CVar [[r.DOF.Scatter.MaxSpriteRatio:0.1         ; only a maximum of 10% of scattered bokeh]]
[2021.05.09-09.59.55:280][  0]LogConfig: Setting CVar [[r.DOF.Recombine.Quality:1                ; cheap slight out of focus]]
[2021.05.09-09.59.55:280][  0]LogConfig: Setting CVar [[r.DOF.Recombine.EnableBokehSettings:0    ; no bokeh simulation on slight out of focus]]
[2021.05.09-09.59.55:280][  0]LogConfig: Setting CVar [[r.DOF.TemporalAAQuality:1                ; more stable temporal accumulation]]
[2021.05.09-09.59.55:280][  0]LogConfig: Setting CVar [[r.DOF.Kernel.MaxForegroundRadius:0.025]]
[2021.05.09-09.59.55:280][  0]LogConfig: Setting CVar [[r.DOF.Kernel.MaxBackgroundRadius:0.025]]
[2021.05.09-09.59.55:280][  0]LogConfig: Applying CVar settings from Section [TextureQuality@3] File [C:/Users/TEMP.DESKTOP-DV3H2OO/Documents/GitHub/OptiVideo/OpVideojuegos/DeepWoodland2/Saved/Config/Windows/Scalability.ini]
[2021.05.09-09.59.55:280][  0]LogConfig: Setting CVar [[r.Streaming.MipBias:0]]
[2021.05.09-09.59.55:280][  0]LogConfig: Setting CVar [[r.Streaming.AmortizeCPUToGPUCopy:0]]
[2021.05.09-09.59.55:280][  0]LogConfig: Setting CVar [[r.Streaming.MaxNumTexturesToStreamPerFrame:0]]
[2021.05.09-09.59.55:280][  0]LogConfig: Setting CVar [[r.Streaming.Boost:1]]
[2021.05.09-09.59.55:280][  0]LogConfig: Setting CVar [[r.MaxAnisotropy:8]]
[2021.05.09-09.59.55:280][  0]LogConfig: Setting CVar [[r.VT.MaxAnisotropy:8]]
[2021.05.09-09.59.55:280][  0]LogConfig: Setting CVar [[r.Streaming.LimitPoolSizeToVRAM:0]]
[2021.05.09-09.59.55:280][  0]LogConfig: Setting CVar [[r.Streaming.PoolSize:1000]]
[2021.05.09-09.59.55:280][  0]LogConfig: Setting CVar [[r.Streaming.MaxEffectiveScreenSize:0]]
[2021.05.09-09.59.55:280][  0]LogConfig: Applying CVar settings from Section [EffectsQuality@3] File [C:/Users/TEMP.DESKTOP-DV3H2OO/Documents/GitHub/OptiVideo/OpVideojuegos/DeepWoodland2/Saved/Config/Windows/Scalability.ini]
[2021.05.09-09.59.55:280][  0]LogConfig: Setting CVar [[r.TranslucencyLightingVolumeDim:64]]
[2021.05.09-09.59.55:280][  0]LogConfig: Setting CVar [[r.RefractionQuality:2]]
[2021.05.09-09.59.55:280][  0]LogConfig: Setting CVar [[r.SSR.Quality:3]]
[2021.05.09-09.59.55:280][  0]LogConfig: Setting CVar [[r.SSR.HalfResSceneColor:0]]
[2021.05.09-09.59.55:280][  0]LogConfig: Setting CVar [[r.SceneColorFormat:4]]
[2021.05.09-09.59.55:280][  0]LogConfig: Setting CVar [[r.DetailMode:2]]
[2021.05.09-09.59.55:280][  0]LogConfig: Setting CVar [[r.TranslucencyVolumeBlur:1]]
[2021.05.09-09.59.55:280][  0]LogConfig: Setting CVar [[r.MaterialQualityLevel:1 ; High quality]]
[2021.05.09-09.59.55:280][  0]LogConfig: Setting CVar [[r.SSS.Scale:1]]
[2021.05.09-09.59.55:280][  0]LogConfig: Setting CVar [[r.SSS.SampleSet:2]]
[2021.05.09-09.59.55:280][  0]LogConfig: Setting CVar [[r.SSS.Quality:1]]
[2021.05.09-09.59.55:280][  0]LogConfig: Setting CVar [[r.SSS.HalfRes:0]]
[2021.05.09-09.59.55:280][  0]LogConfig: Setting CVar [[r.SSGI.Quality:3]]
[2021.05.09-09.59.55:280][  0]LogConfig: Setting CVar [[r.EmitterSpawnRateScale:1.0]]
[2021.05.09-09.59.55:280][  0]LogConfig: Setting CVar [[r.ParticleLightQuality:2]]
[2021.05.09-09.59.55:280][  0]LogConfig: Setting CVar [[r.SkyAtmosphere.AerialPerspectiveLUT.FastApplyOnOpaque:1 ; Always have FastSkyLUT 1 in this case to avoid wrong sky]]
[2021.05.09-09.59.55:280][  0]LogConfig: Setting CVar [[r.SkyAtmosphere.AerialPerspectiveLUT.SampleCountPerSlice:1]]
[2021.05.09-09.59.55:280][  0]LogConfig: Setting CVar [[r.SkyAtmosphere.AerialPerspectiveLUT.DepthResolution:16.0]]
[2021.05.09-09.59.55:280][  0]LogConfig: Setting CVar [[r.SkyAtmosphere.FastSkyLUT:1]]
[2021.05.09-09.59.55:280][  0]LogConfig: Setting CVar [[r.SkyAtmosphere.FastSkyLUT.SampleCountMin:4.0]]
[2021.05.09-09.59.55:280][  0]LogConfig: Setting CVar [[r.SkyAtmosphere.FastSkyLUT.SampleCountMax:32.0]]
[2021.05.09-09.59.55:280][  0]LogConfig: Setting CVar [[r.SkyAtmosphere.SampleCountMin:4.0]]
[2021.05.09-09.59.55:280][  0]LogConfig: Setting CVar [[r.SkyAtmosphere.SampleCountMax:32.0]]
[2021.05.09-09.59.55:280][  0]LogConfig: Setting CVar [[r.SkyAtmosphere.TransmittanceLUT.UseSmallFormat:0]]
[2021.05.09-09.59.55:280][  0]LogConfig: Setting CVar [[r.SkyAtmosphere.TransmittanceLUT.SampleCount:10.0]]
[2021.05.09-09.59.55:280][  0]LogConfig: Setting CVar [[r.SkyAtmosphere.MultiScatteringLUT.SampleCount:15.0]]
[2021.05.09-09.59.55:280][  0]LogConfig: Applying CVar settings from Section [FoliageQuality@3] File [C:/Users/TEMP.DESKTOP-DV3H2OO/Documents/GitHub/OptiVideo/OpVideojuegos/DeepWoodland2/Saved/Config/Windows/Scalability.ini]
[2021.05.09-09.59.55:280][  0]LogConfig: Setting CVar [[foliage.DensityScale:1.0]]
[2021.05.09-09.59.55:280][  0]LogConfig: Setting CVar [[grass.DensityScale:1.0]]
[2021.05.09-09.59.55:280][  0]LogConfig: Applying CVar settings from Section [ShadingQuality@3] File [C:/Users/TEMP.DESKTOP-DV3H2OO/Documents/GitHub/OptiVideo/OpVideojuegos/DeepWoodland2/Saved/Config/Windows/Scalability.ini]
[2021.05.09-09.59.55:281][  0]LogConfig: Setting CVar [[r.HairStrands.SkyLighting.SampleCount:16]]
[2021.05.09-09.59.55:281][  0]LogConfig: Setting CVar [[r.HairStrands.SkyLighting.JitterIntegration:0]]
[2021.05.09-09.59.55:281][  0]LogConfig: Setting CVar [[r.HairStrands.SkyAO.SampleCount:16]]
[2021.05.09-09.59.55:281][  0]LogConfig: Setting CVar [[r.HairStrands.DeepShadow.SuperSampling:0]]
[2021.05.09-09.59.55:281][  0]LogConfig: Setting CVar [[r.HairStrands.VisibilityPPLL:0]]
[2021.05.09-09.59.55:281][  0]LogConfig: Setting CVar [[r.HairStrands.RasterizationScale:0.5]]
[2021.05.09-09.59.55:281][  0]LogConfig: Setting CVar [[r.HairStrands.VelocityRasterizationScale:1]]
[2021.05.09-09.59.55:281][  0]LogInit: Selected Device Profile: [Windows]
[2021.05.09-09.59.55:281][  0]LogInit: Applying CVar settings loaded from the selected device profile: [Windows]
[2021.05.09-09.59.55:281][  0]LogHAL: Display: Platform has ~ 16 GB [17058402304 / 17179869184 / 16], which maps to Larger [LargestMinGB=32, LargerMinGB=12, DefaultMinGB=8, SmallerMinGB=6, SmallestMinGB=0)
[2021.05.09-09.59.55:281][  0]LogInit: Going up to parent DeviceProfile []
[2021.05.09-09.59.55:281][  0]LogConfig: Applying CVar settings from Section [ViewDistanceQuality@0] File [C:/Users/TEMP.DESKTOP-DV3H2OO/Documents/GitHub/OptiVideo/OpVideojuegos/DeepWoodland2/Saved/Config/Windows/Scalability.ini]
[2021.05.09-09.59.55:281][  0]LogConfig: Setting CVar [[r.SkeletalMeshLODBias:2]]
[2021.05.09-09.59.55:281][  0]LogConfig: Setting CVar [[r.ViewDistanceScale:0.4]]
[2021.05.09-09.59.55:281][  0]LogConfig: Applying CVar settings from Section [AntiAliasingQuality@0] File [C:/Users/TEMP.DESKTOP-DV3H2OO/Documents/GitHub/OptiVideo/OpVideojuegos/DeepWoodland2/Saved/Config/Windows/Scalability.ini]
[2021.05.09-09.59.55:281][  0]LogConfig: Setting CVar [[r.PostProcessAAQuality:0]]
[2021.05.09-09.59.55:281][  0]LogConfig: Applying CVar settings from Section [ShadowQuality@0] File [C:/Users/TEMP.DESKTOP-DV3H2OO/Documents/GitHub/OptiVideo/OpVideojuegos/DeepWoodland2/Saved/Config/Windows/Scalability.ini]
[2021.05.09-09.59.55:281][  0]LogConfig: Setting CVar [[r.LightFunctionQuality:0]]
[2021.05.09-09.59.55:281][  0]LogConfig: Setting CVar [[r.ShadowQuality:0]]
[2021.05.09-09.59.55:281][  0]LogConfig: Setting CVar [[r.Shadow.CSM.MaxCascades:1]]
[2021.05.09-09.59.55:281][  0]LogConfig: Setting CVar [[r.Shadow.MaxResolution:512]]
[2021.05.09-09.59.55:281][  0]LogConfig: Setting CVar [[r.Shadow.MaxCSMResolution:512]]
[2021.05.09-09.59.55:281][  0]LogConfig: Setting CVar [[r.Shadow.RadiusThreshold:0.06]]
[2021.05.09-09.59.55:281][  0]LogConfig: Setting CVar [[r.Shadow.DistanceScale:0.6]]
[2021.05.09-09.59.55:281][  0]LogConfig: Setting CVar [[r.Shadow.CSM.TransitionScale:0]]
[2021.05.09-09.59.55:281][  0]LogConfig: Setting CVar [[r.Shadow.PreShadowResolutionFactor:0.5]]
[2021.05.09-09.59.55:281][  0]LogConfig: Setting CVar [[r.DistanceFieldShadowing:0]]
[2021.05.09-09.59.55:281][  0]LogConfig: Setting CVar [[r.DistanceFieldAO:0]]
[2021.05.09-09.59.55:281][  0]LogConfig: Setting CVar [[r.VolumetricFog:0]]
[2021.05.09-09.59.55:281][  0]LogConfig: Setting CVar [[r.LightMaxDrawDistanceScale:0]]
[2021.05.09-09.59.55:281][  0]LogConfig: Setting CVar [[r.CapsuleShadows:0]]
[2021.05.09-09.59.55:281][  0]LogConfig: Applying CVar settings from Section [PostProcessQuality@0] File [C:/Users/TEMP.DESKTOP-DV3H2OO/Documents/GitHub/OptiVideo/OpVideojuegos/DeepWoodland2/Saved/Config/Windows/Scalability.ini]
[2021.05.09-09.59.55:281][  0]LogConfig: Setting CVar [[r.MotionBlurQuality:0]]
[2021.05.09-09.59.55:281][  0]LogConfig: Setting CVar [[r.AmbientOcclusionMipLevelFactor:1.0]]
[2021.05.09-09.59.55:281][  0]LogConfig: Setting CVar [[r.AmbientOcclusionMaxQuality:0]]
[2021.05.09-09.59.55:281][  0]LogConfig: Setting CVar [[r.AmbientOcclusionLevels:0]]
[2021.05.09-09.59.55:281][  0]LogConfig: Setting CVar [[r.AmbientOcclusionRadiusScale:1.2]]
[2021.05.09-09.59.55:281][  0]LogConfig: Setting CVar [[r.DepthOfFieldQuality:0]]
[2021.05.09-09.59.55:281][  0]LogConfig: Setting CVar [[r.RenderTargetPoolMin:300]]
[2021.05.09-09.59.55:281][  0]LogConfig: Setting CVar [[r.LensFlareQuality:0]]
[2021.05.09-09.59.55:281][  0]LogConfig: Setting CVar [[r.SceneColorFringeQuality:0]]
[2021.05.09-09.59.55:281][  0]LogConfig: Setting CVar [[r.EyeAdaptationQuality:0]]
[2021.05.09-09.59.55:281][  0]LogConfig: Setting CVar [[r.BloomQuality:4]]
[2021.05.09-09.59.55:281][  0]LogConfig: Setting CVar [[r.FastBlurThreshold:0]]
[2021.05.09-09.59.55:281][  0]LogConfig: Setting CVar [[r.Upscale.Quality:1]]
[2021.05.09-09.59.55:281][  0]LogConfig: Setting CVar [[r.Tonemapper.GrainQuantization:0]]
[2021.05.09-09.59.55:281][  0]LogConfig: Setting CVar [[r.LightShaftQuality:0]]
[2021.05.09-09.59.55:281][  0]LogConfig: Setting CVar [[r.Filter.SizeScale:0.6]]
[2021.05.09-09.59.55:281][  0]LogConfig: Setting CVar [[r.Tonemapper.Quality:0]]
[2021.05.09-09.59.55:281][  0]LogConfig: Applying CVar settings from Section [TextureQuality@0] File [C:/Users/TEMP.DESKTOP-DV3H2OO/Documents/GitHub/OptiVideo/OpVideojuegos/DeepWoodland2/Saved/Config/Windows/Scalability.ini]
[2021.05.09-09.59.55:281][  0]LogConfig: Setting CVar [[r.Streaming.MipBias:16]]
[2021.05.09-09.59.55:281][  0]LogConfig: Setting CVar [[r.Streaming.AmortizeCPUToGPUCopy:1]]
[2021.05.09-09.59.55:281][  0]LogConfig: Setting CVar [[r.Streaming.MaxNumTexturesToStreamPerFrame:1]]
[2021.05.09-09.59.55:281][  0]LogConfig: Setting CVar [[r.Streaming.Boost:0.3]]
[2021.05.09-09.59.55:281][  0]LogConfig: Setting CVar [[r.MaxAnisotropy:0]]
[2021.05.09-09.59.55:281][  0]LogConfig: Setting CVar [[r.VT.MaxAnisotropy:4]]
[2021.05.09-09.59.55:281][  0]LogConfig: Setting CVar [[r.Streaming.LimitPoolSizeToVRAM:1]]
[2021.05.09-09.59.55:281][  0]LogConfig: Setting CVar [[r.Streaming.PoolSize:400]]
[2021.05.09-09.59.55:281][  0]LogConfig: Setting CVar [[r.Streaming.MaxEffectiveScreenSize:0]]
[2021.05.09-09.59.55:281][  0]LogConfig: Applying CVar settings from Section [EffectsQuality@0] File [C:/Users/TEMP.DESKTOP-DV3H2OO/Documents/GitHub/OptiVideo/OpVideojuegos/DeepWoodland2/Saved/Config/Windows/Scalability.ini]
[2021.05.09-09.59.55:281][  0]LogConfig: Setting CVar [[r.TranslucencyLightingVolumeDim:24]]
[2021.05.09-09.59.55:281][  0]LogConfig: Setting CVar [[r.RefractionQuality:0]]
[2021.05.09-09.59.55:281][  0]LogConfig: Setting CVar [[r.SSR.Quality:0]]
[2021.05.09-09.59.55:281][  0]LogConfig: Setting CVar [[r.SSR.HalfResSceneColor:1]]
[2021.05.09-09.59.55:281][  0]LogConfig: Setting CVar [[r.SceneColorFormat:3]]
[2021.05.09-09.59.55:281][  0]LogConfig: Setting CVar [[r.DetailMode:0]]
[2021.05.09-09.59.55:281][  0]LogConfig: Setting CVar [[r.TranslucencyVolumeBlur:0]]
[2021.05.09-09.59.55:281][  0]LogConfig: Setting CVar [[r.MaterialQualityLevel:0 ; Low quality]]
[2021.05.09-09.59.55:282][  0]LogConfig: Setting CVar [[r.SSS.Scale:0]]
[2021.05.09-09.59.55:282][  0]LogConfig: Setting CVar [[r.SSS.SampleSet:0]]
[2021.05.09-09.59.55:282][  0]LogConfig: Setting CVar [[r.SSS.Quality:0]]
[2021.05.09-09.59.55:282][  0]LogConfig: Setting CVar [[r.SSS.HalfRes:1]]
[2021.05.09-09.59.55:282][  0]LogConfig: Setting CVar [[r.SSGI.Quality:0]]
[2021.05.09-09.59.55:282][  0]LogConfig: Setting CVar [[r.EmitterSpawnRateScale:0.125]]
[2021.05.09-09.59.55:282][  0]LogConfig: Setting CVar [[r.ParticleLightQuality:0]]
[2021.05.09-09.59.55:282][  0]LogConfig: Setting CVar [[r.SkyAtmosphere.AerialPerspectiveLUT.FastApplyOnOpaque:1 ; Always have FastSkyLUT 1 in this case to avoid wrong sky]]
[2021.05.09-09.59.55:282][  0]LogConfig: Setting CVar [[r.SkyAtmosphere.AerialPerspectiveLUT.SampleCountPerSlice:1]]
[2021.05.09-09.59.55:282][  0]LogConfig: Setting CVar [[r.SkyAtmosphere.AerialPerspectiveLUT.DepthResolution:8.0]]
[2021.05.09-09.59.55:282][  0]LogConfig: Setting CVar [[r.SkyAtmosphere.FastSkyLUT:1]]
[2021.05.09-09.59.55:282][  0]LogConfig: Setting CVar [[r.SkyAtmosphere.FastSkyLUT.SampleCountMin:2.0]]
[2021.05.09-09.59.55:282][  0]LogConfig: Setting CVar [[r.SkyAtmosphere.FastSkyLUT.SampleCountMax:16.0]]
[2021.05.09-09.59.55:282][  0]LogConfig: Setting CVar [[r.SkyAtmosphere.SampleCountMin:2.0]]
[2021.05.09-09.59.55:282][  0]LogConfig: Setting CVar [[r.SkyAtmosphere.SampleCountMax:16.0]]
[2021.05.09-09.59.55:282][  0]LogConfig: Setting CVar [[r.SkyAtmosphere.TransmittanceLUT.UseSmallFormat:1]]
[2021.05.09-09.59.55:282][  0]LogConfig: Setting CVar [[r.SkyAtmosphere.TransmittanceLUT.SampleCount:10.0]]
[2021.05.09-09.59.55:282][  0]LogConfig: Setting CVar [[r.SkyAtmosphere.MultiScatteringLUT.SampleCount:15.0]]
[2021.05.09-09.59.55:282][  0]LogConfig: Applying CVar settings from Section [FoliageQuality@0] File [C:/Users/TEMP.DESKTOP-DV3H2OO/Documents/GitHub/OptiVideo/OpVideojuegos/DeepWoodland2/Saved/Config/Windows/Scalability.ini]
[2021.05.09-09.59.55:282][  0]LogConfig: Setting CVar [[foliage.DensityScale:0]]
[2021.05.09-09.59.55:282][  0]LogConfig: Setting CVar [[grass.DensityScale:0]]
[2021.05.09-09.59.55:282][  0]LogConfig: Applying CVar settings from Section [ShadingQuality@0] File [C:/Users/TEMP.DESKTOP-DV3H2OO/Documents/GitHub/OptiVideo/OpVideojuegos/DeepWoodland2/Saved/Config/Windows/Scalability.ini]
[2021.05.09-09.59.55:282][  0]LogConfig: Setting CVar [[r.HairStrands.SkyLighting.SampleCount:8]]
[2021.05.09-09.59.55:282][  0]LogConfig: Setting CVar [[r.HairStrands.SkyLighting.JitterIntegration:0]]
[2021.05.09-09.59.55:282][  0]LogConfig: Setting CVar [[r.HairStrands.SkyAO.SampleCount:8]]
[2021.05.09-09.59.55:282][  0]LogConfig: Setting CVar [[r.HairStrands.DeepShadow.SuperSampling:0]]
[2021.05.09-09.59.55:282][  0]LogConfig: Setting CVar [[r.HairStrands.VisibilityPPLL:0]]
[2021.05.09-09.59.55:282][  0]LogConfig: Setting CVar [[r.HairStrands.RasterizationScale:0.5]]
[2021.05.09-09.59.55:282][  0]LogConfig: Setting CVar [[r.HairStrands.VelocityRasterizationScale:1]]
[2021.05.09-09.59.55:282][  0]LogConfig: Applying CVar settings from Section [Startup] File [../../../Engine/Config/ConsoleVariables.ini]
[2021.05.09-09.59.55:283][  0]LogConfig: Setting CVar [[net.UseAdaptiveNetUpdateFrequency:0]]
[2021.05.09-09.59.55:283][  0]LogConfig: Setting CVar [[p.chaos.AllowCreatePhysxBodies:1]]
[2021.05.09-09.59.55:283][  0]LogConfig: Setting CVar [[fx.SkipVectorVMBackendOptimizations:1]]
[2021.05.09-09.59.55:283][  0]LogConfig: Applying CVar settings from Section [ConsoleVariables] File [C:/Users/TEMP.DESKTOP-DV3H2OO/Documents/GitHub/OptiVideo/OpVideojuegos/DeepWoodland2/Saved/Config/Windows/Engine.ini]
[2021.05.09-09.59.55:283][  0]LogInit: Computer: DESKTOP-DV3H2OO
[2021.05.09-09.59.55:283][  0]LogInit: User: AlexBazaldua
[2021.05.09-09.59.55:283][  0]LogInit: CPU Page size=4096, Cores=4
[2021.05.09-09.59.55:283][  0]LogInit: High frequency timer resolution =10.000000 MHz
[2021.05.09-09.59.55:283][  0]LogMemory: Memory total: Physical=15.9GB (16GB approx)
[2021.05.09-09.59.55:283][  0]LogMemory: Platform Memory Stats for Windows
[2021.05.09-09.59.55:283][  0]LogMemory: Process Physical Memory: 116.01 MB used, 116.01 MB peak
[2021.05.09-09.59.55:283][  0]LogMemory: Process Virtual Memory: 112.64 MB used, 112.64 MB peak
[2021.05.09-09.59.55:283][  0]LogMemory: Physical Memory: 5412.46 MB used,  10855.70 MB free, 16268.16 MB total
[2021.05.09-09.59.55:283][  0]LogMemory: Virtual Memory: 5146.75 MB used,  134212584.00 MB free, 134217728.00 MB total
[2021.05.09-09.59.55:288][  0]LogWindows: WindowsPlatformFeatures enabled
[2021.05.09-09.59.55:341][  0]LogInit: Physics initialised using underlying interface: PhysX
[2021.05.09-09.59.55:344][  0]LogInit: Using OS detected language (en-US).
[2021.05.09-09.59.55:344][  0]LogInit: Using OS detected locale (en-US).
[2021.05.09-09.59.55:351][  0]LogTextLocalizationManager: No specific localization for 'en-US' exists, so the 'en' localization will be used.
[2021.05.09-09.59.55:537][  0]LogInit: Setting process to per monitor DPI aware
[2021.05.09-09.59.55:570][  0]LogSlate: New Slate User Created.  User Index 0, Is Virtual User: 0
[2021.05.09-09.59.55:570][  0]LogSlate: Slate User Registered.  User Index 0, Is Virtual User: 0
[2021.05.09-09.59.55:751][  0]LogHMD: Failed to initialize OpenVR with code 110
[2021.05.09-09.59.55:751][  0]LogD3D11RHI: D3D11 min allowed feature level: 11_0
[2021.05.09-09.59.55:751][  0]LogD3D11RHI: D3D11 max allowed feature level: 11_0
[2021.05.09-09.59.55:751][  0]LogD3D11RHI: D3D11 adapters:
[2021.05.09-09.59.55:967][  0]LogD3D11RHI:    0. 'Intel(R) HD Graphics 630' (Feature Level 11_0)
[2021.05.09-09.59.55:967][  0]LogD3D11RHI:       128/0/8134 MB DedicatedVideo/DedicatedSystem/SharedSystem, Outputs:1, VendorId:0x8086
[2021.05.09-09.59.55:969][  0]LogD3D11RHI:    1. 'Microsoft Basic Render Driver' (Feature Level 11_0)
[2021.05.09-09.59.55:969][  0]LogD3D11RHI:       0/0/8134 MB DedicatedVideo/DedicatedSystem/SharedSystem, Outputs:0, VendorId:0x1414
[2021.05.09-09.59.55:969][  0]LogD3D11RHI: Chosen D3D11 Adapter: 0
[2021.05.09-09.59.55:975][  0]LogD3D11RHI: Creating new Direct3DDevice
[2021.05.09-09.59.55:975][  0]LogD3D11RHI:     GPU DeviceId: 0x591b (for the marketing name, search the web for "GPU Device Id")
[2021.05.09-09.59.55:975][  0]LogWindows: EnumDisplayDevices:
[2021.05.09-09.59.55:975][  0]LogWindows:    0. 'Intel(R) HD Graphics 630' (P:1 D:1)
[2021.05.09-09.59.55:976][  0]LogWindows:    1. 'Intel(R) HD Graphics 630' (P:0 D:0)
[2021.05.09-09.59.55:976][  0]LogWindows:    2. 'Intel(R) HD Graphics 630' (P:0 D:0)
[2021.05.09-09.59.55:976][  0]LogWindows: DebugString: FoundDriverCount:3 
[2021.05.09-09.59.55:976][  0]LogD3D11RHI:     Adapter Name: Intel(R) HD Graphics 630
[2021.05.09-09.59.55:976][  0]LogD3D11RHI:   Driver Version: 23.20.16.4973 (internal:23.20.16.4973, unified:23.20.16.4973)
[2021.05.09-09.59.55:976][  0]LogD3D11RHI:      Driver Date: 2-28-2018
[2021.05.09-09.59.55:976][  0]LogRHI: Texture pool is 1523 MB (70% of 2176 MB)
[2021.05.09-09.59.56:172][  0]LogD3D11RHI: RHI does not have support for 64 bit atomics
[2021.05.09-09.59.56:172][  0]LogD3D11RHI: Async texture creation enabled
[2021.05.09-09.59.56:172][  0]LogD3D11RHI: Array index from any shader is supported
[2021.05.09-09.59.56:180][  0]LogD3D11RHI: GPU Timing Frequency: 12.000048 (Debug: 2 0)
[2021.05.09-09.59.56:592][  0]LogTargetPlatformManager: Display: Loaded TargetPlatform 'AllDesktop'
[2021.05.09-09.59.56:618][  0]LogTargetPlatformManager: Display: Loaded TargetPlatform 'Android'
[2021.05.09-09.59.56:618][  0]LogTargetPlatformManager: Display: Loaded TargetPlatform 'Android_ASTC'
[2021.05.09-09.59.56:618][  0]LogTargetPlatformManager: Display: Loaded TargetPlatform 'Android_DXT'
[2021.05.09-09.59.56:618][  0]LogTargetPlatformManager: Display: Loaded TargetPlatform 'Android_ETC2'
[2021.05.09-09.59.56:618][  0]LogTargetPlatformManager: Display: Loaded TargetPlatform 'AndroidClient'
[2021.05.09-09.59.56:618][  0]LogTargetPlatformManager: Display: Loaded TargetPlatform 'Android_ASTCClient'
[2021.05.09-09.59.56:618][  0]LogTargetPlatformManager: Display: Loaded TargetPlatform 'Android_DXTClient'
[2021.05.09-09.59.56:618][  0]LogTargetPlatformManager: Display: Loaded TargetPlatform 'Android_ETC2Client'
[2021.05.09-09.59.56:618][  0]LogTargetPlatformManager: Display: Loaded TargetPlatform 'Android_Multi'
[2021.05.09-09.59.56:618][  0]LogTargetPlatformManager: Display: Loaded TargetPlatform 'Android_MultiClient'
[2021.05.09-09.59.56:648][  0]LogTargetPlatformManager: Display: Loaded TargetPlatform 'IOSClient'
[2021.05.09-09.59.56:648][  0]LogTargetPlatformManager: Display: Loaded TargetPlatform 'IOS'
[2021.05.09-09.59.56:661][  0]LogTargetPlatformManager: Display: Loaded TargetPlatform 'Linux'
[2021.05.09-09.59.56:671][  0]LogTargetPlatformManager: Display: Loaded TargetPlatform 'LinuxNoEditor'
[2021.05.09-09.59.56:683][  0]LogTargetPlatformManager: Display: Loaded TargetPlatform 'LinuxClient'
[2021.05.09-09.59.56:694][  0]LogTargetPlatformManager: Display: Loaded TargetPlatform 'LinuxServer'
[2021.05.09-09.59.56:706][  0]LogTargetPlatformManager: Display: Loaded TargetPlatform 'LinuxAArch64NoEditor'
[2021.05.09-09.59.56:716][  0]LogTargetPlatformManager: Display: Loaded TargetPlatform 'LinuxAArch64Client'
[2021.05.09-09.59.56:727][  0]LogTargetPlatformManager: Display: Loaded TargetPlatform 'LinuxAArch64Server'
[2021.05.09-09.59.56:762][  0]LogTargetPlatformManager: Display: Loaded TargetPlatform 'Lumin'
[2021.05.09-09.59.56:762][  0]LogTargetPlatformManager: Display: Loaded TargetPlatform 'LuminClient'
[2021.05.09-09.59.56:782][  0]LogTargetPlatformManager: Display: Loaded TargetPlatform 'TVOSClient'
[2021.05.09-09.59.56:782][  0]LogTargetPlatformManager: Display: Loaded TargetPlatform 'TVOS'
[2021.05.09-09.59.56:792][  0]LogTargetPlatformManager: Display: Loaded TargetPlatform 'WindowsNoEditor'
[2021.05.09-09.59.56:806][  0]LogTargetPlatformManager: Display: Loaded TargetPlatform 'Windows'
[2021.05.09-09.59.56:818][  0]LogTargetPlatformManager: Display: Loaded TargetPlatform 'WindowsClient'
[2021.05.09-09.59.56:829][  0]LogTargetPlatformManager: Display: Loaded TargetPlatform 'WindowsServer'
[2021.05.09-09.59.56:829][  0]LogTargetPlatformManager: Display: Building Assets For Windows
[2021.05.09-09.59.56:838][  0]LogAudioDebug: Display: Lib vorbis DLL was dynamically loaded.
[2021.05.09-09.59.56:905][  0]LogShaderCompilers: Guid format shader working directory is -39 characters bigger than the processId version (../../../../../../Users/TEMP.DESKTOP-DV3H2OO/Documents/GitHub/OptiVideo/OpVideojuegos/DeepWoodland2/Intermediate/Shaders/WorkingDirectory/11280/).
[2021.05.09-09.59.56:913][  0]LogShaderCompilers: Cleaned the shader compiler working directory 'C:/Users/TEMP.DESKTOP-DV3H2OO/AppData/Local/Temp/UnrealShaderWorkingDir/088F70C84DD1C1C211BCA3AC055598F1/'.
[2021.05.09-09.59.56:913][  0]LogXGEController: Cleaning working directory: C:/Users/TEMP.DESKTOP-DV3H2OO/AppData/Local/Temp/UnrealXGEWorkingDir/
[2021.05.09-09.59.56:913][  0]LogXGEController: Cannot use XGE Controller as Incredibuild is not installed on this machine.
[2021.05.09-09.59.56:913][  0]LogShaderCompilers: Cannot use XGE Shader Compiler as Incredibuild is not installed on this machine.
[2021.05.09-09.59.56:914][  0]LogShaderCompilers: Display: Using Local Shader Compiler.
[2021.05.09-09.59.57:745][  0]LogDerivedDataCache: Display: Max Cache Size: 512 MB
[2021.05.09-09.59.57:801][  0]LogDerivedDataCache: Loaded boot cache 0.06s 76MB C:/Users/TEMP.DESKTOP-DV3H2OO/AppData/Local/UnrealEngine/4.25/DerivedDataCache/Boot.ddc.
[2021.05.09-09.59.57:801][  0]LogDerivedDataCache: Display: Loaded Boot cache: C:/Users/TEMP.DESKTOP-DV3H2OO/AppData/Local/UnrealEngine/4.25/DerivedDataCache/Boot.ddc
[2021.05.09-09.59.57:801][  0]LogDerivedDataCache: FDerivedDataBackendGraph:  Pak pak cache file ../../../../../../Users/TEMP.DESKTOP-DV3H2OO/Documents/GitHub/OptiVideo/OpVideojuegos/DeepWoodland2/DerivedDataCache/DDC.ddp not found, will not use a pak cache.
[2021.05.09-09.59.57:801][  0]LogDerivedDataCache: Unable to find inner node Pak for hierarchical cache Hierarchy.
[2021.05.09-09.59.57:801][  0]LogDerivedDataCache: FDerivedDataBackendGraph:  CompressedPak pak cache file ../../../../../../Users/TEMP.DESKTOP-DV3H2OO/Documents/GitHub/OptiVideo/OpVideojuegos/DeepWoodland2/DerivedDataCache/Compressed.ddp not found, will not use a pak cache.
[2021.05.09-09.59.57:801][  0]LogDerivedDataCache: Unable to find inner node CompressedPak for hierarchical cache Hierarchy.
[2021.05.09-09.59.57:812][  0]LogDerivedDataCache: Display: Pak cache opened for reading ../../../Engine/DerivedDataCache/Compressed.ddp.
[2021.05.09-09.59.57:813][  0]LogDerivedDataCache: FDerivedDataBackendGraph:  EnterprisePak pak cache file ../../../Enterprise/DerivedDataCache/Compressed.ddp not found, will not use a pak cache.
[2021.05.09-09.59.57:813][  0]LogDerivedDataCache: Unable to find inner node EnterprisePak for hierarchical cache Hierarchy.
[2021.05.09-09.59.57:814][  0]LogDerivedDataCache: Using Local data cache path C:/Users/TEMP.DESKTOP-DV3H2OO/AppData/Local/UnrealEngine/Common/DerivedDataCache: Writable
[2021.05.09-09.59.57:814][  0]LogDerivedDataCache: Shared data cache path not found in *engine.ini, will not use an Shared cache.
[2021.05.09-09.59.57:814][  0]LogDerivedDataCache: Unable to find inner node Shared for hierarchical cache Hierarchy.
[2021.05.09-09.59.57:872][  0]LogSlate: Using FreeType 2.10.0
[2021.05.09-09.59.57:873][  0]LogSlate: SlateFontServices - WITH_FREETYPE: 1, WITH_HARFBUZZ: 1
[2021.05.09-09.59.57:907][  0]LogAssetRegistry: FAssetRegistry took 0.0031 seconds to start up
[2021.05.09-09.59.58:146][  0]LogInit: Selected Device Profile: [Windows]
[2021.05.09-09.59.58:266][  0]LogMeshReduction: Using QuadricMeshReduction for automatic static mesh reduction
[2021.05.09-09.59.58:266][  0]LogMeshReduction: Using SimplygonMeshReduction for automatic skeletal mesh reduction
[2021.05.09-09.59.58:267][  0]LogMeshReduction: Using ProxyLODMeshReduction for automatic mesh merging
[2021.05.09-09.59.58:267][  0]LogMeshReduction: No distributed automatic mesh merging module available
[2021.05.09-09.59.58:267][  0]LogMeshMerging: No distributed automatic mesh merging module available
[2021.05.09-09.59.58:282][  0]LogNetVersion: DeepWoodland2 1.0.0, NetCL: 13144385, EngineNetVer: 14, GameNetVer: 0 (Checksum: 1524458531)
[2021.05.09-09.59.58:770][  0]LogAISub: UAISubsystem::UAISubsystem AISubsystem (000001674EABDBC0), frame # 0
[2021.05.09-09.59.58:770][  0]LogAISub: UAISubsystem::UAISubsystem AIPerceptionSystem (000001674FA12AC0), frame # 0
[2021.05.09-09.59.58:772][  0]LogAISub: UAISubsystem::UAISubsystem EnvQueryManager (000001674EA4E000), frame # 0
[2021.05.09-09.59.58:835][  0]LogPackageLocalizationCache: Processed 19 localized package path(s) for 1 prioritized culture(s) in 0.056362 seconds
[2021.05.09-09.59.58:840][  0]LogUObjectArray: 15917 objects as part of root set at end of initial load.
[2021.05.09-09.59.58:840][  0]LogUObjectAllocator: 3965568 out of 0 bytes used by permanent object pool.
[2021.05.09-09.59.58:840][  0]LogUObjectArray: CloseDisregardForGC: 0/0 objects in disregard for GC pool
[2021.05.09-09.59.59:204][  0]LogTcpMessaging: Initializing TcpMessaging bridge
[2021.05.09-09.59.59:209][  0]LogUdpMessaging: Initializing bridge on interface 0.0.0.0:0 to multicast group 230.0.0.1:6666.
[2021.05.09-09.59.59:316][  0]SourceControl: Source control is disabled
[2021.05.09-09.59.59:316][  0]SourceControl: Source control is disabled
[2021.05.09-09.59.59:320][  0]SourceControl: Source control is disabled
[2021.05.09-09.59.59:323][  0]SourceControl: Source control is disabled
[2021.05.09-09.59.59:331][  0]SourceControl: Source control is disabled
[2021.05.09-09.59.59:594][  0]LogAndroidPermission: UAndroidPermissionCallbackProxy::GetInstance
[2021.05.09-09.59.59:614][  0]LogAudioCaptureCore: Display: No Audio Capture implementations found. Audio input will be silent.
[2021.05.09-09.59.59:614][  0]LogAudioCaptureCore: Display: No Audio Capture implementations found. Audio input will be silent.
[2021.05.09-09.59.59:666][  0]LogOcInput: OculusInput pre-init called
[2021.05.09-09.59.59:679][  0]LogWindows: Failed to load 'OVRPlugin.dll' (GetLastError=126)
[2021.05.09-09.59.59:679][  0]LogWindows: File 'OVRPlugin.dll' does not exist
[2021.05.09-09.59.59:741][  0]LogEngine: Initializing Engine...
[2021.05.09-09.59.59:743][  0]LogHMD: Failed to initialize OpenVR with code 110
[2021.05.09-09.59.59:743][  0]LogMagicLeap: Warning: VR disabled because ZI is not enabled.  To enable, in the editor, Edit -> Project Settings -> Plugins -> Magic Leap Plugin -> Enable Zero Iteration
[2021.05.09-09.59.59:744][  0]LogStats: UGameplayTagsManager::InitializeManager -  0.000 s
[2021.05.09-09.59.59:872][  0]LogInit: Initializing FReadOnlyCVARCache
[2021.05.09-09.59.59:882][  0]LogAIModule: Creating AISystem for world Untitled
[2021.05.09-09.59.59:882][  0]LogAISub: UAISubsystem::UAISubsystem EnvQueryManager (00000167536D7C00), frame # 0
[2021.05.09-09.59.59:882][  0]LogAISub: UAISubsystem::UAISubsystem AIPerceptionSystem (0000016753722FC0), frame # 0
[2021.05.09-09.59.59:918][  0]LogAudioMixer: Display: Audio Mixer Platform Settings:
[2021.05.09-09.59.59:918][  0]LogAudioMixer: Display: 	Sample Rate:						  48000
[2021.05.09-09.59.59:918][  0]LogAudioMixer: Display: 	Callback Buffer Frame Size Requested: 1024
[2021.05.09-09.59.59:918][  0]LogAudioMixer: Display: 	Callback Buffer Frame Size To Use:	  1024
[2021.05.09-09.59.59:918][  0]LogAudioMixer: Display: 	Number of buffers to queue:			  2
[2021.05.09-09.59.59:918][  0]LogAudioMixer: Display: 	Max Channels (voices):				  32
[2021.05.09-09.59.59:918][  0]LogAudioMixer: Display: 	Number of Async Source Workers:		  0
[2021.05.09-09.59.59:918][  0]LogAudio: Display: AudioDevice MaxSources: 32
[2021.05.09-09.59.59:919][  0]LogAudio: Display: Using built-in audio occlusion.
[2021.05.09-09.59.59:919][  0]LogAudioMixer: Display: Initializing audio mixer.
[2021.05.09-09.59.59:934][  0]LogAudioMixer: Display: 0: FrontLeft
[2021.05.09-09.59.59:934][  0]LogAudioMixer: Display: 1: FrontRight
[2021.05.09-10.00.00:408][  0]LogAudioMixer: Display: Using Audio Device Speakers (Realtek High Definition Audio)
[2021.05.09-10.00.00:411][  0]LogAudioMixer: Display: Initializing Sound Submixes...
[2021.05.09-10.00.00:414][  0]LogAudioMixer: Display: Creating Master Submix 'MasterSubmixDefault'
[2021.05.09-10.00.00:414][  0]LogAudioMixer: Display: Creating Master Submix 'MasterReverbSubmixDefault'
[2021.05.09-10.00.00:415][  0]LogAudioMixer: Display: Creating Master Submix 'MasterEQSubmixDefault'
[2021.05.09-10.00.00:416][  0]LogInit: FAudioDevice initialized.
[2021.05.09-10.00.00:417][  0]LogNetVersion: Set ProjectVersion to 1.0.0.0. Version Checksum will be recalculated on next use.
[2021.05.09-10.00.10:292][  0]LogDerivedDataCache: Saved boot cache 9.88s 76MB C:/Users/TEMP.DESKTOP-DV3H2OO/AppData/Local/UnrealEngine/4.25/DerivedDataCache/Boot.ddc.
[2021.05.09-10.00.10:293][  0]LogInit: Texture streaming: Enabled
[2021.05.09-10.00.10:331][  0]LogEngineSessionManager: EngineSessionManager initialized
[2021.05.09-10.00.10:331][  0]LogEditorSessionSummary: Verbose: Initializing EditorSessionSummaryWriter for editor session tracking
[2021.05.09-10.00.10:335][  0]LogEditorSessionSummary: EditorSessionSummaryWriter initialized
[2021.05.09-10.00.10:406][  0]LogInit: Transaction tracking system initialized
[2021.05.09-10.00.10:430][  0]BlueprintLog: New page: Editor Load
[2021.05.09-10.00.10:506][  0]LocalizationService: Localization service is disabled
[2021.05.09-10.00.10:881][  0]LogCook: Display: Max memory allowance for cook 16384mb min free memory 0mb
[2021.05.09-10.00.10:881][  0]LogCook: Display: Mobile HDR setting 1
[2021.05.09-10.00.11:022][  0]LogFileCache: Scanning file cache for directory 'C:/Users/TEMP.DESKTOP-DV3H2OO/Documents/GitHub/OptiVideo/OpVideojuegos/DeepWoodland2/Content/' took 0.02s
[2021.05.09-10.00.11:271][  0]SourceControl: Source control is disabled
[2021.05.09-10.00.11:271][  0]LogUnrealEdMisc: Loading editor; pre map load, took 18.380
[2021.05.09-10.00.11:272][  0]LightingResults: New page: Lighting Build
[2021.05.09-10.00.11:273][  0]LogWorld: UWorld::CleanupWorld for Untitled, bSessionEnded=true, bCleanupResources=true
[2021.05.09-10.00.11:273][  0]LogSlate: InvalidateAllWidgets triggered.  All widgets were invalidated
[2021.05.09-10.00.11:273][  0]MapCheck: New page: Map Check
[2021.05.09-10.00.11:273][  0]LightingResults: New page: Lighting Build
[2021.05.09-10.00.11:282][  0]LogAISub: UAISubsystem::~UAISubsystem EnvQueryManager (00000167536D7C00), frame # 0
[2021.05.09-10.00.11:282][  0]LogAISub: UAISubsystem::~UAISubsystem AIPerceptionSystem (0000016753722FC0), frame # 0
[2021.05.09-10.00.11:283][  0]LogUObjectHash: Compacting FUObjectHashTables data took   0.70ms
[2021.05.09-10.00.12:019][  0]LogLinker: Warning: While loading '../../../../../../Users/TEMP.DESKTOP-DV3H2OO/Documents/GitHub/OptiVideo/OpVideojuegos/DeepWoodland2/Content/Materiales/M_terreno_Inst.uasset' failed to load '/Game/Texturas/vbwpdg0o_8K_Albedo': Can't find file.
[2021.05.09-10.00.12:019][  0]LogLinker: Warning: While loading '../../../../../../Users/TEMP.DESKTOP-DV3H2OO/Documents/GitHub/OptiVideo/OpVideojuegos/DeepWoodland2/Content/Materiales/M_terreno_Inst.uasset' failed to load '/Game/Texturas/vbwpdg0o_8K_Albedo': Can't find file.
[2021.05.09-10.00.12:019][  0]LogLinker: Warning: While loading '../../../../../../Users/TEMP.DESKTOP-DV3H2OO/Documents/GitHub/OptiVideo/OpVideojuegos/DeepWoodland2/Content/Materiales/M_terreno_Inst.uasset' failed to load '/Game/Texturas/vbwpdg0o_8K_Normal': Can't find file.
[2021.05.09-10.00.12:019][  0]LogLinker: Warning: While loading '../../../../../../Users/TEMP.DESKTOP-DV3H2OO/Documents/GitHub/OptiVideo/OpVideojuegos/DeepWoodland2/Content/Materiales/M_terreno_Inst.uasset' failed to load '/Game/Texturas/vbwpdg0o_8K_Normal': Can't find file.
[2021.05.09-10.00.12:020][  0]LogLinker: Warning: While loading '../../../../../../Users/TEMP.DESKTOP-DV3H2OO/Documents/GitHub/OptiVideo/OpVideojuegos/DeepWoodland2/Content/Materiales/M_terreno_Inst.uasset' failed to load '/Game/Texturas/vbwpdg0o_8K_Roughness': Can't find file.
[2021.05.09-10.00.12:020][  0]LogLinker: Warning: While loading '../../../../../../Users/TEMP.DESKTOP-DV3H2OO/Documents/GitHub/OptiVideo/OpVideojuegos/DeepWoodland2/Content/Materiales/M_terreno_Inst.uasset' failed to load '/Game/Texturas/vbwpdg0o_8K_Roughness': Can't find file.
[2021.05.09-10.00.12:020][  0]LogLinker: Warning: While loading '../../../../../../Users/TEMP.DESKTOP-DV3H2OO/Documents/GitHub/OptiVideo/OpVideojuegos/DeepWoodland2/Content/Materiales/M_terreno_Inst.uasset' failed to load '/Game/Texturas/vbwpdg0o_8K_Albedo': Can't find file.
[2021.05.09-10.00.12:020][  0]LogLinker: Warning: While loading '../../../../../../Users/TEMP.DESKTOP-DV3H2OO/Documents/GitHub/OptiVideo/OpVideojuegos/DeepWoodland2/Content/Materiales/M_terreno_Inst.uasset' failed to load '/Game/Texturas/vbwpdg0o_8K_Albedo': Can't find file.
[2021.05.09-10.00.12:021][  0]LogLinker: Warning: While loading '../../../../../../Users/TEMP.DESKTOP-DV3H2OO/Documents/GitHub/OptiVideo/OpVideojuegos/DeepWoodland2/Content/Materiales/M_terreno_Inst.uasset' failed to load '/Game/Texturas/vbwpdg0o_8K_Normal': Can't find file.
[2021.05.09-10.00.12:021][  0]LogLinker: Warning: While loading '../../../../../../Users/TEMP.DESKTOP-DV3H2OO/Documents/GitHub/OptiVideo/OpVideojuegos/DeepWoodland2/Content/Materiales/M_terreno_Inst.uasset' failed to load '/Game/Texturas/vbwpdg0o_8K_Normal': Can't find file.
[2021.05.09-10.00.12:021][  0]LogLinker: Warning: While loading '../../../../../../Users/TEMP.DESKTOP-DV3H2OO/Documents/GitHub/OptiVideo/OpVideojuegos/DeepWoodland2/Content/Materiales/M_terreno_Inst.uasset' failed to load '/Game/Texturas/vbwpdg0o_8K_Roughness': Can't find file.
[2021.05.09-10.00.12:021][  0]LogLinker: Warning: While loading '../../../../../../Users/TEMP.DESKTOP-DV3H2OO/Documents/GitHub/OptiVideo/OpVideojuegos/DeepWoodland2/Content/Materiales/M_terreno_Inst.uasset' failed to load '/Game/Texturas/vbwpdg0o_8K_Roughness': Can't find file.
[2021.05.09-10.00.12:857][  0]LogLinker: Warning: While loading '../../../../../../Users/TEMP.DESKTOP-DV3H2OO/Documents/GitHub/OptiVideo/OpVideojuegos/DeepWoodland2/Content/Materiales/M_terreno_Inst.uasset' failed to load '/Game/Texturas/vbwpdg0o_8K_Roughness': Can't find file.
[2021.05.09-10.00.12:857][  0]LoadErrors: Failed to load /Game/Texturas/vbwpdg0o_8K_Roughness.vbwpdg0o_8K_Roughness Referenced by M_terreno_Inst
[2021.05.09-10.00.12:857][  0]LogLinker: Warning: While loading '../../../../../../Users/TEMP.DESKTOP-DV3H2OO/Documents/GitHub/OptiVideo/OpVideojuegos/DeepWoodland2/Content/Materiales/M_terreno_Inst.uasset' failed to load '/Game/Texturas/vbwpdg0o_8K_Roughness': Can't find file.
[2021.05.09-10.00.12:857][  0]LoadErrors: Failed to load /Game/Texturas/vbwpdg0o_8K_Roughness.vbwpdg0o_8K_Roughness Referenced by M_terreno_Inst
[2021.05.09-10.00.12:857][  0]LogLinker: Warning: While loading '../../../../../../Users/TEMP.DESKTOP-DV3H2OO/Documents/GitHub/OptiVideo/OpVideojuegos/DeepWoodland2/Content/Materiales/M_terreno_Inst.uasset' failed to load '/Game/Texturas/vbwpdg0o_8K_Normal': Can't find file.
[2021.05.09-10.00.12:857][  0]LoadErrors: Failed to load /Game/Texturas/vbwpdg0o_8K_Normal.vbwpdg0o_8K_Normal Referenced by M_terreno_Inst
[2021.05.09-10.00.12:858][  0]LogLinker: Warning: While loading '../../../../../../Users/TEMP.DESKTOP-DV3H2OO/Documents/GitHub/OptiVideo/OpVideojuegos/DeepWoodland2/Content/Materiales/M_terreno_Inst.uasset' failed to load '/Game/Texturas/vbwpdg0o_8K_Normal': Can't find file.
[2021.05.09-10.00.12:858][  0]LoadErrors: Failed to load /Game/Texturas/vbwpdg0o_8K_Normal.vbwpdg0o_8K_Normal Referenced by M_terreno_Inst
[2021.05.09-10.00.12:858][  0]LogLinker: Warning: While loading '../../../../../../Users/TEMP.DESKTOP-DV3H2OO/Documents/GitHub/OptiVideo/OpVideojuegos/DeepWoodland2/Content/Materiales/M_terreno_Inst.uasset' failed to load '/Game/Texturas/vbwpdg0o_8K_Albedo': Can't find file.
[2021.05.09-10.00.12:858][  0]LoadErrors: Failed to load /Game/Texturas/vbwpdg0o_8K_Albedo.vbwpdg0o_8K_Albedo Referenced by M_terreno_Inst
[2021.05.09-10.00.12:858][  0]LogLinker: Warning: While loading '../../../../../../Users/TEMP.DESKTOP-DV3H2OO/Documents/GitHub/OptiVideo/OpVideojuegos/DeepWoodland2/Content/Materiales/M_terreno_Inst.uasset' failed to load '/Game/Texturas/vbwpdg0o_8K_Albedo': Can't find file.
[2021.05.09-10.00.12:858][  0]LoadErrors: Failed to load /Game/Texturas/vbwpdg0o_8K_Albedo.vbwpdg0o_8K_Albedo Referenced by M_terreno_Inst
[2021.05.09-10.00.14:463][  0]LogAIModule: Creating AISystem for world ThirdPersonExampleMap
[2021.05.09-10.00.14:463][  0]LogAISub: UAISubsystem::UAISubsystem EnvQueryManager (00000167E18DBE00), frame # 0
[2021.05.09-10.00.14:463][  0]LogAISub: UAISubsystem::UAISubsystem AIPerceptionSystem (00000167E193DF80), frame # 0
[2021.05.09-10.00.14:649][  0]LogStreaming: Display: ULevelStreaming::RequestLevel(/Game/StremingLevels/StreamingLevel1) is flushing async loading
[2021.05.09-10.00.14:649][  0]LogStreaming: Display: Flushing async loaders.
[2021.05.09-10.00.14:935][  0]LogStreaming: Display: ULevelStreaming::RequestLevel(/Game/StremingLevels/StreamingLevel3) is flushing async loading
[2021.05.09-10.00.15:003][  0]LogStreaming: Display: ULevelStreaming::RequestLevel(/Game/StremingLevels/StreamingLevel4) is flushing async loading
[2021.05.09-10.00.15:035][  0]LogEditorServer: Finished looking for orphan Actors (0.000 secs)
[2021.05.09-10.00.15:188][  0]LogUObjectHash: Compacting FUObjectHashTables data took   1.75ms
[2021.05.09-10.00.15:192][  0]Cmd: MAP CHECKDEP NOCLEARLOG
[2021.05.09-10.00.15:193][  0]MapCheck: Map check complete: 0 Error(s), 0 Warning(s), took 0.603ms to complete.
[2021.05.09-10.00.15:193][  0]LogFileHelpers: Loading map 'ThirdPersonExampleMap' took 3.921
[2021.05.09-10.00.15:195][  0]LogUnrealEdMisc: Total Editor Startup Time, took 22.303
[2021.05.09-10.00.15:323][  0]LogSlate: Updating window title bar state: overlay mode, drag disabled, window buttons hidden, title bar hidden
[2021.05.09-10.00.15:338][  0]LogCollectionManager: Loaded 0 collections in 0.002529 seconds
[2021.05.09-10.00.15:352][  0]LogFileCache: Scanning file cache for directory 'C:/Users/TEMP.DESKTOP-DV3H2OO/Documents/GitHub/OptiVideo/OpVideojuegos/DeepWoodland2/Saved/Collections/' took 0.00s
[2021.05.09-10.00.15:352][  0]LogFileCache: Scanning file cache for directory 'C:/Users/TEMP.DESKTOP-DV3H2OO/Documents/GitHub/OptiVideo/OpVideojuegos/DeepWoodland2/Content/Developers/AlexBazaldua/Collections/' took 0.00s
[2021.05.09-10.00.15:352][  0]LogFileCache: Scanning file cache for directory 'C:/Users/TEMP.DESKTOP-DV3H2OO/Documents/GitHub/OptiVideo/OpVideojuegos/DeepWoodland2/Content/Collections/' took 0.00s
[2021.05.09-10.00.15:352][  0]LogContentBrowser: Native class hierarchy populated in 0.0103 seconds. Added 3436 classes and 826 folders.
[2021.05.09-10.00.15:358][  0]LogContentBrowser: Native class hierarchy updated for 'WidgetCarousel' in 0.0003 seconds. Added 0 classes and 0 folders.
[2021.05.09-10.00.15:434][  0]LogContentBrowser: Native class hierarchy updated for 'AddContentDialog' in 0.0003 seconds. Added 0 classes and 0 folders.
[2021.05.09-10.00.15:435][  0]LogContentBrowser: Native class hierarchy updated for 'SceneOutliner' in 0.0003 seconds. Added 2 classes and 0 folders.
[2021.05.09-10.00.15:445][  0]LogContentBrowser: Native class hierarchy updated for 'WorldBrowser' in 0.0003 seconds. Added 2 classes and 3 folders.
[2021.05.09-10.00.15:716][  0]LogSlate: Took 0.000258 seconds to synchronously load lazily loaded font '../../../Engine/Content/Slate/Fonts/Roboto-Regular.ttf' (155K)
[2021.05.09-10.00.15:721][  0]LogSlate: Took 0.000230 seconds to synchronously load lazily loaded font '../../../Engine/Content/Slate/Fonts/Roboto-Bold.ttf' (160K)
[2021.05.09-10.00.15:839][  0]LogContentBrowser: Native class hierarchy updated for 'HierarchicalLODOutliner' in 0.0005 seconds. Added 0 classes and 0 folders.
[2021.05.09-10.00.15:839][  0]LogLoad: (Engine Initialization) Total time: 22.95 seconds
[2021.05.09-10.00.15:839][  0]LogLoad: (Engine Initialization) Total Blueprint compile time: 0.00 seconds
[2021.05.09-10.00.15:896][  0]LogAssetRegistry: Asset discovery search completed in 17.9898 seconds
[2021.05.09-10.00.15:900][  0]LogCollectionManager: Fixed up redirectors for 0 collections in 0.000003 seconds (updated 0 objects)
[2021.05.09-10.00.15:901][  0]LogContentStreaming: Texture pool size now 400 MB
[2021.05.09-10.00.16:268][  0]LogRenderer: Reallocating scene render targets to support 1092x332 Format 9 NumSamples 1 (Frame:1).
[2021.05.09-10.00.16:268][  0]LogSlate: Took 0.000176 seconds to synchronously load lazily loaded font '../../../Engine/Content/Slate/Fonts/DroidSansMono.ttf' (77K)
[2021.05.09-10.00.16:437][  2]LogRenderer: Reallocating scene render targets to support 1092x340 Format 9 NumSamples 1 (Frame:3).
[2021.05.09-10.00.17:101][ 12]LogSlate: Took 0.000477 seconds to synchronously load lazily loaded font '../../../Engine/Content/Slate/Fonts/Roboto-Light.ttf' (167K)
[2021.05.09-10.01.14:211][255]LogSlate: Window 'Message Log' being destroyed
[2021.05.09-10.01.14:263][255]LogSlate: Window 'Message Log' being destroyed
[2021.05.09-10.01.15:278][280]LogSlate: Took 0.000378 seconds to synchronously load lazily loaded font '../../../Engine/Content/Editor/Slate/Fonts/FontAwesome.ttf' (139K)
[2021.05.09-10.01.15:336][280]LogSlate: Took 0.000309 seconds to synchronously load lazily loaded font '../../../Engine/Content/Slate/Fonts/Roboto-Light.ttf' (167K)
[2021.05.09-10.01.24:868][358]LogFactory: FactoryCreateFile: SoundWave with ReimportSoundFactory (0 0 ../../../../../../Users/TEMP.DESKTOP-DV3H2OO/Documents/Escuela/Facultad/8 semestre/Optimizacion de videojuegos/howlWolf.wav)
[2021.05.09-10.01.24:903][358]LogAudioDerivedData: Display: Building compressed audio format OGG hash OGG10000-1-1-1-1-1 wave howlWolf...
[2021.05.09-10.01.24:903][358]LogAudioDerivedData: Display: Compression Quality for SoundWave /Game/Sonidos/howlWolf.howlWolf will be modified from 40 to 40.
[2021.05.09-10.01.25:148][358]LogAudioDerivedData: Display: Updated SoundWave->RawPCMDataSize from 0 to 576000 while cooking SoundWave /Game/Sonidos/howlWolf.howlWolf.
[2021.05.09-10.01.27:009][402]LogUObjectHash: Compacting FUObjectHashTables data took   1.27ms
[2021.05.09-10.01.27:799][402]LogSlate: Window 'Save Content' being destroyed
[2021.05.09-10.01.27:829][402]Cmd: OBJ SAVEPACKAGE PACKAGE="/Game/Sonidos/howlWolf" FILE="../../../../../../Users/TEMP.DESKTOP-DV3H2OO/Documents/GitHub/OptiVideo/OpVideojuegos/DeepWoodland2/Content/Sonidos/howlWolf.uasset" SILENT=true
[2021.05.09-10.01.27:834][402]LogSavePackage: Moving '../../../../../../Users/TEMP.DESKTOP-DV3H2OO/Documents/GitHub/OptiVideo/OpVideojuegos/DeepWoodland2/Saved/howlWolf642BC26346D60D4732F40B978ABA846A.tmp' to '../../../../../../Users/TEMP.DESKTOP-DV3H2OO/Documents/GitHub/OptiVideo/OpVideojuegos/DeepWoodland2/Content/Sonidos/howlWolf.uasset'
[2021.05.09-10.01.27:852][402]AssetCheck: New page: Asset Save: howlWolf
[2021.05.09-10.01.27:852][402]LogContentValidation: Display: Validating SoundWave /Game/Sonidos/howlWolf.howlWolf
[2021.05.09-10.01.33:169][530]LogUObjectHash: Compacting FUObjectHashTables data took   1.00ms
[2021.05.09-10.01.39:375][672]LogAssetEditorSubsystem: Opening Asset editor for LevelSequence /Game/Cinematics/2-Wolves.2-Wolves
[2021.05.09-10.01.43:297][761]LogSlate: Took 0.000263 seconds to synchronously load lazily loaded font '../../../Engine/Content/Slate/Fonts/Roboto-Italic.ttf' (157K)
[2021.05.09-10.02.05:701][311]Cmd: TRANSACTION UNDO
[2021.05.09-10.02.05:701][311]LogEditorTransaction: Undo Move Keys or Sections
[2021.05.09-10.02.06:011][318]Cmd: TRANSACTION UNDO
[2021.05.09-10.02.06:011][318]LogEditorTransaction: Undo Resize section
[2021.05.09-10.02.06:563][347]Cmd: TRANSACTION UNDO
[2021.05.09-10.02.06:563][347]LogEditorTransaction: Undo Set Playback Range
[2021.05.09-10.02.13:276][513]Cmd: TRANSACTION UNDO
[2021.05.09-10.02.13:276][513]LogEditorTransaction: Undo Set Playback Range
[2021.05.09-10.02.13:759][525]Cmd: TRANSACTION UNDO
[2021.05.09-10.02.13:759][525]LogEditorTransaction: Undo Set Playback Range
[2021.05.09-10.02.14:344][557]Cmd: TRANSACTION UNDO
[2021.05.09-10.02.14:344][557]LogEditorTransaction: Undo Set Actor Visibility
[2021.05.09-10.02.21:233][738]LogUObjectHash: Compacting FUObjectHashTables data took   1.00ms
[2021.05.09-10.02.22:183][738]LogSlate: Window 'Save Content' being destroyed
[2021.05.09-10.02.22:227][738]LogUObjectHash: Compacting FUObjectHashTables data took   0.58ms
[2021.05.09-10.02.23:254][738]LogSavePackage: Moving '../../../../../../Users/TEMP.DESKTOP-DV3H2OO/Documents/GitHub/OptiVideo/OpVideojuegos/DeepWoodland2/Saved/ThirdPersonExampleMap5E3182D64C35B4561B18FE89794F0DF6.tmp' to '../../../../../../Users/TEMP.DESKTOP-DV3H2OO/Documents/GitHub/OptiVideo/OpVideojuegos/DeepWoodland2/Content/ThirdPersonBP/Maps/ThirdPersonExampleMap.umap'
[2021.05.09-10.02.23:300][738]LogFileHelpers: Saving map 'ThirdPersonExampleMap' took 1.087
[2021.05.09-10.02.23:430][738]LogSavePackage: Moving '../../../../../../Users/TEMP.DESKTOP-DV3H2OO/Documents/GitHub/OptiVideo/OpVideojuegos/DeepWoodland2/Saved/ThirdPersonExampleMap_BuiltDataF26ECBA24EACD22D693B5F9516B391CE.tmp' to '../../../../../../Users/TEMP.DESKTOP-DV3H2OO/Documents/GitHub/OptiVideo/OpVideojuegos/DeepWoodland2/Content/ThirdPersonBP/Maps/ThirdPersonExampleMap_BuiltData.uasset'
[2021.05.09-10.02.23:464][738]AssetCheck: New page: Asset Save: multiple assets
[2021.05.09-10.02.23:464][738]LogContentValidation: Display: Validating World /Game/ThirdPersonBP/Maps/ThirdPersonExampleMap.ThirdPersonExampleMap
[2021.05.09-10.02.23:464][738]LogContentValidation: Display: Validating MapBuildDataRegistry /Game/ThirdPersonBP/Maps/ThirdPersonExampleMap_BuiltData.ThirdPersonExampleMap_BuiltData
[2021.05.09-10.02.27:125][854]LogSlate: Took 0.000230 seconds to synchronously load lazily loaded font '../../../Engine/Content/Slate/Fonts/Roboto-BoldCondensed.ttf' (158K)
[2021.05.09-10.03.39:600][154]LogUObjectHash: Compacting FUObjectHashTables data took   0.97ms
[2021.05.09-10.03.40:526][154]LogSlate: Window 'Save Content' being destroyed
[2021.05.09-10.03.40:569][154]LogSavePackage: Moving '../../../../../../Users/TEMP.DESKTOP-DV3H2OO/Documents/GitHub/OptiVideo/OpVideojuegos/DeepWoodland2/Saved/WolveCut26B8F17214D080AA84D08BAA9325919D2.tmp' to '../../../../../../Users/TEMP.DESKTOP-DV3H2OO/Documents/GitHub/OptiVideo/OpVideojuegos/DeepWoodland2/Content/Cinematics/Wolves/WolveCut2.uasset'
[2021.05.09-10.03.40:583][154]AssetCheck: New page: Asset Save: WolveCut2
[2021.05.09-10.03.40:583][154]LogContentValidation: Display: Validating LevelSequence /Game/Cinematics/Wolves/WolveCut2.WolveCut2
[2021.05.09-10.03.51:277][784]LogAssetEditorSubsystem: Opening Asset editor for LevelSequence /Game/Cinematics/Wolves/WolveCut3.WolveCut3
[2021.05.09-10.04.34:098][310]LogEditorViewport: Clicking on Actor (LMB): SkeletalMeshActor (SK_Wolf3)
[2021.05.09-10.04.38:368][558]LogEditorViewport: Clicking on Actor (LMB): SkeletalMeshActor (SK_Wolf)
[2021.05.09-10.05.39:049][765]LogEditorViewport: Clicking on Actor (LMB): SkeletalMeshActor (SK_Wolf2)
[2021.05.09-10.05.55:479][478]Cmd: TRANSACTION UNDO
[2021.05.09-10.05.55:479][478]LogEditorTransaction: Undo Move Actors
[2021.05.09-10.08.00:970][440]LogUObjectHash: Compacting FUObjectHashTables data took   1.13ms
[2021.05.09-10.08.02:112][440]LogSlate: Window 'Save Content' being destroyed
[2021.05.09-10.08.02:153][440]LogSavePackage: Moving '../../../../../../Users/TEMP.DESKTOP-DV3H2OO/Documents/GitHub/OptiVideo/OpVideojuegos/DeepWoodland2/Saved/WolveCut3E8A62AD944697117C13B56BFCC871685.tmp' to '../../../../../../Users/TEMP.DESKTOP-DV3H2OO/Documents/GitHub/OptiVideo/OpVideojuegos/DeepWoodland2/Content/Cinematics/Wolves/WolveCut3.uasset'
[2021.05.09-10.08.02:169][440]LogUObjectHash: Compacting FUObjectHashTables data took   0.86ms
[2021.05.09-10.08.03:083][440]LogSavePackage: Moving '../../../../../../Users/TEMP.DESKTOP-DV3H2OO/Documents/GitHub/OptiVideo/OpVideojuegos/DeepWoodland2/Saved/ThirdPersonExampleMap19854CB944E78B1D15A96D978660EA64.tmp' to '../../../../../../Users/TEMP.DESKTOP-DV3H2OO/Documents/GitHub/OptiVideo/OpVideojuegos/DeepWoodland2/Content/ThirdPersonBP/Maps/ThirdPersonExampleMap.umap'
[2021.05.09-10.08.03:128][440]LogFileHelpers: Saving map 'ThirdPersonExampleMap' took 0.974
[2021.05.09-10.08.03:221][440]LogSavePackage: Moving '../../../../../../Users/TEMP.DESKTOP-DV3H2OO/Documents/GitHub/OptiVideo/OpVideojuegos/DeepWoodland2/Saved/ThirdPersonExampleMap_BuiltDataCB62260746615E53992B52BB77AB1CA2.tmp' to '../../../../../../Users/TEMP.DESKTOP-DV3H2OO/Documents/GitHub/OptiVideo/OpVideojuegos/DeepWoodland2/Content/ThirdPersonBP/Maps/ThirdPersonExampleMap_BuiltData.uasset'
[2021.05.09-10.08.03:251][440]AssetCheck: New page: Asset Save: multiple assets
[2021.05.09-10.08.03:251][440]LogContentValidation: Display: Validating LevelSequence /Game/Cinematics/Wolves/WolveCut3.WolveCut3
[2021.05.09-10.08.03:251][440]LogContentValidation: Display: Validating World /Game/ThirdPersonBP/Maps/ThirdPersonExampleMap.ThirdPersonExampleMap
[2021.05.09-10.08.03:251][440]LogContentValidation: Display: Validating MapBuildDataRegistry /Game/ThirdPersonBP/Maps/ThirdPersonExampleMap_BuiltData.ThirdPersonExampleMap_BuiltData
[2021.05.09-10.08.37:419][ 33]Cmd: TRANSACTION UNDO
[2021.05.09-10.08.37:420][ 33]LogEditorTransaction: Undo Set Key Value
[2021.05.09-10.08.55:201][901]Cmd: TRANSACTION UNDO
[2021.05.09-10.08.55:202][901]LogEditorTransaction: Undo Set Key Value
[2021.05.09-10.08.56:753][971]Cmd: TRANSACTION UNDO
[2021.05.09-10.08.56:753][971]LogEditorTransaction: Undo Add Keys at Current Time
[2021.05.09-10.09.34:855][751]LogUObjectHash: Compacting FUObjectHashTables data took   1.05ms
[2021.05.09-10.09.35:661][751]LogSlate: Window 'Save Content' being destroyed
[2021.05.09-10.09.35:701][751]LogSavePackage: Moving '../../../../../../Users/TEMP.DESKTOP-DV3H2OO/Documents/GitHub/OptiVideo/OpVideojuegos/DeepWoodland2/Saved/WolveCut3CA20C1794B7C401BEDCA2EB94C31C8AE.tmp' to '../../../../../../Users/TEMP.DESKTOP-DV3H2OO/Documents/GitHub/OptiVideo/OpVideojuegos/DeepWoodland2/Content/Cinematics/Wolves/WolveCut3.uasset'
[2021.05.09-10.09.35:717][751]AssetCheck: New page: Asset Save: WolveCut3
[2021.05.09-10.09.35:717][751]LogContentValidation: Display: Validating LevelSequence /Game/Cinematics/Wolves/WolveCut3.WolveCut3
[2021.05.09-10.09.40:780][993]LogAssetEditorSubsystem: Opening Asset editor for LevelSequence /Game/Cinematics/2-Wolves.2-Wolves
[2021.05.09-10.11.49:748][637]LogUObjectHash: Compacting FUObjectHashTables data took   1.34ms
[2021.05.09-10.11.50:652][637]LogSlate: Window 'Save Content' being destroyed
[2021.05.09-10.11.50:698][637]LogSavePackage: Moving '../../../../../../Users/TEMP.DESKTOP-DV3H2OO/Documents/GitHub/OptiVideo/OpVideojuegos/DeepWoodland2/Saved/2-Wolves7D50FF644A2D841412BD5ABCFE515DB5.tmp' to '../../../../../../Users/TEMP.DESKTOP-DV3H2OO/Documents/GitHub/OptiVideo/OpVideojuegos/DeepWoodland2/Content/Cinematics/2-Wolves.uasset'
[2021.05.09-10.11.50:713][637]AssetCheck: New page: Asset Save: 2-Wolves
[2021.05.09-10.11.50:713][637]LogContentValidation: Display: Validating LevelSequence /Game/Cinematics/2-Wolves.2-Wolves
[2021.05.09-10.11.58:312][  3]LogAssetEditorSubsystem: Opening Asset editor for LevelSequence /Game/Cinematics/Wolves/WolveCut4.WolveCut4
[2021.05.09-10.13.19:834][672]LogEditorViewport: Clicking on Actor (LMB): SkeletalMeshActor (SK_Wolf3)
[2021.05.09-10.13.40:838][917]Cmd: TRANSACTION UNDO
[2021.05.09-10.13.40:838][917]LogEditorTransaction: Undo Set Key Value
[2021.05.09-10.13.52:527][586]LogEditorViewport: Clicking on Actor (LMB): SkeletalMeshActor (SK_Wolf3)
[2021.05.09-10.13.54:804][715]Cmd: TRANSACTION UNDO
[2021.05.09-10.13.54:804][715]LogEditorTransaction: Undo Move Actors
[2021.05.09-10.13.59:974][981]LogEditorViewport: Clicking on Actor (LMB): Landscape (Landscape)
[2021.05.09-10.14.00:596][ 11]LogEditorViewport: Clicking on Actor (LMB): SkeletalMeshActor (SK_Wolf)
[2021.05.09-10.14.16:693][951]Cmd: TRANSACTION UNDO
[2021.05.09-10.14.16:693][951]LogEditorTransaction: Undo Set Key Value
[2021.05.09-10.14.34:774][990]LogEditorViewport: Clicking on Actor (LMB): SkeletalMeshActor (SK_Wolf)
[2021.05.09-10.14.36:730][ 85]LogEditorViewport: Clicking on Actor (LMB): SkeletalMeshActor (SK_Wolf)
[2021.05.09-10.15.00:032][288]LogEditorViewport: Clicking on Actor (LMB): Landscape (Landscape)
[2021.05.09-10.15.01:348][358]LogEditorViewport: Clicking on Actor (LMB): SkeletalMeshActor (SK_Wolf3)
[2021.05.09-10.15.56:259][610]LogEditorViewport: Clicking on Actor (LMB): SkeletalMeshActor (SK_Wolf3)
[2021.05.09-10.17.29:114][107]LogUObjectHash: Compacting FUObjectHashTables data took   1.18ms
[2021.05.09-10.17.30:104][107]LogSlate: Window 'Save Content' being destroyed
[2021.05.09-10.17.30:141][107]LogSavePackage: Moving '../../../../../../Users/TEMP.DESKTOP-DV3H2OO/Documents/GitHub/OptiVideo/OpVideojuegos/DeepWoodland2/Saved/WolveCut4719AF396491572C7970183963C8D571D.tmp' to '../../../../../../Users/TEMP.DESKTOP-DV3H2OO/Documents/GitHub/OptiVideo/OpVideojuegos/DeepWoodland2/Content/Cinematics/Wolves/WolveCut4.uasset'
[2021.05.09-10.17.30:157][107]LogUObjectHash: Compacting FUObjectHashTables data took   0.93ms
[2021.05.09-10.17.31:050][107]LogSavePackage: Moving '../../../../../../Users/TEMP.DESKTOP-DV3H2OO/Documents/GitHub/OptiVideo/OpVideojuegos/DeepWoodland2/Saved/ThirdPersonExampleMapA1EEC9574CFE90DDEE7C28AD62A3E808.tmp' to '../../../../../../Users/TEMP.DESKTOP-DV3H2OO/Documents/GitHub/OptiVideo/OpVideojuegos/DeepWoodland2/Content/ThirdPersonBP/Maps/ThirdPersonExampleMap.umap'
[2021.05.09-10.17.31:095][107]LogFileHelpers: Saving map 'ThirdPersonExampleMap' took 0.952
[2021.05.09-10.17.31:188][107]LogSavePackage: Moving '../../../../../../Users/TEMP.DESKTOP-DV3H2OO/Documents/GitHub/OptiVideo/OpVideojuegos/DeepWoodland2/Saved/ThirdPersonExampleMap_BuiltDataDC109A534030519DEF5215BBCA9AAAB6.tmp' to '../../../../../../Users/TEMP.DESKTOP-DV3H2OO/Documents/GitHub/OptiVideo/OpVideojuegos/DeepWoodland2/Content/ThirdPersonBP/Maps/ThirdPersonExampleMap_BuiltData.uasset'
[2021.05.09-10.17.31:212][107]AssetCheck: New page: Asset Save: multiple assets
[2021.05.09-10.17.31:212][107]LogContentValidation: Display: Validating LevelSequence /Game/Cinematics/Wolves/WolveCut4.WolveCut4
[2021.05.09-10.17.31:212][107]LogContentValidation: Display: Validating World /Game/ThirdPersonBP/Maps/ThirdPersonExampleMap.ThirdPersonExampleMap
[2021.05.09-10.17.31:212][107]LogContentValidation: Display: Validating MapBuildDataRegistry /Game/ThirdPersonBP/Maps/ThirdPersonExampleMap_BuiltData.ThirdPersonExampleMap_BuiltData
[2021.05.09-10.17.35:678][371]LogAssetEditorSubsystem: Opening Asset editor for LevelSequence /Game/Cinematics/2-Wolves.2-Wolves
[2021.05.09-10.18.56:275][954]LogUObjectHash: Compacting FUObjectHashTables data took   1.41ms
[2021.05.09-10.18.57:205][954]LogSlate: Window 'Save Content' being destroyed
[2021.05.09-10.18.57:244][954]LogSavePackage: Moving '../../../../../../Users/TEMP.DESKTOP-DV3H2OO/Documents/GitHub/OptiVideo/OpVideojuegos/DeepWoodland2/Saved/2-Wolves93F92C48478BA03CF11EDBA301FA462B.tmp' to '../../../../../../Users/TEMP.DESKTOP-DV3H2OO/Documents/GitHub/OptiVideo/OpVideojuegos/DeepWoodland2/Content/Cinematics/2-Wolves.uasset'
[2021.05.09-10.18.57:258][954]AssetCheck: New page: Asset Save: 2-Wolves
[2021.05.09-10.18.57:258][954]LogContentValidation: Display: Validating LevelSequence /Game/Cinematics/2-Wolves.2-Wolves
[2021.05.09-10.19.27:453][679]LogEditorViewport: Clicking on Actor (LMB): SkeletalMeshActor (SK_Wolf)
[2021.05.09-10.19.40:211][281]Cmd: TRANSACTION UNDO
[2021.05.09-10.19.40:212][281]LogEditorTransaction: Undo Move Actors
[2021.05.09-10.19.43:836][438]Cmd: TRANSACTION UNDO
[2021.05.09-10.19.43:836][438]LogEditorTransaction: Undo Animatable Property Changed
[2021.05.09-10.21.32:573][207]LogUObjectHash: Compacting FUObjectHashTables data took   1.15ms
[2021.05.09-10.21.34:012][207]LogSlate: Window 'Save Content' being destroyed
[2021.05.09-10.21.34:053][207]LogSavePackage: Moving '../../../../../../Users/TEMP.DESKTOP-DV3H2OO/Documents/GitHub/OptiVideo/OpVideojuegos/DeepWoodland2/Saved/2-Wolves79C582B442D82B8B2FADBD9F1176E20D.tmp' to '../../../../../../Users/TEMP.DESKTOP-DV3H2OO/Documents/GitHub/OptiVideo/OpVideojuegos/DeepWoodland2/Content/Cinematics/2-Wolves.uasset'
[2021.05.09-10.21.34:068][207]LogSavePackage: Moving '../../../../../../Users/TEMP.DESKTOP-DV3H2OO/Documents/GitHub/OptiVideo/OpVideojuegos/DeepWoodland2/Saved/WolveCut454B323534721E9B13902A0A2A7F8D6A8.tmp' to '../../../../../../Users/TEMP.DESKTOP-DV3H2OO/Documents/GitHub/OptiVideo/OpVideojuegos/DeepWoodland2/Content/Cinematics/Wolves/WolveCut4.uasset'
[2021.05.09-10.21.34:084][207]LogUObjectHash: Compacting FUObjectHashTables data took   1.18ms
[2021.05.09-10.21.34:951][207]LogSavePackage: Moving '../../../../../../Users/TEMP.DESKTOP-DV3H2OO/Documents/GitHub/OptiVideo/OpVideojuegos/DeepWoodland2/Saved/ThirdPersonExampleMap943E04E84A0682C27C12D085EC0530C8.tmp' to '../../../../../../Users/TEMP.DESKTOP-DV3H2OO/Documents/GitHub/OptiVideo/OpVideojuegos/DeepWoodland2/Content/ThirdPersonBP/Maps/ThirdPersonExampleMap.umap'
[2021.05.09-10.21.34:996][207]LogFileHelpers: Saving map 'ThirdPersonExampleMap' took 0.925
[2021.05.09-10.21.35:083][207]LogSavePackage: Moving '../../../../../../Users/TEMP.DESKTOP-DV3H2OO/Documents/GitHub/OptiVideo/OpVideojuegos/DeepWoodland2/Saved/ThirdPersonExampleMap_BuiltData148C8D5E4C2BAB2208FDCE83026E2036.tmp' to '../../../../../../Users/TEMP.DESKTOP-DV3H2OO/Documents/GitHub/OptiVideo/OpVideojuegos/DeepWoodland2/Content/ThirdPersonBP/Maps/ThirdPersonExampleMap_BuiltData.uasset'
[2021.05.09-10.21.35:121][207]AssetCheck: New page: Asset Save: multiple assets
[2021.05.09-10.21.35:121][207]LogContentValidation: Display: Validating LevelSequence /Game/Cinematics/2-Wolves.2-Wolves
[2021.05.09-10.21.35:121][207]LogContentValidation: Display: Validating LevelSequence /Game/Cinematics/Wolves/WolveCut4.WolveCut4
[2021.05.09-10.21.35:121][207]LogContentValidation: Display: Validating World /Game/ThirdPersonBP/Maps/ThirdPersonExampleMap.ThirdPersonExampleMap
[2021.05.09-10.21.35:121][207]LogContentValidation: Display: Validating MapBuildDataRegistry /Game/ThirdPersonBP/Maps/ThirdPersonExampleMap_BuiltData.ThirdPersonExampleMap_BuiltData
[2021.05.09-10.22.21:787][821]LogUObjectHash: Compacting FUObjectHashTables data took   0.99ms
